

Training the decomposed version with rank 110


------------------------ EPOCH   1 -------------------------
     Loss:       Train acc.:     Val acc.:     Test acc.:   
    0.6939         0.4882         0.4836         0.4800     
------------------------ EPOCH   2 -------------------------
     Loss:       Train acc.:     Val acc.:     Test acc.:   
    0.6934         0.4582         0.4473         0.4200     
------------------------ EPOCH   3 -------------------------
     Loss:       Train acc.:     Val acc.:     Test acc.:   
    0.6931         0.5118         0.4873         0.5200     
------------------------ EPOCH   4 -------------------------
     Loss:       Train acc.:     Val acc.:     Test acc.:   
    0.6928         0.5582         0.5272         0.5200     
------------------------ EPOCH   5 -------------------------
     Loss:       Train acc.:     Val acc.:     Test acc.:   
    0.6926         0.5491         0.5416         0.5000     
------------------------ EPOCH   6 -------------------------
     Loss:       Train acc.:     Val acc.:     Test acc.:   
    0.6924         0.5300         0.5343         0.5000     
------------------------ EPOCH   7 -------------------------
     Loss:       Train acc.:     Val acc.:     Test acc.:   
    0.6922         0.5164         0.5198         0.5000     
------------------------ EPOCH   8 -------------------------
     Loss:       Train acc.:     Val acc.:     Test acc.:   
    0.6920         0.5091         0.5125         0.5000     
------------------------ EPOCH   9 -------------------------
     Loss:       Train acc.:     Val acc.:     Test acc.:   
    0.6919         0.5091         0.4982         0.5000     
------------------------ EPOCH  10 -------------------------
     Loss:       Train acc.:     Val acc.:     Test acc.:   
    0.6917         0.5073         0.4982         0.5000     
------------------------ EPOCH  11 -------------------------
     Loss:       Train acc.:     Val acc.:     Test acc.:   
    0.6916         0.5073         0.4982         0.5000     
------------------------ EPOCH  12 -------------------------
     Loss:       Train acc.:     Val acc.:     Test acc.:   
    0.6914         0.5091         0.5018         0.5000     
------------------------ EPOCH  13 -------------------------
     Loss:       Train acc.:     Val acc.:     Test acc.:   
    0.6913         0.5091         0.5018         0.5000     
------------------------ EPOCH  14 -------------------------
     Loss:       Train acc.:     Val acc.:     Test acc.:   
    0.6911         0.5100         0.5018         0.5000     
------------------------ EPOCH  15 -------------------------
     Loss:       Train acc.:     Val acc.:     Test acc.:   
    0.6910         0.5109         0.5018         0.5000     
------------------------ EPOCH  16 -------------------------
     Loss:       Train acc.:     Val acc.:     Test acc.:   
    0.6909         0.5109         0.4982         0.5000     
------------------------ EPOCH  17 -------------------------
     Loss:       Train acc.:     Val acc.:     Test acc.:   
    0.6907         0.5109         0.4982         0.5000     
------------------------ EPOCH  18 -------------------------
     Loss:       Train acc.:     Val acc.:     Test acc.:   
    0.6906         0.5109         0.4982         0.5000     
------------------------ EPOCH  19 -------------------------
     Loss:       Train acc.:     Val acc.:     Test acc.:   
    0.6905         0.5100         0.5018         0.5000     
------------------------ EPOCH  20 -------------------------
     Loss:       Train acc.:     Val acc.:     Test acc.:   
    0.6903         0.5109         0.5018         0.5000     
------------------------ EPOCH  21 -------------------------
     Loss:       Train acc.:     Val acc.:     Test acc.:   
    0.6902         0.5118         0.5018         0.5000     
------------------------ EPOCH  22 -------------------------
     Loss:       Train acc.:     Val acc.:     Test acc.:   
    0.6901         0.5155         0.5090         0.5000     
------------------------ EPOCH  23 -------------------------
     Loss:       Train acc.:     Val acc.:     Test acc.:   
    0.6899         0.5164         0.5090         0.5000     
------------------------ EPOCH  24 -------------------------
     Loss:       Train acc.:     Val acc.:     Test acc.:   
    0.6898         0.5218         0.5197         0.5000     
------------------------ EPOCH  25 -------------------------
     Loss:       Train acc.:     Val acc.:     Test acc.:   
    0.6896         0.5245         0.5234         0.5000     
------------------------ EPOCH  26 -------------------------
     Loss:       Train acc.:     Val acc.:     Test acc.:   
    0.6895         0.5255         0.5270         0.5000     
------------------------ EPOCH  27 -------------------------
     Loss:       Train acc.:     Val acc.:     Test acc.:   
    0.6893         0.5282         0.5270         0.5000     
------------------------ EPOCH  28 -------------------------
     Loss:       Train acc.:     Val acc.:     Test acc.:   
    0.6891         0.5309         0.5342         0.5000     
------------------------ EPOCH  29 -------------------------
     Loss:       Train acc.:     Val acc.:     Test acc.:   
    0.6890         0.5327         0.5379         0.5000     
------------------------ EPOCH  30 -------------------------
     Loss:       Train acc.:     Val acc.:     Test acc.:   
    0.6888         0.5373         0.5414         0.5000     
------------------------ EPOCH  31 -------------------------
     Loss:       Train acc.:     Val acc.:     Test acc.:   
    0.6886         0.5418         0.5487         0.5000     
------------------------ EPOCH  32 -------------------------
     Loss:       Train acc.:     Val acc.:     Test acc.:   
    0.6884         0.5518         0.5523         0.5000     
------------------------ EPOCH  33 -------------------------
     Loss:       Train acc.:     Val acc.:     Test acc.:   
    0.6882         0.5591         0.5559         0.5000     
------------------------ EPOCH  34 -------------------------
     Loss:       Train acc.:     Val acc.:     Test acc.:   
    0.6880         0.5636         0.5595         0.5000     
------------------------ EPOCH  35 -------------------------
     Loss:       Train acc.:     Val acc.:     Test acc.:   
    0.6878         0.5718         0.5741         0.5000     
------------------------ EPOCH  36 -------------------------
     Loss:       Train acc.:     Val acc.:     Test acc.:   
    0.6876         0.5791         0.5813         0.5000     
------------------------ EPOCH  37 -------------------------
     Loss:       Train acc.:     Val acc.:     Test acc.:   
    0.6874         0.5927         0.5813         0.5000     
------------------------ EPOCH  38 -------------------------
     Loss:       Train acc.:     Val acc.:     Test acc.:   
    0.6872         0.6000         0.5992         0.5000     
------------------------ EPOCH  39 -------------------------
     Loss:       Train acc.:     Val acc.:     Test acc.:   
    0.6869         0.6100         0.6138         0.5000     
------------------------ EPOCH  40 -------------------------
     Loss:       Train acc.:     Val acc.:     Test acc.:   
    0.6867         0.6236         0.6319         0.5000     
------------------------ EPOCH  41 -------------------------
     Loss:       Train acc.:     Val acc.:     Test acc.:   
    0.6864         0.6400         0.6571         0.5000     
------------------------ EPOCH  42 -------------------------
     Loss:       Train acc.:     Val acc.:     Test acc.:   
    0.6861         0.6582         0.6752         0.5000     
------------------------ EPOCH  43 -------------------------
     Loss:       Train acc.:     Val acc.:     Test acc.:   
    0.6858         0.6736         0.6968         0.5000     
------------------------ EPOCH  44 -------------------------
     Loss:       Train acc.:     Val acc.:     Test acc.:   
    0.6855         0.6900         0.7184         0.5000     
------------------------ EPOCH  45 -------------------------
     Loss:       Train acc.:     Val acc.:     Test acc.:   
    0.6852         0.7082         0.7256         0.5000     
------------------------ EPOCH  46 -------------------------
     Loss:       Train acc.:     Val acc.:     Test acc.:   
    0.6849         0.7255         0.7437         0.5000     
------------------------ EPOCH  47 -------------------------
     Loss:       Train acc.:     Val acc.:     Test acc.:   
    0.6846         0.7427         0.7654         0.5000     
------------------------ EPOCH  48 -------------------------
     Loss:       Train acc.:     Val acc.:     Test acc.:   
    0.6842         0.7645         0.8084         0.5400     
------------------------ EPOCH  49 -------------------------
     Loss:       Train acc.:     Val acc.:     Test acc.:   
    0.6838         0.7927         0.8373         0.5400     
------------------------ EPOCH  50 -------------------------
     Loss:       Train acc.:     Val acc.:     Test acc.:   
    0.6835         0.8155         0.8445         0.5400     
------------------------ EPOCH  51 -------------------------
     Loss:       Train acc.:     Val acc.:     Test acc.:   
    0.6831         0.8336         0.8627         0.5600     
------------------------ EPOCH  52 -------------------------
     Loss:       Train acc.:     Val acc.:     Test acc.:   
    0.6826         0.8545         0.8771         0.5600     
------------------------ EPOCH  53 -------------------------
     Loss:       Train acc.:     Val acc.:     Test acc.:   
    0.6822         0.8736         0.8771         0.6000     
------------------------ EPOCH  54 -------------------------
     Loss:       Train acc.:     Val acc.:     Test acc.:   
    0.6818         0.8873         0.8988         0.6200     
------------------------ EPOCH  55 -------------------------
     Loss:       Train acc.:     Val acc.:     Test acc.:   
    0.6813         0.8982         0.9132         0.6200     
------------------------ EPOCH  56 -------------------------
     Loss:       Train acc.:     Val acc.:     Test acc.:   
    0.6808         0.9018         0.9241         0.6400     
------------------------ EPOCH  57 -------------------------
     Loss:       Train acc.:     Val acc.:     Test acc.:   
    0.6803         0.9100         0.9314         0.6400     
------------------------ EPOCH  58 -------------------------
     Loss:       Train acc.:     Val acc.:     Test acc.:   
    0.6798         0.9191         0.9349         0.6800     
------------------------ EPOCH  59 -------------------------
     Loss:       Train acc.:     Val acc.:     Test acc.:   
    0.6792         0.9282         0.9494         0.7000     
------------------------ EPOCH  60 -------------------------
     Loss:       Train acc.:     Val acc.:     Test acc.:   
    0.6787         0.9391         0.9530         0.7000     
------------------------ EPOCH  61 -------------------------
     Loss:       Train acc.:     Val acc.:     Test acc.:   
    0.6781         0.9445         0.9566         0.7000     
------------------------ EPOCH  62 -------------------------
     Loss:       Train acc.:     Val acc.:     Test acc.:   
    0.6775         0.9455         0.9602         0.7000     
------------------------ EPOCH  63 -------------------------
     Loss:       Train acc.:     Val acc.:     Test acc.:   
    0.6768         0.9455         0.9602         0.7200     
------------------------ EPOCH  64 -------------------------
     Loss:       Train acc.:     Val acc.:     Test acc.:   
    0.6762         0.9491         0.9602         0.7400     
------------------------ EPOCH  65 -------------------------
     Loss:       Train acc.:     Val acc.:     Test acc.:   
    0.6755         0.9500         0.9602         0.7200     
------------------------ EPOCH  66 -------------------------
     Loss:       Train acc.:     Val acc.:     Test acc.:   
    0.6748         0.9555         0.9602         0.7200     
------------------------ EPOCH  67 -------------------------
     Loss:       Train acc.:     Val acc.:     Test acc.:   
    0.6740         0.9582         0.9638         0.7200     
------------------------ EPOCH  68 -------------------------
     Loss:       Train acc.:     Val acc.:     Test acc.:   
    0.6733         0.9609         0.9602         0.7200     
------------------------ EPOCH  69 -------------------------
     Loss:       Train acc.:     Val acc.:     Test acc.:   
    0.6725         0.9618         0.9602         0.7200     
------------------------ EPOCH  70 -------------------------
     Loss:       Train acc.:     Val acc.:     Test acc.:   
    0.6716         0.9636         0.9602         0.7400     
------------------------ EPOCH  71 -------------------------
     Loss:       Train acc.:     Val acc.:     Test acc.:   
    0.6708         0.9655         0.9638         0.7400     
------------------------ EPOCH  72 -------------------------
     Loss:       Train acc.:     Val acc.:     Test acc.:   
    0.6699         0.9664         0.9674         0.7800     
------------------------ EPOCH  73 -------------------------
     Loss:       Train acc.:     Val acc.:     Test acc.:   
    0.6689         0.9673         0.9710         0.7800     
------------------------ EPOCH  74 -------------------------
     Loss:       Train acc.:     Val acc.:     Test acc.:   
    0.6680         0.9664         0.9674         0.7800     
------------------------ EPOCH  75 -------------------------
     Loss:       Train acc.:     Val acc.:     Test acc.:   
    0.6670         0.9655         0.9674         0.8000     
------------------------ EPOCH  76 -------------------------
     Loss:       Train acc.:     Val acc.:     Test acc.:   
    0.6660         0.9673         0.9710         0.8000     
------------------------ EPOCH  77 -------------------------
     Loss:       Train acc.:     Val acc.:     Test acc.:   
    0.6649         0.9673         0.9674         0.8000     
------------------------ EPOCH  78 -------------------------
     Loss:       Train acc.:     Val acc.:     Test acc.:   
    0.6638         0.9682         0.9674         0.8000     
------------------------ EPOCH  79 -------------------------
     Loss:       Train acc.:     Val acc.:     Test acc.:   
    0.6626         0.9700         0.9674         0.7800     
------------------------ EPOCH  80 -------------------------
     Loss:       Train acc.:     Val acc.:     Test acc.:   
    0.6615         0.9709         0.9710         0.8200     
------------------------ EPOCH  81 -------------------------
     Loss:       Train acc.:     Val acc.:     Test acc.:   
    0.6602         0.9718         0.9746         0.8200     
------------------------ EPOCH  82 -------------------------
     Loss:       Train acc.:     Val acc.:     Test acc.:   
    0.6590         0.9718         0.9746         0.8200     
------------------------ EPOCH  83 -------------------------
     Loss:       Train acc.:     Val acc.:     Test acc.:   
    0.6577         0.9727         0.9746         0.8200     
------------------------ EPOCH  84 -------------------------
     Loss:       Train acc.:     Val acc.:     Test acc.:   
    0.6563         0.9718         0.9746         0.8200     
------------------------ EPOCH  85 -------------------------
     Loss:       Train acc.:     Val acc.:     Test acc.:   
    0.6550         0.9718         0.9746         0.8200     
------------------------ EPOCH  86 -------------------------
     Loss:       Train acc.:     Val acc.:     Test acc.:   
    0.6535         0.9709         0.9746         0.8200     
------------------------ EPOCH  87 -------------------------
     Loss:       Train acc.:     Val acc.:     Test acc.:   
    0.6521         0.9709         0.9746         0.8200     
------------------------ EPOCH  88 -------------------------
     Loss:       Train acc.:     Val acc.:     Test acc.:   
    0.6505         0.9709         0.9746         0.8200     
------------------------ EPOCH  89 -------------------------
     Loss:       Train acc.:     Val acc.:     Test acc.:   
    0.6490         0.9709         0.9746         0.8200     
------------------------ EPOCH  90 -------------------------
     Loss:       Train acc.:     Val acc.:     Test acc.:   
    0.6474         0.9709         0.9746         0.8200     
------------------------ EPOCH  91 -------------------------
     Loss:       Train acc.:     Val acc.:     Test acc.:   
    0.6457         0.9718         0.9746         0.8200     
------------------------ EPOCH  92 -------------------------
     Loss:       Train acc.:     Val acc.:     Test acc.:   
    0.6440         0.9727         0.9746         0.8000     
------------------------ EPOCH  93 -------------------------
     Loss:       Train acc.:     Val acc.:     Test acc.:   
    0.6423         0.9736         0.9782         0.8000     
------------------------ EPOCH  94 -------------------------
     Loss:       Train acc.:     Val acc.:     Test acc.:   
    0.6405         0.9745         0.9782         0.8000     
------------------------ EPOCH  95 -------------------------
     Loss:       Train acc.:     Val acc.:     Test acc.:   
    0.6386         0.9745         0.9782         0.7800     
------------------------ EPOCH  96 -------------------------
     Loss:       Train acc.:     Val acc.:     Test acc.:   
    0.6368         0.9745         0.9782         0.7800     
------------------------ EPOCH  97 -------------------------
     Loss:       Train acc.:     Val acc.:     Test acc.:   
    0.6348         0.9745         0.9782         0.7800     
------------------------ EPOCH  98 -------------------------
     Loss:       Train acc.:     Val acc.:     Test acc.:   
    0.6329         0.9745         0.9782         0.7800     
------------------------ EPOCH  99 -------------------------
     Loss:       Train acc.:     Val acc.:     Test acc.:   
    0.6309         0.9745         0.9782         0.7800     
------------------------ EPOCH 100 -------------------------
     Loss:       Train acc.:     Val acc.:     Test acc.:   
    0.6288         0.9745         0.9782         0.7800     
------------------------ EPOCH 101 -------------------------
     Loss:       Train acc.:     Val acc.:     Test acc.:   
    0.6267         0.9745         0.9782         0.7800     
------------------------ EPOCH 102 -------------------------
     Loss:       Train acc.:     Val acc.:     Test acc.:   
    0.6246         0.9745         0.9782         0.7800     
------------------------ EPOCH 103 -------------------------
     Loss:       Train acc.:     Val acc.:     Test acc.:   
    0.6224         0.9745         0.9782         0.7800     
------------------------ EPOCH 104 -------------------------
     Loss:       Train acc.:     Val acc.:     Test acc.:   
    0.6202         0.9745         0.9782         0.7800     
------------------------ EPOCH 105 -------------------------
     Loss:       Train acc.:     Val acc.:     Test acc.:   
    0.6180         0.9745         0.9782         0.8000     
------------------------ EPOCH 106 -------------------------
     Loss:       Train acc.:     Val acc.:     Test acc.:   
    0.6157         0.9745         0.9782         0.8000     
------------------------ EPOCH 107 -------------------------
     Loss:       Train acc.:     Val acc.:     Test acc.:   
    0.6134         0.9745         0.9782         0.8000     
------------------------ EPOCH 108 -------------------------
     Loss:       Train acc.:     Val acc.:     Test acc.:   
    0.6111         0.9745         0.9782         0.8000     
------------------------ EPOCH 109 -------------------------
     Loss:       Train acc.:     Val acc.:     Test acc.:   
    0.6087         0.9745         0.9782         0.8000     
------------------------ EPOCH 110 -------------------------
     Loss:       Train acc.:     Val acc.:     Test acc.:   
    0.6063         0.9745         0.9782         0.8000     
------------------------ EPOCH 111 -------------------------
     Loss:       Train acc.:     Val acc.:     Test acc.:   
    0.6039         0.9745         0.9782         0.7800     
------------------------ EPOCH 112 -------------------------
     Loss:       Train acc.:     Val acc.:     Test acc.:   
    0.6015         0.9745         0.9782         0.7800     
------------------------ EPOCH 113 -------------------------
     Loss:       Train acc.:     Val acc.:     Test acc.:   
    0.5991         0.9755         0.9782         0.7800     
------------------------ EPOCH 114 -------------------------
     Loss:       Train acc.:     Val acc.:     Test acc.:   
    0.5966         0.9755         0.9782         0.7800     
------------------------ EPOCH 115 -------------------------
     Loss:       Train acc.:     Val acc.:     Test acc.:   
    0.5941         0.9755         0.9782         0.7800     
------------------------ EPOCH 116 -------------------------
     Loss:       Train acc.:     Val acc.:     Test acc.:   
    0.5917         0.9755         0.9782         0.7800     
------------------------ EPOCH 117 -------------------------
     Loss:       Train acc.:     Val acc.:     Test acc.:   
    0.5892         0.9755         0.9782         0.7800     
------------------------ EPOCH 118 -------------------------
     Loss:       Train acc.:     Val acc.:     Test acc.:   
    0.5867         0.9764         0.9782         0.7800     
------------------------ EPOCH 119 -------------------------
     Loss:       Train acc.:     Val acc.:     Test acc.:   
    0.5842         0.9764         0.9782         0.7800     
------------------------ EPOCH 120 -------------------------
     Loss:       Train acc.:     Val acc.:     Test acc.:   
    0.5817         0.9764         0.9782         0.7800     
------------------------ EPOCH 121 -------------------------
     Loss:       Train acc.:     Val acc.:     Test acc.:   
    0.5793         0.9764         0.9782         0.7800     
------------------------ EPOCH 122 -------------------------
     Loss:       Train acc.:     Val acc.:     Test acc.:   
    0.5768         0.9764         0.9782         0.7800     
------------------------ EPOCH 123 -------------------------
     Loss:       Train acc.:     Val acc.:     Test acc.:   
    0.5744         0.9764         0.9782         0.7800     
------------------------ EPOCH 124 -------------------------
     Loss:       Train acc.:     Val acc.:     Test acc.:   
    0.5719         0.9764         0.9782         0.7800     
------------------------ EPOCH 125 -------------------------
     Loss:       Train acc.:     Val acc.:     Test acc.:   
    0.5695         0.9764         0.9782         0.7800     
------------------------ EPOCH 126 -------------------------
     Loss:       Train acc.:     Val acc.:     Test acc.:   
    0.5671         0.9764         0.9782         0.7800     
------------------------ EPOCH 127 -------------------------
     Loss:       Train acc.:     Val acc.:     Test acc.:   
    0.5648         0.9764         0.9782         0.7800     
------------------------ EPOCH 128 -------------------------
     Loss:       Train acc.:     Val acc.:     Test acc.:   
    0.5624         0.9764         0.9782         0.7800     
------------------------ EPOCH 129 -------------------------
     Loss:       Train acc.:     Val acc.:     Test acc.:   
    0.5601         0.9764         0.9782         0.7800     
------------------------ EPOCH 130 -------------------------
     Loss:       Train acc.:     Val acc.:     Test acc.:   
    0.5578         0.9764         0.9782         0.7800     
------------------------ EPOCH 131 -------------------------
     Loss:       Train acc.:     Val acc.:     Test acc.:   
    0.5556         0.9764         0.9782         0.7800     
------------------------ EPOCH 132 -------------------------
     Loss:       Train acc.:     Val acc.:     Test acc.:   
    0.5534         0.9764         0.9782         0.7800     
------------------------ EPOCH 133 -------------------------
     Loss:       Train acc.:     Val acc.:     Test acc.:   
    0.5512         0.9764         0.9782         0.7800     
------------------------ EPOCH 134 -------------------------
     Loss:       Train acc.:     Val acc.:     Test acc.:   
    0.5491         0.9764         0.9782         0.7800     
------------------------ EPOCH 135 -------------------------
     Loss:       Train acc.:     Val acc.:     Test acc.:   
    0.5470         0.9764         0.9782         0.7800     
------------------------ EPOCH 136 -------------------------
     Loss:       Train acc.:     Val acc.:     Test acc.:   
    0.5449         0.9764         0.9782         0.7800     
------------------------ EPOCH 137 -------------------------
     Loss:       Train acc.:     Val acc.:     Test acc.:   
    0.5429         0.9764         0.9782         0.7800     
------------------------ EPOCH 138 -------------------------
     Loss:       Train acc.:     Val acc.:     Test acc.:   
    0.5409         0.9764         0.9782         0.7800     
------------------------ EPOCH 139 -------------------------
     Loss:       Train acc.:     Val acc.:     Test acc.:   
    0.5390         0.9764         0.9782         0.7800     
------------------------ EPOCH 140 -------------------------
     Loss:       Train acc.:     Val acc.:     Test acc.:   
    0.5371         0.9764         0.9782         0.7800     
------------------------ EPOCH 141 -------------------------
     Loss:       Train acc.:     Val acc.:     Test acc.:   
    0.5353         0.9764         0.9782         0.7800     
------------------------ EPOCH 142 -------------------------
     Loss:       Train acc.:     Val acc.:     Test acc.:   
    0.5334         0.9764         0.9782         0.7800     
------------------------ EPOCH 143 -------------------------
     Loss:       Train acc.:     Val acc.:     Test acc.:   
    0.5317         0.9764         0.9782         0.7800     
------------------------ EPOCH 144 -------------------------
     Loss:       Train acc.:     Val acc.:     Test acc.:   
    0.5300         0.9764         0.9782         0.7800     
------------------------ EPOCH 145 -------------------------
     Loss:       Train acc.:     Val acc.:     Test acc.:   
    0.5283         0.9764         0.9782         0.7800     
------------------------ EPOCH 146 -------------------------
     Loss:       Train acc.:     Val acc.:     Test acc.:   
    0.5267         0.9764         0.9782         0.7800     
------------------------ EPOCH 147 -------------------------
     Loss:       Train acc.:     Val acc.:     Test acc.:   
    0.5251         0.9764         0.9782         0.7800     
------------------------ EPOCH 148 -------------------------
     Loss:       Train acc.:     Val acc.:     Test acc.:   
    0.5236         0.9764         0.9782         0.7800     
------------------------ EPOCH 149 -------------------------
     Loss:       Train acc.:     Val acc.:     Test acc.:   
    0.5221         0.9764         0.9782         0.7800     
------------------------ EPOCH 150 -------------------------
     Loss:       Train acc.:     Val acc.:     Test acc.:   
    0.5206         0.9764         0.9782         0.7800     
------------------------ EPOCH 151 -------------------------
     Loss:       Train acc.:     Val acc.:     Test acc.:   
    0.5192         0.9764         0.9782         0.7800     
------------------------ EPOCH 152 -------------------------
     Loss:       Train acc.:     Val acc.:     Test acc.:   
    0.5179         0.9764         0.9782         0.7800     
------------------------ EPOCH 153 -------------------------
     Loss:       Train acc.:     Val acc.:     Test acc.:   
    0.5166         0.9764         0.9782         0.7800     
------------------------ EPOCH 154 -------------------------
     Loss:       Train acc.:     Val acc.:     Test acc.:   
    0.5153         0.9764         0.9782         0.7800     
------------------------ EPOCH 155 -------------------------
     Loss:       Train acc.:     Val acc.:     Test acc.:   
    0.5140         0.9764         0.9782         0.7800     
------------------------ EPOCH 156 -------------------------
     Loss:       Train acc.:     Val acc.:     Test acc.:   
    0.5128         0.9764         0.9782         0.7800     
------------------------ EPOCH 157 -------------------------
     Loss:       Train acc.:     Val acc.:     Test acc.:   
    0.5117         0.9764         0.9782         0.7800     
------------------------ EPOCH 158 -------------------------
     Loss:       Train acc.:     Val acc.:     Test acc.:   
    0.5106         0.9764         0.9782         0.7800     
------------------------ EPOCH 159 -------------------------
     Loss:       Train acc.:     Val acc.:     Test acc.:   
    0.5095         0.9764         0.9782         0.7800     
------------------------ EPOCH 160 -------------------------
     Loss:       Train acc.:     Val acc.:     Test acc.:   
    0.5084         0.9764         0.9782         0.7800     
------------------------ EPOCH 161 -------------------------
     Loss:       Train acc.:     Val acc.:     Test acc.:   
    0.5074         0.9764         0.9782         0.7800     
------------------------ EPOCH 162 -------------------------
     Loss:       Train acc.:     Val acc.:     Test acc.:   
    0.5064         0.9764         0.9782         0.7800     
------------------------ EPOCH 163 -------------------------
     Loss:       Train acc.:     Val acc.:     Test acc.:   
    0.5055         0.9764         0.9782         0.7800     
------------------------ EPOCH 164 -------------------------
     Loss:       Train acc.:     Val acc.:     Test acc.:   
    0.5046         0.9764         0.9782         0.7800     
------------------------ EPOCH 165 -------------------------
     Loss:       Train acc.:     Val acc.:     Test acc.:   
    0.5037         0.9764         0.9782         0.7800     
------------------------ EPOCH 166 -------------------------
     Loss:       Train acc.:     Val acc.:     Test acc.:   
    0.5028         0.9764         0.9782         0.7800     
------------------------ EPOCH 167 -------------------------
     Loss:       Train acc.:     Val acc.:     Test acc.:   
    0.5020         0.9764         0.9819         0.7800     
------------------------ EPOCH 168 -------------------------
     Loss:       Train acc.:     Val acc.:     Test acc.:   
    0.5012         0.9764         0.9819         0.7800     
------------------------ EPOCH 169 -------------------------
     Loss:       Train acc.:     Val acc.:     Test acc.:   
    0.5004         0.9764         0.9819         0.7800     
------------------------ EPOCH 170 -------------------------
     Loss:       Train acc.:     Val acc.:     Test acc.:   
    0.4997         0.9764         0.9819         0.7800     
------------------------ EPOCH 171 -------------------------
     Loss:       Train acc.:     Val acc.:     Test acc.:   
    0.4990         0.9764         0.9819         0.7800     
------------------------ EPOCH 172 -------------------------
     Loss:       Train acc.:     Val acc.:     Test acc.:   
    0.4983         0.9764         0.9819         0.7800     
------------------------ EPOCH 173 -------------------------
     Loss:       Train acc.:     Val acc.:     Test acc.:   
    0.4976         0.9764         0.9819         0.7800     
------------------------ EPOCH 174 -------------------------
     Loss:       Train acc.:     Val acc.:     Test acc.:   
    0.4970         0.9764         0.9819         0.7800     
------------------------ EPOCH 175 -------------------------
     Loss:       Train acc.:     Val acc.:     Test acc.:   
    0.4964         0.9764         0.9819         0.7800     
------------------------ EPOCH 176 -------------------------
     Loss:       Train acc.:     Val acc.:     Test acc.:   
    0.4958         0.9764         0.9819         0.7800     
------------------------ EPOCH 177 -------------------------
     Loss:       Train acc.:     Val acc.:     Test acc.:   
    0.4952         0.9764         0.9819         0.7800     
------------------------ EPOCH 178 -------------------------
     Loss:       Train acc.:     Val acc.:     Test acc.:   
    0.4947         0.9764         0.9819         0.7800     
------------------------ EPOCH 179 -------------------------
     Loss:       Train acc.:     Val acc.:     Test acc.:   
    0.4941         0.9764         0.9819         0.7800     
------------------------ EPOCH 180 -------------------------
     Loss:       Train acc.:     Val acc.:     Test acc.:   
    0.4936         0.9764         0.9819         0.8000     
------------------------ EPOCH 181 -------------------------
     Loss:       Train acc.:     Val acc.:     Test acc.:   
    0.4931         0.9764         0.9819         0.8000     
------------------------ EPOCH 182 -------------------------
     Loss:       Train acc.:     Val acc.:     Test acc.:   
    0.4927         0.9764         0.9819         0.8000     
------------------------ EPOCH 183 -------------------------
     Loss:       Train acc.:     Val acc.:     Test acc.:   
    0.4922         0.9764         0.9819         0.8000     
------------------------ EPOCH 184 -------------------------
     Loss:       Train acc.:     Val acc.:     Test acc.:   
    0.4918         0.9764         0.9819         0.8000     
------------------------ EPOCH 185 -------------------------
     Loss:       Train acc.:     Val acc.:     Test acc.:   
    0.4913         0.9764         0.9819         0.8000     
------------------------ EPOCH 186 -------------------------
     Loss:       Train acc.:     Val acc.:     Test acc.:   
    0.4909         0.9773         0.9819         0.8000     
------------------------ EPOCH 187 -------------------------
     Loss:       Train acc.:     Val acc.:     Test acc.:   
    0.4905         0.9773         0.9819         0.8000     
------------------------ EPOCH 188 -------------------------
     Loss:       Train acc.:     Val acc.:     Test acc.:   
    0.4902         0.9773         0.9819         0.8000     
------------------------ EPOCH 189 -------------------------
     Loss:       Train acc.:     Val acc.:     Test acc.:   
    0.4898         0.9773         0.9819         0.8000     
------------------------ EPOCH 190 -------------------------
     Loss:       Train acc.:     Val acc.:     Test acc.:   
    0.4894         0.9773         0.9819         0.8000     
------------------------ EPOCH 191 -------------------------
     Loss:       Train acc.:     Val acc.:     Test acc.:   
    0.4891         0.9773         0.9819         0.8000     
------------------------ EPOCH 192 -------------------------
     Loss:       Train acc.:     Val acc.:     Test acc.:   
    0.4888         0.9773         0.9819         0.8000     
------------------------ EPOCH 193 -------------------------
     Loss:       Train acc.:     Val acc.:     Test acc.:   
    0.4885         0.9773         0.9819         0.8000     
------------------------ EPOCH 194 -------------------------
     Loss:       Train acc.:     Val acc.:     Test acc.:   
    0.4882         0.9773         0.9819         0.8000     
------------------------ EPOCH 195 -------------------------
     Loss:       Train acc.:     Val acc.:     Test acc.:   
    0.4879         0.9773         0.9819         0.8000     
------------------------ EPOCH 196 -------------------------
     Loss:       Train acc.:     Val acc.:     Test acc.:   
    0.4876         0.9782         0.9819         0.8000     
------------------------ EPOCH 197 -------------------------
     Loss:       Train acc.:     Val acc.:     Test acc.:   
    0.4873         0.9773         0.9819         0.8000     
------------------------ EPOCH 198 -------------------------
     Loss:       Train acc.:     Val acc.:     Test acc.:   
    0.4871         0.9782         0.9819         0.8000     
------------------------ EPOCH 199 -------------------------
     Loss:       Train acc.:     Val acc.:     Test acc.:   
    0.4868         0.9791         0.9819         0.8000     
------------------------ EPOCH 200 -------------------------
     Loss:       Train acc.:     Val acc.:     Test acc.:   
    0.4866         0.9791         0.9819         0.8000     
------------------------ EPOCH 201 -------------------------
     Loss:       Train acc.:     Val acc.:     Test acc.:   
    0.4864         0.9791         0.9819         0.8000     
------------------------ EPOCH 202 -------------------------
     Loss:       Train acc.:     Val acc.:     Test acc.:   
    0.4861         0.9791         0.9819         0.8000     
------------------------ EPOCH 203 -------------------------
     Loss:       Train acc.:     Val acc.:     Test acc.:   
    0.4859         0.9791         0.9819         0.8000     
------------------------ EPOCH 204 -------------------------
     Loss:       Train acc.:     Val acc.:     Test acc.:   
    0.4857         0.9791         0.9819         0.8000     
------------------------ EPOCH 205 -------------------------
     Loss:       Train acc.:     Val acc.:     Test acc.:   
    0.4855         0.9791         0.9819         0.8000     
------------------------ EPOCH 206 -------------------------
     Loss:       Train acc.:     Val acc.:     Test acc.:   
    0.4853         0.9791         0.9819         0.8000     
------------------------ EPOCH 207 -------------------------
     Loss:       Train acc.:     Val acc.:     Test acc.:   
    0.4852         0.9791         0.9819         0.8000     
------------------------ EPOCH 208 -------------------------
     Loss:       Train acc.:     Val acc.:     Test acc.:   
    0.4850         0.9791         0.9819         0.8000     
------------------------ EPOCH 209 -------------------------
     Loss:       Train acc.:     Val acc.:     Test acc.:   
    0.4848         0.9791         0.9819         0.8000     
------------------------ EPOCH 210 -------------------------
     Loss:       Train acc.:     Val acc.:     Test acc.:   
    0.4847         0.9791         0.9819         0.8000     
------------------------ EPOCH 211 -------------------------
     Loss:       Train acc.:     Val acc.:     Test acc.:   
    0.4845         0.9791         0.9819         0.8000     
------------------------ EPOCH 212 -------------------------
     Loss:       Train acc.:     Val acc.:     Test acc.:   
    0.4843         0.9791         0.9819         0.8000     
------------------------ EPOCH 213 -------------------------
     Loss:       Train acc.:     Val acc.:     Test acc.:   
    0.4842         0.9791         0.9819         0.8000     
------------------------ EPOCH 214 -------------------------
     Loss:       Train acc.:     Val acc.:     Test acc.:   
    0.4841         0.9791         0.9819         0.8000     
------------------------ EPOCH 215 -------------------------
     Loss:       Train acc.:     Val acc.:     Test acc.:   
    0.4839         0.9791         0.9819         0.8000     
------------------------ EPOCH 216 -------------------------
     Loss:       Train acc.:     Val acc.:     Test acc.:   
    0.4838         0.9791         0.9819         0.8000     
------------------------ EPOCH 217 -------------------------
     Loss:       Train acc.:     Val acc.:     Test acc.:   
    0.4837         0.9791         0.9819         0.8000     
------------------------ EPOCH 218 -------------------------
     Loss:       Train acc.:     Val acc.:     Test acc.:   
    0.4836         0.9791         0.9819         0.8000     
------------------------ EPOCH 219 -------------------------
     Loss:       Train acc.:     Val acc.:     Test acc.:   
    0.4835         0.9791         0.9819         0.8000     
------------------------ EPOCH 220 -------------------------
     Loss:       Train acc.:     Val acc.:     Test acc.:   
    0.4833         0.9791         0.9819         0.8000     
------------------------ EPOCH 221 -------------------------
     Loss:       Train acc.:     Val acc.:     Test acc.:   
    0.4832         0.9791         0.9819         0.8000     
------------------------ EPOCH 222 -------------------------
     Loss:       Train acc.:     Val acc.:     Test acc.:   
    0.4831         0.9791         0.9819         0.8000     
------------------------ EPOCH 223 -------------------------
     Loss:       Train acc.:     Val acc.:     Test acc.:   
    0.4830         0.9791         0.9819         0.8000     
------------------------ EPOCH 224 -------------------------
     Loss:       Train acc.:     Val acc.:     Test acc.:   
    0.4829         0.9791         0.9819         0.8000     
------------------------ EPOCH 225 -------------------------
     Loss:       Train acc.:     Val acc.:     Test acc.:   
    0.4829         0.9791         0.9819         0.8000     
------------------------ EPOCH 226 -------------------------
     Loss:       Train acc.:     Val acc.:     Test acc.:   
    0.4828         0.9791         0.9819         0.8000     
------------------------ EPOCH 227 -------------------------
     Loss:       Train acc.:     Val acc.:     Test acc.:   
    0.4827         0.9791         0.9819         0.8000     
------------------------ EPOCH 228 -------------------------
     Loss:       Train acc.:     Val acc.:     Test acc.:   
    0.4826         0.9791         0.9819         0.8000     
------------------------ EPOCH 229 -------------------------
     Loss:       Train acc.:     Val acc.:     Test acc.:   
    0.4825         0.9791         0.9819         0.8000     
------------------------ EPOCH 230 -------------------------
     Loss:       Train acc.:     Val acc.:     Test acc.:   
    0.4825         0.9791         0.9819         0.8000     
------------------------ EPOCH 231 -------------------------
     Loss:       Train acc.:     Val acc.:     Test acc.:   
    0.4824         0.9791         0.9819         0.8000     
------------------------ EPOCH 232 -------------------------
     Loss:       Train acc.:     Val acc.:     Test acc.:   
    0.4823         0.9791         0.9819         0.8000     
------------------------ EPOCH 233 -------------------------
     Loss:       Train acc.:     Val acc.:     Test acc.:   
    0.4822         0.9791         0.9819         0.8000     
------------------------ EPOCH 234 -------------------------
     Loss:       Train acc.:     Val acc.:     Test acc.:   
    0.4822         0.9791         0.9819         0.8000     
------------------------ EPOCH 235 -------------------------
     Loss:       Train acc.:     Val acc.:     Test acc.:   
    0.4821         0.9791         0.9819         0.8000     
------------------------ EPOCH 236 -------------------------
     Loss:       Train acc.:     Val acc.:     Test acc.:   
    0.4821         0.9791         0.9819         0.8000     
------------------------ EPOCH 237 -------------------------
     Loss:       Train acc.:     Val acc.:     Test acc.:   
    0.4820         0.9791         0.9819         0.8000     
------------------------ EPOCH 238 -------------------------
     Loss:       Train acc.:     Val acc.:     Test acc.:   
    0.4819         0.9791         0.9819         0.8000     
------------------------ EPOCH 239 -------------------------
     Loss:       Train acc.:     Val acc.:     Test acc.:   
    0.4819         0.9791         0.9819         0.8000     
------------------------ EPOCH 240 -------------------------
     Loss:       Train acc.:     Val acc.:     Test acc.:   
    0.4818         0.9791         0.9819         0.8000     
------------------------ EPOCH 241 -------------------------
     Loss:       Train acc.:     Val acc.:     Test acc.:   
    0.4818         0.9791         0.9819         0.8000     
------------------------ EPOCH 242 -------------------------
     Loss:       Train acc.:     Val acc.:     Test acc.:   
    0.4818         0.9791         0.9819         0.8000     
------------------------ EPOCH 243 -------------------------
     Loss:       Train acc.:     Val acc.:     Test acc.:   
    0.4817         0.9791         0.9819         0.8000     
------------------------ EPOCH 244 -------------------------
     Loss:       Train acc.:     Val acc.:     Test acc.:   
    0.4817         0.9791         0.9819         0.8000     
------------------------ EPOCH 245 -------------------------
     Loss:       Train acc.:     Val acc.:     Test acc.:   
    0.4816         0.9791         0.9819         0.8000     
------------------------ EPOCH 246 -------------------------
     Loss:       Train acc.:     Val acc.:     Test acc.:   
    0.4816         0.9791         0.9819         0.8000     
------------------------ EPOCH 247 -------------------------
     Loss:       Train acc.:     Val acc.:     Test acc.:   
    0.4815         0.9791         0.9819         0.8000     
------------------------ EPOCH 248 -------------------------
     Loss:       Train acc.:     Val acc.:     Test acc.:   
    0.4815         0.9791         0.9819         0.8000     
------------------------ EPOCH 249 -------------------------
     Loss:       Train acc.:     Val acc.:     Test acc.:   
    0.4815         0.9791         0.9819         0.8000     
------------------------ EPOCH 250 -------------------------
     Loss:       Train acc.:     Val acc.:     Test acc.:   
    0.4814         0.9791         0.9819         0.8000     
------------------------ EPOCH 251 -------------------------
     Loss:       Train acc.:     Val acc.:     Test acc.:   
    0.4814         0.9791         0.9819         0.8000     
------------------------ EPOCH 252 -------------------------
     Loss:       Train acc.:     Val acc.:     Test acc.:   
    0.4814         0.9791         0.9819         0.8000     
------------------------ EPOCH 253 -------------------------
     Loss:       Train acc.:     Val acc.:     Test acc.:   
    0.4813         0.9791         0.9819         0.8000     
------------------------ EPOCH 254 -------------------------
     Loss:       Train acc.:     Val acc.:     Test acc.:   
    0.4813         0.9791         0.9819         0.8000     
------------------------ EPOCH 255 -------------------------
     Loss:       Train acc.:     Val acc.:     Test acc.:   
    0.4813         0.9791         0.9819         0.8000     
------------------------ EPOCH 256 -------------------------
     Loss:       Train acc.:     Val acc.:     Test acc.:   
    0.4813         0.9791         0.9819         0.8000     
------------------------ EPOCH 257 -------------------------
     Loss:       Train acc.:     Val acc.:     Test acc.:   
    0.4812         0.9791         0.9819         0.8000     
------------------------ EPOCH 258 -------------------------
     Loss:       Train acc.:     Val acc.:     Test acc.:   
    0.4812         0.9791         0.9819         0.8000     
------------------------ EPOCH 259 -------------------------
     Loss:       Train acc.:     Val acc.:     Test acc.:   
    0.4812         0.9791         0.9819         0.8000     
------------------------ EPOCH 260 -------------------------
     Loss:       Train acc.:     Val acc.:     Test acc.:   
    0.4812         0.9791         0.9819         0.8000     
------------------------ EPOCH 261 -------------------------
     Loss:       Train acc.:     Val acc.:     Test acc.:   
    0.4811         0.9791         0.9819         0.8000     
------------------------ EPOCH 262 -------------------------
     Loss:       Train acc.:     Val acc.:     Test acc.:   
    0.4811         0.9791         0.9819         0.8000     
------------------------ EPOCH 263 -------------------------
     Loss:       Train acc.:     Val acc.:     Test acc.:   
    0.4811         0.9791         0.9819         0.8000     
------------------------ EPOCH 264 -------------------------
     Loss:       Train acc.:     Val acc.:     Test acc.:   
    0.4811         0.9791         0.9819         0.8000     
------------------------ EPOCH 265 -------------------------
     Loss:       Train acc.:     Val acc.:     Test acc.:   
    0.4811         0.9791         0.9819         0.8000     
------------------------ EPOCH 266 -------------------------
     Loss:       Train acc.:     Val acc.:     Test acc.:   
    0.4810         0.9791         0.9819         0.8000     
------------------------ EPOCH 267 -------------------------
     Loss:       Train acc.:     Val acc.:     Test acc.:   
    0.4810         0.9791         0.9819         0.8000     
------------------------ EPOCH 268 -------------------------
     Loss:       Train acc.:     Val acc.:     Test acc.:   
    0.4810         0.9791         0.9819         0.8000     
------------------------ EPOCH 269 -------------------------
     Loss:       Train acc.:     Val acc.:     Test acc.:   
    0.4810         0.9791         0.9819         0.8000     
------------------------ EPOCH 270 -------------------------
     Loss:       Train acc.:     Val acc.:     Test acc.:   
    0.4810         0.9791         0.9819         0.8000     
------------------------ EPOCH 271 -------------------------
     Loss:       Train acc.:     Val acc.:     Test acc.:   
    0.4809         0.9791         0.9819         0.8000     
------------------------ EPOCH 272 -------------------------
     Loss:       Train acc.:     Val acc.:     Test acc.:   
    0.4809         0.9791         0.9819         0.8000     
------------------------ EPOCH 273 -------------------------
     Loss:       Train acc.:     Val acc.:     Test acc.:   
    0.4809         0.9791         0.9819         0.8000     
------------------------ EPOCH 274 -------------------------
     Loss:       Train acc.:     Val acc.:     Test acc.:   
    0.4809         0.9791         0.9819         0.8000     
------------------------ EPOCH 275 -------------------------
     Loss:       Train acc.:     Val acc.:     Test acc.:   
    0.4809         0.9791         0.9819         0.8000     
------------------------ EPOCH 276 -------------------------
     Loss:       Train acc.:     Val acc.:     Test acc.:   
    0.4809         0.9791         0.9819         0.8000     
------------------------ EPOCH 277 -------------------------
     Loss:       Train acc.:     Val acc.:     Test acc.:   
    0.4809         0.9791         0.9819         0.8000     
------------------------ EPOCH 278 -------------------------
     Loss:       Train acc.:     Val acc.:     Test acc.:   
    0.4809         0.9791         0.9819         0.8000     
------------------------ EPOCH 279 -------------------------
     Loss:       Train acc.:     Val acc.:     Test acc.:   
    0.4808         0.9791         0.9819         0.8000     
------------------------ EPOCH 280 -------------------------
     Loss:       Train acc.:     Val acc.:     Test acc.:   
    0.4808         0.9791         0.9819         0.8000     
------------------------ EPOCH 281 -------------------------
     Loss:       Train acc.:     Val acc.:     Test acc.:   
    0.4808         0.9791         0.9819         0.8000     
------------------------ EPOCH 282 -------------------------
     Loss:       Train acc.:     Val acc.:     Test acc.:   
    0.4808         0.9791         0.9819         0.8000     
------------------------ EPOCH 283 -------------------------
     Loss:       Train acc.:     Val acc.:     Test acc.:   
    0.4808         0.9791         0.9819         0.8000     
------------------------ EPOCH 284 -------------------------
     Loss:       Train acc.:     Val acc.:     Test acc.:   
    0.4808         0.9791         0.9819         0.8000     
------------------------ EPOCH 285 -------------------------
     Loss:       Train acc.:     Val acc.:     Test acc.:   
    0.4808         0.9791         0.9819         0.8000     
------------------------ EPOCH 286 -------------------------
     Loss:       Train acc.:     Val acc.:     Test acc.:   
    0.4808         0.9791         0.9819         0.8000     
------------------------ EPOCH 287 -------------------------
     Loss:       Train acc.:     Val acc.:     Test acc.:   
    0.4808         0.9791         0.9819         0.8000     
------------------------ EPOCH 288 -------------------------
     Loss:       Train acc.:     Val acc.:     Test acc.:   
    0.4808         0.9791         0.9819         0.8000     
------------------------ EPOCH 289 -------------------------
     Loss:       Train acc.:     Val acc.:     Test acc.:   
    0.4807         0.9791         0.9819         0.8000     
------------------------ EPOCH 290 -------------------------
     Loss:       Train acc.:     Val acc.:     Test acc.:   
    0.4807         0.9791         0.9819         0.8000     
------------------------ EPOCH 291 -------------------------
     Loss:       Train acc.:     Val acc.:     Test acc.:   
    0.4807         0.9791         0.9819         0.8000     
------------------------ EPOCH 292 -------------------------
     Loss:       Train acc.:     Val acc.:     Test acc.:   
    0.4807         0.9791         0.9819         0.8000     
------------------------ EPOCH 293 -------------------------
     Loss:       Train acc.:     Val acc.:     Test acc.:   
    0.4807         0.9791         0.9819         0.8000     
------------------------ EPOCH 294 -------------------------
     Loss:       Train acc.:     Val acc.:     Test acc.:   
    0.4807         0.9791         0.9819         0.8000     
------------------------ EPOCH 295 -------------------------
     Loss:       Train acc.:     Val acc.:     Test acc.:   
    0.4807         0.9791         0.9819         0.8000     
------------------------ EPOCH 296 -------------------------
     Loss:       Train acc.:     Val acc.:     Test acc.:   
    0.4807         0.9791         0.9819         0.8000     
------------------------ EPOCH 297 -------------------------
     Loss:       Train acc.:     Val acc.:     Test acc.:   
    0.4807         0.9791         0.9819         0.8000     
------------------------ EPOCH 298 -------------------------
     Loss:       Train acc.:     Val acc.:     Test acc.:   
    0.4807         0.9791         0.9819         0.8000     
------------------------ EPOCH 299 -------------------------
     Loss:       Train acc.:     Val acc.:     Test acc.:   
    0.4807         0.9791         0.9819         0.8000     
------------------------ EPOCH 300 -------------------------
     Loss:       Train acc.:     Val acc.:     Test acc.:   
    0.4807         0.9791         0.9819         0.8000     
------------------------ EPOCH 301 -------------------------
     Loss:       Train acc.:     Val acc.:     Test acc.:   
    0.4807         0.9791         0.9819         0.8000     
------------------------ EPOCH 302 -------------------------
     Loss:       Train acc.:     Val acc.:     Test acc.:   
    0.4807         0.9791         0.9819         0.8000     
------------------------ EPOCH 303 -------------------------
     Loss:       Train acc.:     Val acc.:     Test acc.:   
    0.4807         0.9791         0.9819         0.8000     
------------------------ EPOCH 304 -------------------------
     Loss:       Train acc.:     Val acc.:     Test acc.:   
    0.4807         0.9791         0.9819         0.8000     
------------------------ EPOCH 305 -------------------------
     Loss:       Train acc.:     Val acc.:     Test acc.:   
    0.4807         0.9791         0.9819         0.8000     
------------------------ EPOCH 306 -------------------------
     Loss:       Train acc.:     Val acc.:     Test acc.:   
    0.4806         0.9791         0.9819         0.8000     
------------------------ EPOCH 307 -------------------------
     Loss:       Train acc.:     Val acc.:     Test acc.:   
    0.4806         0.9791         0.9819         0.8000     
------------------------ EPOCH 308 -------------------------
     Loss:       Train acc.:     Val acc.:     Test acc.:   
    0.4806         0.9791         0.9819         0.8000     
------------------------ EPOCH 309 -------------------------
     Loss:       Train acc.:     Val acc.:     Test acc.:   
    0.4806         0.9791         0.9819         0.8000     
------------------------ EPOCH 310 -------------------------
     Loss:       Train acc.:     Val acc.:     Test acc.:   
    0.4806         0.9791         0.9819         0.8000     
------------------------ EPOCH 311 -------------------------
     Loss:       Train acc.:     Val acc.:     Test acc.:   
    0.4806         0.9791         0.9819         0.8000     
------------------------ EPOCH 312 -------------------------
     Loss:       Train acc.:     Val acc.:     Test acc.:   
    0.4806         0.9791         0.9819         0.8000     
------------------------ EPOCH 313 -------------------------
     Loss:       Train acc.:     Val acc.:     Test acc.:   
    0.4806         0.9791         0.9819         0.8000     
------------------------ EPOCH 314 -------------------------
     Loss:       Train acc.:     Val acc.:     Test acc.:   
    0.4806         0.9791         0.9819         0.8000     
------------------------ EPOCH 315 -------------------------
     Loss:       Train acc.:     Val acc.:     Test acc.:   
    0.4806         0.9791         0.9819         0.8000     
------------------------ EPOCH 316 -------------------------
     Loss:       Train acc.:     Val acc.:     Test acc.:   
    0.4806         0.9791         0.9819         0.8000     
------------------------ EPOCH 317 -------------------------
     Loss:       Train acc.:     Val acc.:     Test acc.:   
    0.4806         0.9791         0.9819         0.8000     
------------------------ EPOCH 318 -------------------------
     Loss:       Train acc.:     Val acc.:     Test acc.:   
    0.4806         0.9791         0.9819         0.8000     
------------------------ EPOCH 319 -------------------------
     Loss:       Train acc.:     Val acc.:     Test acc.:   
    0.4806         0.9791         0.9819         0.8000     
------------------------ EPOCH 320 -------------------------
     Loss:       Train acc.:     Val acc.:     Test acc.:   
    0.4806         0.9791         0.9819         0.8000     
------------------------ EPOCH 321 -------------------------
     Loss:       Train acc.:     Val acc.:     Test acc.:   
    0.4806         0.9791         0.9819         0.8000     
------------------------ EPOCH 322 -------------------------
     Loss:       Train acc.:     Val acc.:     Test acc.:   
    0.4806         0.9791         0.9819         0.8000     
------------------------ EPOCH 323 -------------------------
     Loss:       Train acc.:     Val acc.:     Test acc.:   
    0.4806         0.9791         0.9819         0.8000     
------------------------ EPOCH 324 -------------------------
     Loss:       Train acc.:     Val acc.:     Test acc.:   
    0.4806         0.9791         0.9819         0.8000     
------------------------ EPOCH 325 -------------------------
     Loss:       Train acc.:     Val acc.:     Test acc.:   
    0.4806         0.9791         0.9819         0.8000     
------------------------ EPOCH 326 -------------------------
     Loss:       Train acc.:     Val acc.:     Test acc.:   
    0.4806         0.9791         0.9819         0.8000     
------------------------ EPOCH 327 -------------------------
     Loss:       Train acc.:     Val acc.:     Test acc.:   
    0.4806         0.9791         0.9819         0.8000     
------------------------ EPOCH 328 -------------------------
     Loss:       Train acc.:     Val acc.:     Test acc.:   
    0.4806         0.9791         0.9819         0.8000     
------------------------ EPOCH 329 -------------------------
     Loss:       Train acc.:     Val acc.:     Test acc.:   
    0.4806         0.9791         0.9819         0.8000     
------------------------ EPOCH 330 -------------------------
     Loss:       Train acc.:     Val acc.:     Test acc.:   
    0.4806         0.9791         0.9819         0.8000     
------------------------ EPOCH 331 -------------------------
     Loss:       Train acc.:     Val acc.:     Test acc.:   
    0.4806         0.9791         0.9819         0.8000     
------------------------ EPOCH 332 -------------------------
     Loss:       Train acc.:     Val acc.:     Test acc.:   
    0.4806         0.9791         0.9819         0.8000     
------------------------ EPOCH 333 -------------------------
     Loss:       Train acc.:     Val acc.:     Test acc.:   
    0.4806         0.9791         0.9819         0.8000     
------------------------ EPOCH 334 -------------------------
     Loss:       Train acc.:     Val acc.:     Test acc.:   
    0.4806         0.9791         0.9819         0.8000     
------------------------ EPOCH 335 -------------------------
     Loss:       Train acc.:     Val acc.:     Test acc.:   
    0.4806         0.9791         0.9819         0.8000     
------------------------ EPOCH 336 -------------------------
     Loss:       Train acc.:     Val acc.:     Test acc.:   
    0.4806         0.9791         0.9819         0.8000     
------------------------ EPOCH 337 -------------------------
     Loss:       Train acc.:     Val acc.:     Test acc.:   
    0.4806         0.9791         0.9819         0.8000     
------------------------ EPOCH 338 -------------------------
     Loss:       Train acc.:     Val acc.:     Test acc.:   
    0.4806         0.9791         0.9819         0.8000     
------------------------ EPOCH 339 -------------------------
     Loss:       Train acc.:     Val acc.:     Test acc.:   
    0.4806         0.9791         0.9819         0.8000     
------------------------ EPOCH 340 -------------------------
     Loss:       Train acc.:     Val acc.:     Test acc.:   
    0.4806         0.9791         0.9819         0.8000     
------------------------ EPOCH 341 -------------------------
     Loss:       Train acc.:     Val acc.:     Test acc.:   
    0.4806         0.9791         0.9819         0.8000     
------------------------ EPOCH 342 -------------------------
     Loss:       Train acc.:     Val acc.:     Test acc.:   
    0.4806         0.9791         0.9819         0.8000     
------------------------ EPOCH 343 -------------------------
     Loss:       Train acc.:     Val acc.:     Test acc.:   
    0.4806         0.9791         0.9819         0.8000     
------------------------ EPOCH 344 -------------------------
     Loss:       Train acc.:     Val acc.:     Test acc.:   
    0.4806         0.9791         0.9819         0.8000     
------------------------ EPOCH 345 -------------------------
     Loss:       Train acc.:     Val acc.:     Test acc.:   
    0.4805         0.9791         0.9819         0.8000     
------------------------ EPOCH 346 -------------------------
     Loss:       Train acc.:     Val acc.:     Test acc.:   
    0.4805         0.9791         0.9819         0.8000     
------------------------ EPOCH 347 -------------------------
     Loss:       Train acc.:     Val acc.:     Test acc.:   
    0.4805         0.9791         0.9819         0.8000     
------------------------ EPOCH 348 -------------------------
     Loss:       Train acc.:     Val acc.:     Test acc.:   
    0.4805         0.9791         0.9819         0.8000     
------------------------ EPOCH 349 -------------------------
     Loss:       Train acc.:     Val acc.:     Test acc.:   
    0.4805         0.9791         0.9819         0.8000     
------------------------ EPOCH 350 -------------------------
     Loss:       Train acc.:     Val acc.:     Test acc.:   
    0.4805         0.9791         0.9819         0.8000     
------------------------ EPOCH 351 -------------------------
     Loss:       Train acc.:     Val acc.:     Test acc.:   
    0.4805         0.9791         0.9819         0.8000     
------------------------ EPOCH 352 -------------------------
     Loss:       Train acc.:     Val acc.:     Test acc.:   
    0.4805         0.9791         0.9819         0.8000     
------------------------ EPOCH 353 -------------------------
     Loss:       Train acc.:     Val acc.:     Test acc.:   
    0.4805         0.9791         0.9819         0.8000     
------------------------ EPOCH 354 -------------------------
     Loss:       Train acc.:     Val acc.:     Test acc.:   
    0.4805         0.9791         0.9819         0.8000     
------------------------ EPOCH 355 -------------------------
     Loss:       Train acc.:     Val acc.:     Test acc.:   
    0.4805         0.9791         0.9819         0.8000     
------------------------ EPOCH 356 -------------------------
     Loss:       Train acc.:     Val acc.:     Test acc.:   
    0.4805         0.9791         0.9819         0.8000     
------------------------ EPOCH 357 -------------------------
     Loss:       Train acc.:     Val acc.:     Test acc.:   
    0.4805         0.9791         0.9819         0.8000     
------------------------ EPOCH 358 -------------------------
     Loss:       Train acc.:     Val acc.:     Test acc.:   
    0.4805         0.9791         0.9819         0.8000     
------------------------ EPOCH 359 -------------------------
     Loss:       Train acc.:     Val acc.:     Test acc.:   
    0.4805         0.9791         0.9819         0.8000     
------------------------ EPOCH 360 -------------------------
     Loss:       Train acc.:     Val acc.:     Test acc.:   
    0.4805         0.9791         0.9819         0.8000     
------------------------ EPOCH 361 -------------------------
     Loss:       Train acc.:     Val acc.:     Test acc.:   
    0.4805         0.9791         0.9819         0.8000     
------------------------ EPOCH 362 -------------------------
     Loss:       Train acc.:     Val acc.:     Test acc.:   
    0.4805         0.9791         0.9819         0.8000     
------------------------ EPOCH 363 -------------------------
     Loss:       Train acc.:     Val acc.:     Test acc.:   
    0.4805         0.9791         0.9819         0.8000     
------------------------ EPOCH 364 -------------------------
     Loss:       Train acc.:     Val acc.:     Test acc.:   
    0.4805         0.9791         0.9819         0.8000     
------------------------ EPOCH 365 -------------------------
     Loss:       Train acc.:     Val acc.:     Test acc.:   
    0.4805         0.9791         0.9819         0.8000     
------------------------ EPOCH 366 -------------------------
     Loss:       Train acc.:     Val acc.:     Test acc.:   
    0.4805         0.9791         0.9819         0.8000     
------------------------ EPOCH 367 -------------------------
     Loss:       Train acc.:     Val acc.:     Test acc.:   
    0.4805         0.9791         0.9819         0.8000     
------------------------ EPOCH 368 -------------------------
     Loss:       Train acc.:     Val acc.:     Test acc.:   
    0.4805         0.9791         0.9819         0.8000     
------------------------ EPOCH 369 -------------------------
     Loss:       Train acc.:     Val acc.:     Test acc.:   
    0.4805         0.9791         0.9819         0.8000     
------------------------ EPOCH 370 -------------------------
     Loss:       Train acc.:     Val acc.:     Test acc.:   
    0.4805         0.9791         0.9819         0.8000     
------------------------ EPOCH 371 -------------------------
     Loss:       Train acc.:     Val acc.:     Test acc.:   
    0.4805         0.9791         0.9819         0.8000     
------------------------ EPOCH 372 -------------------------
     Loss:       Train acc.:     Val acc.:     Test acc.:   
    0.4805         0.9791         0.9819         0.8000     
------------------------ EPOCH 373 -------------------------
     Loss:       Train acc.:     Val acc.:     Test acc.:   
    0.4805         0.9791         0.9819         0.8000     
------------------------ EPOCH 374 -------------------------
     Loss:       Train acc.:     Val acc.:     Test acc.:   
    0.4805         0.9791         0.9819         0.8000     
------------------------ EPOCH 375 -------------------------
     Loss:       Train acc.:     Val acc.:     Test acc.:   
    0.4805         0.9791         0.9819         0.8000     
------------------------ EPOCH 376 -------------------------
     Loss:       Train acc.:     Val acc.:     Test acc.:   
    0.4805         0.9791         0.9819         0.8000     
------------------------ EPOCH 377 -------------------------
     Loss:       Train acc.:     Val acc.:     Test acc.:   
    0.4805         0.9791         0.9819         0.8000     
------------------------ EPOCH 378 -------------------------
     Loss:       Train acc.:     Val acc.:     Test acc.:   
    0.4805         0.9791         0.9819         0.8000     
------------------------ EPOCH 379 -------------------------
     Loss:       Train acc.:     Val acc.:     Test acc.:   
    0.4805         0.9791         0.9819         0.8000     
------------------------ EPOCH 380 -------------------------
     Loss:       Train acc.:     Val acc.:     Test acc.:   
    0.4805         0.9791         0.9819         0.8000     
------------------------ EPOCH 381 -------------------------
     Loss:       Train acc.:     Val acc.:     Test acc.:   
    0.4805         0.9791         0.9819         0.8000     
------------------------ EPOCH 382 -------------------------
     Loss:       Train acc.:     Val acc.:     Test acc.:   
    0.4805         0.9791         0.9819         0.8000     
------------------------ EPOCH 383 -------------------------
     Loss:       Train acc.:     Val acc.:     Test acc.:   
    0.4805         0.9791         0.9819         0.8000     
------------------------ EPOCH 384 -------------------------
     Loss:       Train acc.:     Val acc.:     Test acc.:   
    0.4805         0.9791         0.9819         0.8000     
------------------------ EPOCH 385 -------------------------
     Loss:       Train acc.:     Val acc.:     Test acc.:   
    0.4805         0.9791         0.9819         0.8000     
------------------------ EPOCH 386 -------------------------
     Loss:       Train acc.:     Val acc.:     Test acc.:   
    0.4805         0.9791         0.9819         0.8000     
------------------------ EPOCH 387 -------------------------
     Loss:       Train acc.:     Val acc.:     Test acc.:   
    0.4805         0.9791         0.9819         0.8000     
------------------------ EPOCH 388 -------------------------
     Loss:       Train acc.:     Val acc.:     Test acc.:   
    0.4805         0.9791         0.9819         0.8000     
------------------------ EPOCH 389 -------------------------
     Loss:       Train acc.:     Val acc.:     Test acc.:   
    0.4805         0.9791         0.9819         0.8000     
------------------------ EPOCH 390 -------------------------
     Loss:       Train acc.:     Val acc.:     Test acc.:   
    0.4805         0.9791         0.9819         0.8000     
------------------------ EPOCH 391 -------------------------
     Loss:       Train acc.:     Val acc.:     Test acc.:   
    0.4805         0.9791         0.9819         0.8000     
------------------------ EPOCH 392 -------------------------
     Loss:       Train acc.:     Val acc.:     Test acc.:   
    0.4805         0.9791         0.9819         0.8000     
------------------------ EPOCH 393 -------------------------
     Loss:       Train acc.:     Val acc.:     Test acc.:   
    0.4805         0.9791         0.9819         0.8000     
------------------------ EPOCH 394 -------------------------
     Loss:       Train acc.:     Val acc.:     Test acc.:   
    0.4805         0.9791         0.9819         0.8000     
------------------------ EPOCH 395 -------------------------
     Loss:       Train acc.:     Val acc.:     Test acc.:   
    0.4805         0.9791         0.9819         0.8000     
------------------------ EPOCH 396 -------------------------
     Loss:       Train acc.:     Val acc.:     Test acc.:   
    0.4805         0.9791         0.9819         0.8000     
------------------------ EPOCH 397 -------------------------
     Loss:       Train acc.:     Val acc.:     Test acc.:   
    0.4805         0.9791         0.9819         0.8000     
------------------------ EPOCH 398 -------------------------
     Loss:       Train acc.:     Val acc.:     Test acc.:   
    0.4805         0.9791         0.9819         0.8000     
------------------------ EPOCH 399 -------------------------
     Loss:       Train acc.:     Val acc.:     Test acc.:   
    0.4805         0.9791         0.9819         0.8000     
------------------------ EPOCH 400 -------------------------
     Loss:       Train acc.:     Val acc.:     Test acc.:   
    0.4805         0.9791         0.9819         0.8000     
------------------------ EPOCH 401 -------------------------
     Loss:       Train acc.:     Val acc.:     Test acc.:   
    0.4805         0.9791         0.9819         0.8000     
------------------------ EPOCH 402 -------------------------
     Loss:       Train acc.:     Val acc.:     Test acc.:   
    0.4805         0.9791         0.9819         0.8000     
------------------------ EPOCH 403 -------------------------
     Loss:       Train acc.:     Val acc.:     Test acc.:   
    0.4805         0.9791         0.9819         0.8000     
------------------------ EPOCH 404 -------------------------
     Loss:       Train acc.:     Val acc.:     Test acc.:   
    0.4805         0.9791         0.9819         0.8000     
------------------------ EPOCH 405 -------------------------
     Loss:       Train acc.:     Val acc.:     Test acc.:   
    0.4805         0.9791         0.9819         0.8000     
------------------------ EPOCH 406 -------------------------
     Loss:       Train acc.:     Val acc.:     Test acc.:   
    0.4805         0.9791         0.9819         0.8000     
------------------------ EPOCH 407 -------------------------
     Loss:       Train acc.:     Val acc.:     Test acc.:   
    0.4805         0.9791         0.9819         0.8000     
------------------------ EPOCH 408 -------------------------
     Loss:       Train acc.:     Val acc.:     Test acc.:   
    0.4805         0.9791         0.9819         0.8000     
------------------------ EPOCH 409 -------------------------
     Loss:       Train acc.:     Val acc.:     Test acc.:   
    0.4805         0.9791         0.9819         0.8000     
------------------------ EPOCH 410 -------------------------
     Loss:       Train acc.:     Val acc.:     Test acc.:   
    0.4805         0.9791         0.9819         0.8000     
------------------------ EPOCH 411 -------------------------
     Loss:       Train acc.:     Val acc.:     Test acc.:   
    0.4805         0.9791         0.9819         0.8000     
------------------------ EPOCH 412 -------------------------
     Loss:       Train acc.:     Val acc.:     Test acc.:   
    0.4805         0.9791         0.9819         0.8000     
------------------------ EPOCH 413 -------------------------
     Loss:       Train acc.:     Val acc.:     Test acc.:   
    0.4805         0.9791         0.9819         0.8000     
------------------------ EPOCH 414 -------------------------
     Loss:       Train acc.:     Val acc.:     Test acc.:   
    0.4805         0.9791         0.9819         0.8000     
------------------------ EPOCH 415 -------------------------
     Loss:       Train acc.:     Val acc.:     Test acc.:   
    0.4805         0.9791         0.9819         0.8000     
------------------------ EPOCH 416 -------------------------
     Loss:       Train acc.:     Val acc.:     Test acc.:   
    0.4805         0.9791         0.9819         0.8000     
------------------------ EPOCH 417 -------------------------
     Loss:       Train acc.:     Val acc.:     Test acc.:   
    0.4805         0.9791         0.9819         0.8000     
------------------------ EPOCH 418 -------------------------
     Loss:       Train acc.:     Val acc.:     Test acc.:   
    0.4805         0.9791         0.9819         0.8000     
------------------------ EPOCH 419 -------------------------
     Loss:       Train acc.:     Val acc.:     Test acc.:   
    0.4805         0.9791         0.9819         0.8000     
------------------------ EPOCH 420 -------------------------
     Loss:       Train acc.:     Val acc.:     Test acc.:   
    0.4805         0.9791         0.9819         0.8000     
------------------------ EPOCH 421 -------------------------
     Loss:       Train acc.:     Val acc.:     Test acc.:   
    0.4805         0.9791         0.9819         0.8000     
------------------------ EPOCH 422 -------------------------
     Loss:       Train acc.:     Val acc.:     Test acc.:   
    0.4805         0.9791         0.9819         0.8000     
------------------------ EPOCH 423 -------------------------
     Loss:       Train acc.:     Val acc.:     Test acc.:   
    0.4805         0.9791         0.9819         0.8000     
------------------------ EPOCH 424 -------------------------
     Loss:       Train acc.:     Val acc.:     Test acc.:   
    0.4805         0.9791         0.9819         0.8000     
------------------------ EPOCH 425 -------------------------
     Loss:       Train acc.:     Val acc.:     Test acc.:   
    0.4805         0.9791         0.9819         0.8000     
------------------------ EPOCH 426 -------------------------
     Loss:       Train acc.:     Val acc.:     Test acc.:   
    0.4805         0.9791         0.9819         0.8000     
------------------------ EPOCH 427 -------------------------
     Loss:       Train acc.:     Val acc.:     Test acc.:   
    0.4805         0.9791         0.9819         0.8000     
------------------------ EPOCH 428 -------------------------
     Loss:       Train acc.:     Val acc.:     Test acc.:   
    0.4805         0.9791         0.9819         0.8000     
------------------------ EPOCH 429 -------------------------
     Loss:       Train acc.:     Val acc.:     Test acc.:   
    0.4805         0.9791         0.9819         0.8000     
------------------------ EPOCH 430 -------------------------
     Loss:       Train acc.:     Val acc.:     Test acc.:   
    0.4805         0.9791         0.9819         0.8000     
------------------------ EPOCH 431 -------------------------
     Loss:       Train acc.:     Val acc.:     Test acc.:   
    0.4805         0.9791         0.9819         0.8000     
------------------------ EPOCH 432 -------------------------
     Loss:       Train acc.:     Val acc.:     Test acc.:   
    0.4805         0.9791         0.9819         0.8000     
------------------------ EPOCH 433 -------------------------
     Loss:       Train acc.:     Val acc.:     Test acc.:   
    0.4805         0.9791         0.9819         0.8000     
------------------------ EPOCH 434 -------------------------
     Loss:       Train acc.:     Val acc.:     Test acc.:   
    0.4805         0.9791         0.9819         0.8000     
------------------------ EPOCH 435 -------------------------
     Loss:       Train acc.:     Val acc.:     Test acc.:   
    0.4805         0.9791         0.9819         0.8000     
------------------------ EPOCH 436 -------------------------
     Loss:       Train acc.:     Val acc.:     Test acc.:   
    0.4805         0.9791         0.9819         0.8000     
------------------------ EPOCH 437 -------------------------
     Loss:       Train acc.:     Val acc.:     Test acc.:   
    0.4805         0.9791         0.9819         0.8000     
------------------------ EPOCH 438 -------------------------
     Loss:       Train acc.:     Val acc.:     Test acc.:   
    0.4805         0.9791         0.9819         0.8000     
------------------------ EPOCH 439 -------------------------
     Loss:       Train acc.:     Val acc.:     Test acc.:   
    0.4805         0.9791         0.9819         0.8000     
------------------------ EPOCH 440 -------------------------
     Loss:       Train acc.:     Val acc.:     Test acc.:   
    0.4805         0.9791         0.9819         0.8000     
------------------------ EPOCH 441 -------------------------
     Loss:       Train acc.:     Val acc.:     Test acc.:   
    0.4805         0.9791         0.9819         0.8000     
------------------------ EPOCH 442 -------------------------
     Loss:       Train acc.:     Val acc.:     Test acc.:   
    0.4805         0.9791         0.9819         0.8000     
------------------------ EPOCH 443 -------------------------
     Loss:       Train acc.:     Val acc.:     Test acc.:   
    0.4805         0.9791         0.9819         0.8000     
------------------------ EPOCH 444 -------------------------
     Loss:       Train acc.:     Val acc.:     Test acc.:   
    0.4805         0.9791         0.9819         0.8000     
------------------------ EPOCH 445 -------------------------
     Loss:       Train acc.:     Val acc.:     Test acc.:   
    0.4805         0.9791         0.9819         0.8000     
------------------------ EPOCH 446 -------------------------
     Loss:       Train acc.:     Val acc.:     Test acc.:   
    0.4805         0.9791         0.9819         0.8000     
------------------------ EPOCH 447 -------------------------
     Loss:       Train acc.:     Val acc.:     Test acc.:   
    0.4805         0.9791         0.9819         0.8000     
------------------------ EPOCH 448 -------------------------
     Loss:       Train acc.:     Val acc.:     Test acc.:   
    0.4805         0.9791         0.9819         0.8000     
------------------------ EPOCH 449 -------------------------
     Loss:       Train acc.:     Val acc.:     Test acc.:   
    0.4805         0.9791         0.9819         0.8000     
------------------------ EPOCH 450 -------------------------
     Loss:       Train acc.:     Val acc.:     Test acc.:   
    0.4805         0.9791         0.9819         0.8000     
------------------------ EPOCH 451 -------------------------
     Loss:       Train acc.:     Val acc.:     Test acc.:   
    0.4805         0.9791         0.9819         0.8000     
------------------------ EPOCH 452 -------------------------
     Loss:       Train acc.:     Val acc.:     Test acc.:   
    0.4805         0.9791         0.9819         0.8000     
------------------------ EPOCH 453 -------------------------
     Loss:       Train acc.:     Val acc.:     Test acc.:   
    0.4805         0.9791         0.9819         0.8000     
------------------------ EPOCH 454 -------------------------
     Loss:       Train acc.:     Val acc.:     Test acc.:   
    0.4805         0.9791         0.9819         0.8000     
------------------------ EPOCH 455 -------------------------
     Loss:       Train acc.:     Val acc.:     Test acc.:   
    0.4805         0.9791         0.9819         0.8000     
------------------------ EPOCH 456 -------------------------
     Loss:       Train acc.:     Val acc.:     Test acc.:   
    0.4805         0.9791         0.9819         0.8000     
------------------------ EPOCH 457 -------------------------
     Loss:       Train acc.:     Val acc.:     Test acc.:   
    0.4805         0.9791         0.9819         0.8000     
------------------------ EPOCH 458 -------------------------
     Loss:       Train acc.:     Val acc.:     Test acc.:   
    0.4805         0.9791         0.9819         0.8000     
------------------------ EPOCH 459 -------------------------
     Loss:       Train acc.:     Val acc.:     Test acc.:   
    0.4805         0.9791         0.9819         0.8000     
------------------------ EPOCH 460 -------------------------
     Loss:       Train acc.:     Val acc.:     Test acc.:   
    0.4805         0.9791         0.9819         0.8000     
------------------------ EPOCH 461 -------------------------
     Loss:       Train acc.:     Val acc.:     Test acc.:   
    0.4805         0.9791         0.9819         0.8000     
------------------------ EPOCH 462 -------------------------
     Loss:       Train acc.:     Val acc.:     Test acc.:   
    0.4805         0.9791         0.9819         0.8000     
------------------------ EPOCH 463 -------------------------
     Loss:       Train acc.:     Val acc.:     Test acc.:   
    0.4805         0.9791         0.9819         0.8000     
------------------------ EPOCH 464 -------------------------
     Loss:       Train acc.:     Val acc.:     Test acc.:   
    0.4805         0.9791         0.9819         0.8000     
------------------------ EPOCH 465 -------------------------
     Loss:       Train acc.:     Val acc.:     Test acc.:   
    0.4805         0.9791         0.9819         0.8000     
------------------------ EPOCH 466 -------------------------
     Loss:       Train acc.:     Val acc.:     Test acc.:   
    0.4805         0.9791         0.9819         0.8000     
------------------------ EPOCH 467 -------------------------
     Loss:       Train acc.:     Val acc.:     Test acc.:   
    0.4805         0.9791         0.9819         0.8000     
------------------------ EPOCH 468 -------------------------
     Loss:       Train acc.:     Val acc.:     Test acc.:   
    0.4805         0.9791         0.9819         0.8000     
------------------------ EPOCH 469 -------------------------
     Loss:       Train acc.:     Val acc.:     Test acc.:   
    0.4805         0.9791         0.9819         0.8000     
------------------------ EPOCH 470 -------------------------
     Loss:       Train acc.:     Val acc.:     Test acc.:   
    0.4805         0.9791         0.9819         0.8000     
------------------------ EPOCH 471 -------------------------
     Loss:       Train acc.:     Val acc.:     Test acc.:   
    0.4805         0.9791         0.9819         0.8000     
------------------------ EPOCH 472 -------------------------
     Loss:       Train acc.:     Val acc.:     Test acc.:   
    0.4805         0.9791         0.9819         0.8000     
------------------------ EPOCH 473 -------------------------
     Loss:       Train acc.:     Val acc.:     Test acc.:   
    0.4805         0.9791         0.9819         0.8000     
------------------------ EPOCH 474 -------------------------
     Loss:       Train acc.:     Val acc.:     Test acc.:   
    0.4805         0.9791         0.9819         0.8000     
------------------------ EPOCH 475 -------------------------
     Loss:       Train acc.:     Val acc.:     Test acc.:   
    0.4805         0.9791         0.9819         0.8000     
------------------------ EPOCH 476 -------------------------
     Loss:       Train acc.:     Val acc.:     Test acc.:   
    0.4805         0.9791         0.9819         0.8000     
------------------------ EPOCH 477 -------------------------
     Loss:       Train acc.:     Val acc.:     Test acc.:   
    0.4805         0.9791         0.9819         0.8000     
------------------------ EPOCH 478 -------------------------
     Loss:       Train acc.:     Val acc.:     Test acc.:   
    0.4805         0.9791         0.9819         0.8000     
------------------------ EPOCH 479 -------------------------
     Loss:       Train acc.:     Val acc.:     Test acc.:   
    0.4805         0.9791         0.9819         0.8000     
------------------------ EPOCH 480 -------------------------
     Loss:       Train acc.:     Val acc.:     Test acc.:   
    0.4805         0.9791         0.9819         0.8000     
------------------------ EPOCH 481 -------------------------
     Loss:       Train acc.:     Val acc.:     Test acc.:   
    0.4805         0.9791         0.9819         0.8000     
------------------------ EPOCH 482 -------------------------
     Loss:       Train acc.:     Val acc.:     Test acc.:   
    0.4805         0.9791         0.9819         0.8000     
------------------------ EPOCH 483 -------------------------
     Loss:       Train acc.:     Val acc.:     Test acc.:   
    0.4805         0.9791         0.9819         0.8000     
------------------------ EPOCH 484 -------------------------
     Loss:       Train acc.:     Val acc.:     Test acc.:   
    0.4805         0.9791         0.9819         0.8000     
------------------------ EPOCH 485 -------------------------
     Loss:       Train acc.:     Val acc.:     Test acc.:   
    0.4805         0.9791         0.9819         0.8000     
------------------------ EPOCH 486 -------------------------
     Loss:       Train acc.:     Val acc.:     Test acc.:   
    0.4805         0.9791         0.9819         0.8000     
------------------------ EPOCH 487 -------------------------
     Loss:       Train acc.:     Val acc.:     Test acc.:   
    0.4805         0.9791         0.9819         0.8000     
------------------------ EPOCH 488 -------------------------
     Loss:       Train acc.:     Val acc.:     Test acc.:   
    0.4805         0.9791         0.9819         0.8000     
------------------------ EPOCH 489 -------------------------
     Loss:       Train acc.:     Val acc.:     Test acc.:   
    0.4805         0.9791         0.9819         0.8000     
------------------------ EPOCH 490 -------------------------
     Loss:       Train acc.:     Val acc.:     Test acc.:   
    0.4805         0.9791         0.9819         0.8000     
------------------------ EPOCH 491 -------------------------
     Loss:       Train acc.:     Val acc.:     Test acc.:   
    0.4805         0.9791         0.9819         0.8000     
------------------------ EPOCH 492 -------------------------
     Loss:       Train acc.:     Val acc.:     Test acc.:   
    0.4805         0.9791         0.9819         0.8000     
------------------------ EPOCH 493 -------------------------
     Loss:       Train acc.:     Val acc.:     Test acc.:   
    0.4805         0.9791         0.9819         0.8000     
------------------------ EPOCH 494 -------------------------
     Loss:       Train acc.:     Val acc.:     Test acc.:   
    0.4805         0.9791         0.9819         0.8000     
------------------------ EPOCH 495 -------------------------
     Loss:       Train acc.:     Val acc.:     Test acc.:   
    0.4805         0.9791         0.9819         0.8000     
------------------------ EPOCH 496 -------------------------
     Loss:       Train acc.:     Val acc.:     Test acc.:   
    0.4805         0.9791         0.9819         0.8000     
------------------------ EPOCH 497 -------------------------
     Loss:       Train acc.:     Val acc.:     Test acc.:   
    0.4805         0.9791         0.9819         0.8000     
------------------------ EPOCH 498 -------------------------
     Loss:       Train acc.:     Val acc.:     Test acc.:   
    0.4805         0.9791         0.9819         0.8000     
------------------------ EPOCH 499 -------------------------
     Loss:       Train acc.:     Val acc.:     Test acc.:   
    0.4805         0.9791         0.9819         0.8000     
------------------------ EPOCH 500 -------------------------
     Loss:       Train acc.:     Val acc.:     Test acc.:   
    0.4805         0.9791         0.9819         0.8000     
------------------------------------------------------------
Finished
