

Training the decomposed version with rank 90


------------------------ EPOCH   1 -------------------------
     Loss:       Train acc.:     Val acc.:     Test acc.:   
    0.6931         0.4927         0.4841         0.5400     
------------------------ EPOCH   2 -------------------------
     Loss:       Train acc.:     Val acc.:     Test acc.:   
    0.6927         0.5473         0.5527         0.6000     
------------------------ EPOCH   3 -------------------------
     Loss:       Train acc.:     Val acc.:     Test acc.:   
    0.6923         0.5764         0.5559         0.5200     
------------------------ EPOCH   4 -------------------------
     Loss:       Train acc.:     Val acc.:     Test acc.:   
    0.6920         0.5518         0.5594         0.5000     
------------------------ EPOCH   5 -------------------------
     Loss:       Train acc.:     Val acc.:     Test acc.:   
    0.6917         0.5345         0.5449         0.5000     
------------------------ EPOCH   6 -------------------------
     Loss:       Train acc.:     Val acc.:     Test acc.:   
    0.6915         0.5245         0.5233         0.5000     
------------------------ EPOCH   7 -------------------------
     Loss:       Train acc.:     Val acc.:     Test acc.:   
    0.6913         0.5173         0.5125         0.5000     
------------------------ EPOCH   8 -------------------------
     Loss:       Train acc.:     Val acc.:     Test acc.:   
    0.6911         0.5200         0.5125         0.5000     
------------------------ EPOCH   9 -------------------------
     Loss:       Train acc.:     Val acc.:     Test acc.:   
    0.6909         0.5200         0.5162         0.5000     
------------------------ EPOCH  10 -------------------------
     Loss:       Train acc.:     Val acc.:     Test acc.:   
    0.6907         0.5227         0.5199         0.5000     
------------------------ EPOCH  11 -------------------------
     Loss:       Train acc.:     Val acc.:     Test acc.:   
    0.6905         0.5255         0.5271         0.5000     
------------------------ EPOCH  12 -------------------------
     Loss:       Train acc.:     Val acc.:     Test acc.:   
    0.6902         0.5264         0.5271         0.5000     
------------------------ EPOCH  13 -------------------------
     Loss:       Train acc.:     Val acc.:     Test acc.:   
    0.6900         0.5291         0.5307         0.5000     
------------------------ EPOCH  14 -------------------------
     Loss:       Train acc.:     Val acc.:     Test acc.:   
    0.6898         0.5327         0.5307         0.5000     
------------------------ EPOCH  15 -------------------------
     Loss:       Train acc.:     Val acc.:     Test acc.:   
    0.6896         0.5355         0.5307         0.5000     
------------------------ EPOCH  16 -------------------------
     Loss:       Train acc.:     Val acc.:     Test acc.:   
    0.6894         0.5382         0.5379         0.5000     
------------------------ EPOCH  17 -------------------------
     Loss:       Train acc.:     Val acc.:     Test acc.:   
    0.6892         0.5418         0.5415         0.5000     
------------------------ EPOCH  18 -------------------------
     Loss:       Train acc.:     Val acc.:     Test acc.:   
    0.6890         0.5436         0.5487         0.5000     
------------------------ EPOCH  19 -------------------------
     Loss:       Train acc.:     Val acc.:     Test acc.:   
    0.6888         0.5518         0.5559         0.5000     
------------------------ EPOCH  20 -------------------------
     Loss:       Train acc.:     Val acc.:     Test acc.:   
    0.6886         0.5609         0.5595         0.5000     
------------------------ EPOCH  21 -------------------------
     Loss:       Train acc.:     Val acc.:     Test acc.:   
    0.6883         0.5700         0.5704         0.5000     
------------------------ EPOCH  22 -------------------------
     Loss:       Train acc.:     Val acc.:     Test acc.:   
    0.6881         0.5736         0.5812         0.5000     
------------------------ EPOCH  23 -------------------------
     Loss:       Train acc.:     Val acc.:     Test acc.:   
    0.6879         0.5809         0.5848         0.5000     
------------------------ EPOCH  24 -------------------------
     Loss:       Train acc.:     Val acc.:     Test acc.:   
    0.6877         0.5845         0.5957         0.5000     
------------------------ EPOCH  25 -------------------------
     Loss:       Train acc.:     Val acc.:     Test acc.:   
    0.6875         0.5864         0.5994         0.5000     
------------------------ EPOCH  26 -------------------------
     Loss:       Train acc.:     Val acc.:     Test acc.:   
    0.6872         0.5936         0.6030         0.5000     
------------------------ EPOCH  27 -------------------------
     Loss:       Train acc.:     Val acc.:     Test acc.:   
    0.6870         0.6009         0.6101         0.5000     
------------------------ EPOCH  28 -------------------------
     Loss:       Train acc.:     Val acc.:     Test acc.:   
    0.6867         0.6127         0.6282         0.5000     
------------------------ EPOCH  29 -------------------------
     Loss:       Train acc.:     Val acc.:     Test acc.:   
    0.6865         0.6209         0.6390         0.5000     
------------------------ EPOCH  30 -------------------------
     Loss:       Train acc.:     Val acc.:     Test acc.:   
    0.6862         0.6364         0.6680         0.5200     
------------------------ EPOCH  31 -------------------------
     Loss:       Train acc.:     Val acc.:     Test acc.:   
    0.6859         0.6536         0.6897         0.5200     
------------------------ EPOCH  32 -------------------------
     Loss:       Train acc.:     Val acc.:     Test acc.:   
    0.6856         0.6655         0.7006         0.5200     
------------------------ EPOCH  33 -------------------------
     Loss:       Train acc.:     Val acc.:     Test acc.:   
    0.6853         0.6791         0.7078         0.5200     
------------------------ EPOCH  34 -------------------------
     Loss:       Train acc.:     Val acc.:     Test acc.:   
    0.6850         0.6936         0.7221         0.5200     
------------------------ EPOCH  35 -------------------------
     Loss:       Train acc.:     Val acc.:     Test acc.:   
    0.6847         0.7073         0.7331         0.5200     
------------------------ EPOCH  36 -------------------------
     Loss:       Train acc.:     Val acc.:     Test acc.:   
    0.6844         0.7209         0.7475         0.5400     
------------------------ EPOCH  37 -------------------------
     Loss:       Train acc.:     Val acc.:     Test acc.:   
    0.6841         0.7345         0.7547         0.5400     
------------------------ EPOCH  38 -------------------------
     Loss:       Train acc.:     Val acc.:     Test acc.:   
    0.6837         0.7464         0.7799         0.5600     
------------------------ EPOCH  39 -------------------------
     Loss:       Train acc.:     Val acc.:     Test acc.:   
    0.6834         0.7609         0.8016         0.5600     
------------------------ EPOCH  40 -------------------------
     Loss:       Train acc.:     Val acc.:     Test acc.:   
    0.6830         0.7809         0.8268         0.5800     
------------------------ EPOCH  41 -------------------------
     Loss:       Train acc.:     Val acc.:     Test acc.:   
    0.6826         0.7964         0.8268         0.5800     
------------------------ EPOCH  42 -------------------------
     Loss:       Train acc.:     Val acc.:     Test acc.:   
    0.6822         0.8036         0.8304         0.6000     
------------------------ EPOCH  43 -------------------------
     Loss:       Train acc.:     Val acc.:     Test acc.:   
    0.6818         0.8191         0.8340         0.5800     
------------------------ EPOCH  44 -------------------------
     Loss:       Train acc.:     Val acc.:     Test acc.:   
    0.6813         0.8345         0.8412         0.5800     
------------------------ EPOCH  45 -------------------------
     Loss:       Train acc.:     Val acc.:     Test acc.:   
    0.6809         0.8409         0.8484         0.6000     
------------------------ EPOCH  46 -------------------------
     Loss:       Train acc.:     Val acc.:     Test acc.:   
    0.6804         0.8536         0.8484         0.6000     
------------------------ EPOCH  47 -------------------------
     Loss:       Train acc.:     Val acc.:     Test acc.:   
    0.6800         0.8609         0.8736         0.6000     
------------------------ EPOCH  48 -------------------------
     Loss:       Train acc.:     Val acc.:     Test acc.:   
    0.6795         0.8691         0.8845         0.6200     
------------------------ EPOCH  49 -------------------------
     Loss:       Train acc.:     Val acc.:     Test acc.:   
    0.6790         0.8845         0.8845         0.6200     
------------------------ EPOCH  50 -------------------------
     Loss:       Train acc.:     Val acc.:     Test acc.:   
    0.6784         0.8882         0.8918         0.6200     
------------------------ EPOCH  51 -------------------------
     Loss:       Train acc.:     Val acc.:     Test acc.:   
    0.6779         0.8909         0.8953         0.6400     
------------------------ EPOCH  52 -------------------------
     Loss:       Train acc.:     Val acc.:     Test acc.:   
    0.6773         0.8964         0.9026         0.6800     
------------------------ EPOCH  53 -------------------------
     Loss:       Train acc.:     Val acc.:     Test acc.:   
    0.6767         0.9009         0.9134         0.6800     
------------------------ EPOCH  54 -------------------------
     Loss:       Train acc.:     Val acc.:     Test acc.:   
    0.6761         0.9082         0.9207         0.7000     
------------------------ EPOCH  55 -------------------------
     Loss:       Train acc.:     Val acc.:     Test acc.:   
    0.6755         0.9109         0.9207         0.7000     
------------------------ EPOCH  56 -------------------------
     Loss:       Train acc.:     Val acc.:     Test acc.:   
    0.6748         0.9182         0.9243         0.7000     
------------------------ EPOCH  57 -------------------------
     Loss:       Train acc.:     Val acc.:     Test acc.:   
    0.6741         0.9209         0.9243         0.7000     
------------------------ EPOCH  58 -------------------------
     Loss:       Train acc.:     Val acc.:     Test acc.:   
    0.6734         0.9236         0.9243         0.7800     
------------------------ EPOCH  59 -------------------------
     Loss:       Train acc.:     Val acc.:     Test acc.:   
    0.6727         0.9255         0.9243         0.7800     
------------------------ EPOCH  60 -------------------------
     Loss:       Train acc.:     Val acc.:     Test acc.:   
    0.6719         0.9264         0.9243         0.7800     
------------------------ EPOCH  61 -------------------------
     Loss:       Train acc.:     Val acc.:     Test acc.:   
    0.6711         0.9273         0.9243         0.7800     
------------------------ EPOCH  62 -------------------------
     Loss:       Train acc.:     Val acc.:     Test acc.:   
    0.6703         0.9309         0.9279         0.7800     
------------------------ EPOCH  63 -------------------------
     Loss:       Train acc.:     Val acc.:     Test acc.:   
    0.6695         0.9318         0.9279         0.7800     
------------------------ EPOCH  64 -------------------------
     Loss:       Train acc.:     Val acc.:     Test acc.:   
    0.6686         0.9364         0.9315         0.7800     
------------------------ EPOCH  65 -------------------------
     Loss:       Train acc.:     Val acc.:     Test acc.:   
    0.6678         0.9355         0.9351         0.7800     
------------------------ EPOCH  66 -------------------------
     Loss:       Train acc.:     Val acc.:     Test acc.:   
    0.6668         0.9364         0.9351         0.7800     
------------------------ EPOCH  67 -------------------------
     Loss:       Train acc.:     Val acc.:     Test acc.:   
    0.6659         0.9382         0.9351         0.7800     
------------------------ EPOCH  68 -------------------------
     Loss:       Train acc.:     Val acc.:     Test acc.:   
    0.6649         0.9400         0.9351         0.7800     
------------------------ EPOCH  69 -------------------------
     Loss:       Train acc.:     Val acc.:     Test acc.:   
    0.6639         0.9418         0.9351         0.7800     
------------------------ EPOCH  70 -------------------------
     Loss:       Train acc.:     Val acc.:     Test acc.:   
    0.6629         0.9427         0.9351         0.7800     
------------------------ EPOCH  71 -------------------------
     Loss:       Train acc.:     Val acc.:     Test acc.:   
    0.6618         0.9418         0.9351         0.8000     
------------------------ EPOCH  72 -------------------------
     Loss:       Train acc.:     Val acc.:     Test acc.:   
    0.6607         0.9418         0.9387         0.8000     
------------------------ EPOCH  73 -------------------------
     Loss:       Train acc.:     Val acc.:     Test acc.:   
    0.6596         0.9418         0.9423         0.8000     
------------------------ EPOCH  74 -------------------------
     Loss:       Train acc.:     Val acc.:     Test acc.:   
    0.6584         0.9427         0.9423         0.8000     
------------------------ EPOCH  75 -------------------------
     Loss:       Train acc.:     Val acc.:     Test acc.:   
    0.6572         0.9464         0.9459         0.8200     
------------------------ EPOCH  76 -------------------------
     Loss:       Train acc.:     Val acc.:     Test acc.:   
    0.6560         0.9473         0.9459         0.8200     
------------------------ EPOCH  77 -------------------------
     Loss:       Train acc.:     Val acc.:     Test acc.:   
    0.6547         0.9482         0.9459         0.8200     
------------------------ EPOCH  78 -------------------------
     Loss:       Train acc.:     Val acc.:     Test acc.:   
    0.6534         0.9500         0.9495         0.8200     
------------------------ EPOCH  79 -------------------------
     Loss:       Train acc.:     Val acc.:     Test acc.:   
    0.6521         0.9518         0.9495         0.8200     
------------------------ EPOCH  80 -------------------------
     Loss:       Train acc.:     Val acc.:     Test acc.:   
    0.6507         0.9518         0.9532         0.8200     
------------------------ EPOCH  81 -------------------------
     Loss:       Train acc.:     Val acc.:     Test acc.:   
    0.6493         0.9518         0.9532         0.8200     
------------------------ EPOCH  82 -------------------------
     Loss:       Train acc.:     Val acc.:     Test acc.:   
    0.6478         0.9518         0.9532         0.8200     
------------------------ EPOCH  83 -------------------------
     Loss:       Train acc.:     Val acc.:     Test acc.:   
    0.6464         0.9536         0.9532         0.8200     
------------------------ EPOCH  84 -------------------------
     Loss:       Train acc.:     Val acc.:     Test acc.:   
    0.6448         0.9564         0.9532         0.8400     
------------------------ EPOCH  85 -------------------------
     Loss:       Train acc.:     Val acc.:     Test acc.:   
    0.6433         0.9564         0.9532         0.8400     
------------------------ EPOCH  86 -------------------------
     Loss:       Train acc.:     Val acc.:     Test acc.:   
    0.6417         0.9591         0.9603         0.8400     
------------------------ EPOCH  87 -------------------------
     Loss:       Train acc.:     Val acc.:     Test acc.:   
    0.6401         0.9609         0.9603         0.8400     
------------------------ EPOCH  88 -------------------------
     Loss:       Train acc.:     Val acc.:     Test acc.:   
    0.6385         0.9618         0.9603         0.8200     
------------------------ EPOCH  89 -------------------------
     Loss:       Train acc.:     Val acc.:     Test acc.:   
    0.6368         0.9618         0.9603         0.8200     
------------------------ EPOCH  90 -------------------------
     Loss:       Train acc.:     Val acc.:     Test acc.:   
    0.6351         0.9627         0.9603         0.8200     
------------------------ EPOCH  91 -------------------------
     Loss:       Train acc.:     Val acc.:     Test acc.:   
    0.6333         0.9636         0.9603         0.8200     
------------------------ EPOCH  92 -------------------------
     Loss:       Train acc.:     Val acc.:     Test acc.:   
    0.6316         0.9645         0.9639         0.8200     
------------------------ EPOCH  93 -------------------------
     Loss:       Train acc.:     Val acc.:     Test acc.:   
    0.6298         0.9645         0.9639         0.8200     
------------------------ EPOCH  94 -------------------------
     Loss:       Train acc.:     Val acc.:     Test acc.:   
    0.6279         0.9645         0.9639         0.8200     
------------------------ EPOCH  95 -------------------------
     Loss:       Train acc.:     Val acc.:     Test acc.:   
    0.6261         0.9645         0.9639         0.8200     
------------------------ EPOCH  96 -------------------------
     Loss:       Train acc.:     Val acc.:     Test acc.:   
    0.6242         0.9645         0.9639         0.8200     
------------------------ EPOCH  97 -------------------------
     Loss:       Train acc.:     Val acc.:     Test acc.:   
    0.6223         0.9655         0.9639         0.8200     
------------------------ EPOCH  98 -------------------------
     Loss:       Train acc.:     Val acc.:     Test acc.:   
    0.6204         0.9655         0.9639         0.8200     
------------------------ EPOCH  99 -------------------------
     Loss:       Train acc.:     Val acc.:     Test acc.:   
    0.6184         0.9655         0.9639         0.8200     
------------------------ EPOCH 100 -------------------------
     Loss:       Train acc.:     Val acc.:     Test acc.:   
    0.6164         0.9655         0.9675         0.8200     
------------------------ EPOCH 101 -------------------------
     Loss:       Train acc.:     Val acc.:     Test acc.:   
    0.6144         0.9655         0.9712         0.8200     
------------------------ EPOCH 102 -------------------------
     Loss:       Train acc.:     Val acc.:     Test acc.:   
    0.6124         0.9655         0.9712         0.8200     
------------------------ EPOCH 103 -------------------------
     Loss:       Train acc.:     Val acc.:     Test acc.:   
    0.6104         0.9655         0.9712         0.8200     
------------------------ EPOCH 104 -------------------------
     Loss:       Train acc.:     Val acc.:     Test acc.:   
    0.6084         0.9655         0.9712         0.8200     
------------------------ EPOCH 105 -------------------------
     Loss:       Train acc.:     Val acc.:     Test acc.:   
    0.6063         0.9664         0.9712         0.8200     
------------------------ EPOCH 106 -------------------------
     Loss:       Train acc.:     Val acc.:     Test acc.:   
    0.6043         0.9664         0.9712         0.8200     
------------------------ EPOCH 107 -------------------------
     Loss:       Train acc.:     Val acc.:     Test acc.:   
    0.6022         0.9664         0.9712         0.8200     
------------------------ EPOCH 108 -------------------------
     Loss:       Train acc.:     Val acc.:     Test acc.:   
    0.6002         0.9664         0.9712         0.8200     
------------------------ EPOCH 109 -------------------------
     Loss:       Train acc.:     Val acc.:     Test acc.:   
    0.5981         0.9664         0.9712         0.8200     
------------------------ EPOCH 110 -------------------------
     Loss:       Train acc.:     Val acc.:     Test acc.:   
    0.5960         0.9664         0.9712         0.8200     
------------------------ EPOCH 111 -------------------------
     Loss:       Train acc.:     Val acc.:     Test acc.:   
    0.5940         0.9664         0.9712         0.8200     
------------------------ EPOCH 112 -------------------------
     Loss:       Train acc.:     Val acc.:     Test acc.:   
    0.5919         0.9664         0.9712         0.8200     
------------------------ EPOCH 113 -------------------------
     Loss:       Train acc.:     Val acc.:     Test acc.:   
    0.5899         0.9664         0.9712         0.8200     
------------------------ EPOCH 114 -------------------------
     Loss:       Train acc.:     Val acc.:     Test acc.:   
    0.5878         0.9664         0.9712         0.8200     
------------------------ EPOCH 115 -------------------------
     Loss:       Train acc.:     Val acc.:     Test acc.:   
    0.5858         0.9664         0.9712         0.8200     
------------------------ EPOCH 116 -------------------------
     Loss:       Train acc.:     Val acc.:     Test acc.:   
    0.5837         0.9664         0.9712         0.8200     
------------------------ EPOCH 117 -------------------------
     Loss:       Train acc.:     Val acc.:     Test acc.:   
    0.5817         0.9664         0.9712         0.8200     
------------------------ EPOCH 118 -------------------------
     Loss:       Train acc.:     Val acc.:     Test acc.:   
    0.5797         0.9664         0.9712         0.8200     
------------------------ EPOCH 119 -------------------------
     Loss:       Train acc.:     Val acc.:     Test acc.:   
    0.5778         0.9664         0.9712         0.8200     
------------------------ EPOCH 120 -------------------------
     Loss:       Train acc.:     Val acc.:     Test acc.:   
    0.5758         0.9664         0.9712         0.8200     
------------------------ EPOCH 121 -------------------------
     Loss:       Train acc.:     Val acc.:     Test acc.:   
    0.5739         0.9664         0.9712         0.8200     
------------------------ EPOCH 122 -------------------------
     Loss:       Train acc.:     Val acc.:     Test acc.:   
    0.5720         0.9664         0.9712         0.8200     
------------------------ EPOCH 123 -------------------------
     Loss:       Train acc.:     Val acc.:     Test acc.:   
    0.5701         0.9664         0.9712         0.8200     
------------------------ EPOCH 124 -------------------------
     Loss:       Train acc.:     Val acc.:     Test acc.:   
    0.5682         0.9664         0.9712         0.8200     
------------------------ EPOCH 125 -------------------------
     Loss:       Train acc.:     Val acc.:     Test acc.:   
    0.5664         0.9664         0.9712         0.8200     
------------------------ EPOCH 126 -------------------------
     Loss:       Train acc.:     Val acc.:     Test acc.:   
    0.5646         0.9664         0.9712         0.8200     
------------------------ EPOCH 127 -------------------------
     Loss:       Train acc.:     Val acc.:     Test acc.:   
    0.5628         0.9664         0.9712         0.8200     
------------------------ EPOCH 128 -------------------------
     Loss:       Train acc.:     Val acc.:     Test acc.:   
    0.5610         0.9664         0.9712         0.8200     
------------------------ EPOCH 129 -------------------------
     Loss:       Train acc.:     Val acc.:     Test acc.:   
    0.5593         0.9664         0.9675         0.8200     
------------------------ EPOCH 130 -------------------------
     Loss:       Train acc.:     Val acc.:     Test acc.:   
    0.5576         0.9664         0.9712         0.8200     
------------------------ EPOCH 131 -------------------------
     Loss:       Train acc.:     Val acc.:     Test acc.:   
    0.5560         0.9664         0.9712         0.8200     
------------------------ EPOCH 132 -------------------------
     Loss:       Train acc.:     Val acc.:     Test acc.:   
    0.5544         0.9664         0.9675         0.8200     
------------------------ EPOCH 133 -------------------------
     Loss:       Train acc.:     Val acc.:     Test acc.:   
    0.5528         0.9664         0.9675         0.8200     
------------------------ EPOCH 134 -------------------------
     Loss:       Train acc.:     Val acc.:     Test acc.:   
    0.5512         0.9664         0.9675         0.8200     
------------------------ EPOCH 135 -------------------------
     Loss:       Train acc.:     Val acc.:     Test acc.:   
    0.5497         0.9664         0.9675         0.8200     
------------------------ EPOCH 136 -------------------------
     Loss:       Train acc.:     Val acc.:     Test acc.:   
    0.5482         0.9664         0.9675         0.8200     
------------------------ EPOCH 137 -------------------------
     Loss:       Train acc.:     Val acc.:     Test acc.:   
    0.5468         0.9664         0.9675         0.8200     
------------------------ EPOCH 138 -------------------------
     Loss:       Train acc.:     Val acc.:     Test acc.:   
    0.5454         0.9664         0.9675         0.8200     
------------------------ EPOCH 139 -------------------------
     Loss:       Train acc.:     Val acc.:     Test acc.:   
    0.5440         0.9664         0.9675         0.8200     
------------------------ EPOCH 140 -------------------------
     Loss:       Train acc.:     Val acc.:     Test acc.:   
    0.5426         0.9664         0.9675         0.8200     
------------------------ EPOCH 141 -------------------------
     Loss:       Train acc.:     Val acc.:     Test acc.:   
    0.5413         0.9664         0.9675         0.8200     
------------------------ EPOCH 142 -------------------------
     Loss:       Train acc.:     Val acc.:     Test acc.:   
    0.5400         0.9664         0.9675         0.8200     
------------------------ EPOCH 143 -------------------------
     Loss:       Train acc.:     Val acc.:     Test acc.:   
    0.5388         0.9664         0.9675         0.8200     
------------------------ EPOCH 144 -------------------------
     Loss:       Train acc.:     Val acc.:     Test acc.:   
    0.5376         0.9664         0.9675         0.8200     
------------------------ EPOCH 145 -------------------------
     Loss:       Train acc.:     Val acc.:     Test acc.:   
    0.5364         0.9664         0.9675         0.8200     
------------------------ EPOCH 146 -------------------------
     Loss:       Train acc.:     Val acc.:     Test acc.:   
    0.5353         0.9664         0.9675         0.8200     
------------------------ EPOCH 147 -------------------------
     Loss:       Train acc.:     Val acc.:     Test acc.:   
    0.5341         0.9664         0.9675         0.8200     
------------------------ EPOCH 148 -------------------------
     Loss:       Train acc.:     Val acc.:     Test acc.:   
    0.5331         0.9664         0.9675         0.8200     
------------------------ EPOCH 149 -------------------------
     Loss:       Train acc.:     Val acc.:     Test acc.:   
    0.5320         0.9664         0.9675         0.8200     
------------------------ EPOCH 150 -------------------------
     Loss:       Train acc.:     Val acc.:     Test acc.:   
    0.5310         0.9664         0.9675         0.8200     
------------------------ EPOCH 151 -------------------------
     Loss:       Train acc.:     Val acc.:     Test acc.:   
    0.5300         0.9664         0.9675         0.8200     
------------------------ EPOCH 152 -------------------------
     Loss:       Train acc.:     Val acc.:     Test acc.:   
    0.5290         0.9664         0.9675         0.8200     
------------------------ EPOCH 153 -------------------------
     Loss:       Train acc.:     Val acc.:     Test acc.:   
    0.5281         0.9664         0.9675         0.8200     
------------------------ EPOCH 154 -------------------------
     Loss:       Train acc.:     Val acc.:     Test acc.:   
    0.5272         0.9664         0.9675         0.8200     
------------------------ EPOCH 155 -------------------------
     Loss:       Train acc.:     Val acc.:     Test acc.:   
    0.5263         0.9664         0.9675         0.8200     
------------------------ EPOCH 156 -------------------------
     Loss:       Train acc.:     Val acc.:     Test acc.:   
    0.5255         0.9664         0.9675         0.8200     
------------------------ EPOCH 157 -------------------------
     Loss:       Train acc.:     Val acc.:     Test acc.:   
    0.5246         0.9664         0.9675         0.8200     
------------------------ EPOCH 158 -------------------------
     Loss:       Train acc.:     Val acc.:     Test acc.:   
    0.5238         0.9664         0.9675         0.8200     
------------------------ EPOCH 159 -------------------------
     Loss:       Train acc.:     Val acc.:     Test acc.:   
    0.5231         0.9664         0.9675         0.8200     
------------------------ EPOCH 160 -------------------------
     Loss:       Train acc.:     Val acc.:     Test acc.:   
    0.5223         0.9664         0.9675         0.8200     
------------------------ EPOCH 161 -------------------------
     Loss:       Train acc.:     Val acc.:     Test acc.:   
    0.5216         0.9664         0.9675         0.8200     
------------------------ EPOCH 162 -------------------------
     Loss:       Train acc.:     Val acc.:     Test acc.:   
    0.5209         0.9664         0.9675         0.8200     
------------------------ EPOCH 163 -------------------------
     Loss:       Train acc.:     Val acc.:     Test acc.:   
    0.5202         0.9664         0.9675         0.8200     
------------------------ EPOCH 164 -------------------------
     Loss:       Train acc.:     Val acc.:     Test acc.:   
    0.5196         0.9664         0.9675         0.8200     
------------------------ EPOCH 165 -------------------------
     Loss:       Train acc.:     Val acc.:     Test acc.:   
    0.5189         0.9664         0.9675         0.8200     
------------------------ EPOCH 166 -------------------------
     Loss:       Train acc.:     Val acc.:     Test acc.:   
    0.5183         0.9664         0.9675         0.8200     
------------------------ EPOCH 167 -------------------------
     Loss:       Train acc.:     Val acc.:     Test acc.:   
    0.5177         0.9664         0.9675         0.8200     
------------------------ EPOCH 168 -------------------------
     Loss:       Train acc.:     Val acc.:     Test acc.:   
    0.5171         0.9664         0.9639         0.8200     
------------------------ EPOCH 169 -------------------------
     Loss:       Train acc.:     Val acc.:     Test acc.:   
    0.5166         0.9664         0.9639         0.8200     
------------------------ EPOCH 170 -------------------------
     Loss:       Train acc.:     Val acc.:     Test acc.:   
    0.5161         0.9673         0.9639         0.8200     
------------------------ EPOCH 171 -------------------------
     Loss:       Train acc.:     Val acc.:     Test acc.:   
    0.5155         0.9673         0.9639         0.8200     
------------------------ EPOCH 172 -------------------------
     Loss:       Train acc.:     Val acc.:     Test acc.:   
    0.5150         0.9673         0.9639         0.8200     
------------------------ EPOCH 173 -------------------------
     Loss:       Train acc.:     Val acc.:     Test acc.:   
    0.5146         0.9673         0.9639         0.8200     
------------------------ EPOCH 174 -------------------------
     Loss:       Train acc.:     Val acc.:     Test acc.:   
    0.5141         0.9673         0.9639         0.8200     
------------------------ EPOCH 175 -------------------------
     Loss:       Train acc.:     Val acc.:     Test acc.:   
    0.5136         0.9673         0.9639         0.8200     
------------------------ EPOCH 176 -------------------------
     Loss:       Train acc.:     Val acc.:     Test acc.:   
    0.5132         0.9673         0.9639         0.8200     
------------------------ EPOCH 177 -------------------------
     Loss:       Train acc.:     Val acc.:     Test acc.:   
    0.5128         0.9673         0.9639         0.8200     
------------------------ EPOCH 178 -------------------------
     Loss:       Train acc.:     Val acc.:     Test acc.:   
    0.5124         0.9673         0.9639         0.8200     
------------------------ EPOCH 179 -------------------------
     Loss:       Train acc.:     Val acc.:     Test acc.:   
    0.5120         0.9673         0.9639         0.8200     
------------------------ EPOCH 180 -------------------------
     Loss:       Train acc.:     Val acc.:     Test acc.:   
    0.5116         0.9673         0.9639         0.8200     
------------------------ EPOCH 181 -------------------------
     Loss:       Train acc.:     Val acc.:     Test acc.:   
    0.5112         0.9673         0.9639         0.8200     
------------------------ EPOCH 182 -------------------------
     Loss:       Train acc.:     Val acc.:     Test acc.:   
    0.5109         0.9673         0.9639         0.8200     
------------------------ EPOCH 183 -------------------------
     Loss:       Train acc.:     Val acc.:     Test acc.:   
    0.5105         0.9673         0.9639         0.8200     
------------------------ EPOCH 184 -------------------------
     Loss:       Train acc.:     Val acc.:     Test acc.:   
    0.5102         0.9673         0.9639         0.8200     
------------------------ EPOCH 185 -------------------------
     Loss:       Train acc.:     Val acc.:     Test acc.:   
    0.5099         0.9673         0.9639         0.8200     
------------------------ EPOCH 186 -------------------------
     Loss:       Train acc.:     Val acc.:     Test acc.:   
    0.5096         0.9673         0.9639         0.8200     
------------------------ EPOCH 187 -------------------------
     Loss:       Train acc.:     Val acc.:     Test acc.:   
    0.5093         0.9673         0.9639         0.8200     
------------------------ EPOCH 188 -------------------------
     Loss:       Train acc.:     Val acc.:     Test acc.:   
    0.5090         0.9673         0.9639         0.8200     
------------------------ EPOCH 189 -------------------------
     Loss:       Train acc.:     Val acc.:     Test acc.:   
    0.5087         0.9673         0.9639         0.8200     
------------------------ EPOCH 190 -------------------------
     Loss:       Train acc.:     Val acc.:     Test acc.:   
    0.5085         0.9673         0.9639         0.8200     
------------------------ EPOCH 191 -------------------------
     Loss:       Train acc.:     Val acc.:     Test acc.:   
    0.5082         0.9673         0.9639         0.8200     
------------------------ EPOCH 192 -------------------------
     Loss:       Train acc.:     Val acc.:     Test acc.:   
    0.5080         0.9673         0.9639         0.8200     
------------------------ EPOCH 193 -------------------------
     Loss:       Train acc.:     Val acc.:     Test acc.:   
    0.5077         0.9673         0.9639         0.8200     
------------------------ EPOCH 194 -------------------------
     Loss:       Train acc.:     Val acc.:     Test acc.:   
    0.5075         0.9673         0.9639         0.8200     
------------------------ EPOCH 195 -------------------------
     Loss:       Train acc.:     Val acc.:     Test acc.:   
    0.5073         0.9673         0.9639         0.8200     
------------------------ EPOCH 196 -------------------------
     Loss:       Train acc.:     Val acc.:     Test acc.:   
    0.5071         0.9673         0.9639         0.8200     
------------------------ EPOCH 197 -------------------------
     Loss:       Train acc.:     Val acc.:     Test acc.:   
    0.5068         0.9673         0.9639         0.8200     
------------------------ EPOCH 198 -------------------------
     Loss:       Train acc.:     Val acc.:     Test acc.:   
    0.5066         0.9673         0.9639         0.8200     
------------------------ EPOCH 199 -------------------------
     Loss:       Train acc.:     Val acc.:     Test acc.:   
    0.5065         0.9673         0.9639         0.8200     
------------------------ EPOCH 200 -------------------------
     Loss:       Train acc.:     Val acc.:     Test acc.:   
    0.5063         0.9673         0.9639         0.8200     
------------------------ EPOCH 201 -------------------------
     Loss:       Train acc.:     Val acc.:     Test acc.:   
    0.5061         0.9673         0.9639         0.8200     
------------------------ EPOCH 202 -------------------------
     Loss:       Train acc.:     Val acc.:     Test acc.:   
    0.5059         0.9673         0.9639         0.8200     
------------------------ EPOCH 203 -------------------------
     Loss:       Train acc.:     Val acc.:     Test acc.:   
    0.5058         0.9673         0.9639         0.8200     
------------------------ EPOCH 204 -------------------------
     Loss:       Train acc.:     Val acc.:     Test acc.:   
    0.5056         0.9673         0.9639         0.8200     
------------------------ EPOCH 205 -------------------------
     Loss:       Train acc.:     Val acc.:     Test acc.:   
    0.5054         0.9673         0.9639         0.8200     
------------------------ EPOCH 206 -------------------------
     Loss:       Train acc.:     Val acc.:     Test acc.:   
    0.5053         0.9673         0.9639         0.8200     
------------------------ EPOCH 207 -------------------------
     Loss:       Train acc.:     Val acc.:     Test acc.:   
    0.5051         0.9673         0.9639         0.8200     
------------------------ EPOCH 208 -------------------------
     Loss:       Train acc.:     Val acc.:     Test acc.:   
    0.5050         0.9673         0.9639         0.8200     
------------------------ EPOCH 209 -------------------------
     Loss:       Train acc.:     Val acc.:     Test acc.:   
    0.5049         0.9673         0.9639         0.8200     
------------------------ EPOCH 210 -------------------------
     Loss:       Train acc.:     Val acc.:     Test acc.:   
    0.5047         0.9673         0.9639         0.8200     
------------------------ EPOCH 211 -------------------------
     Loss:       Train acc.:     Val acc.:     Test acc.:   
    0.5046         0.9673         0.9639         0.8200     
------------------------ EPOCH 212 -------------------------
     Loss:       Train acc.:     Val acc.:     Test acc.:   
    0.5045         0.9673         0.9639         0.8200     
------------------------ EPOCH 213 -------------------------
     Loss:       Train acc.:     Val acc.:     Test acc.:   
    0.5044         0.9673         0.9639         0.8200     
------------------------ EPOCH 214 -------------------------
     Loss:       Train acc.:     Val acc.:     Test acc.:   
    0.5043         0.9673         0.9639         0.8200     
------------------------ EPOCH 215 -------------------------
     Loss:       Train acc.:     Val acc.:     Test acc.:   
    0.5042         0.9673         0.9639         0.8200     
------------------------ EPOCH 216 -------------------------
     Loss:       Train acc.:     Val acc.:     Test acc.:   
    0.5041         0.9673         0.9639         0.8200     
------------------------ EPOCH 217 -------------------------
     Loss:       Train acc.:     Val acc.:     Test acc.:   
    0.5040         0.9673         0.9639         0.8200     
------------------------ EPOCH 218 -------------------------
     Loss:       Train acc.:     Val acc.:     Test acc.:   
    0.5039         0.9673         0.9639         0.8200     
------------------------ EPOCH 219 -------------------------
     Loss:       Train acc.:     Val acc.:     Test acc.:   
    0.5038         0.9673         0.9639         0.8200     
------------------------ EPOCH 220 -------------------------
     Loss:       Train acc.:     Val acc.:     Test acc.:   
    0.5037         0.9673         0.9639         0.8200     
------------------------ EPOCH 221 -------------------------
     Loss:       Train acc.:     Val acc.:     Test acc.:   
    0.5036         0.9673         0.9639         0.8200     
------------------------ EPOCH 222 -------------------------
     Loss:       Train acc.:     Val acc.:     Test acc.:   
    0.5035         0.9673         0.9639         0.8200     
------------------------ EPOCH 223 -------------------------
     Loss:       Train acc.:     Val acc.:     Test acc.:   
    0.5034         0.9673         0.9639         0.8200     
------------------------ EPOCH 224 -------------------------
     Loss:       Train acc.:     Val acc.:     Test acc.:   
    0.5033         0.9673         0.9639         0.8200     
------------------------ EPOCH 225 -------------------------
     Loss:       Train acc.:     Val acc.:     Test acc.:   
    0.5033         0.9673         0.9639         0.8200     
------------------------ EPOCH 226 -------------------------
     Loss:       Train acc.:     Val acc.:     Test acc.:   
    0.5032         0.9673         0.9639         0.8200     
------------------------ EPOCH 227 -------------------------
     Loss:       Train acc.:     Val acc.:     Test acc.:   
    0.5031         0.9673         0.9639         0.8200     
------------------------ EPOCH 228 -------------------------
     Loss:       Train acc.:     Val acc.:     Test acc.:   
    0.5031         0.9673         0.9639         0.8200     
------------------------ EPOCH 229 -------------------------
     Loss:       Train acc.:     Val acc.:     Test acc.:   
    0.5030         0.9673         0.9639         0.8200     
------------------------ EPOCH 230 -------------------------
     Loss:       Train acc.:     Val acc.:     Test acc.:   
    0.5029         0.9673         0.9639         0.8200     
------------------------ EPOCH 231 -------------------------
     Loss:       Train acc.:     Val acc.:     Test acc.:   
    0.5029         0.9673         0.9639         0.8200     
------------------------ EPOCH 232 -------------------------
     Loss:       Train acc.:     Val acc.:     Test acc.:   
    0.5028         0.9673         0.9639         0.8200     
------------------------ EPOCH 233 -------------------------
     Loss:       Train acc.:     Val acc.:     Test acc.:   
    0.5028         0.9673         0.9639         0.8200     
------------------------ EPOCH 234 -------------------------
     Loss:       Train acc.:     Val acc.:     Test acc.:   
    0.5027         0.9673         0.9639         0.8200     
------------------------ EPOCH 235 -------------------------
     Loss:       Train acc.:     Val acc.:     Test acc.:   
    0.5026         0.9673         0.9639         0.8200     
------------------------ EPOCH 236 -------------------------
     Loss:       Train acc.:     Val acc.:     Test acc.:   
    0.5026         0.9673         0.9639         0.8200     
------------------------ EPOCH 237 -------------------------
     Loss:       Train acc.:     Val acc.:     Test acc.:   
    0.5026         0.9673         0.9639         0.8200     
------------------------ EPOCH 238 -------------------------
     Loss:       Train acc.:     Val acc.:     Test acc.:   
    0.5025         0.9673         0.9639         0.8200     
------------------------ EPOCH 239 -------------------------
     Loss:       Train acc.:     Val acc.:     Test acc.:   
    0.5025         0.9673         0.9639         0.8200     
------------------------ EPOCH 240 -------------------------
     Loss:       Train acc.:     Val acc.:     Test acc.:   
    0.5024         0.9673         0.9639         0.8200     
------------------------ EPOCH 241 -------------------------
     Loss:       Train acc.:     Val acc.:     Test acc.:   
    0.5024         0.9673         0.9639         0.8200     
------------------------ EPOCH 242 -------------------------
     Loss:       Train acc.:     Val acc.:     Test acc.:   
    0.5023         0.9673         0.9639         0.8200     
------------------------ EPOCH 243 -------------------------
     Loss:       Train acc.:     Val acc.:     Test acc.:   
    0.5023         0.9673         0.9639         0.8200     
------------------------ EPOCH 244 -------------------------
     Loss:       Train acc.:     Val acc.:     Test acc.:   
    0.5023         0.9673         0.9639         0.8200     
------------------------ EPOCH 245 -------------------------
     Loss:       Train acc.:     Val acc.:     Test acc.:   
    0.5022         0.9673         0.9639         0.8200     
------------------------ EPOCH 246 -------------------------
     Loss:       Train acc.:     Val acc.:     Test acc.:   
    0.5022         0.9673         0.9639         0.8200     
------------------------ EPOCH 247 -------------------------
     Loss:       Train acc.:     Val acc.:     Test acc.:   
    0.5022         0.9673         0.9639         0.8200     
------------------------ EPOCH 248 -------------------------
     Loss:       Train acc.:     Val acc.:     Test acc.:   
    0.5021         0.9673         0.9639         0.8200     
------------------------ EPOCH 249 -------------------------
     Loss:       Train acc.:     Val acc.:     Test acc.:   
    0.5021         0.9673         0.9639         0.8200     
------------------------ EPOCH 250 -------------------------
     Loss:       Train acc.:     Val acc.:     Test acc.:   
    0.5021         0.9673         0.9639         0.8200     
------------------------ EPOCH 251 -------------------------
     Loss:       Train acc.:     Val acc.:     Test acc.:   
    0.5020         0.9673         0.9639         0.8200     
------------------------ EPOCH 252 -------------------------
     Loss:       Train acc.:     Val acc.:     Test acc.:   
    0.5020         0.9673         0.9639         0.8200     
------------------------ EPOCH 253 -------------------------
     Loss:       Train acc.:     Val acc.:     Test acc.:   
    0.5020         0.9673         0.9639         0.8200     
------------------------ EPOCH 254 -------------------------
     Loss:       Train acc.:     Val acc.:     Test acc.:   
    0.5019         0.9673         0.9639         0.8200     
------------------------ EPOCH 255 -------------------------
     Loss:       Train acc.:     Val acc.:     Test acc.:   
    0.5019         0.9673         0.9639         0.8200     
------------------------ EPOCH 256 -------------------------
     Loss:       Train acc.:     Val acc.:     Test acc.:   
    0.5019         0.9673         0.9639         0.8200     
------------------------ EPOCH 257 -------------------------
     Loss:       Train acc.:     Val acc.:     Test acc.:   
    0.5019         0.9673         0.9639         0.8200     
------------------------ EPOCH 258 -------------------------
     Loss:       Train acc.:     Val acc.:     Test acc.:   
    0.5019         0.9673         0.9639         0.8200     
------------------------ EPOCH 259 -------------------------
     Loss:       Train acc.:     Val acc.:     Test acc.:   
    0.5018         0.9673         0.9639         0.8200     
------------------------ EPOCH 260 -------------------------
     Loss:       Train acc.:     Val acc.:     Test acc.:   
    0.5018         0.9673         0.9639         0.8200     
------------------------ EPOCH 261 -------------------------
     Loss:       Train acc.:     Val acc.:     Test acc.:   
    0.5018         0.9673         0.9639         0.8200     
------------------------ EPOCH 262 -------------------------
     Loss:       Train acc.:     Val acc.:     Test acc.:   
    0.5018         0.9673         0.9639         0.8200     
------------------------ EPOCH 263 -------------------------
     Loss:       Train acc.:     Val acc.:     Test acc.:   
    0.5017         0.9673         0.9639         0.8200     
------------------------ EPOCH 264 -------------------------
     Loss:       Train acc.:     Val acc.:     Test acc.:   
    0.5017         0.9673         0.9639         0.8200     
------------------------ EPOCH 265 -------------------------
     Loss:       Train acc.:     Val acc.:     Test acc.:   
    0.5017         0.9673         0.9639         0.8200     
------------------------ EPOCH 266 -------------------------
     Loss:       Train acc.:     Val acc.:     Test acc.:   
    0.5017         0.9673         0.9639         0.8200     
------------------------ EPOCH 267 -------------------------
     Loss:       Train acc.:     Val acc.:     Test acc.:   
    0.5017         0.9673         0.9639         0.8200     
------------------------ EPOCH 268 -------------------------
     Loss:       Train acc.:     Val acc.:     Test acc.:   
    0.5017         0.9673         0.9639         0.8200     
------------------------ EPOCH 269 -------------------------
     Loss:       Train acc.:     Val acc.:     Test acc.:   
    0.5016         0.9673         0.9639         0.8200     
------------------------ EPOCH 270 -------------------------
     Loss:       Train acc.:     Val acc.:     Test acc.:   
    0.5016         0.9673         0.9639         0.8200     
------------------------ EPOCH 271 -------------------------
     Loss:       Train acc.:     Val acc.:     Test acc.:   
    0.5016         0.9673         0.9639         0.8200     
------------------------ EPOCH 272 -------------------------
     Loss:       Train acc.:     Val acc.:     Test acc.:   
    0.5016         0.9673         0.9639         0.8200     
------------------------ EPOCH 273 -------------------------
     Loss:       Train acc.:     Val acc.:     Test acc.:   
    0.5016         0.9673         0.9639         0.8200     
------------------------ EPOCH 274 -------------------------
     Loss:       Train acc.:     Val acc.:     Test acc.:   
    0.5016         0.9673         0.9639         0.8200     
------------------------ EPOCH 275 -------------------------
     Loss:       Train acc.:     Val acc.:     Test acc.:   
    0.5016         0.9673         0.9639         0.8200     
------------------------ EPOCH 276 -------------------------
     Loss:       Train acc.:     Val acc.:     Test acc.:   
    0.5016         0.9673         0.9639         0.8200     
------------------------ EPOCH 277 -------------------------
     Loss:       Train acc.:     Val acc.:     Test acc.:   
    0.5015         0.9673         0.9639         0.8200     
------------------------ EPOCH 278 -------------------------
     Loss:       Train acc.:     Val acc.:     Test acc.:   
    0.5015         0.9673         0.9639         0.8200     
------------------------ EPOCH 279 -------------------------
     Loss:       Train acc.:     Val acc.:     Test acc.:   
    0.5015         0.9673         0.9639         0.8200     
------------------------ EPOCH 280 -------------------------
     Loss:       Train acc.:     Val acc.:     Test acc.:   
    0.5015         0.9673         0.9639         0.8200     
------------------------ EPOCH 281 -------------------------
     Loss:       Train acc.:     Val acc.:     Test acc.:   
    0.5015         0.9673         0.9639         0.8200     
------------------------ EPOCH 282 -------------------------
     Loss:       Train acc.:     Val acc.:     Test acc.:   
    0.5015         0.9673         0.9639         0.8200     
------------------------ EPOCH 283 -------------------------
     Loss:       Train acc.:     Val acc.:     Test acc.:   
    0.5015         0.9673         0.9639         0.8200     
------------------------ EPOCH 284 -------------------------
     Loss:       Train acc.:     Val acc.:     Test acc.:   
    0.5015         0.9673         0.9639         0.8200     
------------------------ EPOCH 285 -------------------------
     Loss:       Train acc.:     Val acc.:     Test acc.:   
    0.5015         0.9673         0.9639         0.8200     
------------------------ EPOCH 286 -------------------------
     Loss:       Train acc.:     Val acc.:     Test acc.:   
    0.5015         0.9673         0.9639         0.8200     
------------------------ EPOCH 287 -------------------------
     Loss:       Train acc.:     Val acc.:     Test acc.:   
    0.5014         0.9673         0.9639         0.8200     
------------------------ EPOCH 288 -------------------------
     Loss:       Train acc.:     Val acc.:     Test acc.:   
    0.5014         0.9673         0.9639         0.8200     
------------------------ EPOCH 289 -------------------------
     Loss:       Train acc.:     Val acc.:     Test acc.:   
    0.5014         0.9673         0.9639         0.8200     
------------------------ EPOCH 290 -------------------------
     Loss:       Train acc.:     Val acc.:     Test acc.:   
    0.5014         0.9673         0.9639         0.8200     
------------------------ EPOCH 291 -------------------------
     Loss:       Train acc.:     Val acc.:     Test acc.:   
    0.5014         0.9673         0.9639         0.8200     
------------------------ EPOCH 292 -------------------------
     Loss:       Train acc.:     Val acc.:     Test acc.:   
    0.5014         0.9673         0.9639         0.8200     
------------------------ EPOCH 293 -------------------------
     Loss:       Train acc.:     Val acc.:     Test acc.:   
    0.5014         0.9673         0.9639         0.8200     
------------------------ EPOCH 294 -------------------------
     Loss:       Train acc.:     Val acc.:     Test acc.:   
    0.5014         0.9673         0.9639         0.8200     
------------------------ EPOCH 295 -------------------------
     Loss:       Train acc.:     Val acc.:     Test acc.:   
    0.5014         0.9673         0.9639         0.8200     
------------------------ EPOCH 296 -------------------------
     Loss:       Train acc.:     Val acc.:     Test acc.:   
    0.5014         0.9673         0.9639         0.8200     
------------------------ EPOCH 297 -------------------------
     Loss:       Train acc.:     Val acc.:     Test acc.:   
    0.5014         0.9673         0.9639         0.8200     
------------------------ EPOCH 298 -------------------------
     Loss:       Train acc.:     Val acc.:     Test acc.:   
    0.5014         0.9673         0.9639         0.8200     
------------------------ EPOCH 299 -------------------------
     Loss:       Train acc.:     Val acc.:     Test acc.:   
    0.5014         0.9673         0.9639         0.8200     
------------------------ EPOCH 300 -------------------------
     Loss:       Train acc.:     Val acc.:     Test acc.:   
    0.5014         0.9673         0.9639         0.8200     
------------------------ EPOCH 301 -------------------------
     Loss:       Train acc.:     Val acc.:     Test acc.:   
    0.5014         0.9673         0.9639         0.8200     
------------------------ EPOCH 302 -------------------------
     Loss:       Train acc.:     Val acc.:     Test acc.:   
    0.5014         0.9673         0.9639         0.8200     
------------------------ EPOCH 303 -------------------------
     Loss:       Train acc.:     Val acc.:     Test acc.:   
    0.5014         0.9673         0.9639         0.8200     
------------------------ EPOCH 304 -------------------------
     Loss:       Train acc.:     Val acc.:     Test acc.:   
    0.5013         0.9673         0.9639         0.8200     
------------------------ EPOCH 305 -------------------------
     Loss:       Train acc.:     Val acc.:     Test acc.:   
    0.5013         0.9673         0.9639         0.8200     
------------------------ EPOCH 306 -------------------------
     Loss:       Train acc.:     Val acc.:     Test acc.:   
    0.5013         0.9673         0.9639         0.8200     
------------------------ EPOCH 307 -------------------------
     Loss:       Train acc.:     Val acc.:     Test acc.:   
    0.5013         0.9673         0.9639         0.8200     
------------------------ EPOCH 308 -------------------------
     Loss:       Train acc.:     Val acc.:     Test acc.:   
    0.5013         0.9673         0.9639         0.8200     
------------------------ EPOCH 309 -------------------------
     Loss:       Train acc.:     Val acc.:     Test acc.:   
    0.5013         0.9673         0.9639         0.8200     
------------------------ EPOCH 310 -------------------------
     Loss:       Train acc.:     Val acc.:     Test acc.:   
    0.5013         0.9673         0.9639         0.8200     
------------------------ EPOCH 311 -------------------------
     Loss:       Train acc.:     Val acc.:     Test acc.:   
    0.5013         0.9673         0.9639         0.8200     
------------------------ EPOCH 312 -------------------------
     Loss:       Train acc.:     Val acc.:     Test acc.:   
    0.5013         0.9673         0.9639         0.8200     
------------------------ EPOCH 313 -------------------------
     Loss:       Train acc.:     Val acc.:     Test acc.:   
    0.5013         0.9673         0.9639         0.8200     
------------------------ EPOCH 314 -------------------------
     Loss:       Train acc.:     Val acc.:     Test acc.:   
    0.5013         0.9673         0.9639         0.8200     
------------------------ EPOCH 315 -------------------------
     Loss:       Train acc.:     Val acc.:     Test acc.:   
    0.5013         0.9673         0.9639         0.8200     
------------------------ EPOCH 316 -------------------------
     Loss:       Train acc.:     Val acc.:     Test acc.:   
    0.5013         0.9673         0.9639         0.8200     
------------------------ EPOCH 317 -------------------------
     Loss:       Train acc.:     Val acc.:     Test acc.:   
    0.5013         0.9673         0.9639         0.8200     
------------------------ EPOCH 318 -------------------------
     Loss:       Train acc.:     Val acc.:     Test acc.:   
    0.5013         0.9673         0.9639         0.8200     
------------------------ EPOCH 319 -------------------------
     Loss:       Train acc.:     Val acc.:     Test acc.:   
    0.5013         0.9673         0.9639         0.8200     
------------------------ EPOCH 320 -------------------------
     Loss:       Train acc.:     Val acc.:     Test acc.:   
    0.5013         0.9673         0.9639         0.8200     
------------------------ EPOCH 321 -------------------------
     Loss:       Train acc.:     Val acc.:     Test acc.:   
    0.5013         0.9673         0.9639         0.8200     
------------------------ EPOCH 322 -------------------------
     Loss:       Train acc.:     Val acc.:     Test acc.:   
    0.5013         0.9673         0.9639         0.8200     
------------------------ EPOCH 323 -------------------------
     Loss:       Train acc.:     Val acc.:     Test acc.:   
    0.5013         0.9673         0.9639         0.8200     
------------------------ EPOCH 324 -------------------------
     Loss:       Train acc.:     Val acc.:     Test acc.:   
    0.5013         0.9673         0.9639         0.8200     
------------------------ EPOCH 325 -------------------------
     Loss:       Train acc.:     Val acc.:     Test acc.:   
    0.5013         0.9673         0.9639         0.8200     
------------------------ EPOCH 326 -------------------------
     Loss:       Train acc.:     Val acc.:     Test acc.:   
    0.5013         0.9673         0.9639         0.8200     
------------------------ EPOCH 327 -------------------------
     Loss:       Train acc.:     Val acc.:     Test acc.:   
    0.5013         0.9673         0.9639         0.8200     
------------------------ EPOCH 328 -------------------------
     Loss:       Train acc.:     Val acc.:     Test acc.:   
    0.5013         0.9673         0.9639         0.8200     
------------------------ EPOCH 329 -------------------------
     Loss:       Train acc.:     Val acc.:     Test acc.:   
    0.5013         0.9673         0.9639         0.8200     
------------------------ EPOCH 330 -------------------------
     Loss:       Train acc.:     Val acc.:     Test acc.:   
    0.5013         0.9673         0.9639         0.8200     
------------------------ EPOCH 331 -------------------------
     Loss:       Train acc.:     Val acc.:     Test acc.:   
    0.5013         0.9673         0.9639         0.8200     
------------------------ EPOCH 332 -------------------------
     Loss:       Train acc.:     Val acc.:     Test acc.:   
    0.5013         0.9673         0.9639         0.8200     
------------------------ EPOCH 333 -------------------------
     Loss:       Train acc.:     Val acc.:     Test acc.:   
    0.5013         0.9673         0.9639         0.8200     
------------------------ EPOCH 334 -------------------------
     Loss:       Train acc.:     Val acc.:     Test acc.:   
    0.5013         0.9673         0.9639         0.8200     
------------------------ EPOCH 335 -------------------------
     Loss:       Train acc.:     Val acc.:     Test acc.:   
    0.5013         0.9673         0.9639         0.8200     
------------------------ EPOCH 336 -------------------------
     Loss:       Train acc.:     Val acc.:     Test acc.:   
    0.5013         0.9673         0.9639         0.8200     
------------------------ EPOCH 337 -------------------------
     Loss:       Train acc.:     Val acc.:     Test acc.:   
    0.5013         0.9673         0.9639         0.8200     
------------------------ EPOCH 338 -------------------------
     Loss:       Train acc.:     Val acc.:     Test acc.:   
    0.5013         0.9673         0.9639         0.8200     
------------------------ EPOCH 339 -------------------------
     Loss:       Train acc.:     Val acc.:     Test acc.:   
    0.5013         0.9673         0.9639         0.8200     
------------------------ EPOCH 340 -------------------------
     Loss:       Train acc.:     Val acc.:     Test acc.:   
    0.5013         0.9673         0.9639         0.8200     
------------------------ EPOCH 341 -------------------------
     Loss:       Train acc.:     Val acc.:     Test acc.:   
    0.5013         0.9673         0.9639         0.8200     
------------------------ EPOCH 342 -------------------------
     Loss:       Train acc.:     Val acc.:     Test acc.:   
    0.5013         0.9673         0.9639         0.8200     
------------------------ EPOCH 343 -------------------------
     Loss:       Train acc.:     Val acc.:     Test acc.:   
    0.5013         0.9673         0.9639         0.8200     
------------------------ EPOCH 344 -------------------------
     Loss:       Train acc.:     Val acc.:     Test acc.:   
    0.5013         0.9673         0.9639         0.8200     
------------------------ EPOCH 345 -------------------------
     Loss:       Train acc.:     Val acc.:     Test acc.:   
    0.5013         0.9673         0.9639         0.8200     
------------------------ EPOCH 346 -------------------------
     Loss:       Train acc.:     Val acc.:     Test acc.:   
    0.5013         0.9673         0.9639         0.8200     
------------------------ EPOCH 347 -------------------------
     Loss:       Train acc.:     Val acc.:     Test acc.:   
    0.5013         0.9673         0.9639         0.8200     
------------------------ EPOCH 348 -------------------------
     Loss:       Train acc.:     Val acc.:     Test acc.:   
    0.5013         0.9673         0.9639         0.8200     
------------------------ EPOCH 349 -------------------------
     Loss:       Train acc.:     Val acc.:     Test acc.:   
    0.5013         0.9673         0.9639         0.8200     
------------------------ EPOCH 350 -------------------------
     Loss:       Train acc.:     Val acc.:     Test acc.:   
    0.5013         0.9673         0.9639         0.8200     
------------------------ EPOCH 351 -------------------------
     Loss:       Train acc.:     Val acc.:     Test acc.:   
    0.5013         0.9673         0.9639         0.8200     
------------------------ EPOCH 352 -------------------------
     Loss:       Train acc.:     Val acc.:     Test acc.:   
    0.5013         0.9673         0.9639         0.8200     
------------------------ EPOCH 353 -------------------------
     Loss:       Train acc.:     Val acc.:     Test acc.:   
    0.5012         0.9673         0.9639         0.8200     
------------------------ EPOCH 354 -------------------------
     Loss:       Train acc.:     Val acc.:     Test acc.:   
    0.5012         0.9673         0.9639         0.8200     
------------------------ EPOCH 355 -------------------------
     Loss:       Train acc.:     Val acc.:     Test acc.:   
    0.5012         0.9673         0.9639         0.8200     
------------------------ EPOCH 356 -------------------------
     Loss:       Train acc.:     Val acc.:     Test acc.:   
    0.5012         0.9673         0.9639         0.8200     
------------------------ EPOCH 357 -------------------------
     Loss:       Train acc.:     Val acc.:     Test acc.:   
    0.5012         0.9673         0.9639         0.8200     
------------------------ EPOCH 358 -------------------------
     Loss:       Train acc.:     Val acc.:     Test acc.:   
    0.5012         0.9673         0.9639         0.8200     
------------------------ EPOCH 359 -------------------------
     Loss:       Train acc.:     Val acc.:     Test acc.:   
    0.5012         0.9673         0.9639         0.8200     
------------------------ EPOCH 360 -------------------------
     Loss:       Train acc.:     Val acc.:     Test acc.:   
    0.5012         0.9673         0.9639         0.8200     
------------------------ EPOCH 361 -------------------------
     Loss:       Train acc.:     Val acc.:     Test acc.:   
    0.5012         0.9673         0.9639         0.8200     
------------------------ EPOCH 362 -------------------------
     Loss:       Train acc.:     Val acc.:     Test acc.:   
    0.5012         0.9673         0.9639         0.8200     
------------------------ EPOCH 363 -------------------------
     Loss:       Train acc.:     Val acc.:     Test acc.:   
    0.5012         0.9673         0.9639         0.8200     
------------------------ EPOCH 364 -------------------------
     Loss:       Train acc.:     Val acc.:     Test acc.:   
    0.5012         0.9673         0.9639         0.8200     
------------------------ EPOCH 365 -------------------------
     Loss:       Train acc.:     Val acc.:     Test acc.:   
    0.5012         0.9673         0.9639         0.8200     
------------------------ EPOCH 366 -------------------------
     Loss:       Train acc.:     Val acc.:     Test acc.:   
    0.5012         0.9673         0.9639         0.8200     
------------------------ EPOCH 367 -------------------------
     Loss:       Train acc.:     Val acc.:     Test acc.:   
    0.5012         0.9673         0.9639         0.8200     
------------------------ EPOCH 368 -------------------------
     Loss:       Train acc.:     Val acc.:     Test acc.:   
    0.5012         0.9673         0.9639         0.8200     
------------------------ EPOCH 369 -------------------------
     Loss:       Train acc.:     Val acc.:     Test acc.:   
    0.5012         0.9673         0.9639         0.8200     
------------------------ EPOCH 370 -------------------------
     Loss:       Train acc.:     Val acc.:     Test acc.:   
    0.5012         0.9673         0.9639         0.8200     
------------------------ EPOCH 371 -------------------------
     Loss:       Train acc.:     Val acc.:     Test acc.:   
    0.5012         0.9673         0.9639         0.8200     
------------------------ EPOCH 372 -------------------------
     Loss:       Train acc.:     Val acc.:     Test acc.:   
    0.5012         0.9673         0.9639         0.8200     
------------------------ EPOCH 373 -------------------------
     Loss:       Train acc.:     Val acc.:     Test acc.:   
    0.5012         0.9673         0.9639         0.8200     
------------------------ EPOCH 374 -------------------------
     Loss:       Train acc.:     Val acc.:     Test acc.:   
    0.5012         0.9673         0.9639         0.8200     
------------------------ EPOCH 375 -------------------------
     Loss:       Train acc.:     Val acc.:     Test acc.:   
    0.5012         0.9673         0.9639         0.8200     
------------------------ EPOCH 376 -------------------------
     Loss:       Train acc.:     Val acc.:     Test acc.:   
    0.5012         0.9673         0.9639         0.8200     
------------------------ EPOCH 377 -------------------------
     Loss:       Train acc.:     Val acc.:     Test acc.:   
    0.5012         0.9673         0.9639         0.8200     
------------------------ EPOCH 378 -------------------------
     Loss:       Train acc.:     Val acc.:     Test acc.:   
    0.5012         0.9673         0.9639         0.8200     
------------------------ EPOCH 379 -------------------------
     Loss:       Train acc.:     Val acc.:     Test acc.:   
    0.5012         0.9673         0.9639         0.8200     
------------------------ EPOCH 380 -------------------------
     Loss:       Train acc.:     Val acc.:     Test acc.:   
    0.5012         0.9673         0.9639         0.8200     
------------------------ EPOCH 381 -------------------------
     Loss:       Train acc.:     Val acc.:     Test acc.:   
    0.5012         0.9673         0.9639         0.8200     
------------------------ EPOCH 382 -------------------------
     Loss:       Train acc.:     Val acc.:     Test acc.:   
    0.5012         0.9673         0.9639         0.8200     
------------------------ EPOCH 383 -------------------------
     Loss:       Train acc.:     Val acc.:     Test acc.:   
    0.5012         0.9673         0.9639         0.8200     
------------------------ EPOCH 384 -------------------------
     Loss:       Train acc.:     Val acc.:     Test acc.:   
    0.5012         0.9673         0.9639         0.8200     
------------------------ EPOCH 385 -------------------------
     Loss:       Train acc.:     Val acc.:     Test acc.:   
    0.5012         0.9673         0.9639         0.8200     
------------------------ EPOCH 386 -------------------------
     Loss:       Train acc.:     Val acc.:     Test acc.:   
    0.5012         0.9673         0.9639         0.8200     
------------------------ EPOCH 387 -------------------------
     Loss:       Train acc.:     Val acc.:     Test acc.:   
    0.5012         0.9673         0.9639         0.8200     
------------------------ EPOCH 388 -------------------------
     Loss:       Train acc.:     Val acc.:     Test acc.:   
    0.5012         0.9673         0.9639         0.8200     
------------------------ EPOCH 389 -------------------------
     Loss:       Train acc.:     Val acc.:     Test acc.:   
    0.5012         0.9673         0.9639         0.8200     
------------------------ EPOCH 390 -------------------------
     Loss:       Train acc.:     Val acc.:     Test acc.:   
    0.5012         0.9673         0.9639         0.8200     
------------------------ EPOCH 391 -------------------------
     Loss:       Train acc.:     Val acc.:     Test acc.:   
    0.5012         0.9673         0.9639         0.8200     
------------------------ EPOCH 392 -------------------------
     Loss:       Train acc.:     Val acc.:     Test acc.:   
    0.5012         0.9673         0.9639         0.8200     
------------------------ EPOCH 393 -------------------------
     Loss:       Train acc.:     Val acc.:     Test acc.:   
    0.5012         0.9673         0.9639         0.8200     
------------------------ EPOCH 394 -------------------------
     Loss:       Train acc.:     Val acc.:     Test acc.:   
    0.5012         0.9673         0.9639         0.8200     
------------------------ EPOCH 395 -------------------------
     Loss:       Train acc.:     Val acc.:     Test acc.:   
    0.5012         0.9673         0.9639         0.8200     
------------------------ EPOCH 396 -------------------------
     Loss:       Train acc.:     Val acc.:     Test acc.:   
    0.5012         0.9673         0.9639         0.8200     
------------------------ EPOCH 397 -------------------------
     Loss:       Train acc.:     Val acc.:     Test acc.:   
    0.5012         0.9673         0.9639         0.8200     
------------------------ EPOCH 398 -------------------------
     Loss:       Train acc.:     Val acc.:     Test acc.:   
    0.5012         0.9673         0.9639         0.8200     
------------------------ EPOCH 399 -------------------------
     Loss:       Train acc.:     Val acc.:     Test acc.:   
    0.5012         0.9673         0.9639         0.8200     
------------------------ EPOCH 400 -------------------------
     Loss:       Train acc.:     Val acc.:     Test acc.:   
    0.5012         0.9673         0.9639         0.8200     
------------------------ EPOCH 401 -------------------------
     Loss:       Train acc.:     Val acc.:     Test acc.:   
    0.5012         0.9673         0.9639         0.8200     
------------------------ EPOCH 402 -------------------------
     Loss:       Train acc.:     Val acc.:     Test acc.:   
    0.5012         0.9673         0.9639         0.8200     
------------------------ EPOCH 403 -------------------------
     Loss:       Train acc.:     Val acc.:     Test acc.:   
    0.5012         0.9673         0.9639         0.8200     
------------------------ EPOCH 404 -------------------------
     Loss:       Train acc.:     Val acc.:     Test acc.:   
    0.5012         0.9673         0.9639         0.8200     
------------------------ EPOCH 405 -------------------------
     Loss:       Train acc.:     Val acc.:     Test acc.:   
    0.5012         0.9673         0.9639         0.8200     
------------------------ EPOCH 406 -------------------------
     Loss:       Train acc.:     Val acc.:     Test acc.:   
    0.5012         0.9673         0.9639         0.8200     
------------------------ EPOCH 407 -------------------------
     Loss:       Train acc.:     Val acc.:     Test acc.:   
    0.5012         0.9673         0.9639         0.8200     
------------------------ EPOCH 408 -------------------------
     Loss:       Train acc.:     Val acc.:     Test acc.:   
    0.5012         0.9673         0.9639         0.8200     
------------------------ EPOCH 409 -------------------------
     Loss:       Train acc.:     Val acc.:     Test acc.:   
    0.5012         0.9673         0.9639         0.8200     
------------------------ EPOCH 410 -------------------------
     Loss:       Train acc.:     Val acc.:     Test acc.:   
    0.5012         0.9673         0.9639         0.8200     
------------------------ EPOCH 411 -------------------------
     Loss:       Train acc.:     Val acc.:     Test acc.:   
    0.5012         0.9673         0.9639         0.8200     
------------------------ EPOCH 412 -------------------------
     Loss:       Train acc.:     Val acc.:     Test acc.:   
    0.5012         0.9673         0.9639         0.8200     
------------------------ EPOCH 413 -------------------------
     Loss:       Train acc.:     Val acc.:     Test acc.:   
    0.5012         0.9673         0.9639         0.8200     
------------------------ EPOCH 414 -------------------------
     Loss:       Train acc.:     Val acc.:     Test acc.:   
    0.5012         0.9673         0.9639         0.8200     
------------------------ EPOCH 415 -------------------------
     Loss:       Train acc.:     Val acc.:     Test acc.:   
    0.5012         0.9673         0.9639         0.8200     
------------------------ EPOCH 416 -------------------------
     Loss:       Train acc.:     Val acc.:     Test acc.:   
    0.5012         0.9673         0.9639         0.8200     
------------------------ EPOCH 417 -------------------------
     Loss:       Train acc.:     Val acc.:     Test acc.:   
    0.5012         0.9673         0.9639         0.8200     
------------------------ EPOCH 418 -------------------------
     Loss:       Train acc.:     Val acc.:     Test acc.:   
    0.5012         0.9673         0.9639         0.8200     
------------------------ EPOCH 419 -------------------------
     Loss:       Train acc.:     Val acc.:     Test acc.:   
    0.5012         0.9673         0.9639         0.8200     
------------------------ EPOCH 420 -------------------------
     Loss:       Train acc.:     Val acc.:     Test acc.:   
    0.5012         0.9673         0.9639         0.8200     
------------------------ EPOCH 421 -------------------------
     Loss:       Train acc.:     Val acc.:     Test acc.:   
    0.5012         0.9673         0.9639         0.8200     
------------------------ EPOCH 422 -------------------------
     Loss:       Train acc.:     Val acc.:     Test acc.:   
    0.5012         0.9673         0.9639         0.8200     
------------------------ EPOCH 423 -------------------------
     Loss:       Train acc.:     Val acc.:     Test acc.:   
    0.5012         0.9673         0.9639         0.8200     
------------------------ EPOCH 424 -------------------------
     Loss:       Train acc.:     Val acc.:     Test acc.:   
    0.5012         0.9673         0.9639         0.8200     
------------------------ EPOCH 425 -------------------------
     Loss:       Train acc.:     Val acc.:     Test acc.:   
    0.5012         0.9673         0.9639         0.8200     
------------------------ EPOCH 426 -------------------------
     Loss:       Train acc.:     Val acc.:     Test acc.:   
    0.5012         0.9673         0.9639         0.8200     
------------------------ EPOCH 427 -------------------------
     Loss:       Train acc.:     Val acc.:     Test acc.:   
    0.5012         0.9673         0.9639         0.8200     
------------------------ EPOCH 428 -------------------------
     Loss:       Train acc.:     Val acc.:     Test acc.:   
    0.5012         0.9673         0.9639         0.8200     
------------------------ EPOCH 429 -------------------------
     Loss:       Train acc.:     Val acc.:     Test acc.:   
    0.5012         0.9673         0.9639         0.8200     
------------------------ EPOCH 430 -------------------------
     Loss:       Train acc.:     Val acc.:     Test acc.:   
    0.5012         0.9673         0.9639         0.8200     
------------------------ EPOCH 431 -------------------------
     Loss:       Train acc.:     Val acc.:     Test acc.:   
    0.5012         0.9673         0.9639         0.8200     
------------------------ EPOCH 432 -------------------------
     Loss:       Train acc.:     Val acc.:     Test acc.:   
    0.5012         0.9673         0.9639         0.8200     
------------------------ EPOCH 433 -------------------------
     Loss:       Train acc.:     Val acc.:     Test acc.:   
    0.5012         0.9673         0.9639         0.8200     
------------------------ EPOCH 434 -------------------------
     Loss:       Train acc.:     Val acc.:     Test acc.:   
    0.5012         0.9673         0.9639         0.8200     
------------------------ EPOCH 435 -------------------------
     Loss:       Train acc.:     Val acc.:     Test acc.:   
    0.5012         0.9673         0.9639         0.8200     
------------------------ EPOCH 436 -------------------------
     Loss:       Train acc.:     Val acc.:     Test acc.:   
    0.5012         0.9673         0.9639         0.8200     
------------------------ EPOCH 437 -------------------------
     Loss:       Train acc.:     Val acc.:     Test acc.:   
    0.5012         0.9673         0.9639         0.8200     
------------------------ EPOCH 438 -------------------------
     Loss:       Train acc.:     Val acc.:     Test acc.:   
    0.5012         0.9673         0.9639         0.8200     
------------------------ EPOCH 439 -------------------------
     Loss:       Train acc.:     Val acc.:     Test acc.:   
    0.5012         0.9673         0.9639         0.8200     
------------------------ EPOCH 440 -------------------------
     Loss:       Train acc.:     Val acc.:     Test acc.:   
    0.5012         0.9673         0.9639         0.8200     
------------------------ EPOCH 441 -------------------------
     Loss:       Train acc.:     Val acc.:     Test acc.:   
    0.5012         0.9673         0.9639         0.8200     
------------------------ EPOCH 442 -------------------------
     Loss:       Train acc.:     Val acc.:     Test acc.:   
    0.5012         0.9673         0.9639         0.8200     
------------------------ EPOCH 443 -------------------------
     Loss:       Train acc.:     Val acc.:     Test acc.:   
    0.5012         0.9673         0.9639         0.8200     
------------------------ EPOCH 444 -------------------------
     Loss:       Train acc.:     Val acc.:     Test acc.:   
    0.5012         0.9673         0.9639         0.8200     
------------------------ EPOCH 445 -------------------------
     Loss:       Train acc.:     Val acc.:     Test acc.:   
    0.5012         0.9673         0.9639         0.8200     
------------------------ EPOCH 446 -------------------------
     Loss:       Train acc.:     Val acc.:     Test acc.:   
    0.5012         0.9673         0.9639         0.8200     
------------------------ EPOCH 447 -------------------------
     Loss:       Train acc.:     Val acc.:     Test acc.:   
    0.5012         0.9673         0.9639         0.8200     
------------------------ EPOCH 448 -------------------------
     Loss:       Train acc.:     Val acc.:     Test acc.:   
    0.5012         0.9673         0.9639         0.8200     
------------------------ EPOCH 449 -------------------------
     Loss:       Train acc.:     Val acc.:     Test acc.:   
    0.5012         0.9673         0.9639         0.8200     
------------------------ EPOCH 450 -------------------------
     Loss:       Train acc.:     Val acc.:     Test acc.:   
    0.5012         0.9673         0.9639         0.8200     
------------------------ EPOCH 451 -------------------------
     Loss:       Train acc.:     Val acc.:     Test acc.:   
    0.5012         0.9673         0.9639         0.8200     
------------------------ EPOCH 452 -------------------------
     Loss:       Train acc.:     Val acc.:     Test acc.:   
    0.5012         0.9673         0.9639         0.8200     
------------------------ EPOCH 453 -------------------------
     Loss:       Train acc.:     Val acc.:     Test acc.:   
    0.5012         0.9673         0.9639         0.8200     
------------------------ EPOCH 454 -------------------------
     Loss:       Train acc.:     Val acc.:     Test acc.:   
    0.5012         0.9673         0.9639         0.8200     
------------------------ EPOCH 455 -------------------------
     Loss:       Train acc.:     Val acc.:     Test acc.:   
    0.5012         0.9673         0.9639         0.8200     
------------------------ EPOCH 456 -------------------------
     Loss:       Train acc.:     Val acc.:     Test acc.:   
    0.5012         0.9673         0.9639         0.8200     
------------------------ EPOCH 457 -------------------------
     Loss:       Train acc.:     Val acc.:     Test acc.:   
    0.5012         0.9673         0.9639         0.8200     
------------------------ EPOCH 458 -------------------------
     Loss:       Train acc.:     Val acc.:     Test acc.:   
    0.5012         0.9673         0.9639         0.8200     
------------------------ EPOCH 459 -------------------------
     Loss:       Train acc.:     Val acc.:     Test acc.:   
    0.5012         0.9673         0.9639         0.8200     
------------------------ EPOCH 460 -------------------------
     Loss:       Train acc.:     Val acc.:     Test acc.:   
    0.5012         0.9673         0.9639         0.8200     
------------------------ EPOCH 461 -------------------------
     Loss:       Train acc.:     Val acc.:     Test acc.:   
    0.5012         0.9673         0.9639         0.8200     
------------------------ EPOCH 462 -------------------------
     Loss:       Train acc.:     Val acc.:     Test acc.:   
    0.5012         0.9673         0.9639         0.8200     
------------------------ EPOCH 463 -------------------------
     Loss:       Train acc.:     Val acc.:     Test acc.:   
    0.5012         0.9673         0.9639         0.8200     
------------------------ EPOCH 464 -------------------------
     Loss:       Train acc.:     Val acc.:     Test acc.:   
    0.5012         0.9673         0.9639         0.8200     
------------------------ EPOCH 465 -------------------------
     Loss:       Train acc.:     Val acc.:     Test acc.:   
    0.5012         0.9673         0.9639         0.8200     
------------------------ EPOCH 466 -------------------------
     Loss:       Train acc.:     Val acc.:     Test acc.:   
    0.5012         0.9673         0.9639         0.8200     
------------------------ EPOCH 467 -------------------------
     Loss:       Train acc.:     Val acc.:     Test acc.:   
    0.5012         0.9673         0.9639         0.8200     
------------------------ EPOCH 468 -------------------------
     Loss:       Train acc.:     Val acc.:     Test acc.:   
    0.5012         0.9673         0.9639         0.8200     
------------------------ EPOCH 469 -------------------------
     Loss:       Train acc.:     Val acc.:     Test acc.:   
    0.5012         0.9673         0.9639         0.8200     
------------------------ EPOCH 470 -------------------------
     Loss:       Train acc.:     Val acc.:     Test acc.:   
    0.5012         0.9673         0.9639         0.8200     
------------------------ EPOCH 471 -------------------------
     Loss:       Train acc.:     Val acc.:     Test acc.:   
    0.5012         0.9673         0.9639         0.8200     
------------------------ EPOCH 472 -------------------------
     Loss:       Train acc.:     Val acc.:     Test acc.:   
    0.5012         0.9673         0.9639         0.8200     
------------------------ EPOCH 473 -------------------------
     Loss:       Train acc.:     Val acc.:     Test acc.:   
    0.5012         0.9673         0.9639         0.8200     
------------------------ EPOCH 474 -------------------------
     Loss:       Train acc.:     Val acc.:     Test acc.:   
    0.5012         0.9673         0.9639         0.8200     
------------------------ EPOCH 475 -------------------------
     Loss:       Train acc.:     Val acc.:     Test acc.:   
    0.5012         0.9673         0.9639         0.8200     
------------------------ EPOCH 476 -------------------------
     Loss:       Train acc.:     Val acc.:     Test acc.:   
    0.5012         0.9673         0.9639         0.8200     
------------------------ EPOCH 477 -------------------------
     Loss:       Train acc.:     Val acc.:     Test acc.:   
    0.5012         0.9673         0.9639         0.8200     
------------------------ EPOCH 478 -------------------------
     Loss:       Train acc.:     Val acc.:     Test acc.:   
    0.5012         0.9673         0.9639         0.8200     
------------------------ EPOCH 479 -------------------------
     Loss:       Train acc.:     Val acc.:     Test acc.:   
    0.5012         0.9673         0.9639         0.8200     
------------------------ EPOCH 480 -------------------------
     Loss:       Train acc.:     Val acc.:     Test acc.:   
    0.5012         0.9673         0.9639         0.8200     
------------------------ EPOCH 481 -------------------------
     Loss:       Train acc.:     Val acc.:     Test acc.:   
    0.5012         0.9673         0.9639         0.8200     
------------------------ EPOCH 482 -------------------------
     Loss:       Train acc.:     Val acc.:     Test acc.:   
    0.5012         0.9673         0.9639         0.8200     
------------------------ EPOCH 483 -------------------------
     Loss:       Train acc.:     Val acc.:     Test acc.:   
    0.5012         0.9673         0.9639         0.8200     
------------------------ EPOCH 484 -------------------------
     Loss:       Train acc.:     Val acc.:     Test acc.:   
    0.5012         0.9673         0.9639         0.8200     
------------------------ EPOCH 485 -------------------------
     Loss:       Train acc.:     Val acc.:     Test acc.:   
    0.5012         0.9673         0.9639         0.8200     
------------------------ EPOCH 486 -------------------------
     Loss:       Train acc.:     Val acc.:     Test acc.:   
    0.5012         0.9673         0.9639         0.8200     
------------------------ EPOCH 487 -------------------------
     Loss:       Train acc.:     Val acc.:     Test acc.:   
    0.5012         0.9673         0.9639         0.8200     
------------------------ EPOCH 488 -------------------------
     Loss:       Train acc.:     Val acc.:     Test acc.:   
    0.5012         0.9673         0.9639         0.8200     
------------------------ EPOCH 489 -------------------------
     Loss:       Train acc.:     Val acc.:     Test acc.:   
    0.5012         0.9673         0.9639         0.8200     
------------------------ EPOCH 490 -------------------------
     Loss:       Train acc.:     Val acc.:     Test acc.:   
    0.5012         0.9673         0.9639         0.8200     
------------------------ EPOCH 491 -------------------------
     Loss:       Train acc.:     Val acc.:     Test acc.:   
    0.5012         0.9673         0.9639         0.8200     
------------------------ EPOCH 492 -------------------------
     Loss:       Train acc.:     Val acc.:     Test acc.:   
    0.5012         0.9673         0.9639         0.8200     
------------------------ EPOCH 493 -------------------------
     Loss:       Train acc.:     Val acc.:     Test acc.:   
    0.5012         0.9673         0.9639         0.8200     
------------------------ EPOCH 494 -------------------------
     Loss:       Train acc.:     Val acc.:     Test acc.:   
    0.5012         0.9673         0.9639         0.8200     
------------------------ EPOCH 495 -------------------------
     Loss:       Train acc.:     Val acc.:     Test acc.:   
    0.5012         0.9673         0.9639         0.8200     
------------------------ EPOCH 496 -------------------------
     Loss:       Train acc.:     Val acc.:     Test acc.:   
    0.5012         0.9673         0.9639         0.8200     
------------------------ EPOCH 497 -------------------------
     Loss:       Train acc.:     Val acc.:     Test acc.:   
    0.5012         0.9673         0.9639         0.8200     
------------------------ EPOCH 498 -------------------------
     Loss:       Train acc.:     Val acc.:     Test acc.:   
    0.5012         0.9673         0.9639         0.8200     
------------------------ EPOCH 499 -------------------------
     Loss:       Train acc.:     Val acc.:     Test acc.:   
    0.5012         0.9673         0.9639         0.8200     
------------------------ EPOCH 500 -------------------------
     Loss:       Train acc.:     Val acc.:     Test acc.:   
    0.5012         0.9673         0.9639         0.8200     
------------------------------------------------------------
Finished
