

Training the decomposed version with rank 70


------------------------ EPOCH   1 -------------------------
     Loss:       Train acc.:     Val acc.:     Test acc.:   
    0.6940         0.5009         0.4910         0.5000     
------------------------ EPOCH   2 -------------------------
     Loss:       Train acc.:     Val acc.:     Test acc.:   
    0.6937         0.5009         0.4910         0.5000     
------------------------ EPOCH   3 -------------------------
     Loss:       Train acc.:     Val acc.:     Test acc.:   
    0.6934         0.4982         0.4947         0.5000     
------------------------ EPOCH   4 -------------------------
     Loss:       Train acc.:     Val acc.:     Test acc.:   
    0.6931         0.4991         0.4982         0.5000     
------------------------ EPOCH   5 -------------------------
     Loss:       Train acc.:     Val acc.:     Test acc.:   
    0.6929         0.4991         0.5018         0.5000     
------------------------ EPOCH   6 -------------------------
     Loss:       Train acc.:     Val acc.:     Test acc.:   
    0.6927         0.5000         0.5018         0.5000     
------------------------ EPOCH   7 -------------------------
     Loss:       Train acc.:     Val acc.:     Test acc.:   
    0.6924         0.4991         0.4982         0.5000     
------------------------ EPOCH   8 -------------------------
     Loss:       Train acc.:     Val acc.:     Test acc.:   
    0.6922         0.5027         0.5019         0.5000     
------------------------ EPOCH   9 -------------------------
     Loss:       Train acc.:     Val acc.:     Test acc.:   
    0.6921         0.5073         0.5055         0.5000     
------------------------ EPOCH  10 -------------------------
     Loss:       Train acc.:     Val acc.:     Test acc.:   
    0.6919         0.5064         0.5055         0.5000     
------------------------ EPOCH  11 -------------------------
     Loss:       Train acc.:     Val acc.:     Test acc.:   
    0.6917         0.5082         0.5055         0.5000     
------------------------ EPOCH  12 -------------------------
     Loss:       Train acc.:     Val acc.:     Test acc.:   
    0.6916         0.5100         0.5055         0.5000     
------------------------ EPOCH  13 -------------------------
     Loss:       Train acc.:     Val acc.:     Test acc.:   
    0.6914         0.5100         0.5091         0.5000     
------------------------ EPOCH  14 -------------------------
     Loss:       Train acc.:     Val acc.:     Test acc.:   
    0.6913         0.5109         0.5091         0.5000     
------------------------ EPOCH  15 -------------------------
     Loss:       Train acc.:     Val acc.:     Test acc.:   
    0.6912         0.5136         0.5091         0.5000     
------------------------ EPOCH  16 -------------------------
     Loss:       Train acc.:     Val acc.:     Test acc.:   
    0.6910         0.5155         0.5127         0.5000     
------------------------ EPOCH  17 -------------------------
     Loss:       Train acc.:     Val acc.:     Test acc.:   
    0.6909         0.5218         0.5163         0.5000     
------------------------ EPOCH  18 -------------------------
     Loss:       Train acc.:     Val acc.:     Test acc.:   
    0.6908         0.5236         0.5163         0.5000     
------------------------ EPOCH  19 -------------------------
     Loss:       Train acc.:     Val acc.:     Test acc.:   
    0.6907         0.5245         0.5199         0.5000     
------------------------ EPOCH  20 -------------------------
     Loss:       Train acc.:     Val acc.:     Test acc.:   
    0.6905         0.5273         0.5234         0.5000     
------------------------ EPOCH  21 -------------------------
     Loss:       Train acc.:     Val acc.:     Test acc.:   
    0.6904         0.5291         0.5306         0.5000     
------------------------ EPOCH  22 -------------------------
     Loss:       Train acc.:     Val acc.:     Test acc.:   
    0.6903         0.5318         0.5306         0.5000     
------------------------ EPOCH  23 -------------------------
     Loss:       Train acc.:     Val acc.:     Test acc.:   
    0.6901         0.5345         0.5342         0.5000     
------------------------ EPOCH  24 -------------------------
     Loss:       Train acc.:     Val acc.:     Test acc.:   
    0.6900         0.5364         0.5379         0.5000     
------------------------ EPOCH  25 -------------------------
     Loss:       Train acc.:     Val acc.:     Test acc.:   
    0.6899         0.5373         0.5451         0.5000     
------------------------ EPOCH  26 -------------------------
     Loss:       Train acc.:     Val acc.:     Test acc.:   
    0.6897         0.5400         0.5487         0.5000     
------------------------ EPOCH  27 -------------------------
     Loss:       Train acc.:     Val acc.:     Test acc.:   
    0.6896         0.5400         0.5487         0.5000     
------------------------ EPOCH  28 -------------------------
     Loss:       Train acc.:     Val acc.:     Test acc.:   
    0.6894         0.5445         0.5487         0.5000     
------------------------ EPOCH  29 -------------------------
     Loss:       Train acc.:     Val acc.:     Test acc.:   
    0.6893         0.5536         0.5523         0.5000     
------------------------ EPOCH  30 -------------------------
     Loss:       Train acc.:     Val acc.:     Test acc.:   
    0.6891         0.5609         0.5632         0.5000     
------------------------ EPOCH  31 -------------------------
     Loss:       Train acc.:     Val acc.:     Test acc.:   
    0.6890         0.5664         0.5776         0.5000     
------------------------ EPOCH  32 -------------------------
     Loss:       Train acc.:     Val acc.:     Test acc.:   
    0.6888         0.5745         0.5812         0.5000     
------------------------ EPOCH  33 -------------------------
     Loss:       Train acc.:     Val acc.:     Test acc.:   
    0.6886         0.5818         0.5884         0.5000     
------------------------ EPOCH  34 -------------------------
     Loss:       Train acc.:     Val acc.:     Test acc.:   
    0.6885         0.5891         0.5920         0.5000     
------------------------ EPOCH  35 -------------------------
     Loss:       Train acc.:     Val acc.:     Test acc.:   
    0.6883         0.5964         0.5956         0.5000     
------------------------ EPOCH  36 -------------------------
     Loss:       Train acc.:     Val acc.:     Test acc.:   
    0.6881         0.6036         0.6064         0.5000     
------------------------ EPOCH  37 -------------------------
     Loss:       Train acc.:     Val acc.:     Test acc.:   
    0.6879         0.6109         0.6209         0.5200     
------------------------ EPOCH  38 -------------------------
     Loss:       Train acc.:     Val acc.:     Test acc.:   
    0.6877         0.6200         0.6209         0.5200     
------------------------ EPOCH  39 -------------------------
     Loss:       Train acc.:     Val acc.:     Test acc.:   
    0.6875         0.6300         0.6498         0.5400     
------------------------ EPOCH  40 -------------------------
     Loss:       Train acc.:     Val acc.:     Test acc.:   
    0.6873         0.6364         0.6534         0.5400     
------------------------ EPOCH  41 -------------------------
     Loss:       Train acc.:     Val acc.:     Test acc.:   
    0.6871         0.6427         0.6607         0.5400     
------------------------ EPOCH  42 -------------------------
     Loss:       Train acc.:     Val acc.:     Test acc.:   
    0.6869         0.6482         0.6752         0.5400     
------------------------ EPOCH  43 -------------------------
     Loss:       Train acc.:     Val acc.:     Test acc.:   
    0.6867         0.6627         0.6788         0.5400     
------------------------ EPOCH  44 -------------------------
     Loss:       Train acc.:     Val acc.:     Test acc.:   
    0.6865         0.6700         0.6897         0.5400     
------------------------ EPOCH  45 -------------------------
     Loss:       Train acc.:     Val acc.:     Test acc.:   
    0.6862         0.6800         0.6969         0.5400     
------------------------ EPOCH  46 -------------------------
     Loss:       Train acc.:     Val acc.:     Test acc.:   
    0.6860         0.6836         0.7149         0.5800     
------------------------ EPOCH  47 -------------------------
     Loss:       Train acc.:     Val acc.:     Test acc.:   
    0.6857         0.6927         0.7222         0.5800     
------------------------ EPOCH  48 -------------------------
     Loss:       Train acc.:     Val acc.:     Test acc.:   
    0.6855         0.7027         0.7366         0.5800     
------------------------ EPOCH  49 -------------------------
     Loss:       Train acc.:     Val acc.:     Test acc.:   
    0.6852         0.7191         0.7474         0.6000     
------------------------ EPOCH  50 -------------------------
     Loss:       Train acc.:     Val acc.:     Test acc.:   
    0.6849         0.7364         0.7583         0.6000     
------------------------ EPOCH  51 -------------------------
     Loss:       Train acc.:     Val acc.:     Test acc.:   
    0.6847         0.7536         0.7655         0.6000     
------------------------ EPOCH  52 -------------------------
     Loss:       Train acc.:     Val acc.:     Test acc.:   
    0.6844         0.7691         0.7798         0.6000     
------------------------ EPOCH  53 -------------------------
     Loss:       Train acc.:     Val acc.:     Test acc.:   
    0.6841         0.7809         0.7871         0.5800     
------------------------ EPOCH  54 -------------------------
     Loss:       Train acc.:     Val acc.:     Test acc.:   
    0.6837         0.7873         0.7980         0.5800     
------------------------ EPOCH  55 -------------------------
     Loss:       Train acc.:     Val acc.:     Test acc.:   
    0.6834         0.7955         0.8052         0.5800     
------------------------ EPOCH  56 -------------------------
     Loss:       Train acc.:     Val acc.:     Test acc.:   
    0.6831         0.8036         0.8088         0.6000     
------------------------ EPOCH  57 -------------------------
     Loss:       Train acc.:     Val acc.:     Test acc.:   
    0.6827         0.8173         0.8306         0.6200     
------------------------ EPOCH  58 -------------------------
     Loss:       Train acc.:     Val acc.:     Test acc.:   
    0.6824         0.8282         0.8378         0.6200     
------------------------ EPOCH  59 -------------------------
     Loss:       Train acc.:     Val acc.:     Test acc.:   
    0.6820         0.8391         0.8414         0.6400     
------------------------ EPOCH  60 -------------------------
     Loss:       Train acc.:     Val acc.:     Test acc.:   
    0.6816         0.8427         0.8449         0.6400     
------------------------ EPOCH  61 -------------------------
     Loss:       Train acc.:     Val acc.:     Test acc.:   
    0.6812         0.8509         0.8486         0.6400     
------------------------ EPOCH  62 -------------------------
     Loss:       Train acc.:     Val acc.:     Test acc.:   
    0.6808         0.8545         0.8557         0.6400     
------------------------ EPOCH  63 -------------------------
     Loss:       Train acc.:     Val acc.:     Test acc.:   
    0.6804         0.8573         0.8593         0.6400     
------------------------ EPOCH  64 -------------------------
     Loss:       Train acc.:     Val acc.:     Test acc.:   
    0.6799         0.8645         0.8593         0.6400     
------------------------ EPOCH  65 -------------------------
     Loss:       Train acc.:     Val acc.:     Test acc.:   
    0.6795         0.8709         0.8701         0.6600     
------------------------ EPOCH  66 -------------------------
     Loss:       Train acc.:     Val acc.:     Test acc.:   
    0.6790         0.8727         0.8810         0.6600     
------------------------ EPOCH  67 -------------------------
     Loss:       Train acc.:     Val acc.:     Test acc.:   
    0.6785         0.8818         0.8953         0.6800     
------------------------ EPOCH  68 -------------------------
     Loss:       Train acc.:     Val acc.:     Test acc.:   
    0.6780         0.8873         0.8953         0.7000     
------------------------ EPOCH  69 -------------------------
     Loss:       Train acc.:     Val acc.:     Test acc.:   
    0.6775         0.8882         0.8990         0.7200     
------------------------ EPOCH  70 -------------------------
     Loss:       Train acc.:     Val acc.:     Test acc.:   
    0.6770         0.8936         0.8990         0.7200     
------------------------ EPOCH  71 -------------------------
     Loss:       Train acc.:     Val acc.:     Test acc.:   
    0.6764         0.8955         0.8990         0.7200     
------------------------ EPOCH  72 -------------------------
     Loss:       Train acc.:     Val acc.:     Test acc.:   
    0.6759         0.9018         0.8990         0.7400     
------------------------ EPOCH  73 -------------------------
     Loss:       Train acc.:     Val acc.:     Test acc.:   
    0.6753         0.9055         0.9026         0.7400     
------------------------ EPOCH  74 -------------------------
     Loss:       Train acc.:     Val acc.:     Test acc.:   
    0.6747         0.9073         0.9062         0.7400     
------------------------ EPOCH  75 -------------------------
     Loss:       Train acc.:     Val acc.:     Test acc.:   
    0.6741         0.9073         0.9062         0.7400     
------------------------ EPOCH  76 -------------------------
     Loss:       Train acc.:     Val acc.:     Test acc.:   
    0.6734         0.9091         0.9097         0.7400     
------------------------ EPOCH  77 -------------------------
     Loss:       Train acc.:     Val acc.:     Test acc.:   
    0.6728         0.9100         0.9097         0.7400     
------------------------ EPOCH  78 -------------------------
     Loss:       Train acc.:     Val acc.:     Test acc.:   
    0.6721         0.9127         0.9134         0.7600     
------------------------ EPOCH  79 -------------------------
     Loss:       Train acc.:     Val acc.:     Test acc.:   
    0.6714         0.9136         0.9134         0.7600     
------------------------ EPOCH  80 -------------------------
     Loss:       Train acc.:     Val acc.:     Test acc.:   
    0.6707         0.9145         0.9242         0.7600     
------------------------ EPOCH  81 -------------------------
     Loss:       Train acc.:     Val acc.:     Test acc.:   
    0.6699         0.9182         0.9278         0.7600     
------------------------ EPOCH  82 -------------------------
     Loss:       Train acc.:     Val acc.:     Test acc.:   
    0.6692         0.9209         0.9351         0.7600     
------------------------ EPOCH  83 -------------------------
     Loss:       Train acc.:     Val acc.:     Test acc.:   
    0.6684         0.9209         0.9351         0.7600     
------------------------ EPOCH  84 -------------------------
     Loss:       Train acc.:     Val acc.:     Test acc.:   
    0.6676         0.9227         0.9314         0.7800     
------------------------ EPOCH  85 -------------------------
     Loss:       Train acc.:     Val acc.:     Test acc.:   
    0.6668         0.9236         0.9314         0.7800     
------------------------ EPOCH  86 -------------------------
     Loss:       Train acc.:     Val acc.:     Test acc.:   
    0.6659         0.9245         0.9314         0.7800     
------------------------ EPOCH  87 -------------------------
     Loss:       Train acc.:     Val acc.:     Test acc.:   
    0.6651         0.9245         0.9386         0.7800     
------------------------ EPOCH  88 -------------------------
     Loss:       Train acc.:     Val acc.:     Test acc.:   
    0.6642         0.9245         0.9423         0.7800     
------------------------ EPOCH  89 -------------------------
     Loss:       Train acc.:     Val acc.:     Test acc.:   
    0.6632         0.9255         0.9423         0.7800     
------------------------ EPOCH  90 -------------------------
     Loss:       Train acc.:     Val acc.:     Test acc.:   
    0.6623         0.9282         0.9423         0.7800     
------------------------ EPOCH  91 -------------------------
     Loss:       Train acc.:     Val acc.:     Test acc.:   
    0.6613         0.9291         0.9423         0.8000     
------------------------ EPOCH  92 -------------------------
     Loss:       Train acc.:     Val acc.:     Test acc.:   
    0.6603         0.9309         0.9423         0.8000     
------------------------ EPOCH  93 -------------------------
     Loss:       Train acc.:     Val acc.:     Test acc.:   
    0.6593         0.9309         0.9423         0.8000     
------------------------ EPOCH  94 -------------------------
     Loss:       Train acc.:     Val acc.:     Test acc.:   
    0.6583         0.9309         0.9423         0.8000     
------------------------ EPOCH  95 -------------------------
     Loss:       Train acc.:     Val acc.:     Test acc.:   
    0.6572         0.9327         0.9458         0.8000     
------------------------ EPOCH  96 -------------------------
     Loss:       Train acc.:     Val acc.:     Test acc.:   
    0.6561         0.9336         0.9458         0.8000     
------------------------ EPOCH  97 -------------------------
     Loss:       Train acc.:     Val acc.:     Test acc.:   
    0.6550         0.9336         0.9458         0.8000     
------------------------ EPOCH  98 -------------------------
     Loss:       Train acc.:     Val acc.:     Test acc.:   
    0.6539         0.9336         0.9458         0.8000     
------------------------ EPOCH  99 -------------------------
     Loss:       Train acc.:     Val acc.:     Test acc.:   
    0.6527         0.9336         0.9458         0.7800     
------------------------ EPOCH 100 -------------------------
     Loss:       Train acc.:     Val acc.:     Test acc.:   
    0.6515         0.9355         0.9458         0.7800     
------------------------ EPOCH 101 -------------------------
     Loss:       Train acc.:     Val acc.:     Test acc.:   
    0.6503         0.9364         0.9458         0.7800     
------------------------ EPOCH 102 -------------------------
     Loss:       Train acc.:     Val acc.:     Test acc.:   
    0.6491         0.9355         0.9458         0.7800     
------------------------ EPOCH 103 -------------------------
     Loss:       Train acc.:     Val acc.:     Test acc.:   
    0.6478         0.9373         0.9458         0.7800     
------------------------ EPOCH 104 -------------------------
     Loss:       Train acc.:     Val acc.:     Test acc.:   
    0.6465         0.9373         0.9458         0.7800     
------------------------ EPOCH 105 -------------------------
     Loss:       Train acc.:     Val acc.:     Test acc.:   
    0.6452         0.9382         0.9423         0.7800     
------------------------ EPOCH 106 -------------------------
     Loss:       Train acc.:     Val acc.:     Test acc.:   
    0.6439         0.9391         0.9458         0.7800     
------------------------ EPOCH 107 -------------------------
     Loss:       Train acc.:     Val acc.:     Test acc.:   
    0.6425         0.9382         0.9458         0.7600     
------------------------ EPOCH 108 -------------------------
     Loss:       Train acc.:     Val acc.:     Test acc.:   
    0.6411         0.9382         0.9422         0.7600     
------------------------ EPOCH 109 -------------------------
     Loss:       Train acc.:     Val acc.:     Test acc.:   
    0.6397         0.9373         0.9422         0.7600     
------------------------ EPOCH 110 -------------------------
     Loss:       Train acc.:     Val acc.:     Test acc.:   
    0.6383         0.9382         0.9422         0.7600     
------------------------ EPOCH 111 -------------------------
     Loss:       Train acc.:     Val acc.:     Test acc.:   
    0.6369         0.9382         0.9422         0.7600     
------------------------ EPOCH 112 -------------------------
     Loss:       Train acc.:     Val acc.:     Test acc.:   
    0.6354         0.9400         0.9422         0.7600     
------------------------ EPOCH 113 -------------------------
     Loss:       Train acc.:     Val acc.:     Test acc.:   
    0.6339         0.9409         0.9422         0.7600     
------------------------ EPOCH 114 -------------------------
     Loss:       Train acc.:     Val acc.:     Test acc.:   
    0.6324         0.9418         0.9422         0.7600     
------------------------ EPOCH 115 -------------------------
     Loss:       Train acc.:     Val acc.:     Test acc.:   
    0.6309         0.9418         0.9422         0.7600     
------------------------ EPOCH 116 -------------------------
     Loss:       Train acc.:     Val acc.:     Test acc.:   
    0.6294         0.9427         0.9422         0.7600     
------------------------ EPOCH 117 -------------------------
     Loss:       Train acc.:     Val acc.:     Test acc.:   
    0.6278         0.9427         0.9422         0.7600     
------------------------ EPOCH 118 -------------------------
     Loss:       Train acc.:     Val acc.:     Test acc.:   
    0.6262         0.9436         0.9422         0.7600     
------------------------ EPOCH 119 -------------------------
     Loss:       Train acc.:     Val acc.:     Test acc.:   
    0.6246         0.9445         0.9422         0.7600     
------------------------ EPOCH 120 -------------------------
     Loss:       Train acc.:     Val acc.:     Test acc.:   
    0.6230         0.9455         0.9422         0.7600     
------------------------ EPOCH 121 -------------------------
     Loss:       Train acc.:     Val acc.:     Test acc.:   
    0.6214         0.9455         0.9458         0.7600     
------------------------ EPOCH 122 -------------------------
     Loss:       Train acc.:     Val acc.:     Test acc.:   
    0.6198         0.9455         0.9458         0.7600     
------------------------ EPOCH 123 -------------------------
     Loss:       Train acc.:     Val acc.:     Test acc.:   
    0.6182         0.9455         0.9458         0.7600     
------------------------ EPOCH 124 -------------------------
     Loss:       Train acc.:     Val acc.:     Test acc.:   
    0.6166         0.9455         0.9458         0.7600     
------------------------ EPOCH 125 -------------------------
     Loss:       Train acc.:     Val acc.:     Test acc.:   
    0.6149         0.9464         0.9458         0.7600     
------------------------ EPOCH 126 -------------------------
     Loss:       Train acc.:     Val acc.:     Test acc.:   
    0.6133         0.9455         0.9458         0.7600     
------------------------ EPOCH 127 -------------------------
     Loss:       Train acc.:     Val acc.:     Test acc.:   
    0.6116         0.9455         0.9458         0.7600     
------------------------ EPOCH 128 -------------------------
     Loss:       Train acc.:     Val acc.:     Test acc.:   
    0.6100         0.9455         0.9458         0.7800     
------------------------ EPOCH 129 -------------------------
     Loss:       Train acc.:     Val acc.:     Test acc.:   
    0.6083         0.9455         0.9458         0.7800     
------------------------ EPOCH 130 -------------------------
     Loss:       Train acc.:     Val acc.:     Test acc.:   
    0.6067         0.9455         0.9458         0.7800     
------------------------ EPOCH 131 -------------------------
     Loss:       Train acc.:     Val acc.:     Test acc.:   
    0.6050         0.9455         0.9458         0.7800     
------------------------ EPOCH 132 -------------------------
     Loss:       Train acc.:     Val acc.:     Test acc.:   
    0.6034         0.9455         0.9458         0.7800     
------------------------ EPOCH 133 -------------------------
     Loss:       Train acc.:     Val acc.:     Test acc.:   
    0.6017         0.9455         0.9458         0.7800     
------------------------ EPOCH 134 -------------------------
     Loss:       Train acc.:     Val acc.:     Test acc.:   
    0.6001         0.9455         0.9458         0.7800     
------------------------ EPOCH 135 -------------------------
     Loss:       Train acc.:     Val acc.:     Test acc.:   
    0.5985         0.9455         0.9458         0.7800     
------------------------ EPOCH 136 -------------------------
     Loss:       Train acc.:     Val acc.:     Test acc.:   
    0.5968         0.9455         0.9458         0.7800     
------------------------ EPOCH 137 -------------------------
     Loss:       Train acc.:     Val acc.:     Test acc.:   
    0.5952         0.9455         0.9458         0.7800     
------------------------ EPOCH 138 -------------------------
     Loss:       Train acc.:     Val acc.:     Test acc.:   
    0.5936         0.9464         0.9458         0.7800     
------------------------ EPOCH 139 -------------------------
     Loss:       Train acc.:     Val acc.:     Test acc.:   
    0.5920         0.9464         0.9458         0.7800     
------------------------ EPOCH 140 -------------------------
     Loss:       Train acc.:     Val acc.:     Test acc.:   
    0.5905         0.9464         0.9458         0.7800     
------------------------ EPOCH 141 -------------------------
     Loss:       Train acc.:     Val acc.:     Test acc.:   
    0.5889         0.9464         0.9458         0.7800     
------------------------ EPOCH 142 -------------------------
     Loss:       Train acc.:     Val acc.:     Test acc.:   
    0.5874         0.9464         0.9458         0.7800     
------------------------ EPOCH 143 -------------------------
     Loss:       Train acc.:     Val acc.:     Test acc.:   
    0.5858         0.9464         0.9458         0.7800     
------------------------ EPOCH 144 -------------------------
     Loss:       Train acc.:     Val acc.:     Test acc.:   
    0.5843         0.9464         0.9458         0.7800     
------------------------ EPOCH 145 -------------------------
     Loss:       Train acc.:     Val acc.:     Test acc.:   
    0.5828         0.9464         0.9458         0.7800     
------------------------ EPOCH 146 -------------------------
     Loss:       Train acc.:     Val acc.:     Test acc.:   
    0.5814         0.9464         0.9458         0.7800     
------------------------ EPOCH 147 -------------------------
     Loss:       Train acc.:     Val acc.:     Test acc.:   
    0.5799         0.9464         0.9458         0.7800     
------------------------ EPOCH 148 -------------------------
     Loss:       Train acc.:     Val acc.:     Test acc.:   
    0.5785         0.9464         0.9458         0.7800     
------------------------ EPOCH 149 -------------------------
     Loss:       Train acc.:     Val acc.:     Test acc.:   
    0.5771         0.9464         0.9458         0.7800     
------------------------ EPOCH 150 -------------------------
     Loss:       Train acc.:     Val acc.:     Test acc.:   
    0.5757         0.9464         0.9458         0.7800     
------------------------ EPOCH 151 -------------------------
     Loss:       Train acc.:     Val acc.:     Test acc.:   
    0.5743         0.9464         0.9458         0.7800     
------------------------ EPOCH 152 -------------------------
     Loss:       Train acc.:     Val acc.:     Test acc.:   
    0.5730         0.9464         0.9458         0.7800     
------------------------ EPOCH 153 -------------------------
     Loss:       Train acc.:     Val acc.:     Test acc.:   
    0.5716         0.9464         0.9458         0.7800     
------------------------ EPOCH 154 -------------------------
     Loss:       Train acc.:     Val acc.:     Test acc.:   
    0.5703         0.9464         0.9458         0.7800     
------------------------ EPOCH 155 -------------------------
     Loss:       Train acc.:     Val acc.:     Test acc.:   
    0.5691         0.9464         0.9458         0.7800     
------------------------ EPOCH 156 -------------------------
     Loss:       Train acc.:     Val acc.:     Test acc.:   
    0.5678         0.9464         0.9458         0.7800     
------------------------ EPOCH 157 -------------------------
     Loss:       Train acc.:     Val acc.:     Test acc.:   
    0.5666         0.9464         0.9458         0.7800     
------------------------ EPOCH 158 -------------------------
     Loss:       Train acc.:     Val acc.:     Test acc.:   
    0.5654         0.9464         0.9458         0.7800     
------------------------ EPOCH 159 -------------------------
     Loss:       Train acc.:     Val acc.:     Test acc.:   
    0.5642         0.9464         0.9458         0.7800     
------------------------ EPOCH 160 -------------------------
     Loss:       Train acc.:     Val acc.:     Test acc.:   
    0.5631         0.9464         0.9458         0.7800     
------------------------ EPOCH 161 -------------------------
     Loss:       Train acc.:     Val acc.:     Test acc.:   
    0.5620         0.9464         0.9458         0.7800     
------------------------ EPOCH 162 -------------------------
     Loss:       Train acc.:     Val acc.:     Test acc.:   
    0.5609         0.9464         0.9458         0.7800     
------------------------ EPOCH 163 -------------------------
     Loss:       Train acc.:     Val acc.:     Test acc.:   
    0.5598         0.9464         0.9458         0.7800     
------------------------ EPOCH 164 -------------------------
     Loss:       Train acc.:     Val acc.:     Test acc.:   
    0.5587         0.9464         0.9458         0.7800     
------------------------ EPOCH 165 -------------------------
     Loss:       Train acc.:     Val acc.:     Test acc.:   
    0.5577         0.9464         0.9458         0.7800     
------------------------ EPOCH 166 -------------------------
     Loss:       Train acc.:     Val acc.:     Test acc.:   
    0.5567         0.9464         0.9458         0.7800     
------------------------ EPOCH 167 -------------------------
     Loss:       Train acc.:     Val acc.:     Test acc.:   
    0.5557         0.9464         0.9458         0.7800     
------------------------ EPOCH 168 -------------------------
     Loss:       Train acc.:     Val acc.:     Test acc.:   
    0.5548         0.9464         0.9458         0.7800     
------------------------ EPOCH 169 -------------------------
     Loss:       Train acc.:     Val acc.:     Test acc.:   
    0.5539         0.9464         0.9458         0.7800     
------------------------ EPOCH 170 -------------------------
     Loss:       Train acc.:     Val acc.:     Test acc.:   
    0.5529         0.9464         0.9458         0.7800     
------------------------ EPOCH 171 -------------------------
     Loss:       Train acc.:     Val acc.:     Test acc.:   
    0.5521         0.9464         0.9458         0.7800     
------------------------ EPOCH 172 -------------------------
     Loss:       Train acc.:     Val acc.:     Test acc.:   
    0.5512         0.9464         0.9458         0.7800     
------------------------ EPOCH 173 -------------------------
     Loss:       Train acc.:     Val acc.:     Test acc.:   
    0.5504         0.9464         0.9458         0.7800     
------------------------ EPOCH 174 -------------------------
     Loss:       Train acc.:     Val acc.:     Test acc.:   
    0.5496         0.9464         0.9458         0.7800     
------------------------ EPOCH 175 -------------------------
     Loss:       Train acc.:     Val acc.:     Test acc.:   
    0.5488         0.9464         0.9458         0.7800     
------------------------ EPOCH 176 -------------------------
     Loss:       Train acc.:     Val acc.:     Test acc.:   
    0.5480         0.9464         0.9458         0.7800     
------------------------ EPOCH 177 -------------------------
     Loss:       Train acc.:     Val acc.:     Test acc.:   
    0.5472         0.9464         0.9458         0.7800     
------------------------ EPOCH 178 -------------------------
     Loss:       Train acc.:     Val acc.:     Test acc.:   
    0.5465         0.9464         0.9458         0.7800     
------------------------ EPOCH 179 -------------------------
     Loss:       Train acc.:     Val acc.:     Test acc.:   
    0.5458         0.9464         0.9458         0.7800     
------------------------ EPOCH 180 -------------------------
     Loss:       Train acc.:     Val acc.:     Test acc.:   
    0.5451         0.9464         0.9458         0.7800     
------------------------ EPOCH 181 -------------------------
     Loss:       Train acc.:     Val acc.:     Test acc.:   
    0.5444         0.9464         0.9458         0.7800     
------------------------ EPOCH 182 -------------------------
     Loss:       Train acc.:     Val acc.:     Test acc.:   
    0.5438         0.9464         0.9458         0.7800     
------------------------ EPOCH 183 -------------------------
     Loss:       Train acc.:     Val acc.:     Test acc.:   
    0.5432         0.9464         0.9458         0.7800     
------------------------ EPOCH 184 -------------------------
     Loss:       Train acc.:     Val acc.:     Test acc.:   
    0.5425         0.9464         0.9458         0.7600     
------------------------ EPOCH 185 -------------------------
     Loss:       Train acc.:     Val acc.:     Test acc.:   
    0.5419         0.9464         0.9458         0.7600     
------------------------ EPOCH 186 -------------------------
     Loss:       Train acc.:     Val acc.:     Test acc.:   
    0.5414         0.9464         0.9458         0.7600     
------------------------ EPOCH 187 -------------------------
     Loss:       Train acc.:     Val acc.:     Test acc.:   
    0.5408         0.9464         0.9458         0.7600     
------------------------ EPOCH 188 -------------------------
     Loss:       Train acc.:     Val acc.:     Test acc.:   
    0.5403         0.9464         0.9458         0.7600     
------------------------ EPOCH 189 -------------------------
     Loss:       Train acc.:     Val acc.:     Test acc.:   
    0.5397         0.9464         0.9458         0.7600     
------------------------ EPOCH 190 -------------------------
     Loss:       Train acc.:     Val acc.:     Test acc.:   
    0.5392         0.9464         0.9458         0.7400     
------------------------ EPOCH 191 -------------------------
     Loss:       Train acc.:     Val acc.:     Test acc.:   
    0.5387         0.9464         0.9458         0.7400     
------------------------ EPOCH 192 -------------------------
     Loss:       Train acc.:     Val acc.:     Test acc.:   
    0.5382         0.9464         0.9458         0.7400     
------------------------ EPOCH 193 -------------------------
     Loss:       Train acc.:     Val acc.:     Test acc.:   
    0.5378         0.9464         0.9458         0.7400     
------------------------ EPOCH 194 -------------------------
     Loss:       Train acc.:     Val acc.:     Test acc.:   
    0.5373         0.9464         0.9458         0.7400     
------------------------ EPOCH 195 -------------------------
     Loss:       Train acc.:     Val acc.:     Test acc.:   
    0.5369         0.9464         0.9458         0.7400     
------------------------ EPOCH 196 -------------------------
     Loss:       Train acc.:     Val acc.:     Test acc.:   
    0.5364         0.9464         0.9458         0.7400     
------------------------ EPOCH 197 -------------------------
     Loss:       Train acc.:     Val acc.:     Test acc.:   
    0.5360         0.9464         0.9458         0.7400     
------------------------ EPOCH 198 -------------------------
     Loss:       Train acc.:     Val acc.:     Test acc.:   
    0.5356         0.9464         0.9458         0.7400     
------------------------ EPOCH 199 -------------------------
     Loss:       Train acc.:     Val acc.:     Test acc.:   
    0.5352         0.9464         0.9458         0.7400     
------------------------ EPOCH 200 -------------------------
     Loss:       Train acc.:     Val acc.:     Test acc.:   
    0.5349         0.9464         0.9458         0.7400     
------------------------ EPOCH 201 -------------------------
     Loss:       Train acc.:     Val acc.:     Test acc.:   
    0.5345         0.9464         0.9458         0.7400     
------------------------ EPOCH 202 -------------------------
     Loss:       Train acc.:     Val acc.:     Test acc.:   
    0.5341         0.9464         0.9458         0.7400     
------------------------ EPOCH 203 -------------------------
     Loss:       Train acc.:     Val acc.:     Test acc.:   
    0.5338         0.9464         0.9458         0.7400     
------------------------ EPOCH 204 -------------------------
     Loss:       Train acc.:     Val acc.:     Test acc.:   
    0.5335         0.9464         0.9458         0.7400     
------------------------ EPOCH 205 -------------------------
     Loss:       Train acc.:     Val acc.:     Test acc.:   
    0.5331         0.9464         0.9458         0.7400     
------------------------ EPOCH 206 -------------------------
     Loss:       Train acc.:     Val acc.:     Test acc.:   
    0.5328         0.9464         0.9458         0.7400     
------------------------ EPOCH 207 -------------------------
     Loss:       Train acc.:     Val acc.:     Test acc.:   
    0.5325         0.9464         0.9458         0.7400     
------------------------ EPOCH 208 -------------------------
     Loss:       Train acc.:     Val acc.:     Test acc.:   
    0.5322         0.9464         0.9458         0.7400     
------------------------ EPOCH 209 -------------------------
     Loss:       Train acc.:     Val acc.:     Test acc.:   
    0.5320         0.9464         0.9458         0.7400     
------------------------ EPOCH 210 -------------------------
     Loss:       Train acc.:     Val acc.:     Test acc.:   
    0.5317         0.9464         0.9458         0.7400     
------------------------ EPOCH 211 -------------------------
     Loss:       Train acc.:     Val acc.:     Test acc.:   
    0.5314         0.9464         0.9458         0.7400     
------------------------ EPOCH 212 -------------------------
     Loss:       Train acc.:     Val acc.:     Test acc.:   
    0.5312         0.9464         0.9458         0.7400     
------------------------ EPOCH 213 -------------------------
     Loss:       Train acc.:     Val acc.:     Test acc.:   
    0.5309         0.9464         0.9458         0.7400     
------------------------ EPOCH 214 -------------------------
     Loss:       Train acc.:     Val acc.:     Test acc.:   
    0.5307         0.9464         0.9458         0.7400     
------------------------ EPOCH 215 -------------------------
     Loss:       Train acc.:     Val acc.:     Test acc.:   
    0.5304         0.9464         0.9458         0.7400     
------------------------ EPOCH 216 -------------------------
     Loss:       Train acc.:     Val acc.:     Test acc.:   
    0.5302         0.9464         0.9458         0.7400     
------------------------ EPOCH 217 -------------------------
     Loss:       Train acc.:     Val acc.:     Test acc.:   
    0.5300         0.9464         0.9458         0.7400     
------------------------ EPOCH 218 -------------------------
     Loss:       Train acc.:     Val acc.:     Test acc.:   
    0.5298         0.9464         0.9458         0.7400     
------------------------ EPOCH 219 -------------------------
     Loss:       Train acc.:     Val acc.:     Test acc.:   
    0.5296         0.9464         0.9458         0.7400     
------------------------ EPOCH 220 -------------------------
     Loss:       Train acc.:     Val acc.:     Test acc.:   
    0.5294         0.9464         0.9458         0.7400     
------------------------ EPOCH 221 -------------------------
     Loss:       Train acc.:     Val acc.:     Test acc.:   
    0.5292         0.9464         0.9458         0.7400     
------------------------ EPOCH 222 -------------------------
     Loss:       Train acc.:     Val acc.:     Test acc.:   
    0.5290         0.9464         0.9458         0.7400     
------------------------ EPOCH 223 -------------------------
     Loss:       Train acc.:     Val acc.:     Test acc.:   
    0.5288         0.9464         0.9458         0.7400     
------------------------ EPOCH 224 -------------------------
     Loss:       Train acc.:     Val acc.:     Test acc.:   
    0.5287         0.9464         0.9458         0.7400     
------------------------ EPOCH 225 -------------------------
     Loss:       Train acc.:     Val acc.:     Test acc.:   
    0.5285         0.9464         0.9458         0.7400     
------------------------ EPOCH 226 -------------------------
     Loss:       Train acc.:     Val acc.:     Test acc.:   
    0.5283         0.9464         0.9458         0.7400     
------------------------ EPOCH 227 -------------------------
     Loss:       Train acc.:     Val acc.:     Test acc.:   
    0.5282         0.9464         0.9458         0.7400     
------------------------ EPOCH 228 -------------------------
     Loss:       Train acc.:     Val acc.:     Test acc.:   
    0.5280         0.9464         0.9458         0.7400     
------------------------ EPOCH 229 -------------------------
     Loss:       Train acc.:     Val acc.:     Test acc.:   
    0.5279         0.9464         0.9458         0.7400     
------------------------ EPOCH 230 -------------------------
     Loss:       Train acc.:     Val acc.:     Test acc.:   
    0.5277         0.9464         0.9458         0.7400     
------------------------ EPOCH 231 -------------------------
     Loss:       Train acc.:     Val acc.:     Test acc.:   
    0.5276         0.9464         0.9458         0.7400     
------------------------ EPOCH 232 -------------------------
     Loss:       Train acc.:     Val acc.:     Test acc.:   
    0.5275         0.9464         0.9458         0.7400     
------------------------ EPOCH 233 -------------------------
     Loss:       Train acc.:     Val acc.:     Test acc.:   
    0.5273         0.9464         0.9458         0.7400     
------------------------ EPOCH 234 -------------------------
     Loss:       Train acc.:     Val acc.:     Test acc.:   
    0.5272         0.9464         0.9458         0.7400     
------------------------ EPOCH 235 -------------------------
     Loss:       Train acc.:     Val acc.:     Test acc.:   
    0.5271         0.9464         0.9458         0.7400     
------------------------ EPOCH 236 -------------------------
     Loss:       Train acc.:     Val acc.:     Test acc.:   
    0.5270         0.9464         0.9458         0.7400     
------------------------ EPOCH 237 -------------------------
     Loss:       Train acc.:     Val acc.:     Test acc.:   
    0.5268         0.9464         0.9458         0.7400     
------------------------ EPOCH 238 -------------------------
     Loss:       Train acc.:     Val acc.:     Test acc.:   
    0.5267         0.9464         0.9458         0.7400     
------------------------ EPOCH 239 -------------------------
     Loss:       Train acc.:     Val acc.:     Test acc.:   
    0.5266         0.9464         0.9458         0.7400     
------------------------ EPOCH 240 -------------------------
     Loss:       Train acc.:     Val acc.:     Test acc.:   
    0.5265         0.9464         0.9458         0.7400     
------------------------ EPOCH 241 -------------------------
     Loss:       Train acc.:     Val acc.:     Test acc.:   
    0.5264         0.9464         0.9458         0.7400     
------------------------ EPOCH 242 -------------------------
     Loss:       Train acc.:     Val acc.:     Test acc.:   
    0.5263         0.9464         0.9458         0.7400     
------------------------ EPOCH 243 -------------------------
     Loss:       Train acc.:     Val acc.:     Test acc.:   
    0.5262         0.9464         0.9458         0.7400     
------------------------ EPOCH 244 -------------------------
     Loss:       Train acc.:     Val acc.:     Test acc.:   
    0.5262         0.9464         0.9458         0.7400     
------------------------ EPOCH 245 -------------------------
     Loss:       Train acc.:     Val acc.:     Test acc.:   
    0.5261         0.9464         0.9458         0.7400     
------------------------ EPOCH 246 -------------------------
     Loss:       Train acc.:     Val acc.:     Test acc.:   
    0.5260         0.9464         0.9458         0.7400     
------------------------ EPOCH 247 -------------------------
     Loss:       Train acc.:     Val acc.:     Test acc.:   
    0.5259         0.9464         0.9458         0.7400     
------------------------ EPOCH 248 -------------------------
     Loss:       Train acc.:     Val acc.:     Test acc.:   
    0.5258         0.9464         0.9458         0.7400     
------------------------ EPOCH 249 -------------------------
     Loss:       Train acc.:     Val acc.:     Test acc.:   
    0.5257         0.9464         0.9458         0.7400     
------------------------ EPOCH 250 -------------------------
     Loss:       Train acc.:     Val acc.:     Test acc.:   
    0.5257         0.9464         0.9458         0.7400     
------------------------ EPOCH 251 -------------------------
     Loss:       Train acc.:     Val acc.:     Test acc.:   
    0.5256         0.9464         0.9458         0.7400     
------------------------ EPOCH 252 -------------------------
     Loss:       Train acc.:     Val acc.:     Test acc.:   
    0.5255         0.9464         0.9458         0.7400     
------------------------ EPOCH 253 -------------------------
     Loss:       Train acc.:     Val acc.:     Test acc.:   
    0.5255         0.9464         0.9458         0.7400     
------------------------ EPOCH 254 -------------------------
     Loss:       Train acc.:     Val acc.:     Test acc.:   
    0.5254         0.9464         0.9458         0.7400     
------------------------ EPOCH 255 -------------------------
     Loss:       Train acc.:     Val acc.:     Test acc.:   
    0.5253         0.9464         0.9458         0.7400     
------------------------ EPOCH 256 -------------------------
     Loss:       Train acc.:     Val acc.:     Test acc.:   
    0.5253         0.9464         0.9458         0.7400     
------------------------ EPOCH 257 -------------------------
     Loss:       Train acc.:     Val acc.:     Test acc.:   
    0.5252         0.9464         0.9458         0.7400     
------------------------ EPOCH 258 -------------------------
     Loss:       Train acc.:     Val acc.:     Test acc.:   
    0.5252         0.9464         0.9458         0.7400     
------------------------ EPOCH 259 -------------------------
     Loss:       Train acc.:     Val acc.:     Test acc.:   
    0.5251         0.9464         0.9458         0.7400     
------------------------ EPOCH 260 -------------------------
     Loss:       Train acc.:     Val acc.:     Test acc.:   
    0.5251         0.9464         0.9458         0.7400     
------------------------ EPOCH 261 -------------------------
     Loss:       Train acc.:     Val acc.:     Test acc.:   
    0.5250         0.9464         0.9458         0.7400     
------------------------ EPOCH 262 -------------------------
     Loss:       Train acc.:     Val acc.:     Test acc.:   
    0.5250         0.9464         0.9458         0.7400     
------------------------ EPOCH 263 -------------------------
     Loss:       Train acc.:     Val acc.:     Test acc.:   
    0.5249         0.9464         0.9458         0.7400     
------------------------ EPOCH 264 -------------------------
     Loss:       Train acc.:     Val acc.:     Test acc.:   
    0.5249         0.9464         0.9458         0.7400     
------------------------ EPOCH 265 -------------------------
     Loss:       Train acc.:     Val acc.:     Test acc.:   
    0.5248         0.9464         0.9458         0.7400     
------------------------ EPOCH 266 -------------------------
     Loss:       Train acc.:     Val acc.:     Test acc.:   
    0.5248         0.9464         0.9458         0.7400     
------------------------ EPOCH 267 -------------------------
     Loss:       Train acc.:     Val acc.:     Test acc.:   
    0.5247         0.9464         0.9458         0.7400     
------------------------ EPOCH 268 -------------------------
     Loss:       Train acc.:     Val acc.:     Test acc.:   
    0.5247         0.9464         0.9458         0.7400     
------------------------ EPOCH 269 -------------------------
     Loss:       Train acc.:     Val acc.:     Test acc.:   
    0.5247         0.9464         0.9458         0.7400     
------------------------ EPOCH 270 -------------------------
     Loss:       Train acc.:     Val acc.:     Test acc.:   
    0.5246         0.9464         0.9458         0.7400     
------------------------ EPOCH 271 -------------------------
     Loss:       Train acc.:     Val acc.:     Test acc.:   
    0.5246         0.9464         0.9458         0.7400     
------------------------ EPOCH 272 -------------------------
     Loss:       Train acc.:     Val acc.:     Test acc.:   
    0.5245         0.9464         0.9458         0.7400     
------------------------ EPOCH 273 -------------------------
     Loss:       Train acc.:     Val acc.:     Test acc.:   
    0.5245         0.9464         0.9458         0.7400     
------------------------ EPOCH 274 -------------------------
     Loss:       Train acc.:     Val acc.:     Test acc.:   
    0.5245         0.9464         0.9458         0.7400     
------------------------ EPOCH 275 -------------------------
     Loss:       Train acc.:     Val acc.:     Test acc.:   
    0.5244         0.9464         0.9458         0.7400     
------------------------ EPOCH 276 -------------------------
     Loss:       Train acc.:     Val acc.:     Test acc.:   
    0.5244         0.9464         0.9458         0.7400     
------------------------ EPOCH 277 -------------------------
     Loss:       Train acc.:     Val acc.:     Test acc.:   
    0.5244         0.9464         0.9458         0.7400     
------------------------ EPOCH 278 -------------------------
     Loss:       Train acc.:     Val acc.:     Test acc.:   
    0.5244         0.9464         0.9458         0.7400     
------------------------ EPOCH 279 -------------------------
     Loss:       Train acc.:     Val acc.:     Test acc.:   
    0.5243         0.9464         0.9458         0.7400     
------------------------ EPOCH 280 -------------------------
     Loss:       Train acc.:     Val acc.:     Test acc.:   
    0.5243         0.9464         0.9458         0.7400     
------------------------ EPOCH 281 -------------------------
     Loss:       Train acc.:     Val acc.:     Test acc.:   
    0.5243         0.9464         0.9458         0.7400     
------------------------ EPOCH 282 -------------------------
     Loss:       Train acc.:     Val acc.:     Test acc.:   
    0.5242         0.9464         0.9458         0.7400     
------------------------ EPOCH 283 -------------------------
     Loss:       Train acc.:     Val acc.:     Test acc.:   
    0.5242         0.9464         0.9458         0.7400     
------------------------ EPOCH 284 -------------------------
     Loss:       Train acc.:     Val acc.:     Test acc.:   
    0.5242         0.9464         0.9458         0.7400     
------------------------ EPOCH 285 -------------------------
     Loss:       Train acc.:     Val acc.:     Test acc.:   
    0.5242         0.9464         0.9458         0.7400     
------------------------ EPOCH 286 -------------------------
     Loss:       Train acc.:     Val acc.:     Test acc.:   
    0.5242         0.9464         0.9458         0.7400     
------------------------ EPOCH 287 -------------------------
     Loss:       Train acc.:     Val acc.:     Test acc.:   
    0.5241         0.9464         0.9458         0.7400     
------------------------ EPOCH 288 -------------------------
     Loss:       Train acc.:     Val acc.:     Test acc.:   
    0.5241         0.9464         0.9458         0.7400     
------------------------ EPOCH 289 -------------------------
     Loss:       Train acc.:     Val acc.:     Test acc.:   
    0.5241         0.9464         0.9458         0.7400     
------------------------ EPOCH 290 -------------------------
     Loss:       Train acc.:     Val acc.:     Test acc.:   
    0.5241         0.9464         0.9458         0.7400     
------------------------ EPOCH 291 -------------------------
     Loss:       Train acc.:     Val acc.:     Test acc.:   
    0.5240         0.9464         0.9458         0.7400     
------------------------ EPOCH 292 -------------------------
     Loss:       Train acc.:     Val acc.:     Test acc.:   
    0.5240         0.9464         0.9458         0.7400     
------------------------ EPOCH 293 -------------------------
     Loss:       Train acc.:     Val acc.:     Test acc.:   
    0.5240         0.9464         0.9458         0.7400     
------------------------ EPOCH 294 -------------------------
     Loss:       Train acc.:     Val acc.:     Test acc.:   
    0.5240         0.9464         0.9458         0.7400     
------------------------ EPOCH 295 -------------------------
     Loss:       Train acc.:     Val acc.:     Test acc.:   
    0.5240         0.9464         0.9458         0.7400     
------------------------ EPOCH 296 -------------------------
     Loss:       Train acc.:     Val acc.:     Test acc.:   
    0.5240         0.9464         0.9458         0.7400     
------------------------ EPOCH 297 -------------------------
     Loss:       Train acc.:     Val acc.:     Test acc.:   
    0.5239         0.9464         0.9458         0.7400     
------------------------ EPOCH 298 -------------------------
     Loss:       Train acc.:     Val acc.:     Test acc.:   
    0.5239         0.9464         0.9458         0.7400     
------------------------ EPOCH 299 -------------------------
     Loss:       Train acc.:     Val acc.:     Test acc.:   
    0.5239         0.9464         0.9458         0.7400     
------------------------ EPOCH 300 -------------------------
     Loss:       Train acc.:     Val acc.:     Test acc.:   
    0.5239         0.9464         0.9458         0.7400     
------------------------ EPOCH 301 -------------------------
     Loss:       Train acc.:     Val acc.:     Test acc.:   
    0.5239         0.9464         0.9458         0.7400     
------------------------ EPOCH 302 -------------------------
     Loss:       Train acc.:     Val acc.:     Test acc.:   
    0.5239         0.9464         0.9458         0.7400     
------------------------ EPOCH 303 -------------------------
     Loss:       Train acc.:     Val acc.:     Test acc.:   
    0.5239         0.9464         0.9458         0.7400     
------------------------ EPOCH 304 -------------------------
     Loss:       Train acc.:     Val acc.:     Test acc.:   
    0.5238         0.9464         0.9458         0.7400     
------------------------ EPOCH 305 -------------------------
     Loss:       Train acc.:     Val acc.:     Test acc.:   
    0.5238         0.9464         0.9458         0.7400     
------------------------ EPOCH 306 -------------------------
     Loss:       Train acc.:     Val acc.:     Test acc.:   
    0.5238         0.9464         0.9458         0.7400     
------------------------ EPOCH 307 -------------------------
     Loss:       Train acc.:     Val acc.:     Test acc.:   
    0.5238         0.9464         0.9458         0.7400     
------------------------ EPOCH 308 -------------------------
     Loss:       Train acc.:     Val acc.:     Test acc.:   
    0.5238         0.9464         0.9458         0.7400     
------------------------ EPOCH 309 -------------------------
     Loss:       Train acc.:     Val acc.:     Test acc.:   
    0.5238         0.9464         0.9458         0.7400     
------------------------ EPOCH 310 -------------------------
     Loss:       Train acc.:     Val acc.:     Test acc.:   
    0.5238         0.9464         0.9458         0.7400     
------------------------ EPOCH 311 -------------------------
     Loss:       Train acc.:     Val acc.:     Test acc.:   
    0.5238         0.9464         0.9458         0.7400     
------------------------ EPOCH 312 -------------------------
     Loss:       Train acc.:     Val acc.:     Test acc.:   
    0.5238         0.9464         0.9458         0.7400     
------------------------ EPOCH 313 -------------------------
     Loss:       Train acc.:     Val acc.:     Test acc.:   
    0.5238         0.9464         0.9458         0.7400     
------------------------ EPOCH 314 -------------------------
     Loss:       Train acc.:     Val acc.:     Test acc.:   
    0.5237         0.9464         0.9458         0.7400     
------------------------ EPOCH 315 -------------------------
     Loss:       Train acc.:     Val acc.:     Test acc.:   
    0.5237         0.9464         0.9458         0.7400     
------------------------ EPOCH 316 -------------------------
     Loss:       Train acc.:     Val acc.:     Test acc.:   
    0.5237         0.9464         0.9458         0.7400     
------------------------ EPOCH 317 -------------------------
     Loss:       Train acc.:     Val acc.:     Test acc.:   
    0.5237         0.9464         0.9458         0.7400     
------------------------ EPOCH 318 -------------------------
     Loss:       Train acc.:     Val acc.:     Test acc.:   
    0.5237         0.9464         0.9458         0.7400     
------------------------ EPOCH 319 -------------------------
     Loss:       Train acc.:     Val acc.:     Test acc.:   
    0.5237         0.9464         0.9458         0.7400     
------------------------ EPOCH 320 -------------------------
     Loss:       Train acc.:     Val acc.:     Test acc.:   
    0.5237         0.9464         0.9458         0.7400     
------------------------ EPOCH 321 -------------------------
     Loss:       Train acc.:     Val acc.:     Test acc.:   
    0.5237         0.9464         0.9458         0.7400     
------------------------ EPOCH 322 -------------------------
     Loss:       Train acc.:     Val acc.:     Test acc.:   
    0.5237         0.9464         0.9458         0.7400     
------------------------ EPOCH 323 -------------------------
     Loss:       Train acc.:     Val acc.:     Test acc.:   
    0.5237         0.9464         0.9458         0.7400     
------------------------ EPOCH 324 -------------------------
     Loss:       Train acc.:     Val acc.:     Test acc.:   
    0.5237         0.9464         0.9458         0.7400     
------------------------ EPOCH 325 -------------------------
     Loss:       Train acc.:     Val acc.:     Test acc.:   
    0.5237         0.9464         0.9458         0.7400     
------------------------ EPOCH 326 -------------------------
     Loss:       Train acc.:     Val acc.:     Test acc.:   
    0.5236         0.9464         0.9458         0.7400     
------------------------ EPOCH 327 -------------------------
     Loss:       Train acc.:     Val acc.:     Test acc.:   
    0.5236         0.9464         0.9458         0.7400     
------------------------ EPOCH 328 -------------------------
     Loss:       Train acc.:     Val acc.:     Test acc.:   
    0.5236         0.9464         0.9458         0.7400     
------------------------ EPOCH 329 -------------------------
     Loss:       Train acc.:     Val acc.:     Test acc.:   
    0.5236         0.9464         0.9458         0.7400     
------------------------ EPOCH 330 -------------------------
     Loss:       Train acc.:     Val acc.:     Test acc.:   
    0.5236         0.9464         0.9458         0.7400     
------------------------ EPOCH 331 -------------------------
     Loss:       Train acc.:     Val acc.:     Test acc.:   
    0.5236         0.9464         0.9458         0.7400     
------------------------ EPOCH 332 -------------------------
     Loss:       Train acc.:     Val acc.:     Test acc.:   
    0.5236         0.9464         0.9458         0.7400     
------------------------ EPOCH 333 -------------------------
     Loss:       Train acc.:     Val acc.:     Test acc.:   
    0.5236         0.9464         0.9458         0.7400     
------------------------ EPOCH 334 -------------------------
     Loss:       Train acc.:     Val acc.:     Test acc.:   
    0.5236         0.9464         0.9458         0.7400     
------------------------ EPOCH 335 -------------------------
     Loss:       Train acc.:     Val acc.:     Test acc.:   
    0.5236         0.9464         0.9458         0.7400     
------------------------ EPOCH 336 -------------------------
     Loss:       Train acc.:     Val acc.:     Test acc.:   
    0.5236         0.9464         0.9458         0.7400     
------------------------ EPOCH 337 -------------------------
     Loss:       Train acc.:     Val acc.:     Test acc.:   
    0.5236         0.9464         0.9458         0.7400     
------------------------ EPOCH 338 -------------------------
     Loss:       Train acc.:     Val acc.:     Test acc.:   
    0.5236         0.9464         0.9458         0.7400     
------------------------ EPOCH 339 -------------------------
     Loss:       Train acc.:     Val acc.:     Test acc.:   
    0.5236         0.9464         0.9458         0.7400     
------------------------ EPOCH 340 -------------------------
     Loss:       Train acc.:     Val acc.:     Test acc.:   
    0.5236         0.9464         0.9458         0.7400     
------------------------ EPOCH 341 -------------------------
     Loss:       Train acc.:     Val acc.:     Test acc.:   
    0.5236         0.9464         0.9458         0.7400     
------------------------ EPOCH 342 -------------------------
     Loss:       Train acc.:     Val acc.:     Test acc.:   
    0.5236         0.9464         0.9458         0.7400     
------------------------ EPOCH 343 -------------------------
     Loss:       Train acc.:     Val acc.:     Test acc.:   
    0.5236         0.9464         0.9458         0.7400     
------------------------ EPOCH 344 -------------------------
     Loss:       Train acc.:     Val acc.:     Test acc.:   
    0.5236         0.9464         0.9458         0.7400     
------------------------ EPOCH 345 -------------------------
     Loss:       Train acc.:     Val acc.:     Test acc.:   
    0.5236         0.9464         0.9458         0.7400     
------------------------ EPOCH 346 -------------------------
     Loss:       Train acc.:     Val acc.:     Test acc.:   
    0.5236         0.9464         0.9458         0.7400     
------------------------ EPOCH 347 -------------------------
     Loss:       Train acc.:     Val acc.:     Test acc.:   
    0.5236         0.9464         0.9458         0.7400     
------------------------ EPOCH 348 -------------------------
     Loss:       Train acc.:     Val acc.:     Test acc.:   
    0.5235         0.9464         0.9458         0.7400     
------------------------ EPOCH 349 -------------------------
     Loss:       Train acc.:     Val acc.:     Test acc.:   
    0.5235         0.9464         0.9458         0.7400     
------------------------ EPOCH 350 -------------------------
     Loss:       Train acc.:     Val acc.:     Test acc.:   
    0.5235         0.9464         0.9458         0.7400     
------------------------ EPOCH 351 -------------------------
     Loss:       Train acc.:     Val acc.:     Test acc.:   
    0.5235         0.9464         0.9458         0.7400     
------------------------ EPOCH 352 -------------------------
     Loss:       Train acc.:     Val acc.:     Test acc.:   
    0.5235         0.9464         0.9458         0.7400     
------------------------ EPOCH 353 -------------------------
     Loss:       Train acc.:     Val acc.:     Test acc.:   
    0.5235         0.9464         0.9458         0.7400     
------------------------ EPOCH 354 -------------------------
     Loss:       Train acc.:     Val acc.:     Test acc.:   
    0.5235         0.9464         0.9458         0.7400     
------------------------ EPOCH 355 -------------------------
     Loss:       Train acc.:     Val acc.:     Test acc.:   
    0.5235         0.9464         0.9458         0.7400     
------------------------ EPOCH 356 -------------------------
     Loss:       Train acc.:     Val acc.:     Test acc.:   
    0.5235         0.9464         0.9458         0.7400     
------------------------ EPOCH 357 -------------------------
     Loss:       Train acc.:     Val acc.:     Test acc.:   
    0.5235         0.9464         0.9458         0.7400     
------------------------ EPOCH 358 -------------------------
     Loss:       Train acc.:     Val acc.:     Test acc.:   
    0.5235         0.9464         0.9458         0.7400     
------------------------ EPOCH 359 -------------------------
     Loss:       Train acc.:     Val acc.:     Test acc.:   
    0.5235         0.9464         0.9458         0.7400     
------------------------ EPOCH 360 -------------------------
     Loss:       Train acc.:     Val acc.:     Test acc.:   
    0.5235         0.9464         0.9458         0.7400     
------------------------ EPOCH 361 -------------------------
     Loss:       Train acc.:     Val acc.:     Test acc.:   
    0.5235         0.9464         0.9458         0.7400     
------------------------ EPOCH 362 -------------------------
     Loss:       Train acc.:     Val acc.:     Test acc.:   
    0.5235         0.9464         0.9458         0.7400     
------------------------ EPOCH 363 -------------------------
     Loss:       Train acc.:     Val acc.:     Test acc.:   
    0.5235         0.9464         0.9458         0.7400     
------------------------ EPOCH 364 -------------------------
     Loss:       Train acc.:     Val acc.:     Test acc.:   
    0.5235         0.9464         0.9458         0.7400     
------------------------ EPOCH 365 -------------------------
     Loss:       Train acc.:     Val acc.:     Test acc.:   
    0.5235         0.9464         0.9458         0.7400     
------------------------ EPOCH 366 -------------------------
     Loss:       Train acc.:     Val acc.:     Test acc.:   
    0.5235         0.9464         0.9458         0.7400     
------------------------ EPOCH 367 -------------------------
     Loss:       Train acc.:     Val acc.:     Test acc.:   
    0.5235         0.9464         0.9458         0.7400     
------------------------ EPOCH 368 -------------------------
     Loss:       Train acc.:     Val acc.:     Test acc.:   
    0.5235         0.9464         0.9458         0.7400     
------------------------ EPOCH 369 -------------------------
     Loss:       Train acc.:     Val acc.:     Test acc.:   
    0.5235         0.9464         0.9458         0.7400     
------------------------ EPOCH 370 -------------------------
     Loss:       Train acc.:     Val acc.:     Test acc.:   
    0.5235         0.9464         0.9458         0.7400     
------------------------ EPOCH 371 -------------------------
     Loss:       Train acc.:     Val acc.:     Test acc.:   
    0.5235         0.9464         0.9458         0.7400     
------------------------ EPOCH 372 -------------------------
     Loss:       Train acc.:     Val acc.:     Test acc.:   
    0.5235         0.9464         0.9458         0.7400     
------------------------ EPOCH 373 -------------------------
     Loss:       Train acc.:     Val acc.:     Test acc.:   
    0.5235         0.9464         0.9458         0.7400     
------------------------ EPOCH 374 -------------------------
     Loss:       Train acc.:     Val acc.:     Test acc.:   
    0.5235         0.9464         0.9458         0.7400     
------------------------ EPOCH 375 -------------------------
     Loss:       Train acc.:     Val acc.:     Test acc.:   
    0.5235         0.9464         0.9458         0.7400     
------------------------ EPOCH 376 -------------------------
     Loss:       Train acc.:     Val acc.:     Test acc.:   
    0.5235         0.9464         0.9458         0.7400     
------------------------ EPOCH 377 -------------------------
     Loss:       Train acc.:     Val acc.:     Test acc.:   
    0.5235         0.9464         0.9458         0.7400     
------------------------ EPOCH 378 -------------------------
     Loss:       Train acc.:     Val acc.:     Test acc.:   
    0.5235         0.9464         0.9458         0.7400     
------------------------ EPOCH 379 -------------------------
     Loss:       Train acc.:     Val acc.:     Test acc.:   
    0.5235         0.9464         0.9458         0.7400     
------------------------ EPOCH 380 -------------------------
     Loss:       Train acc.:     Val acc.:     Test acc.:   
    0.5235         0.9464         0.9458         0.7400     
------------------------ EPOCH 381 -------------------------
     Loss:       Train acc.:     Val acc.:     Test acc.:   
    0.5235         0.9464         0.9458         0.7400     
------------------------ EPOCH 382 -------------------------
     Loss:       Train acc.:     Val acc.:     Test acc.:   
    0.5235         0.9464         0.9458         0.7400     
------------------------ EPOCH 383 -------------------------
     Loss:       Train acc.:     Val acc.:     Test acc.:   
    0.5235         0.9464         0.9458         0.7400     
------------------------ EPOCH 384 -------------------------
     Loss:       Train acc.:     Val acc.:     Test acc.:   
    0.5235         0.9464         0.9458         0.7400     
------------------------ EPOCH 385 -------------------------
     Loss:       Train acc.:     Val acc.:     Test acc.:   
    0.5235         0.9464         0.9458         0.7400     
------------------------ EPOCH 386 -------------------------
     Loss:       Train acc.:     Val acc.:     Test acc.:   
    0.5235         0.9464         0.9458         0.7400     
------------------------ EPOCH 387 -------------------------
     Loss:       Train acc.:     Val acc.:     Test acc.:   
    0.5235         0.9464         0.9458         0.7400     
------------------------ EPOCH 388 -------------------------
     Loss:       Train acc.:     Val acc.:     Test acc.:   
    0.5235         0.9464         0.9458         0.7400     
------------------------ EPOCH 389 -------------------------
     Loss:       Train acc.:     Val acc.:     Test acc.:   
    0.5235         0.9464         0.9458         0.7400     
------------------------ EPOCH 390 -------------------------
     Loss:       Train acc.:     Val acc.:     Test acc.:   
    0.5235         0.9464         0.9458         0.7400     
------------------------ EPOCH 391 -------------------------
     Loss:       Train acc.:     Val acc.:     Test acc.:   
    0.5235         0.9464         0.9458         0.7400     
------------------------ EPOCH 392 -------------------------
     Loss:       Train acc.:     Val acc.:     Test acc.:   
    0.5235         0.9464         0.9458         0.7400     
------------------------ EPOCH 393 -------------------------
     Loss:       Train acc.:     Val acc.:     Test acc.:   
    0.5235         0.9464         0.9458         0.7400     
------------------------ EPOCH 394 -------------------------
     Loss:       Train acc.:     Val acc.:     Test acc.:   
    0.5235         0.9464         0.9458         0.7400     
------------------------ EPOCH 395 -------------------------
     Loss:       Train acc.:     Val acc.:     Test acc.:   
    0.5235         0.9464         0.9458         0.7400     
------------------------ EPOCH 396 -------------------------
     Loss:       Train acc.:     Val acc.:     Test acc.:   
    0.5235         0.9464         0.9458         0.7400     
------------------------ EPOCH 397 -------------------------
     Loss:       Train acc.:     Val acc.:     Test acc.:   
    0.5235         0.9464         0.9458         0.7400     
------------------------ EPOCH 398 -------------------------
     Loss:       Train acc.:     Val acc.:     Test acc.:   
    0.5235         0.9464         0.9458         0.7400     
------------------------ EPOCH 399 -------------------------
     Loss:       Train acc.:     Val acc.:     Test acc.:   
    0.5235         0.9464         0.9458         0.7400     
------------------------ EPOCH 400 -------------------------
     Loss:       Train acc.:     Val acc.:     Test acc.:   
    0.5235         0.9464         0.9458         0.7400     
------------------------ EPOCH 401 -------------------------
     Loss:       Train acc.:     Val acc.:     Test acc.:   
    0.5234         0.9464         0.9458         0.7400     
------------------------ EPOCH 402 -------------------------
     Loss:       Train acc.:     Val acc.:     Test acc.:   
    0.5234         0.9464         0.9458         0.7400     
------------------------ EPOCH 403 -------------------------
     Loss:       Train acc.:     Val acc.:     Test acc.:   
    0.5234         0.9464         0.9458         0.7400     
------------------------ EPOCH 404 -------------------------
     Loss:       Train acc.:     Val acc.:     Test acc.:   
    0.5234         0.9464         0.9458         0.7400     
------------------------ EPOCH 405 -------------------------
     Loss:       Train acc.:     Val acc.:     Test acc.:   
    0.5234         0.9464         0.9458         0.7400     
------------------------ EPOCH 406 -------------------------
     Loss:       Train acc.:     Val acc.:     Test acc.:   
    0.5234         0.9464         0.9458         0.7400     
------------------------ EPOCH 407 -------------------------
     Loss:       Train acc.:     Val acc.:     Test acc.:   
    0.5234         0.9464         0.9458         0.7400     
------------------------ EPOCH 408 -------------------------
     Loss:       Train acc.:     Val acc.:     Test acc.:   
    0.5234         0.9464         0.9458         0.7400     
------------------------ EPOCH 409 -------------------------
     Loss:       Train acc.:     Val acc.:     Test acc.:   
    0.5234         0.9464         0.9458         0.7400     
------------------------ EPOCH 410 -------------------------
     Loss:       Train acc.:     Val acc.:     Test acc.:   
    0.5234         0.9464         0.9458         0.7400     
------------------------ EPOCH 411 -------------------------
     Loss:       Train acc.:     Val acc.:     Test acc.:   
    0.5234         0.9464         0.9458         0.7400     
------------------------ EPOCH 412 -------------------------
     Loss:       Train acc.:     Val acc.:     Test acc.:   
    0.5234         0.9464         0.9458         0.7400     
------------------------ EPOCH 413 -------------------------
     Loss:       Train acc.:     Val acc.:     Test acc.:   
    0.5234         0.9464         0.9458         0.7400     
------------------------ EPOCH 414 -------------------------
     Loss:       Train acc.:     Val acc.:     Test acc.:   
    0.5234         0.9464         0.9458         0.7400     
------------------------ EPOCH 415 -------------------------
     Loss:       Train acc.:     Val acc.:     Test acc.:   
    0.5234         0.9464         0.9458         0.7400     
------------------------ EPOCH 416 -------------------------
     Loss:       Train acc.:     Val acc.:     Test acc.:   
    0.5234         0.9464         0.9458         0.7400     
------------------------ EPOCH 417 -------------------------
     Loss:       Train acc.:     Val acc.:     Test acc.:   
    0.5234         0.9464         0.9458         0.7400     
------------------------ EPOCH 418 -------------------------
     Loss:       Train acc.:     Val acc.:     Test acc.:   
    0.5234         0.9464         0.9458         0.7400     
------------------------ EPOCH 419 -------------------------
     Loss:       Train acc.:     Val acc.:     Test acc.:   
    0.5234         0.9464         0.9458         0.7400     
------------------------ EPOCH 420 -------------------------
     Loss:       Train acc.:     Val acc.:     Test acc.:   
    0.5234         0.9464         0.9458         0.7400     
------------------------ EPOCH 421 -------------------------
     Loss:       Train acc.:     Val acc.:     Test acc.:   
    0.5234         0.9464         0.9458         0.7400     
------------------------ EPOCH 422 -------------------------
     Loss:       Train acc.:     Val acc.:     Test acc.:   
    0.5234         0.9464         0.9458         0.7400     
------------------------ EPOCH 423 -------------------------
     Loss:       Train acc.:     Val acc.:     Test acc.:   
    0.5234         0.9464         0.9458         0.7400     
------------------------ EPOCH 424 -------------------------
     Loss:       Train acc.:     Val acc.:     Test acc.:   
    0.5234         0.9464         0.9458         0.7400     
------------------------ EPOCH 425 -------------------------
     Loss:       Train acc.:     Val acc.:     Test acc.:   
    0.5234         0.9464         0.9458         0.7400     
------------------------ EPOCH 426 -------------------------
     Loss:       Train acc.:     Val acc.:     Test acc.:   
    0.5234         0.9464         0.9458         0.7400     
------------------------ EPOCH 427 -------------------------
     Loss:       Train acc.:     Val acc.:     Test acc.:   
    0.5234         0.9464         0.9458         0.7400     
------------------------ EPOCH 428 -------------------------
     Loss:       Train acc.:     Val acc.:     Test acc.:   
    0.5234         0.9464         0.9458         0.7400     
------------------------ EPOCH 429 -------------------------
     Loss:       Train acc.:     Val acc.:     Test acc.:   
    0.5234         0.9464         0.9458         0.7400     
------------------------ EPOCH 430 -------------------------
     Loss:       Train acc.:     Val acc.:     Test acc.:   
    0.5234         0.9464         0.9458         0.7400     
------------------------ EPOCH 431 -------------------------
     Loss:       Train acc.:     Val acc.:     Test acc.:   
    0.5234         0.9464         0.9458         0.7400     
------------------------ EPOCH 432 -------------------------
     Loss:       Train acc.:     Val acc.:     Test acc.:   
    0.5234         0.9464         0.9458         0.7400     
------------------------ EPOCH 433 -------------------------
     Loss:       Train acc.:     Val acc.:     Test acc.:   
    0.5234         0.9464         0.9458         0.7400     
------------------------ EPOCH 434 -------------------------
     Loss:       Train acc.:     Val acc.:     Test acc.:   
    0.5234         0.9464         0.9458         0.7400     
------------------------ EPOCH 435 -------------------------
     Loss:       Train acc.:     Val acc.:     Test acc.:   
    0.5234         0.9464         0.9458         0.7400     
------------------------ EPOCH 436 -------------------------
     Loss:       Train acc.:     Val acc.:     Test acc.:   
    0.5234         0.9464         0.9458         0.7400     
------------------------ EPOCH 437 -------------------------
     Loss:       Train acc.:     Val acc.:     Test acc.:   
    0.5234         0.9464         0.9458         0.7400     
------------------------ EPOCH 438 -------------------------
     Loss:       Train acc.:     Val acc.:     Test acc.:   
    0.5234         0.9464         0.9458         0.7400     
------------------------ EPOCH 439 -------------------------
     Loss:       Train acc.:     Val acc.:     Test acc.:   
    0.5234         0.9464         0.9458         0.7400     
------------------------ EPOCH 440 -------------------------
     Loss:       Train acc.:     Val acc.:     Test acc.:   
    0.5234         0.9464         0.9458         0.7400     
------------------------ EPOCH 441 -------------------------
     Loss:       Train acc.:     Val acc.:     Test acc.:   
    0.5234         0.9464         0.9458         0.7400     
------------------------ EPOCH 442 -------------------------
     Loss:       Train acc.:     Val acc.:     Test acc.:   
    0.5234         0.9464         0.9458         0.7400     
------------------------ EPOCH 443 -------------------------
     Loss:       Train acc.:     Val acc.:     Test acc.:   
    0.5234         0.9464         0.9458         0.7400     
------------------------ EPOCH 444 -------------------------
     Loss:       Train acc.:     Val acc.:     Test acc.:   
    0.5234         0.9464         0.9458         0.7400     
------------------------ EPOCH 445 -------------------------
     Loss:       Train acc.:     Val acc.:     Test acc.:   
    0.5234         0.9464         0.9458         0.7400     
------------------------ EPOCH 446 -------------------------
     Loss:       Train acc.:     Val acc.:     Test acc.:   
    0.5234         0.9464         0.9458         0.7400     
------------------------ EPOCH 447 -------------------------
     Loss:       Train acc.:     Val acc.:     Test acc.:   
    0.5234         0.9464         0.9458         0.7400     
------------------------ EPOCH 448 -------------------------
     Loss:       Train acc.:     Val acc.:     Test acc.:   
    0.5234         0.9464         0.9458         0.7400     
------------------------ EPOCH 449 -------------------------
     Loss:       Train acc.:     Val acc.:     Test acc.:   
    0.5234         0.9464         0.9458         0.7400     
------------------------ EPOCH 450 -------------------------
     Loss:       Train acc.:     Val acc.:     Test acc.:   
    0.5234         0.9464         0.9458         0.7400     
------------------------ EPOCH 451 -------------------------
     Loss:       Train acc.:     Val acc.:     Test acc.:   
    0.5234         0.9464         0.9458         0.7400     
------------------------ EPOCH 452 -------------------------
     Loss:       Train acc.:     Val acc.:     Test acc.:   
    0.5234         0.9464         0.9458         0.7400     
------------------------ EPOCH 453 -------------------------
     Loss:       Train acc.:     Val acc.:     Test acc.:   
    0.5234         0.9464         0.9458         0.7400     
------------------------ EPOCH 454 -------------------------
     Loss:       Train acc.:     Val acc.:     Test acc.:   
    0.5234         0.9464         0.9458         0.7400     
------------------------ EPOCH 455 -------------------------
     Loss:       Train acc.:     Val acc.:     Test acc.:   
    0.5234         0.9464         0.9458         0.7400     
------------------------ EPOCH 456 -------------------------
     Loss:       Train acc.:     Val acc.:     Test acc.:   
    0.5234         0.9464         0.9458         0.7400     
------------------------ EPOCH 457 -------------------------
     Loss:       Train acc.:     Val acc.:     Test acc.:   
    0.5234         0.9464         0.9458         0.7400     
------------------------ EPOCH 458 -------------------------
     Loss:       Train acc.:     Val acc.:     Test acc.:   
    0.5234         0.9464         0.9458         0.7400     
------------------------ EPOCH 459 -------------------------
     Loss:       Train acc.:     Val acc.:     Test acc.:   
    0.5234         0.9464         0.9458         0.7400     
------------------------ EPOCH 460 -------------------------
     Loss:       Train acc.:     Val acc.:     Test acc.:   
    0.5234         0.9464         0.9458         0.7400     
------------------------ EPOCH 461 -------------------------
     Loss:       Train acc.:     Val acc.:     Test acc.:   
    0.5234         0.9464         0.9458         0.7400     
------------------------ EPOCH 462 -------------------------
     Loss:       Train acc.:     Val acc.:     Test acc.:   
    0.5234         0.9464         0.9458         0.7400     
------------------------ EPOCH 463 -------------------------
     Loss:       Train acc.:     Val acc.:     Test acc.:   
    0.5234         0.9464         0.9458         0.7400     
------------------------ EPOCH 464 -------------------------
     Loss:       Train acc.:     Val acc.:     Test acc.:   
    0.5234         0.9464         0.9458         0.7400     
------------------------ EPOCH 465 -------------------------
     Loss:       Train acc.:     Val acc.:     Test acc.:   
    0.5234         0.9464         0.9458         0.7400     
------------------------ EPOCH 466 -------------------------
     Loss:       Train acc.:     Val acc.:     Test acc.:   
    0.5234         0.9464         0.9458         0.7400     
------------------------ EPOCH 467 -------------------------
     Loss:       Train acc.:     Val acc.:     Test acc.:   
    0.5234         0.9464         0.9458         0.7400     
------------------------ EPOCH 468 -------------------------
     Loss:       Train acc.:     Val acc.:     Test acc.:   
    0.5234         0.9464         0.9458         0.7400     
------------------------ EPOCH 469 -------------------------
     Loss:       Train acc.:     Val acc.:     Test acc.:   
    0.5234         0.9464         0.9458         0.7400     
------------------------ EPOCH 470 -------------------------
     Loss:       Train acc.:     Val acc.:     Test acc.:   
    0.5234         0.9464         0.9458         0.7400     
------------------------ EPOCH 471 -------------------------
     Loss:       Train acc.:     Val acc.:     Test acc.:   
    0.5234         0.9464         0.9458         0.7400     
------------------------ EPOCH 472 -------------------------
     Loss:       Train acc.:     Val acc.:     Test acc.:   
    0.5234         0.9464         0.9458         0.7400     
------------------------ EPOCH 473 -------------------------
     Loss:       Train acc.:     Val acc.:     Test acc.:   
    0.5234         0.9464         0.9458         0.7400     
------------------------ EPOCH 474 -------------------------
     Loss:       Train acc.:     Val acc.:     Test acc.:   
    0.5234         0.9464         0.9458         0.7400     
------------------------ EPOCH 475 -------------------------
     Loss:       Train acc.:     Val acc.:     Test acc.:   
    0.5234         0.9464         0.9458         0.7400     
------------------------ EPOCH 476 -------------------------
     Loss:       Train acc.:     Val acc.:     Test acc.:   
    0.5234         0.9464         0.9458         0.7400     
------------------------ EPOCH 477 -------------------------
     Loss:       Train acc.:     Val acc.:     Test acc.:   
    0.5234         0.9464         0.9458         0.7400     
------------------------ EPOCH 478 -------------------------
     Loss:       Train acc.:     Val acc.:     Test acc.:   
    0.5234         0.9464         0.9458         0.7400     
------------------------ EPOCH 479 -------------------------
     Loss:       Train acc.:     Val acc.:     Test acc.:   
    0.5234         0.9464         0.9458         0.7400     
------------------------ EPOCH 480 -------------------------
     Loss:       Train acc.:     Val acc.:     Test acc.:   
    0.5234         0.9464         0.9458         0.7400     
------------------------ EPOCH 481 -------------------------
     Loss:       Train acc.:     Val acc.:     Test acc.:   
    0.5234         0.9464         0.9458         0.7400     
------------------------ EPOCH 482 -------------------------
     Loss:       Train acc.:     Val acc.:     Test acc.:   
    0.5234         0.9464         0.9458         0.7400     
------------------------ EPOCH 483 -------------------------
     Loss:       Train acc.:     Val acc.:     Test acc.:   
    0.5234         0.9464         0.9458         0.7400     
------------------------ EPOCH 484 -------------------------
     Loss:       Train acc.:     Val acc.:     Test acc.:   
    0.5234         0.9464         0.9458         0.7400     
------------------------ EPOCH 485 -------------------------
     Loss:       Train acc.:     Val acc.:     Test acc.:   
    0.5234         0.9464         0.9458         0.7400     
------------------------ EPOCH 486 -------------------------
     Loss:       Train acc.:     Val acc.:     Test acc.:   
    0.5234         0.9464         0.9458         0.7400     
------------------------ EPOCH 487 -------------------------
     Loss:       Train acc.:     Val acc.:     Test acc.:   
    0.5234         0.9464         0.9458         0.7400     
------------------------ EPOCH 488 -------------------------
     Loss:       Train acc.:     Val acc.:     Test acc.:   
    0.5234         0.9464         0.9458         0.7400     
------------------------ EPOCH 489 -------------------------
     Loss:       Train acc.:     Val acc.:     Test acc.:   
    0.5234         0.9464         0.9458         0.7400     
------------------------ EPOCH 490 -------------------------
     Loss:       Train acc.:     Val acc.:     Test acc.:   
    0.5234         0.9464         0.9458         0.7400     
------------------------ EPOCH 491 -------------------------
     Loss:       Train acc.:     Val acc.:     Test acc.:   
    0.5234         0.9464         0.9458         0.7400     
------------------------ EPOCH 492 -------------------------
     Loss:       Train acc.:     Val acc.:     Test acc.:   
    0.5234         0.9464         0.9458         0.7400     
------------------------ EPOCH 493 -------------------------
     Loss:       Train acc.:     Val acc.:     Test acc.:   
    0.5234         0.9464         0.9458         0.7400     
------------------------ EPOCH 494 -------------------------
     Loss:       Train acc.:     Val acc.:     Test acc.:   
    0.5234         0.9464         0.9458         0.7400     
------------------------ EPOCH 495 -------------------------
     Loss:       Train acc.:     Val acc.:     Test acc.:   
    0.5234         0.9464         0.9458         0.7400     
------------------------ EPOCH 496 -------------------------
     Loss:       Train acc.:     Val acc.:     Test acc.:   
    0.5234         0.9464         0.9458         0.7400     
------------------------ EPOCH 497 -------------------------
     Loss:       Train acc.:     Val acc.:     Test acc.:   
    0.5234         0.9464         0.9458         0.7400     
------------------------ EPOCH 498 -------------------------
     Loss:       Train acc.:     Val acc.:     Test acc.:   
    0.5234         0.9464         0.9458         0.7400     
------------------------ EPOCH 499 -------------------------
     Loss:       Train acc.:     Val acc.:     Test acc.:   
    0.5234         0.9464         0.9458         0.7400     
------------------------ EPOCH 500 -------------------------
     Loss:       Train acc.:     Val acc.:     Test acc.:   
    0.5234         0.9464         0.9458         0.7400     
------------------------------------------------------------
Finished
