

Training the decomposed version with rank 80


------------------------ EPOCH   1 -------------------------
     Loss:       Train acc.:     Val acc.:     Test acc.:   
    0.6941         0.4927         0.4909         0.5000     
------------------------ EPOCH   2 -------------------------
     Loss:       Train acc.:     Val acc.:     Test acc.:   
    0.6937         0.4845         0.4727         0.5400     
------------------------ EPOCH   3 -------------------------
     Loss:       Train acc.:     Val acc.:     Test acc.:   
    0.6933         0.4745         0.4584         0.5800     
------------------------ EPOCH   4 -------------------------
     Loss:       Train acc.:     Val acc.:     Test acc.:   
    0.6930         0.5155         0.5199         0.4800     
------------------------ EPOCH   5 -------------------------
     Loss:       Train acc.:     Val acc.:     Test acc.:   
    0.6927         0.5391         0.5669         0.5000     
------------------------ EPOCH   6 -------------------------
     Loss:       Train acc.:     Val acc.:     Test acc.:   
    0.6925         0.5391         0.5559         0.5000     
------------------------ EPOCH   7 -------------------------
     Loss:       Train acc.:     Val acc.:     Test acc.:   
    0.6923         0.5309         0.5306         0.5000     
------------------------ EPOCH   8 -------------------------
     Loss:       Train acc.:     Val acc.:     Test acc.:   
    0.6921         0.5273         0.5197         0.5000     
------------------------ EPOCH   9 -------------------------
     Loss:       Train acc.:     Val acc.:     Test acc.:   
    0.6919         0.5255         0.5197         0.5000     
------------------------ EPOCH  10 -------------------------
     Loss:       Train acc.:     Val acc.:     Test acc.:   
    0.6918         0.5236         0.5162         0.5000     
------------------------ EPOCH  11 -------------------------
     Loss:       Train acc.:     Val acc.:     Test acc.:   
    0.6916         0.5227         0.5162         0.5000     
------------------------ EPOCH  12 -------------------------
     Loss:       Train acc.:     Val acc.:     Test acc.:   
    0.6915         0.5227         0.5162         0.5000     
------------------------ EPOCH  13 -------------------------
     Loss:       Train acc.:     Val acc.:     Test acc.:   
    0.6913         0.5227         0.5126         0.5000     
------------------------ EPOCH  14 -------------------------
     Loss:       Train acc.:     Val acc.:     Test acc.:   
    0.6912         0.5227         0.5162         0.5000     
------------------------ EPOCH  15 -------------------------
     Loss:       Train acc.:     Val acc.:     Test acc.:   
    0.6910         0.5227         0.5162         0.5000     
------------------------ EPOCH  16 -------------------------
     Loss:       Train acc.:     Val acc.:     Test acc.:   
    0.6909         0.5227         0.5162         0.5000     
------------------------ EPOCH  17 -------------------------
     Loss:       Train acc.:     Val acc.:     Test acc.:   
    0.6908         0.5236         0.5162         0.5000     
------------------------ EPOCH  18 -------------------------
     Loss:       Train acc.:     Val acc.:     Test acc.:   
    0.6906         0.5227         0.5162         0.5000     
------------------------ EPOCH  19 -------------------------
     Loss:       Train acc.:     Val acc.:     Test acc.:   
    0.6905         0.5236         0.5162         0.5000     
------------------------ EPOCH  20 -------------------------
     Loss:       Train acc.:     Val acc.:     Test acc.:   
    0.6904         0.5236         0.5199         0.5000     
------------------------ EPOCH  21 -------------------------
     Loss:       Train acc.:     Val acc.:     Test acc.:   
    0.6902         0.5245         0.5199         0.5000     
------------------------ EPOCH  22 -------------------------
     Loss:       Train acc.:     Val acc.:     Test acc.:   
    0.6901         0.5245         0.5199         0.5000     
------------------------ EPOCH  23 -------------------------
     Loss:       Train acc.:     Val acc.:     Test acc.:   
    0.6900         0.5264         0.5235         0.5000     
------------------------ EPOCH  24 -------------------------
     Loss:       Train acc.:     Val acc.:     Test acc.:   
    0.6898         0.5282         0.5235         0.5000     
------------------------ EPOCH  25 -------------------------
     Loss:       Train acc.:     Val acc.:     Test acc.:   
    0.6897         0.5282         0.5235         0.5000     
------------------------ EPOCH  26 -------------------------
     Loss:       Train acc.:     Val acc.:     Test acc.:   
    0.6896         0.5318         0.5271         0.5000     
------------------------ EPOCH  27 -------------------------
     Loss:       Train acc.:     Val acc.:     Test acc.:   
    0.6894         0.5336         0.5271         0.5000     
------------------------ EPOCH  28 -------------------------
     Loss:       Train acc.:     Val acc.:     Test acc.:   
    0.6893         0.5336         0.5307         0.5000     
------------------------ EPOCH  29 -------------------------
     Loss:       Train acc.:     Val acc.:     Test acc.:   
    0.6891         0.5391         0.5560         0.5000     
------------------------ EPOCH  30 -------------------------
     Loss:       Train acc.:     Val acc.:     Test acc.:   
    0.6889         0.5436         0.5668         0.5000     
------------------------ EPOCH  31 -------------------------
     Loss:       Train acc.:     Val acc.:     Test acc.:   
    0.6888         0.5464         0.5668         0.5000     
------------------------ EPOCH  32 -------------------------
     Loss:       Train acc.:     Val acc.:     Test acc.:   
    0.6886         0.5509         0.5705         0.5000     
------------------------ EPOCH  33 -------------------------
     Loss:       Train acc.:     Val acc.:     Test acc.:   
    0.6884         0.5564         0.5777         0.5000     
------------------------ EPOCH  34 -------------------------
     Loss:       Train acc.:     Val acc.:     Test acc.:   
    0.6882         0.5645         0.5777         0.5000     
------------------------ EPOCH  35 -------------------------
     Loss:       Train acc.:     Val acc.:     Test acc.:   
    0.6881         0.5727         0.5958         0.5000     
------------------------ EPOCH  36 -------------------------
     Loss:       Train acc.:     Val acc.:     Test acc.:   
    0.6879         0.5782         0.6031         0.5000     
------------------------ EPOCH  37 -------------------------
     Loss:       Train acc.:     Val acc.:     Test acc.:   
    0.6877         0.5873         0.6066         0.5000     
------------------------ EPOCH  38 -------------------------
     Loss:       Train acc.:     Val acc.:     Test acc.:   
    0.6874         0.5973         0.6283         0.5000     
------------------------ EPOCH  39 -------------------------
     Loss:       Train acc.:     Val acc.:     Test acc.:   
    0.6872         0.6064         0.6355         0.5000     
------------------------ EPOCH  40 -------------------------
     Loss:       Train acc.:     Val acc.:     Test acc.:   
    0.6870         0.6164         0.6501         0.5000     
------------------------ EPOCH  41 -------------------------
     Loss:       Train acc.:     Val acc.:     Test acc.:   
    0.6868         0.6236         0.6573         0.5200     
------------------------ EPOCH  42 -------------------------
     Loss:       Train acc.:     Val acc.:     Test acc.:   
    0.6865         0.6336         0.6609         0.5200     
------------------------ EPOCH  43 -------------------------
     Loss:       Train acc.:     Val acc.:     Test acc.:   
    0.6863         0.6455         0.6753         0.5400     
------------------------ EPOCH  44 -------------------------
     Loss:       Train acc.:     Val acc.:     Test acc.:   
    0.6860         0.6555         0.6753         0.5400     
------------------------ EPOCH  45 -------------------------
     Loss:       Train acc.:     Val acc.:     Test acc.:   
    0.6858         0.6673         0.6790         0.5400     
------------------------ EPOCH  46 -------------------------
     Loss:       Train acc.:     Val acc.:     Test acc.:   
    0.6855         0.6755         0.6825         0.5400     
------------------------ EPOCH  47 -------------------------
     Loss:       Train acc.:     Val acc.:     Test acc.:   
    0.6852         0.6936         0.6933         0.5600     
------------------------ EPOCH  48 -------------------------
     Loss:       Train acc.:     Val acc.:     Test acc.:   
    0.6849         0.7091         0.7115         0.5600     
------------------------ EPOCH  49 -------------------------
     Loss:       Train acc.:     Val acc.:     Test acc.:   
    0.6846         0.7227         0.7259         0.5800     
------------------------ EPOCH  50 -------------------------
     Loss:       Train acc.:     Val acc.:     Test acc.:   
    0.6843         0.7318         0.7403         0.5800     
------------------------ EPOCH  51 -------------------------
     Loss:       Train acc.:     Val acc.:     Test acc.:   
    0.6840         0.7391         0.7475         0.5800     
------------------------ EPOCH  52 -------------------------
     Loss:       Train acc.:     Val acc.:     Test acc.:   
    0.6836         0.7509         0.7547         0.5800     
------------------------ EPOCH  53 -------------------------
     Loss:       Train acc.:     Val acc.:     Test acc.:   
    0.6833         0.7691         0.7763         0.6000     
------------------------ EPOCH  54 -------------------------
     Loss:       Train acc.:     Val acc.:     Test acc.:   
    0.6829         0.7845         0.7943         0.6000     
------------------------ EPOCH  55 -------------------------
     Loss:       Train acc.:     Val acc.:     Test acc.:   
    0.6825         0.8027         0.8015         0.6200     
------------------------ EPOCH  56 -------------------------
     Loss:       Train acc.:     Val acc.:     Test acc.:   
    0.6821         0.8164         0.8195         0.6000     
------------------------ EPOCH  57 -------------------------
     Loss:       Train acc.:     Val acc.:     Test acc.:   
    0.6817         0.8300         0.8268         0.6000     
------------------------ EPOCH  58 -------------------------
     Loss:       Train acc.:     Val acc.:     Test acc.:   
    0.6813         0.8400         0.8340         0.6000     
------------------------ EPOCH  59 -------------------------
     Loss:       Train acc.:     Val acc.:     Test acc.:   
    0.6809         0.8473         0.8449         0.6200     
------------------------ EPOCH  60 -------------------------
     Loss:       Train acc.:     Val acc.:     Test acc.:   
    0.6804         0.8509         0.8630         0.6200     
------------------------ EPOCH  61 -------------------------
     Loss:       Train acc.:     Val acc.:     Test acc.:   
    0.6799         0.8564         0.8703         0.6200     
------------------------ EPOCH  62 -------------------------
     Loss:       Train acc.:     Val acc.:     Test acc.:   
    0.6794         0.8636         0.8703         0.6400     
------------------------ EPOCH  63 -------------------------
     Loss:       Train acc.:     Val acc.:     Test acc.:   
    0.6789         0.8673         0.8775         0.6400     
------------------------ EPOCH  64 -------------------------
     Loss:       Train acc.:     Val acc.:     Test acc.:   
    0.6784         0.8745         0.8810         0.6600     
------------------------ EPOCH  65 -------------------------
     Loss:       Train acc.:     Val acc.:     Test acc.:   
    0.6779         0.8809         0.8846         0.6600     
------------------------ EPOCH  66 -------------------------
     Loss:       Train acc.:     Val acc.:     Test acc.:   
    0.6773         0.8891         0.8918         0.6600     
------------------------ EPOCH  67 -------------------------
     Loss:       Train acc.:     Val acc.:     Test acc.:   
    0.6768         0.8936         0.9025         0.6600     
------------------------ EPOCH  68 -------------------------
     Loss:       Train acc.:     Val acc.:     Test acc.:   
    0.6762         0.9000         0.9025         0.6800     
------------------------ EPOCH  69 -------------------------
     Loss:       Train acc.:     Val acc.:     Test acc.:   
    0.6755         0.9018         0.9025         0.7000     
------------------------ EPOCH  70 -------------------------
     Loss:       Train acc.:     Val acc.:     Test acc.:   
    0.6749         0.9064         0.9134         0.7200     
------------------------ EPOCH  71 -------------------------
     Loss:       Train acc.:     Val acc.:     Test acc.:   
    0.6742         0.9064         0.9170         0.7200     
------------------------ EPOCH  72 -------------------------
     Loss:       Train acc.:     Val acc.:     Test acc.:   
    0.6736         0.9100         0.9170         0.7200     
------------------------ EPOCH  73 -------------------------
     Loss:       Train acc.:     Val acc.:     Test acc.:   
    0.6729         0.9109         0.9206         0.7200     
------------------------ EPOCH  74 -------------------------
     Loss:       Train acc.:     Val acc.:     Test acc.:   
    0.6721         0.9109         0.9243         0.7200     
------------------------ EPOCH  75 -------------------------
     Loss:       Train acc.:     Val acc.:     Test acc.:   
    0.6714         0.9155         0.9243         0.7200     
------------------------ EPOCH  76 -------------------------
     Loss:       Train acc.:     Val acc.:     Test acc.:   
    0.6706         0.9173         0.9243         0.7200     
------------------------ EPOCH  77 -------------------------
     Loss:       Train acc.:     Val acc.:     Test acc.:   
    0.6698         0.9209         0.9243         0.7200     
------------------------ EPOCH  78 -------------------------
     Loss:       Train acc.:     Val acc.:     Test acc.:   
    0.6690         0.9236         0.9279         0.7400     
------------------------ EPOCH  79 -------------------------
     Loss:       Train acc.:     Val acc.:     Test acc.:   
    0.6681         0.9245         0.9279         0.7600     
------------------------ EPOCH  80 -------------------------
     Loss:       Train acc.:     Val acc.:     Test acc.:   
    0.6673         0.9264         0.9279         0.7600     
------------------------ EPOCH  81 -------------------------
     Loss:       Train acc.:     Val acc.:     Test acc.:   
    0.6664         0.9291         0.9279         0.7600     
------------------------ EPOCH  82 -------------------------
     Loss:       Train acc.:     Val acc.:     Test acc.:   
    0.6654         0.9327         0.9315         0.7600     
------------------------ EPOCH  83 -------------------------
     Loss:       Train acc.:     Val acc.:     Test acc.:   
    0.6645         0.9345         0.9351         0.7600     
------------------------ EPOCH  84 -------------------------
     Loss:       Train acc.:     Val acc.:     Test acc.:   
    0.6635         0.9364         0.9351         0.7800     
------------------------ EPOCH  85 -------------------------
     Loss:       Train acc.:     Val acc.:     Test acc.:   
    0.6625         0.9382         0.9387         0.7800     
------------------------ EPOCH  86 -------------------------
     Loss:       Train acc.:     Val acc.:     Test acc.:   
    0.6614         0.9409         0.9387         0.8000     
------------------------ EPOCH  87 -------------------------
     Loss:       Train acc.:     Val acc.:     Test acc.:   
    0.6603         0.9427         0.9387         0.8000     
------------------------ EPOCH  88 -------------------------
     Loss:       Train acc.:     Val acc.:     Test acc.:   
    0.6592         0.9427         0.9387         0.8000     
------------------------ EPOCH  89 -------------------------
     Loss:       Train acc.:     Val acc.:     Test acc.:   
    0.6581         0.9455         0.9387         0.8000     
------------------------ EPOCH  90 -------------------------
     Loss:       Train acc.:     Val acc.:     Test acc.:   
    0.6569         0.9473         0.9423         0.8000     
------------------------ EPOCH  91 -------------------------
     Loss:       Train acc.:     Val acc.:     Test acc.:   
    0.6557         0.9518         0.9459         0.8000     
------------------------ EPOCH  92 -------------------------
     Loss:       Train acc.:     Val acc.:     Test acc.:   
    0.6545         0.9518         0.9459         0.8000     
------------------------ EPOCH  93 -------------------------
     Loss:       Train acc.:     Val acc.:     Test acc.:   
    0.6533         0.9536         0.9495         0.8000     
------------------------ EPOCH  94 -------------------------
     Loss:       Train acc.:     Val acc.:     Test acc.:   
    0.6520         0.9545         0.9495         0.8000     
------------------------ EPOCH  95 -------------------------
     Loss:       Train acc.:     Val acc.:     Test acc.:   
    0.6506         0.9555         0.9531         0.8000     
------------------------ EPOCH  96 -------------------------
     Loss:       Train acc.:     Val acc.:     Test acc.:   
    0.6493         0.9555         0.9567         0.8000     
------------------------ EPOCH  97 -------------------------
     Loss:       Train acc.:     Val acc.:     Test acc.:   
    0.6479         0.9573         0.9603         0.8000     
------------------------ EPOCH  98 -------------------------
     Loss:       Train acc.:     Val acc.:     Test acc.:   
    0.6465         0.9591         0.9675         0.8000     
------------------------ EPOCH  99 -------------------------
     Loss:       Train acc.:     Val acc.:     Test acc.:   
    0.6450         0.9591         0.9675         0.8000     
------------------------ EPOCH 100 -------------------------
     Loss:       Train acc.:     Val acc.:     Test acc.:   
    0.6436         0.9591         0.9675         0.8200     
------------------------ EPOCH 101 -------------------------
     Loss:       Train acc.:     Val acc.:     Test acc.:   
    0.6421         0.9591         0.9675         0.8200     
------------------------ EPOCH 102 -------------------------
     Loss:       Train acc.:     Val acc.:     Test acc.:   
    0.6405         0.9600         0.9675         0.8200     
------------------------ EPOCH 103 -------------------------
     Loss:       Train acc.:     Val acc.:     Test acc.:   
    0.6389         0.9609         0.9675         0.8200     
------------------------ EPOCH 104 -------------------------
     Loss:       Train acc.:     Val acc.:     Test acc.:   
    0.6374         0.9609         0.9675         0.8200     
------------------------ EPOCH 105 -------------------------
     Loss:       Train acc.:     Val acc.:     Test acc.:   
    0.6357         0.9609         0.9675         0.8200     
------------------------ EPOCH 106 -------------------------
     Loss:       Train acc.:     Val acc.:     Test acc.:   
    0.6341         0.9618         0.9675         0.8200     
------------------------ EPOCH 107 -------------------------
     Loss:       Train acc.:     Val acc.:     Test acc.:   
    0.6324         0.9618         0.9639         0.8200     
------------------------ EPOCH 108 -------------------------
     Loss:       Train acc.:     Val acc.:     Test acc.:   
    0.6307         0.9600         0.9639         0.8200     
------------------------ EPOCH 109 -------------------------
     Loss:       Train acc.:     Val acc.:     Test acc.:   
    0.6290         0.9591         0.9639         0.8200     
------------------------ EPOCH 110 -------------------------
     Loss:       Train acc.:     Val acc.:     Test acc.:   
    0.6272         0.9600         0.9639         0.8200     
------------------------ EPOCH 111 -------------------------
     Loss:       Train acc.:     Val acc.:     Test acc.:   
    0.6254         0.9609         0.9639         0.8200     
------------------------ EPOCH 112 -------------------------
     Loss:       Train acc.:     Val acc.:     Test acc.:   
    0.6236         0.9609         0.9675         0.8200     
------------------------ EPOCH 113 -------------------------
     Loss:       Train acc.:     Val acc.:     Test acc.:   
    0.6218         0.9609         0.9675         0.8200     
------------------------ EPOCH 114 -------------------------
     Loss:       Train acc.:     Val acc.:     Test acc.:   
    0.6200         0.9618         0.9675         0.8200     
------------------------ EPOCH 115 -------------------------
     Loss:       Train acc.:     Val acc.:     Test acc.:   
    0.6181         0.9618         0.9675         0.8200     
------------------------ EPOCH 116 -------------------------
     Loss:       Train acc.:     Val acc.:     Test acc.:   
    0.6162         0.9618         0.9675         0.8200     
------------------------ EPOCH 117 -------------------------
     Loss:       Train acc.:     Val acc.:     Test acc.:   
    0.6143         0.9618         0.9675         0.8200     
------------------------ EPOCH 118 -------------------------
     Loss:       Train acc.:     Val acc.:     Test acc.:   
    0.6124         0.9618         0.9675         0.8200     
------------------------ EPOCH 119 -------------------------
     Loss:       Train acc.:     Val acc.:     Test acc.:   
    0.6105         0.9618         0.9675         0.8200     
------------------------ EPOCH 120 -------------------------
     Loss:       Train acc.:     Val acc.:     Test acc.:   
    0.6086         0.9618         0.9675         0.8200     
------------------------ EPOCH 121 -------------------------
     Loss:       Train acc.:     Val acc.:     Test acc.:   
    0.6067         0.9618         0.9675         0.8200     
------------------------ EPOCH 122 -------------------------
     Loss:       Train acc.:     Val acc.:     Test acc.:   
    0.6048         0.9618         0.9675         0.8200     
------------------------ EPOCH 123 -------------------------
     Loss:       Train acc.:     Val acc.:     Test acc.:   
    0.6028         0.9618         0.9675         0.8200     
------------------------ EPOCH 124 -------------------------
     Loss:       Train acc.:     Val acc.:     Test acc.:   
    0.6009         0.9618         0.9675         0.8200     
------------------------ EPOCH 125 -------------------------
     Loss:       Train acc.:     Val acc.:     Test acc.:   
    0.5990         0.9618         0.9675         0.8200     
------------------------ EPOCH 126 -------------------------
     Loss:       Train acc.:     Val acc.:     Test acc.:   
    0.5970         0.9609         0.9675         0.8200     
------------------------ EPOCH 127 -------------------------
     Loss:       Train acc.:     Val acc.:     Test acc.:   
    0.5951         0.9609         0.9675         0.8200     
------------------------ EPOCH 128 -------------------------
     Loss:       Train acc.:     Val acc.:     Test acc.:   
    0.5932         0.9609         0.9675         0.8200     
------------------------ EPOCH 129 -------------------------
     Loss:       Train acc.:     Val acc.:     Test acc.:   
    0.5912         0.9609         0.9675         0.8200     
------------------------ EPOCH 130 -------------------------
     Loss:       Train acc.:     Val acc.:     Test acc.:   
    0.5893         0.9609         0.9675         0.8200     
------------------------ EPOCH 131 -------------------------
     Loss:       Train acc.:     Val acc.:     Test acc.:   
    0.5874         0.9609         0.9675         0.8200     
------------------------ EPOCH 132 -------------------------
     Loss:       Train acc.:     Val acc.:     Test acc.:   
    0.5856         0.9609         0.9675         0.8200     
------------------------ EPOCH 133 -------------------------
     Loss:       Train acc.:     Val acc.:     Test acc.:   
    0.5837         0.9609         0.9675         0.8200     
------------------------ EPOCH 134 -------------------------
     Loss:       Train acc.:     Val acc.:     Test acc.:   
    0.5819         0.9609         0.9675         0.8200     
------------------------ EPOCH 135 -------------------------
     Loss:       Train acc.:     Val acc.:     Test acc.:   
    0.5800         0.9600         0.9675         0.8200     
------------------------ EPOCH 136 -------------------------
     Loss:       Train acc.:     Val acc.:     Test acc.:   
    0.5782         0.9600         0.9675         0.8200     
------------------------ EPOCH 137 -------------------------
     Loss:       Train acc.:     Val acc.:     Test acc.:   
    0.5764         0.9600         0.9675         0.8200     
------------------------ EPOCH 138 -------------------------
     Loss:       Train acc.:     Val acc.:     Test acc.:   
    0.5746         0.9600         0.9675         0.8200     
------------------------ EPOCH 139 -------------------------
     Loss:       Train acc.:     Val acc.:     Test acc.:   
    0.5729         0.9600         0.9675         0.8200     
------------------------ EPOCH 140 -------------------------
     Loss:       Train acc.:     Val acc.:     Test acc.:   
    0.5712         0.9600         0.9675         0.8200     
------------------------ EPOCH 141 -------------------------
     Loss:       Train acc.:     Val acc.:     Test acc.:   
    0.5695         0.9600         0.9640         0.8200     
------------------------ EPOCH 142 -------------------------
     Loss:       Train acc.:     Val acc.:     Test acc.:   
    0.5678         0.9600         0.9640         0.8200     
------------------------ EPOCH 143 -------------------------
     Loss:       Train acc.:     Val acc.:     Test acc.:   
    0.5662         0.9600         0.9640         0.8000     
------------------------ EPOCH 144 -------------------------
     Loss:       Train acc.:     Val acc.:     Test acc.:   
    0.5645         0.9600         0.9640         0.8000     
------------------------ EPOCH 145 -------------------------
     Loss:       Train acc.:     Val acc.:     Test acc.:   
    0.5630         0.9600         0.9640         0.8000     
------------------------ EPOCH 146 -------------------------
     Loss:       Train acc.:     Val acc.:     Test acc.:   
    0.5614         0.9600         0.9640         0.8000     
------------------------ EPOCH 147 -------------------------
     Loss:       Train acc.:     Val acc.:     Test acc.:   
    0.5599         0.9609         0.9640         0.8000     
------------------------ EPOCH 148 -------------------------
     Loss:       Train acc.:     Val acc.:     Test acc.:   
    0.5584         0.9609         0.9640         0.8000     
------------------------ EPOCH 149 -------------------------
     Loss:       Train acc.:     Val acc.:     Test acc.:   
    0.5569         0.9609         0.9640         0.8000     
------------------------ EPOCH 150 -------------------------
     Loss:       Train acc.:     Val acc.:     Test acc.:   
    0.5555         0.9609         0.9640         0.8000     
------------------------ EPOCH 151 -------------------------
     Loss:       Train acc.:     Val acc.:     Test acc.:   
    0.5541         0.9609         0.9640         0.8000     
------------------------ EPOCH 152 -------------------------
     Loss:       Train acc.:     Val acc.:     Test acc.:   
    0.5527         0.9609         0.9640         0.8000     
------------------------ EPOCH 153 -------------------------
     Loss:       Train acc.:     Val acc.:     Test acc.:   
    0.5513         0.9609         0.9640         0.8000     
------------------------ EPOCH 154 -------------------------
     Loss:       Train acc.:     Val acc.:     Test acc.:   
    0.5500         0.9609         0.9640         0.8000     
------------------------ EPOCH 155 -------------------------
     Loss:       Train acc.:     Val acc.:     Test acc.:   
    0.5487         0.9609         0.9640         0.8000     
------------------------ EPOCH 156 -------------------------
     Loss:       Train acc.:     Val acc.:     Test acc.:   
    0.5475         0.9609         0.9640         0.8000     
------------------------ EPOCH 157 -------------------------
     Loss:       Train acc.:     Val acc.:     Test acc.:   
    0.5463         0.9618         0.9640         0.8000     
------------------------ EPOCH 158 -------------------------
     Loss:       Train acc.:     Val acc.:     Test acc.:   
    0.5451         0.9618         0.9640         0.8000     
------------------------ EPOCH 159 -------------------------
     Loss:       Train acc.:     Val acc.:     Test acc.:   
    0.5439         0.9618         0.9640         0.8000     
------------------------ EPOCH 160 -------------------------
     Loss:       Train acc.:     Val acc.:     Test acc.:   
    0.5428         0.9618         0.9640         0.8000     
------------------------ EPOCH 161 -------------------------
     Loss:       Train acc.:     Val acc.:     Test acc.:   
    0.5417         0.9618         0.9640         0.8000     
------------------------ EPOCH 162 -------------------------
     Loss:       Train acc.:     Val acc.:     Test acc.:   
    0.5406         0.9618         0.9640         0.8000     
------------------------ EPOCH 163 -------------------------
     Loss:       Train acc.:     Val acc.:     Test acc.:   
    0.5396         0.9618         0.9640         0.8000     
------------------------ EPOCH 164 -------------------------
     Loss:       Train acc.:     Val acc.:     Test acc.:   
    0.5386         0.9618         0.9640         0.8000     
------------------------ EPOCH 165 -------------------------
     Loss:       Train acc.:     Val acc.:     Test acc.:   
    0.5376         0.9618         0.9640         0.8000     
------------------------ EPOCH 166 -------------------------
     Loss:       Train acc.:     Val acc.:     Test acc.:   
    0.5366         0.9618         0.9640         0.8000     
------------------------ EPOCH 167 -------------------------
     Loss:       Train acc.:     Val acc.:     Test acc.:   
    0.5357         0.9618         0.9640         0.8000     
------------------------ EPOCH 168 -------------------------
     Loss:       Train acc.:     Val acc.:     Test acc.:   
    0.5348         0.9618         0.9640         0.8000     
------------------------ EPOCH 169 -------------------------
     Loss:       Train acc.:     Val acc.:     Test acc.:   
    0.5339         0.9618         0.9640         0.8000     
------------------------ EPOCH 170 -------------------------
     Loss:       Train acc.:     Val acc.:     Test acc.:   
    0.5331         0.9618         0.9640         0.8000     
------------------------ EPOCH 171 -------------------------
     Loss:       Train acc.:     Val acc.:     Test acc.:   
    0.5323         0.9618         0.9640         0.7800     
------------------------ EPOCH 172 -------------------------
     Loss:       Train acc.:     Val acc.:     Test acc.:   
    0.5315         0.9618         0.9640         0.7800     
------------------------ EPOCH 173 -------------------------
     Loss:       Train acc.:     Val acc.:     Test acc.:   
    0.5307         0.9618         0.9640         0.7600     
------------------------ EPOCH 174 -------------------------
     Loss:       Train acc.:     Val acc.:     Test acc.:   
    0.5300         0.9618         0.9640         0.7600     
------------------------ EPOCH 175 -------------------------
     Loss:       Train acc.:     Val acc.:     Test acc.:   
    0.5292         0.9618         0.9640         0.7600     
------------------------ EPOCH 176 -------------------------
     Loss:       Train acc.:     Val acc.:     Test acc.:   
    0.5285         0.9618         0.9640         0.7600     
------------------------ EPOCH 177 -------------------------
     Loss:       Train acc.:     Val acc.:     Test acc.:   
    0.5278         0.9618         0.9640         0.7600     
------------------------ EPOCH 178 -------------------------
     Loss:       Train acc.:     Val acc.:     Test acc.:   
    0.5272         0.9618         0.9640         0.7600     
------------------------ EPOCH 179 -------------------------
     Loss:       Train acc.:     Val acc.:     Test acc.:   
    0.5265         0.9618         0.9640         0.7600     
------------------------ EPOCH 180 -------------------------
     Loss:       Train acc.:     Val acc.:     Test acc.:   
    0.5259         0.9618         0.9640         0.7600     
------------------------ EPOCH 181 -------------------------
     Loss:       Train acc.:     Val acc.:     Test acc.:   
    0.5253         0.9618         0.9640         0.7600     
------------------------ EPOCH 182 -------------------------
     Loss:       Train acc.:     Val acc.:     Test acc.:   
    0.5247         0.9618         0.9640         0.7600     
------------------------ EPOCH 183 -------------------------
     Loss:       Train acc.:     Val acc.:     Test acc.:   
    0.5242         0.9618         0.9640         0.7600     
------------------------ EPOCH 184 -------------------------
     Loss:       Train acc.:     Val acc.:     Test acc.:   
    0.5236         0.9618         0.9640         0.7600     
------------------------ EPOCH 185 -------------------------
     Loss:       Train acc.:     Val acc.:     Test acc.:   
    0.5231         0.9618         0.9640         0.7600     
------------------------ EPOCH 186 -------------------------
     Loss:       Train acc.:     Val acc.:     Test acc.:   
    0.5226         0.9618         0.9640         0.7600     
------------------------ EPOCH 187 -------------------------
     Loss:       Train acc.:     Val acc.:     Test acc.:   
    0.5221         0.9618         0.9640         0.7600     
------------------------ EPOCH 188 -------------------------
     Loss:       Train acc.:     Val acc.:     Test acc.:   
    0.5216         0.9618         0.9640         0.7600     
------------------------ EPOCH 189 -------------------------
     Loss:       Train acc.:     Val acc.:     Test acc.:   
    0.5212         0.9618         0.9640         0.7600     
------------------------ EPOCH 190 -------------------------
     Loss:       Train acc.:     Val acc.:     Test acc.:   
    0.5207         0.9618         0.9640         0.7600     
------------------------ EPOCH 191 -------------------------
     Loss:       Train acc.:     Val acc.:     Test acc.:   
    0.5203         0.9618         0.9640         0.7600     
------------------------ EPOCH 192 -------------------------
     Loss:       Train acc.:     Val acc.:     Test acc.:   
    0.5199         0.9618         0.9640         0.7600     
------------------------ EPOCH 193 -------------------------
     Loss:       Train acc.:     Val acc.:     Test acc.:   
    0.5195         0.9618         0.9640         0.7600     
------------------------ EPOCH 194 -------------------------
     Loss:       Train acc.:     Val acc.:     Test acc.:   
    0.5191         0.9618         0.9640         0.7600     
------------------------ EPOCH 195 -------------------------
     Loss:       Train acc.:     Val acc.:     Test acc.:   
    0.5187         0.9618         0.9640         0.7600     
------------------------ EPOCH 196 -------------------------
     Loss:       Train acc.:     Val acc.:     Test acc.:   
    0.5184         0.9618         0.9640         0.7600     
------------------------ EPOCH 197 -------------------------
     Loss:       Train acc.:     Val acc.:     Test acc.:   
    0.5180         0.9618         0.9640         0.7600     
------------------------ EPOCH 198 -------------------------
     Loss:       Train acc.:     Val acc.:     Test acc.:   
    0.5177         0.9618         0.9640         0.7600     
------------------------ EPOCH 199 -------------------------
     Loss:       Train acc.:     Val acc.:     Test acc.:   
    0.5173         0.9618         0.9640         0.7600     
------------------------ EPOCH 200 -------------------------
     Loss:       Train acc.:     Val acc.:     Test acc.:   
    0.5170         0.9618         0.9640         0.7600     
------------------------ EPOCH 201 -------------------------
     Loss:       Train acc.:     Val acc.:     Test acc.:   
    0.5167         0.9618         0.9640         0.7600     
------------------------ EPOCH 202 -------------------------
     Loss:       Train acc.:     Val acc.:     Test acc.:   
    0.5164         0.9618         0.9640         0.7600     
------------------------ EPOCH 203 -------------------------
     Loss:       Train acc.:     Val acc.:     Test acc.:   
    0.5161         0.9618         0.9640         0.7600     
------------------------ EPOCH 204 -------------------------
     Loss:       Train acc.:     Val acc.:     Test acc.:   
    0.5159         0.9618         0.9640         0.7600     
------------------------ EPOCH 205 -------------------------
     Loss:       Train acc.:     Val acc.:     Test acc.:   
    0.5156         0.9618         0.9640         0.7600     
------------------------ EPOCH 206 -------------------------
     Loss:       Train acc.:     Val acc.:     Test acc.:   
    0.5153         0.9618         0.9640         0.7600     
------------------------ EPOCH 207 -------------------------
     Loss:       Train acc.:     Val acc.:     Test acc.:   
    0.5151         0.9618         0.9640         0.7600     
------------------------ EPOCH 208 -------------------------
     Loss:       Train acc.:     Val acc.:     Test acc.:   
    0.5148         0.9618         0.9640         0.7600     
------------------------ EPOCH 209 -------------------------
     Loss:       Train acc.:     Val acc.:     Test acc.:   
    0.5146         0.9618         0.9640         0.7600     
------------------------ EPOCH 210 -------------------------
     Loss:       Train acc.:     Val acc.:     Test acc.:   
    0.5144         0.9618         0.9640         0.7600     
------------------------ EPOCH 211 -------------------------
     Loss:       Train acc.:     Val acc.:     Test acc.:   
    0.5142         0.9618         0.9640         0.7600     
------------------------ EPOCH 212 -------------------------
     Loss:       Train acc.:     Val acc.:     Test acc.:   
    0.5140         0.9618         0.9640         0.7600     
------------------------ EPOCH 213 -------------------------
     Loss:       Train acc.:     Val acc.:     Test acc.:   
    0.5138         0.9618         0.9640         0.7600     
------------------------ EPOCH 214 -------------------------
     Loss:       Train acc.:     Val acc.:     Test acc.:   
    0.5136         0.9618         0.9640         0.7600     
------------------------ EPOCH 215 -------------------------
     Loss:       Train acc.:     Val acc.:     Test acc.:   
    0.5134         0.9618         0.9640         0.7600     
------------------------ EPOCH 216 -------------------------
     Loss:       Train acc.:     Val acc.:     Test acc.:   
    0.5132         0.9618         0.9640         0.7600     
------------------------ EPOCH 217 -------------------------
     Loss:       Train acc.:     Val acc.:     Test acc.:   
    0.5130         0.9618         0.9640         0.7600     
------------------------ EPOCH 218 -------------------------
     Loss:       Train acc.:     Val acc.:     Test acc.:   
    0.5129         0.9618         0.9640         0.7600     
------------------------ EPOCH 219 -------------------------
     Loss:       Train acc.:     Val acc.:     Test acc.:   
    0.5127         0.9618         0.9640         0.7600     
------------------------ EPOCH 220 -------------------------
     Loss:       Train acc.:     Val acc.:     Test acc.:   
    0.5125         0.9618         0.9640         0.7600     
------------------------ EPOCH 221 -------------------------
     Loss:       Train acc.:     Val acc.:     Test acc.:   
    0.5124         0.9618         0.9640         0.7600     
------------------------ EPOCH 222 -------------------------
     Loss:       Train acc.:     Val acc.:     Test acc.:   
    0.5122         0.9618         0.9640         0.7600     
------------------------ EPOCH 223 -------------------------
     Loss:       Train acc.:     Val acc.:     Test acc.:   
    0.5121         0.9609         0.9640         0.7600     
------------------------ EPOCH 224 -------------------------
     Loss:       Train acc.:     Val acc.:     Test acc.:   
    0.5120         0.9609         0.9640         0.7600     
------------------------ EPOCH 225 -------------------------
     Loss:       Train acc.:     Val acc.:     Test acc.:   
    0.5118         0.9609         0.9640         0.7600     
------------------------ EPOCH 226 -------------------------
     Loss:       Train acc.:     Val acc.:     Test acc.:   
    0.5117         0.9609         0.9640         0.7600     
------------------------ EPOCH 227 -------------------------
     Loss:       Train acc.:     Val acc.:     Test acc.:   
    0.5116         0.9609         0.9640         0.7600     
------------------------ EPOCH 228 -------------------------
     Loss:       Train acc.:     Val acc.:     Test acc.:   
    0.5115         0.9609         0.9640         0.7600     
------------------------ EPOCH 229 -------------------------
     Loss:       Train acc.:     Val acc.:     Test acc.:   
    0.5113         0.9609         0.9640         0.7600     
------------------------ EPOCH 230 -------------------------
     Loss:       Train acc.:     Val acc.:     Test acc.:   
    0.5112         0.9609         0.9640         0.7600     
------------------------ EPOCH 231 -------------------------
     Loss:       Train acc.:     Val acc.:     Test acc.:   
    0.5111         0.9609         0.9640         0.7600     
------------------------ EPOCH 232 -------------------------
     Loss:       Train acc.:     Val acc.:     Test acc.:   
    0.5110         0.9609         0.9640         0.7600     
------------------------ EPOCH 233 -------------------------
     Loss:       Train acc.:     Val acc.:     Test acc.:   
    0.5109         0.9609         0.9640         0.7600     
------------------------ EPOCH 234 -------------------------
     Loss:       Train acc.:     Val acc.:     Test acc.:   
    0.5108         0.9609         0.9640         0.7600     
------------------------ EPOCH 235 -------------------------
     Loss:       Train acc.:     Val acc.:     Test acc.:   
    0.5107         0.9609         0.9640         0.7600     
------------------------ EPOCH 236 -------------------------
     Loss:       Train acc.:     Val acc.:     Test acc.:   
    0.5106         0.9609         0.9640         0.7600     
------------------------ EPOCH 237 -------------------------
     Loss:       Train acc.:     Val acc.:     Test acc.:   
    0.5106         0.9609         0.9640         0.7600     
------------------------ EPOCH 238 -------------------------
     Loss:       Train acc.:     Val acc.:     Test acc.:   
    0.5105         0.9609         0.9640         0.7600     
------------------------ EPOCH 239 -------------------------
     Loss:       Train acc.:     Val acc.:     Test acc.:   
    0.5104         0.9609         0.9640         0.7600     
------------------------ EPOCH 240 -------------------------
     Loss:       Train acc.:     Val acc.:     Test acc.:   
    0.5103         0.9609         0.9640         0.7600     
------------------------ EPOCH 241 -------------------------
     Loss:       Train acc.:     Val acc.:     Test acc.:   
    0.5102         0.9609         0.9640         0.7600     
------------------------ EPOCH 242 -------------------------
     Loss:       Train acc.:     Val acc.:     Test acc.:   
    0.5102         0.9609         0.9640         0.7600     
------------------------ EPOCH 243 -------------------------
     Loss:       Train acc.:     Val acc.:     Test acc.:   
    0.5101         0.9609         0.9640         0.7600     
------------------------ EPOCH 244 -------------------------
     Loss:       Train acc.:     Val acc.:     Test acc.:   
    0.5100         0.9609         0.9640         0.7600     
------------------------ EPOCH 245 -------------------------
     Loss:       Train acc.:     Val acc.:     Test acc.:   
    0.5100         0.9609         0.9640         0.7600     
------------------------ EPOCH 246 -------------------------
     Loss:       Train acc.:     Val acc.:     Test acc.:   
    0.5099         0.9609         0.9640         0.7600     
------------------------ EPOCH 247 -------------------------
     Loss:       Train acc.:     Val acc.:     Test acc.:   
    0.5099         0.9609         0.9640         0.7600     
------------------------ EPOCH 248 -------------------------
     Loss:       Train acc.:     Val acc.:     Test acc.:   
    0.5098         0.9609         0.9640         0.7600     
------------------------ EPOCH 249 -------------------------
     Loss:       Train acc.:     Val acc.:     Test acc.:   
    0.5097         0.9609         0.9640         0.7600     
------------------------ EPOCH 250 -------------------------
     Loss:       Train acc.:     Val acc.:     Test acc.:   
    0.5097         0.9609         0.9640         0.7600     
------------------------ EPOCH 251 -------------------------
     Loss:       Train acc.:     Val acc.:     Test acc.:   
    0.5096         0.9609         0.9640         0.7600     
------------------------ EPOCH 252 -------------------------
     Loss:       Train acc.:     Val acc.:     Test acc.:   
    0.5096         0.9609         0.9640         0.7600     
------------------------ EPOCH 253 -------------------------
     Loss:       Train acc.:     Val acc.:     Test acc.:   
    0.5095         0.9609         0.9640         0.7600     
------------------------ EPOCH 254 -------------------------
     Loss:       Train acc.:     Val acc.:     Test acc.:   
    0.5095         0.9609         0.9640         0.7600     
------------------------ EPOCH 255 -------------------------
     Loss:       Train acc.:     Val acc.:     Test acc.:   
    0.5094         0.9609         0.9640         0.7600     
------------------------ EPOCH 256 -------------------------
     Loss:       Train acc.:     Val acc.:     Test acc.:   
    0.5094         0.9609         0.9640         0.7600     
------------------------ EPOCH 257 -------------------------
     Loss:       Train acc.:     Val acc.:     Test acc.:   
    0.5094         0.9609         0.9640         0.7600     
------------------------ EPOCH 258 -------------------------
     Loss:       Train acc.:     Val acc.:     Test acc.:   
    0.5093         0.9609         0.9640         0.7600     
------------------------ EPOCH 259 -------------------------
     Loss:       Train acc.:     Val acc.:     Test acc.:   
    0.5093         0.9609         0.9640         0.7600     
------------------------ EPOCH 260 -------------------------
     Loss:       Train acc.:     Val acc.:     Test acc.:   
    0.5092         0.9609         0.9640         0.7600     
------------------------ EPOCH 261 -------------------------
     Loss:       Train acc.:     Val acc.:     Test acc.:   
    0.5092         0.9609         0.9640         0.7600     
------------------------ EPOCH 262 -------------------------
     Loss:       Train acc.:     Val acc.:     Test acc.:   
    0.5092         0.9609         0.9640         0.7600     
------------------------ EPOCH 263 -------------------------
     Loss:       Train acc.:     Val acc.:     Test acc.:   
    0.5091         0.9609         0.9640         0.7600     
------------------------ EPOCH 264 -------------------------
     Loss:       Train acc.:     Val acc.:     Test acc.:   
    0.5091         0.9609         0.9640         0.7600     
------------------------ EPOCH 265 -------------------------
     Loss:       Train acc.:     Val acc.:     Test acc.:   
    0.5091         0.9609         0.9640         0.7600     
------------------------ EPOCH 266 -------------------------
     Loss:       Train acc.:     Val acc.:     Test acc.:   
    0.5090         0.9609         0.9640         0.7600     
------------------------ EPOCH 267 -------------------------
     Loss:       Train acc.:     Val acc.:     Test acc.:   
    0.5090         0.9609         0.9640         0.7600     
------------------------ EPOCH 268 -------------------------
     Loss:       Train acc.:     Val acc.:     Test acc.:   
    0.5090         0.9609         0.9640         0.7600     
------------------------ EPOCH 269 -------------------------
     Loss:       Train acc.:     Val acc.:     Test acc.:   
    0.5089         0.9609         0.9640         0.7600     
------------------------ EPOCH 270 -------------------------
     Loss:       Train acc.:     Val acc.:     Test acc.:   
    0.5089         0.9609         0.9640         0.7600     
------------------------ EPOCH 271 -------------------------
     Loss:       Train acc.:     Val acc.:     Test acc.:   
    0.5089         0.9609         0.9640         0.7600     
------------------------ EPOCH 272 -------------------------
     Loss:       Train acc.:     Val acc.:     Test acc.:   
    0.5089         0.9609         0.9640         0.7600     
------------------------ EPOCH 273 -------------------------
     Loss:       Train acc.:     Val acc.:     Test acc.:   
    0.5088         0.9609         0.9640         0.7600     
------------------------ EPOCH 274 -------------------------
     Loss:       Train acc.:     Val acc.:     Test acc.:   
    0.5088         0.9609         0.9640         0.7600     
------------------------ EPOCH 275 -------------------------
     Loss:       Train acc.:     Val acc.:     Test acc.:   
    0.5088         0.9609         0.9640         0.7600     
------------------------ EPOCH 276 -------------------------
     Loss:       Train acc.:     Val acc.:     Test acc.:   
    0.5088         0.9609         0.9640         0.7600     
------------------------ EPOCH 277 -------------------------
     Loss:       Train acc.:     Val acc.:     Test acc.:   
    0.5088         0.9609         0.9640         0.7600     
------------------------ EPOCH 278 -------------------------
     Loss:       Train acc.:     Val acc.:     Test acc.:   
    0.5087         0.9609         0.9640         0.7600     
------------------------ EPOCH 279 -------------------------
     Loss:       Train acc.:     Val acc.:     Test acc.:   
    0.5087         0.9609         0.9640         0.7600     
------------------------ EPOCH 280 -------------------------
     Loss:       Train acc.:     Val acc.:     Test acc.:   
    0.5087         0.9609         0.9640         0.7600     
------------------------ EPOCH 281 -------------------------
     Loss:       Train acc.:     Val acc.:     Test acc.:   
    0.5087         0.9609         0.9640         0.7600     
------------------------ EPOCH 282 -------------------------
     Loss:       Train acc.:     Val acc.:     Test acc.:   
    0.5087         0.9609         0.9640         0.7600     
------------------------ EPOCH 283 -------------------------
     Loss:       Train acc.:     Val acc.:     Test acc.:   
    0.5086         0.9609         0.9640         0.7600     
------------------------ EPOCH 284 -------------------------
     Loss:       Train acc.:     Val acc.:     Test acc.:   
    0.5086         0.9609         0.9640         0.7600     
------------------------ EPOCH 285 -------------------------
     Loss:       Train acc.:     Val acc.:     Test acc.:   
    0.5086         0.9609         0.9640         0.7600     
------------------------ EPOCH 286 -------------------------
     Loss:       Train acc.:     Val acc.:     Test acc.:   
    0.5086         0.9609         0.9640         0.7600     
------------------------ EPOCH 287 -------------------------
     Loss:       Train acc.:     Val acc.:     Test acc.:   
    0.5086         0.9609         0.9640         0.7600     
------------------------ EPOCH 288 -------------------------
     Loss:       Train acc.:     Val acc.:     Test acc.:   
    0.5086         0.9609         0.9640         0.7600     
------------------------ EPOCH 289 -------------------------
     Loss:       Train acc.:     Val acc.:     Test acc.:   
    0.5086         0.9609         0.9640         0.7600     
------------------------ EPOCH 290 -------------------------
     Loss:       Train acc.:     Val acc.:     Test acc.:   
    0.5085         0.9609         0.9640         0.7600     
------------------------ EPOCH 291 -------------------------
     Loss:       Train acc.:     Val acc.:     Test acc.:   
    0.5085         0.9609         0.9640         0.7600     
------------------------ EPOCH 292 -------------------------
     Loss:       Train acc.:     Val acc.:     Test acc.:   
    0.5085         0.9609         0.9640         0.7600     
------------------------ EPOCH 293 -------------------------
     Loss:       Train acc.:     Val acc.:     Test acc.:   
    0.5085         0.9609         0.9640         0.7600     
------------------------ EPOCH 294 -------------------------
     Loss:       Train acc.:     Val acc.:     Test acc.:   
    0.5085         0.9609         0.9640         0.7600     
------------------------ EPOCH 295 -------------------------
     Loss:       Train acc.:     Val acc.:     Test acc.:   
    0.5085         0.9609         0.9640         0.7600     
------------------------ EPOCH 296 -------------------------
     Loss:       Train acc.:     Val acc.:     Test acc.:   
    0.5085         0.9609         0.9640         0.7600     
------------------------ EPOCH 297 -------------------------
     Loss:       Train acc.:     Val acc.:     Test acc.:   
    0.5085         0.9609         0.9640         0.7600     
------------------------ EPOCH 298 -------------------------
     Loss:       Train acc.:     Val acc.:     Test acc.:   
    0.5085         0.9609         0.9640         0.7600     
------------------------ EPOCH 299 -------------------------
     Loss:       Train acc.:     Val acc.:     Test acc.:   
    0.5084         0.9609         0.9640         0.7600     
------------------------ EPOCH 300 -------------------------
     Loss:       Train acc.:     Val acc.:     Test acc.:   
    0.5084         0.9609         0.9640         0.7600     
------------------------ EPOCH 301 -------------------------
     Loss:       Train acc.:     Val acc.:     Test acc.:   
    0.5084         0.9609         0.9640         0.7600     
------------------------ EPOCH 302 -------------------------
     Loss:       Train acc.:     Val acc.:     Test acc.:   
    0.5084         0.9609         0.9640         0.7600     
------------------------ EPOCH 303 -------------------------
     Loss:       Train acc.:     Val acc.:     Test acc.:   
    0.5084         0.9609         0.9640         0.7600     
------------------------ EPOCH 304 -------------------------
     Loss:       Train acc.:     Val acc.:     Test acc.:   
    0.5084         0.9609         0.9640         0.7600     
------------------------ EPOCH 305 -------------------------
     Loss:       Train acc.:     Val acc.:     Test acc.:   
    0.5084         0.9609         0.9640         0.7600     
------------------------ EPOCH 306 -------------------------
     Loss:       Train acc.:     Val acc.:     Test acc.:   
    0.5084         0.9609         0.9640         0.7600     
------------------------ EPOCH 307 -------------------------
     Loss:       Train acc.:     Val acc.:     Test acc.:   
    0.5084         0.9609         0.9640         0.7600     
------------------------ EPOCH 308 -------------------------
     Loss:       Train acc.:     Val acc.:     Test acc.:   
    0.5084         0.9609         0.9640         0.7600     
------------------------ EPOCH 309 -------------------------
     Loss:       Train acc.:     Val acc.:     Test acc.:   
    0.5084         0.9609         0.9640         0.7600     
------------------------ EPOCH 310 -------------------------
     Loss:       Train acc.:     Val acc.:     Test acc.:   
    0.5084         0.9609         0.9640         0.7600     
------------------------ EPOCH 311 -------------------------
     Loss:       Train acc.:     Val acc.:     Test acc.:   
    0.5084         0.9609         0.9640         0.7600     
------------------------ EPOCH 312 -------------------------
     Loss:       Train acc.:     Val acc.:     Test acc.:   
    0.5083         0.9609         0.9640         0.7600     
------------------------ EPOCH 313 -------------------------
     Loss:       Train acc.:     Val acc.:     Test acc.:   
    0.5083         0.9609         0.9640         0.7600     
------------------------ EPOCH 314 -------------------------
     Loss:       Train acc.:     Val acc.:     Test acc.:   
    0.5083         0.9609         0.9640         0.7600     
------------------------ EPOCH 315 -------------------------
     Loss:       Train acc.:     Val acc.:     Test acc.:   
    0.5083         0.9609         0.9640         0.7600     
------------------------ EPOCH 316 -------------------------
     Loss:       Train acc.:     Val acc.:     Test acc.:   
    0.5083         0.9609         0.9640         0.7600     
------------------------ EPOCH 317 -------------------------
     Loss:       Train acc.:     Val acc.:     Test acc.:   
    0.5083         0.9609         0.9640         0.7600     
------------------------ EPOCH 318 -------------------------
     Loss:       Train acc.:     Val acc.:     Test acc.:   
    0.5083         0.9609         0.9640         0.7600     
------------------------ EPOCH 319 -------------------------
     Loss:       Train acc.:     Val acc.:     Test acc.:   
    0.5083         0.9609         0.9640         0.7600     
------------------------ EPOCH 320 -------------------------
     Loss:       Train acc.:     Val acc.:     Test acc.:   
    0.5083         0.9609         0.9640         0.7600     
------------------------ EPOCH 321 -------------------------
     Loss:       Train acc.:     Val acc.:     Test acc.:   
    0.5083         0.9609         0.9640         0.7600     
------------------------ EPOCH 322 -------------------------
     Loss:       Train acc.:     Val acc.:     Test acc.:   
    0.5083         0.9609         0.9640         0.7600     
------------------------ EPOCH 323 -------------------------
     Loss:       Train acc.:     Val acc.:     Test acc.:   
    0.5083         0.9609         0.9640         0.7600     
------------------------ EPOCH 324 -------------------------
     Loss:       Train acc.:     Val acc.:     Test acc.:   
    0.5083         0.9609         0.9640         0.7600     
------------------------ EPOCH 325 -------------------------
     Loss:       Train acc.:     Val acc.:     Test acc.:   
    0.5083         0.9609         0.9640         0.7600     
------------------------ EPOCH 326 -------------------------
     Loss:       Train acc.:     Val acc.:     Test acc.:   
    0.5083         0.9609         0.9640         0.7600     
------------------------ EPOCH 327 -------------------------
     Loss:       Train acc.:     Val acc.:     Test acc.:   
    0.5083         0.9609         0.9640         0.7600     
------------------------ EPOCH 328 -------------------------
     Loss:       Train acc.:     Val acc.:     Test acc.:   
    0.5083         0.9609         0.9640         0.7600     
------------------------ EPOCH 329 -------------------------
     Loss:       Train acc.:     Val acc.:     Test acc.:   
    0.5083         0.9609         0.9640         0.7600     
------------------------ EPOCH 330 -------------------------
     Loss:       Train acc.:     Val acc.:     Test acc.:   
    0.5083         0.9609         0.9640         0.7600     
------------------------ EPOCH 331 -------------------------
     Loss:       Train acc.:     Val acc.:     Test acc.:   
    0.5083         0.9609         0.9640         0.7600     
------------------------ EPOCH 332 -------------------------
     Loss:       Train acc.:     Val acc.:     Test acc.:   
    0.5083         0.9609         0.9640         0.7600     
------------------------ EPOCH 333 -------------------------
     Loss:       Train acc.:     Val acc.:     Test acc.:   
    0.5083         0.9609         0.9640         0.7600     
------------------------ EPOCH 334 -------------------------
     Loss:       Train acc.:     Val acc.:     Test acc.:   
    0.5083         0.9609         0.9640         0.7600     
------------------------ EPOCH 335 -------------------------
     Loss:       Train acc.:     Val acc.:     Test acc.:   
    0.5082         0.9609         0.9640         0.7600     
------------------------ EPOCH 336 -------------------------
     Loss:       Train acc.:     Val acc.:     Test acc.:   
    0.5082         0.9609         0.9640         0.7600     
------------------------ EPOCH 337 -------------------------
     Loss:       Train acc.:     Val acc.:     Test acc.:   
    0.5082         0.9609         0.9640         0.7600     
------------------------ EPOCH 338 -------------------------
     Loss:       Train acc.:     Val acc.:     Test acc.:   
    0.5082         0.9609         0.9640         0.7600     
------------------------ EPOCH 339 -------------------------
     Loss:       Train acc.:     Val acc.:     Test acc.:   
    0.5082         0.9609         0.9640         0.7600     
------------------------ EPOCH 340 -------------------------
     Loss:       Train acc.:     Val acc.:     Test acc.:   
    0.5082         0.9609         0.9640         0.7600     
------------------------ EPOCH 341 -------------------------
     Loss:       Train acc.:     Val acc.:     Test acc.:   
    0.5082         0.9609         0.9640         0.7600     
------------------------ EPOCH 342 -------------------------
     Loss:       Train acc.:     Val acc.:     Test acc.:   
    0.5082         0.9609         0.9640         0.7600     
------------------------ EPOCH 343 -------------------------
     Loss:       Train acc.:     Val acc.:     Test acc.:   
    0.5082         0.9609         0.9640         0.7600     
------------------------ EPOCH 344 -------------------------
     Loss:       Train acc.:     Val acc.:     Test acc.:   
    0.5082         0.9609         0.9640         0.7600     
------------------------ EPOCH 345 -------------------------
     Loss:       Train acc.:     Val acc.:     Test acc.:   
    0.5082         0.9609         0.9640         0.7600     
------------------------ EPOCH 346 -------------------------
     Loss:       Train acc.:     Val acc.:     Test acc.:   
    0.5082         0.9609         0.9640         0.7600     
------------------------ EPOCH 347 -------------------------
     Loss:       Train acc.:     Val acc.:     Test acc.:   
    0.5082         0.9609         0.9640         0.7600     
------------------------ EPOCH 348 -------------------------
     Loss:       Train acc.:     Val acc.:     Test acc.:   
    0.5082         0.9609         0.9640         0.7600     
------------------------ EPOCH 349 -------------------------
     Loss:       Train acc.:     Val acc.:     Test acc.:   
    0.5082         0.9609         0.9640         0.7600     
------------------------ EPOCH 350 -------------------------
     Loss:       Train acc.:     Val acc.:     Test acc.:   
    0.5082         0.9609         0.9640         0.7600     
------------------------ EPOCH 351 -------------------------
     Loss:       Train acc.:     Val acc.:     Test acc.:   
    0.5082         0.9609         0.9640         0.7600     
------------------------ EPOCH 352 -------------------------
     Loss:       Train acc.:     Val acc.:     Test acc.:   
    0.5082         0.9609         0.9640         0.7600     
------------------------ EPOCH 353 -------------------------
     Loss:       Train acc.:     Val acc.:     Test acc.:   
    0.5082         0.9609         0.9640         0.7600     
------------------------ EPOCH 354 -------------------------
     Loss:       Train acc.:     Val acc.:     Test acc.:   
    0.5082         0.9609         0.9640         0.7600     
------------------------ EPOCH 355 -------------------------
     Loss:       Train acc.:     Val acc.:     Test acc.:   
    0.5082         0.9609         0.9640         0.7600     
------------------------ EPOCH 356 -------------------------
     Loss:       Train acc.:     Val acc.:     Test acc.:   
    0.5082         0.9609         0.9640         0.7600     
------------------------ EPOCH 357 -------------------------
     Loss:       Train acc.:     Val acc.:     Test acc.:   
    0.5082         0.9609         0.9640         0.7600     
------------------------ EPOCH 358 -------------------------
     Loss:       Train acc.:     Val acc.:     Test acc.:   
    0.5082         0.9609         0.9640         0.7600     
------------------------ EPOCH 359 -------------------------
     Loss:       Train acc.:     Val acc.:     Test acc.:   
    0.5082         0.9609         0.9640         0.7600     
------------------------ EPOCH 360 -------------------------
     Loss:       Train acc.:     Val acc.:     Test acc.:   
    0.5082         0.9609         0.9640         0.7600     
------------------------ EPOCH 361 -------------------------
     Loss:       Train acc.:     Val acc.:     Test acc.:   
    0.5082         0.9609         0.9640         0.7600     
------------------------ EPOCH 362 -------------------------
     Loss:       Train acc.:     Val acc.:     Test acc.:   
    0.5082         0.9609         0.9640         0.7600     
------------------------ EPOCH 363 -------------------------
     Loss:       Train acc.:     Val acc.:     Test acc.:   
    0.5082         0.9609         0.9640         0.7600     
------------------------ EPOCH 364 -------------------------
     Loss:       Train acc.:     Val acc.:     Test acc.:   
    0.5082         0.9609         0.9640         0.7600     
------------------------ EPOCH 365 -------------------------
     Loss:       Train acc.:     Val acc.:     Test acc.:   
    0.5082         0.9609         0.9640         0.7600     
------------------------ EPOCH 366 -------------------------
     Loss:       Train acc.:     Val acc.:     Test acc.:   
    0.5082         0.9609         0.9640         0.7600     
------------------------ EPOCH 367 -------------------------
     Loss:       Train acc.:     Val acc.:     Test acc.:   
    0.5082         0.9609         0.9640         0.7600     
------------------------ EPOCH 368 -------------------------
     Loss:       Train acc.:     Val acc.:     Test acc.:   
    0.5082         0.9609         0.9640         0.7600     
------------------------ EPOCH 369 -------------------------
     Loss:       Train acc.:     Val acc.:     Test acc.:   
    0.5082         0.9609         0.9640         0.7600     
------------------------ EPOCH 370 -------------------------
     Loss:       Train acc.:     Val acc.:     Test acc.:   
    0.5082         0.9609         0.9640         0.7600     
------------------------ EPOCH 371 -------------------------
     Loss:       Train acc.:     Val acc.:     Test acc.:   
    0.5082         0.9609         0.9640         0.7600     
------------------------ EPOCH 372 -------------------------
     Loss:       Train acc.:     Val acc.:     Test acc.:   
    0.5082         0.9609         0.9640         0.7600     
------------------------ EPOCH 373 -------------------------
     Loss:       Train acc.:     Val acc.:     Test acc.:   
    0.5082         0.9609         0.9640         0.7600     
------------------------ EPOCH 374 -------------------------
     Loss:       Train acc.:     Val acc.:     Test acc.:   
    0.5082         0.9609         0.9640         0.7600     
------------------------ EPOCH 375 -------------------------
     Loss:       Train acc.:     Val acc.:     Test acc.:   
    0.5082         0.9609         0.9640         0.7600     
------------------------ EPOCH 376 -------------------------
     Loss:       Train acc.:     Val acc.:     Test acc.:   
    0.5082         0.9609         0.9640         0.7600     
------------------------ EPOCH 377 -------------------------
     Loss:       Train acc.:     Val acc.:     Test acc.:   
    0.5082         0.9609         0.9640         0.7600     
------------------------ EPOCH 378 -------------------------
     Loss:       Train acc.:     Val acc.:     Test acc.:   
    0.5082         0.9609         0.9640         0.7600     
------------------------ EPOCH 379 -------------------------
     Loss:       Train acc.:     Val acc.:     Test acc.:   
    0.5082         0.9609         0.9640         0.7600     
------------------------ EPOCH 380 -------------------------
     Loss:       Train acc.:     Val acc.:     Test acc.:   
    0.5082         0.9609         0.9640         0.7600     
------------------------ EPOCH 381 -------------------------
     Loss:       Train acc.:     Val acc.:     Test acc.:   
    0.5082         0.9609         0.9640         0.7600     
------------------------ EPOCH 382 -------------------------
     Loss:       Train acc.:     Val acc.:     Test acc.:   
    0.5082         0.9609         0.9640         0.7600     
------------------------ EPOCH 383 -------------------------
     Loss:       Train acc.:     Val acc.:     Test acc.:   
    0.5082         0.9609         0.9640         0.7600     
------------------------ EPOCH 384 -------------------------
     Loss:       Train acc.:     Val acc.:     Test acc.:   
    0.5082         0.9609         0.9640         0.7600     
------------------------ EPOCH 385 -------------------------
     Loss:       Train acc.:     Val acc.:     Test acc.:   
    0.5082         0.9609         0.9640         0.7600     
------------------------ EPOCH 386 -------------------------
     Loss:       Train acc.:     Val acc.:     Test acc.:   
    0.5082         0.9609         0.9640         0.7600     
------------------------ EPOCH 387 -------------------------
     Loss:       Train acc.:     Val acc.:     Test acc.:   
    0.5082         0.9609         0.9640         0.7600     
------------------------ EPOCH 388 -------------------------
     Loss:       Train acc.:     Val acc.:     Test acc.:   
    0.5082         0.9609         0.9640         0.7600     
------------------------ EPOCH 389 -------------------------
     Loss:       Train acc.:     Val acc.:     Test acc.:   
    0.5082         0.9609         0.9640         0.7600     
------------------------ EPOCH 390 -------------------------
     Loss:       Train acc.:     Val acc.:     Test acc.:   
    0.5082         0.9609         0.9640         0.7600     
------------------------ EPOCH 391 -------------------------
     Loss:       Train acc.:     Val acc.:     Test acc.:   
    0.5082         0.9609         0.9640         0.7600     
------------------------ EPOCH 392 -------------------------
     Loss:       Train acc.:     Val acc.:     Test acc.:   
    0.5082         0.9609         0.9640         0.7600     
------------------------ EPOCH 393 -------------------------
     Loss:       Train acc.:     Val acc.:     Test acc.:   
    0.5082         0.9609         0.9640         0.7600     
------------------------ EPOCH 394 -------------------------
     Loss:       Train acc.:     Val acc.:     Test acc.:   
    0.5082         0.9609         0.9640         0.7600     
------------------------ EPOCH 395 -------------------------
     Loss:       Train acc.:     Val acc.:     Test acc.:   
    0.5082         0.9609         0.9640         0.7600     
------------------------ EPOCH 396 -------------------------
     Loss:       Train acc.:     Val acc.:     Test acc.:   
    0.5082         0.9609         0.9640         0.7600     
------------------------ EPOCH 397 -------------------------
     Loss:       Train acc.:     Val acc.:     Test acc.:   
    0.5082         0.9609         0.9640         0.7600     
------------------------ EPOCH 398 -------------------------
     Loss:       Train acc.:     Val acc.:     Test acc.:   
    0.5082         0.9609         0.9640         0.7600     
------------------------ EPOCH 399 -------------------------
     Loss:       Train acc.:     Val acc.:     Test acc.:   
    0.5082         0.9609         0.9640         0.7600     
------------------------ EPOCH 400 -------------------------
     Loss:       Train acc.:     Val acc.:     Test acc.:   
    0.5082         0.9609         0.9640         0.7600     
------------------------ EPOCH 401 -------------------------
     Loss:       Train acc.:     Val acc.:     Test acc.:   
    0.5082         0.9609         0.9640         0.7600     
------------------------ EPOCH 402 -------------------------
     Loss:       Train acc.:     Val acc.:     Test acc.:   
    0.5082         0.9609         0.9640         0.7600     
------------------------ EPOCH 403 -------------------------
     Loss:       Train acc.:     Val acc.:     Test acc.:   
    0.5082         0.9609         0.9640         0.7600     
------------------------ EPOCH 404 -------------------------
     Loss:       Train acc.:     Val acc.:     Test acc.:   
    0.5082         0.9609         0.9640         0.7600     
------------------------ EPOCH 405 -------------------------
     Loss:       Train acc.:     Val acc.:     Test acc.:   
    0.5082         0.9609         0.9640         0.7600     
------------------------ EPOCH 406 -------------------------
     Loss:       Train acc.:     Val acc.:     Test acc.:   
    0.5082         0.9609         0.9640         0.7600     
------------------------ EPOCH 407 -------------------------
     Loss:       Train acc.:     Val acc.:     Test acc.:   
    0.5082         0.9609         0.9640         0.7600     
------------------------ EPOCH 408 -------------------------
     Loss:       Train acc.:     Val acc.:     Test acc.:   
    0.5082         0.9609         0.9640         0.7600     
------------------------ EPOCH 409 -------------------------
     Loss:       Train acc.:     Val acc.:     Test acc.:   
    0.5082         0.9609         0.9640         0.7600     
------------------------ EPOCH 410 -------------------------
     Loss:       Train acc.:     Val acc.:     Test acc.:   
    0.5082         0.9609         0.9640         0.7600     
------------------------ EPOCH 411 -------------------------
     Loss:       Train acc.:     Val acc.:     Test acc.:   
    0.5082         0.9609         0.9640         0.7600     
------------------------ EPOCH 412 -------------------------
     Loss:       Train acc.:     Val acc.:     Test acc.:   
    0.5082         0.9609         0.9640         0.7600     
------------------------ EPOCH 413 -------------------------
     Loss:       Train acc.:     Val acc.:     Test acc.:   
    0.5082         0.9609         0.9640         0.7600     
------------------------ EPOCH 414 -------------------------
     Loss:       Train acc.:     Val acc.:     Test acc.:   
    0.5082         0.9609         0.9640         0.7600     
------------------------ EPOCH 415 -------------------------
     Loss:       Train acc.:     Val acc.:     Test acc.:   
    0.5082         0.9609         0.9640         0.7600     
------------------------ EPOCH 416 -------------------------
     Loss:       Train acc.:     Val acc.:     Test acc.:   
    0.5082         0.9609         0.9640         0.7600     
------------------------ EPOCH 417 -------------------------
     Loss:       Train acc.:     Val acc.:     Test acc.:   
    0.5082         0.9609         0.9640         0.7600     
------------------------ EPOCH 418 -------------------------
     Loss:       Train acc.:     Val acc.:     Test acc.:   
    0.5082         0.9609         0.9640         0.7600     
------------------------ EPOCH 419 -------------------------
     Loss:       Train acc.:     Val acc.:     Test acc.:   
    0.5082         0.9609         0.9640         0.7600     
------------------------ EPOCH 420 -------------------------
     Loss:       Train acc.:     Val acc.:     Test acc.:   
    0.5082         0.9609         0.9640         0.7600     
------------------------ EPOCH 421 -------------------------
     Loss:       Train acc.:     Val acc.:     Test acc.:   
    0.5082         0.9609         0.9640         0.7600     
------------------------ EPOCH 422 -------------------------
     Loss:       Train acc.:     Val acc.:     Test acc.:   
    0.5082         0.9609         0.9640         0.7600     
------------------------ EPOCH 423 -------------------------
     Loss:       Train acc.:     Val acc.:     Test acc.:   
    0.5082         0.9609         0.9640         0.7600     
------------------------ EPOCH 424 -------------------------
     Loss:       Train acc.:     Val acc.:     Test acc.:   
    0.5082         0.9609         0.9640         0.7600     
------------------------ EPOCH 425 -------------------------
     Loss:       Train acc.:     Val acc.:     Test acc.:   
    0.5082         0.9609         0.9640         0.7600     
------------------------ EPOCH 426 -------------------------
     Loss:       Train acc.:     Val acc.:     Test acc.:   
    0.5082         0.9609         0.9640         0.7600     
------------------------ EPOCH 427 -------------------------
     Loss:       Train acc.:     Val acc.:     Test acc.:   
    0.5082         0.9609         0.9640         0.7600     
------------------------ EPOCH 428 -------------------------
     Loss:       Train acc.:     Val acc.:     Test acc.:   
    0.5082         0.9609         0.9640         0.7600     
------------------------ EPOCH 429 -------------------------
     Loss:       Train acc.:     Val acc.:     Test acc.:   
    0.5082         0.9609         0.9640         0.7600     
------------------------ EPOCH 430 -------------------------
     Loss:       Train acc.:     Val acc.:     Test acc.:   
    0.5082         0.9609         0.9640         0.7600     
------------------------ EPOCH 431 -------------------------
     Loss:       Train acc.:     Val acc.:     Test acc.:   
    0.5082         0.9609         0.9640         0.7600     
------------------------ EPOCH 432 -------------------------
     Loss:       Train acc.:     Val acc.:     Test acc.:   
    0.5082         0.9609         0.9640         0.7600     
------------------------ EPOCH 433 -------------------------
     Loss:       Train acc.:     Val acc.:     Test acc.:   
    0.5082         0.9609         0.9640         0.7600     
------------------------ EPOCH 434 -------------------------
     Loss:       Train acc.:     Val acc.:     Test acc.:   
    0.5082         0.9609         0.9640         0.7600     
------------------------ EPOCH 435 -------------------------
     Loss:       Train acc.:     Val acc.:     Test acc.:   
    0.5082         0.9609         0.9640         0.7600     
------------------------ EPOCH 436 -------------------------
     Loss:       Train acc.:     Val acc.:     Test acc.:   
    0.5082         0.9609         0.9640         0.7600     
------------------------ EPOCH 437 -------------------------
     Loss:       Train acc.:     Val acc.:     Test acc.:   
    0.5082         0.9609         0.9640         0.7600     
------------------------ EPOCH 438 -------------------------
     Loss:       Train acc.:     Val acc.:     Test acc.:   
    0.5082         0.9609         0.9640         0.7600     
------------------------ EPOCH 439 -------------------------
     Loss:       Train acc.:     Val acc.:     Test acc.:   
    0.5082         0.9609         0.9640         0.7600     
------------------------ EPOCH 440 -------------------------
     Loss:       Train acc.:     Val acc.:     Test acc.:   
    0.5082         0.9609         0.9640         0.7600     
------------------------ EPOCH 441 -------------------------
     Loss:       Train acc.:     Val acc.:     Test acc.:   
    0.5082         0.9609         0.9640         0.7600     
------------------------ EPOCH 442 -------------------------
     Loss:       Train acc.:     Val acc.:     Test acc.:   
    0.5082         0.9609         0.9640         0.7600     
------------------------ EPOCH 443 -------------------------
     Loss:       Train acc.:     Val acc.:     Test acc.:   
    0.5082         0.9609         0.9640         0.7600     
------------------------ EPOCH 444 -------------------------
     Loss:       Train acc.:     Val acc.:     Test acc.:   
    0.5082         0.9609         0.9640         0.7600     
------------------------ EPOCH 445 -------------------------
     Loss:       Train acc.:     Val acc.:     Test acc.:   
    0.5082         0.9609         0.9640         0.7600     
------------------------ EPOCH 446 -------------------------
     Loss:       Train acc.:     Val acc.:     Test acc.:   
    0.5082         0.9609         0.9640         0.7600     
------------------------ EPOCH 447 -------------------------
     Loss:       Train acc.:     Val acc.:     Test acc.:   
    0.5082         0.9609         0.9640         0.7600     
------------------------ EPOCH 448 -------------------------
     Loss:       Train acc.:     Val acc.:     Test acc.:   
    0.5082         0.9609         0.9640         0.7600     
------------------------ EPOCH 449 -------------------------
     Loss:       Train acc.:     Val acc.:     Test acc.:   
    0.5082         0.9609         0.9640         0.7600     
------------------------ EPOCH 450 -------------------------
     Loss:       Train acc.:     Val acc.:     Test acc.:   
    0.5082         0.9609         0.9640         0.7600     
------------------------ EPOCH 451 -------------------------
     Loss:       Train acc.:     Val acc.:     Test acc.:   
    0.5082         0.9609         0.9640         0.7600     
------------------------ EPOCH 452 -------------------------
     Loss:       Train acc.:     Val acc.:     Test acc.:   
    0.5082         0.9609         0.9640         0.7600     
------------------------ EPOCH 453 -------------------------
     Loss:       Train acc.:     Val acc.:     Test acc.:   
    0.5082         0.9609         0.9640         0.7600     
------------------------ EPOCH 454 -------------------------
     Loss:       Train acc.:     Val acc.:     Test acc.:   
    0.5082         0.9609         0.9640         0.7600     
------------------------ EPOCH 455 -------------------------
     Loss:       Train acc.:     Val acc.:     Test acc.:   
    0.5082         0.9609         0.9640         0.7600     
------------------------ EPOCH 456 -------------------------
     Loss:       Train acc.:     Val acc.:     Test acc.:   
    0.5082         0.9609         0.9640         0.7600     
------------------------ EPOCH 457 -------------------------
     Loss:       Train acc.:     Val acc.:     Test acc.:   
    0.5082         0.9609         0.9640         0.7600     
------------------------ EPOCH 458 -------------------------
     Loss:       Train acc.:     Val acc.:     Test acc.:   
    0.5082         0.9609         0.9640         0.7600     
------------------------ EPOCH 459 -------------------------
     Loss:       Train acc.:     Val acc.:     Test acc.:   
    0.5082         0.9609         0.9640         0.7600     
------------------------ EPOCH 460 -------------------------
     Loss:       Train acc.:     Val acc.:     Test acc.:   
    0.5082         0.9609         0.9640         0.7600     
------------------------ EPOCH 461 -------------------------
     Loss:       Train acc.:     Val acc.:     Test acc.:   
    0.5082         0.9609         0.9640         0.7600     
------------------------ EPOCH 462 -------------------------
     Loss:       Train acc.:     Val acc.:     Test acc.:   
    0.5082         0.9609         0.9640         0.7600     
------------------------ EPOCH 463 -------------------------
     Loss:       Train acc.:     Val acc.:     Test acc.:   
    0.5082         0.9609         0.9640         0.7600     
------------------------ EPOCH 464 -------------------------
     Loss:       Train acc.:     Val acc.:     Test acc.:   
    0.5082         0.9609         0.9640         0.7600     
------------------------ EPOCH 465 -------------------------
     Loss:       Train acc.:     Val acc.:     Test acc.:   
    0.5082         0.9609         0.9640         0.7600     
------------------------ EPOCH 466 -------------------------
     Loss:       Train acc.:     Val acc.:     Test acc.:   
    0.5082         0.9609         0.9640         0.7600     
------------------------ EPOCH 467 -------------------------
     Loss:       Train acc.:     Val acc.:     Test acc.:   
    0.5082         0.9609         0.9640         0.7600     
------------------------ EPOCH 468 -------------------------
     Loss:       Train acc.:     Val acc.:     Test acc.:   
    0.5082         0.9609         0.9640         0.7600     
------------------------ EPOCH 469 -------------------------
     Loss:       Train acc.:     Val acc.:     Test acc.:   
    0.5082         0.9609         0.9640         0.7600     
------------------------ EPOCH 470 -------------------------
     Loss:       Train acc.:     Val acc.:     Test acc.:   
    0.5082         0.9609         0.9640         0.7600     
------------------------ EPOCH 471 -------------------------
     Loss:       Train acc.:     Val acc.:     Test acc.:   
    0.5082         0.9609         0.9640         0.7600     
------------------------ EPOCH 472 -------------------------
     Loss:       Train acc.:     Val acc.:     Test acc.:   
    0.5082         0.9609         0.9640         0.7600     
------------------------ EPOCH 473 -------------------------
     Loss:       Train acc.:     Val acc.:     Test acc.:   
    0.5082         0.9609         0.9640         0.7600     
------------------------ EPOCH 474 -------------------------
     Loss:       Train acc.:     Val acc.:     Test acc.:   
    0.5082         0.9609         0.9640         0.7600     
------------------------ EPOCH 475 -------------------------
     Loss:       Train acc.:     Val acc.:     Test acc.:   
    0.5082         0.9609         0.9640         0.7600     
------------------------ EPOCH 476 -------------------------
     Loss:       Train acc.:     Val acc.:     Test acc.:   
    0.5082         0.9609         0.9640         0.7600     
------------------------ EPOCH 477 -------------------------
     Loss:       Train acc.:     Val acc.:     Test acc.:   
    0.5082         0.9609         0.9640         0.7600     
------------------------ EPOCH 478 -------------------------
     Loss:       Train acc.:     Val acc.:     Test acc.:   
    0.5082         0.9609         0.9640         0.7600     
------------------------ EPOCH 479 -------------------------
     Loss:       Train acc.:     Val acc.:     Test acc.:   
    0.5082         0.9609         0.9640         0.7600     
------------------------ EPOCH 480 -------------------------
     Loss:       Train acc.:     Val acc.:     Test acc.:   
    0.5082         0.9609         0.9640         0.7600     
------------------------ EPOCH 481 -------------------------
     Loss:       Train acc.:     Val acc.:     Test acc.:   
    0.5082         0.9609         0.9640         0.7600     
------------------------ EPOCH 482 -------------------------
     Loss:       Train acc.:     Val acc.:     Test acc.:   
    0.5082         0.9609         0.9640         0.7600     
------------------------ EPOCH 483 -------------------------
     Loss:       Train acc.:     Val acc.:     Test acc.:   
    0.5082         0.9609         0.9640         0.7600     
------------------------ EPOCH 484 -------------------------
     Loss:       Train acc.:     Val acc.:     Test acc.:   
    0.5082         0.9609         0.9640         0.7600     
------------------------ EPOCH 485 -------------------------
     Loss:       Train acc.:     Val acc.:     Test acc.:   
    0.5082         0.9609         0.9640         0.7600     
------------------------ EPOCH 486 -------------------------
     Loss:       Train acc.:     Val acc.:     Test acc.:   
    0.5082         0.9609         0.9640         0.7600     
------------------------ EPOCH 487 -------------------------
     Loss:       Train acc.:     Val acc.:     Test acc.:   
    0.5082         0.9609         0.9640         0.7600     
------------------------ EPOCH 488 -------------------------
     Loss:       Train acc.:     Val acc.:     Test acc.:   
    0.5082         0.9609         0.9640         0.7600     
------------------------ EPOCH 489 -------------------------
     Loss:       Train acc.:     Val acc.:     Test acc.:   
    0.5082         0.9609         0.9640         0.7600     
------------------------ EPOCH 490 -------------------------
     Loss:       Train acc.:     Val acc.:     Test acc.:   
    0.5082         0.9609         0.9640         0.7600     
------------------------ EPOCH 491 -------------------------
     Loss:       Train acc.:     Val acc.:     Test acc.:   
    0.5082         0.9609         0.9640         0.7600     
------------------------ EPOCH 492 -------------------------
     Loss:       Train acc.:     Val acc.:     Test acc.:   
    0.5082         0.9609         0.9640         0.7600     
------------------------ EPOCH 493 -------------------------
     Loss:       Train acc.:     Val acc.:     Test acc.:   
    0.5082         0.9609         0.9640         0.7600     
------------------------ EPOCH 494 -------------------------
     Loss:       Train acc.:     Val acc.:     Test acc.:   
    0.5082         0.9609         0.9640         0.7600     
------------------------ EPOCH 495 -------------------------
     Loss:       Train acc.:     Val acc.:     Test acc.:   
    0.5082         0.9609         0.9640         0.7600     
------------------------ EPOCH 496 -------------------------
     Loss:       Train acc.:     Val acc.:     Test acc.:   
    0.5082         0.9609         0.9640         0.7600     
------------------------ EPOCH 497 -------------------------
     Loss:       Train acc.:     Val acc.:     Test acc.:   
    0.5082         0.9609         0.9640         0.7600     
------------------------ EPOCH 498 -------------------------
     Loss:       Train acc.:     Val acc.:     Test acc.:   
    0.5082         0.9609         0.9640         0.7600     
------------------------ EPOCH 499 -------------------------
     Loss:       Train acc.:     Val acc.:     Test acc.:   
    0.5082         0.9609         0.9640         0.7600     
------------------------ EPOCH 500 -------------------------
     Loss:       Train acc.:     Val acc.:     Test acc.:   
    0.5082         0.9609         0.9640         0.7600     
------------------------------------------------------------
Finished
