

Training the decomposed version with rank 200


------------------------ EPOCH   1 -------------------------
     Loss:       Train acc.:     Val acc.:     Test acc.:   
    0.6940         0.4945         0.4982         0.5000     
------------------------ EPOCH   2 -------------------------
     Loss:       Train acc.:     Val acc.:     Test acc.:   
    0.6932         0.4945         0.4982         0.5000     
------------------------ EPOCH   3 -------------------------
     Loss:       Train acc.:     Val acc.:     Test acc.:   
    0.6927         0.4945         0.4982         0.5000     
------------------------ EPOCH   4 -------------------------
     Loss:       Train acc.:     Val acc.:     Test acc.:   
    0.6924         0.5227         0.5417         0.4600     
------------------------ EPOCH   5 -------------------------
     Loss:       Train acc.:     Val acc.:     Test acc.:   
    0.6922         0.5736         0.5780         0.5000     
------------------------ EPOCH   6 -------------------------
     Loss:       Train acc.:     Val acc.:     Test acc.:   
    0.6920         0.6045         0.5993         0.5000     
------------------------ EPOCH   7 -------------------------
     Loss:       Train acc.:     Val acc.:     Test acc.:   
    0.6918         0.5782         0.5629         0.5000     
------------------------ EPOCH   8 -------------------------
     Loss:       Train acc.:     Val acc.:     Test acc.:   
    0.6917         0.5600         0.5595         0.5000     
------------------------ EPOCH   9 -------------------------
     Loss:       Train acc.:     Val acc.:     Test acc.:   
    0.6915         0.5518         0.5632         0.5000     
------------------------ EPOCH  10 -------------------------
     Loss:       Train acc.:     Val acc.:     Test acc.:   
    0.6914         0.5445         0.5488         0.5000     
------------------------ EPOCH  11 -------------------------
     Loss:       Train acc.:     Val acc.:     Test acc.:   
    0.6913         0.5400         0.5380         0.5000     
------------------------ EPOCH  12 -------------------------
     Loss:       Train acc.:     Val acc.:     Test acc.:   
    0.6912         0.5364         0.5307         0.5000     
------------------------ EPOCH  13 -------------------------
     Loss:       Train acc.:     Val acc.:     Test acc.:   
    0.6910         0.5364         0.5307         0.5000     
------------------------ EPOCH  14 -------------------------
     Loss:       Train acc.:     Val acc.:     Test acc.:   
    0.6909         0.5345         0.5344         0.5000     
------------------------ EPOCH  15 -------------------------
     Loss:       Train acc.:     Val acc.:     Test acc.:   
    0.6908         0.5345         0.5344         0.5000     
------------------------ EPOCH  16 -------------------------
     Loss:       Train acc.:     Val acc.:     Test acc.:   
    0.6907         0.5345         0.5344         0.5000     
------------------------ EPOCH  17 -------------------------
     Loss:       Train acc.:     Val acc.:     Test acc.:   
    0.6905         0.5345         0.5380         0.5000     
------------------------ EPOCH  18 -------------------------
     Loss:       Train acc.:     Val acc.:     Test acc.:   
    0.6904         0.5364         0.5452         0.5000     
------------------------ EPOCH  19 -------------------------
     Loss:       Train acc.:     Val acc.:     Test acc.:   
    0.6902         0.5391         0.5488         0.5000     
------------------------ EPOCH  20 -------------------------
     Loss:       Train acc.:     Val acc.:     Test acc.:   
    0.6901         0.5391         0.5488         0.5000     
------------------------ EPOCH  21 -------------------------
     Loss:       Train acc.:     Val acc.:     Test acc.:   
    0.6900         0.5418         0.5488         0.5000     
------------------------ EPOCH  22 -------------------------
     Loss:       Train acc.:     Val acc.:     Test acc.:   
    0.6898         0.5436         0.5488         0.5000     
------------------------ EPOCH  23 -------------------------
     Loss:       Train acc.:     Val acc.:     Test acc.:   
    0.6897         0.5445         0.5488         0.5000     
------------------------ EPOCH  24 -------------------------
     Loss:       Train acc.:     Val acc.:     Test acc.:   
    0.6895         0.5473         0.5488         0.5000     
------------------------ EPOCH  25 -------------------------
     Loss:       Train acc.:     Val acc.:     Test acc.:   
    0.6894         0.5491         0.5488         0.5000     
------------------------ EPOCH  26 -------------------------
     Loss:       Train acc.:     Val acc.:     Test acc.:   
    0.6892         0.5509         0.5525         0.5000     
------------------------ EPOCH  27 -------------------------
     Loss:       Train acc.:     Val acc.:     Test acc.:   
    0.6890         0.5555         0.5561         0.5000     
------------------------ EPOCH  28 -------------------------
     Loss:       Train acc.:     Val acc.:     Test acc.:   
    0.6888         0.5600         0.5633         0.5000     
------------------------ EPOCH  29 -------------------------
     Loss:       Train acc.:     Val acc.:     Test acc.:   
    0.6886         0.5627         0.5669         0.5000     
------------------------ EPOCH  30 -------------------------
     Loss:       Train acc.:     Val acc.:     Test acc.:   
    0.6885         0.5691         0.5742         0.5000     
------------------------ EPOCH  31 -------------------------
     Loss:       Train acc.:     Val acc.:     Test acc.:   
    0.6882         0.5755         0.5813         0.5000     
------------------------ EPOCH  32 -------------------------
     Loss:       Train acc.:     Val acc.:     Test acc.:   
    0.6880         0.5855         0.5849         0.5000     
------------------------ EPOCH  33 -------------------------
     Loss:       Train acc.:     Val acc.:     Test acc.:   
    0.6878         0.5955         0.5921         0.5000     
------------------------ EPOCH  34 -------------------------
     Loss:       Train acc.:     Val acc.:     Test acc.:   
    0.6876         0.6073         0.6135         0.5000     
------------------------ EPOCH  35 -------------------------
     Loss:       Train acc.:     Val acc.:     Test acc.:   
    0.6873         0.6182         0.6244         0.5000     
------------------------ EPOCH  36 -------------------------
     Loss:       Train acc.:     Val acc.:     Test acc.:   
    0.6871         0.6345         0.6423         0.5000     
------------------------ EPOCH  37 -------------------------
     Loss:       Train acc.:     Val acc.:     Test acc.:   
    0.6868         0.6464         0.6569         0.5000     
------------------------ EPOCH  38 -------------------------
     Loss:       Train acc.:     Val acc.:     Test acc.:   
    0.6865         0.6618         0.6822         0.5000     
------------------------ EPOCH  39 -------------------------
     Loss:       Train acc.:     Val acc.:     Test acc.:   
    0.6862         0.6782         0.7003         0.5000     
------------------------ EPOCH  40 -------------------------
     Loss:       Train acc.:     Val acc.:     Test acc.:   
    0.6859         0.6964         0.7146         0.5000     
------------------------ EPOCH  41 -------------------------
     Loss:       Train acc.:     Val acc.:     Test acc.:   
    0.6856         0.7118         0.7436         0.5000     
------------------------ EPOCH  42 -------------------------
     Loss:       Train acc.:     Val acc.:     Test acc.:   
    0.6852         0.7273         0.7727         0.5000     
------------------------ EPOCH  43 -------------------------
     Loss:       Train acc.:     Val acc.:     Test acc.:   
    0.6849         0.7491         0.7980         0.5000     
------------------------ EPOCH  44 -------------------------
     Loss:       Train acc.:     Val acc.:     Test acc.:   
    0.6845         0.7827         0.8305         0.5000     
------------------------ EPOCH  45 -------------------------
     Loss:       Train acc.:     Val acc.:     Test acc.:   
    0.6841         0.8082         0.8414         0.5200     
------------------------ EPOCH  46 -------------------------
     Loss:       Train acc.:     Val acc.:     Test acc.:   
    0.6837         0.8209         0.8594         0.5200     
------------------------ EPOCH  47 -------------------------
     Loss:       Train acc.:     Val acc.:     Test acc.:   
    0.6833         0.8409         0.8667         0.5200     
------------------------ EPOCH  48 -------------------------
     Loss:       Train acc.:     Val acc.:     Test acc.:   
    0.6829         0.8727         0.8846         0.5200     
------------------------ EPOCH  49 -------------------------
     Loss:       Train acc.:     Val acc.:     Test acc.:   
    0.6824         0.8900         0.9063         0.5400     
------------------------ EPOCH  50 -------------------------
     Loss:       Train acc.:     Val acc.:     Test acc.:   
    0.6819         0.9073         0.9387         0.5800     
------------------------ EPOCH  51 -------------------------
     Loss:       Train acc.:     Val acc.:     Test acc.:   
    0.6814         0.9273         0.9532         0.5800     
------------------------ EPOCH  52 -------------------------
     Loss:       Train acc.:     Val acc.:     Test acc.:   
    0.6809         0.9436         0.9640         0.6000     
------------------------ EPOCH  53 -------------------------
     Loss:       Train acc.:     Val acc.:     Test acc.:   
    0.6803         0.9582         0.9783         0.6200     
------------------------ EPOCH  54 -------------------------
     Loss:       Train acc.:     Val acc.:     Test acc.:   
    0.6798         0.9691         0.9783         0.6600     
------------------------ EPOCH  55 -------------------------
     Loss:       Train acc.:     Val acc.:     Test acc.:   
    0.6792         0.9809         0.9892         0.6600     
------------------------ EPOCH  56 -------------------------
     Loss:       Train acc.:     Val acc.:     Test acc.:   
    0.6785         0.9873         0.9892         0.6800     
------------------------ EPOCH  57 -------------------------
     Loss:       Train acc.:     Val acc.:     Test acc.:   
    0.6779         0.9918         0.9964         0.7000     
------------------------ EPOCH  58 -------------------------
     Loss:       Train acc.:     Val acc.:     Test acc.:   
    0.6772         0.9955         1.0000         0.7800     
------------------------ EPOCH  59 -------------------------
     Loss:       Train acc.:     Val acc.:     Test acc.:   
    0.6764         0.9973         1.0000         0.7800     
------------------------ EPOCH  60 -------------------------
     Loss:       Train acc.:     Val acc.:     Test acc.:   
    0.6757         0.9991         1.0000         0.7800     
------------------------ EPOCH  61 -------------------------
     Loss:       Train acc.:     Val acc.:     Test acc.:   
    0.6749         0.9991         1.0000         0.7800     
------------------------ EPOCH  62 -------------------------
     Loss:       Train acc.:     Val acc.:     Test acc.:   
    0.6740         1.0000         1.0000         0.8000     
------------------------ EPOCH  63 -------------------------
     Loss:       Train acc.:     Val acc.:     Test acc.:   
    0.6732         1.0000         1.0000         0.8200     
------------------------ EPOCH  64 -------------------------
     Loss:       Train acc.:     Val acc.:     Test acc.:   
    0.6723         1.0000         1.0000         0.8200     
------------------------ EPOCH  65 -------------------------
     Loss:       Train acc.:     Val acc.:     Test acc.:   
    0.6713         1.0000         1.0000         0.8200     
------------------------ EPOCH  66 -------------------------
     Loss:       Train acc.:     Val acc.:     Test acc.:   
    0.6703         1.0000         1.0000         0.8200     
------------------------ EPOCH  67 -------------------------
     Loss:       Train acc.:     Val acc.:     Test acc.:   
    0.6693         1.0000         1.0000         0.8200     
------------------------ EPOCH  68 -------------------------
     Loss:       Train acc.:     Val acc.:     Test acc.:   
    0.6682         1.0000         1.0000         0.8200     
------------------------ EPOCH  69 -------------------------
     Loss:       Train acc.:     Val acc.:     Test acc.:   
    0.6671         1.0000         1.0000         0.8200     
------------------------ EPOCH  70 -------------------------
     Loss:       Train acc.:     Val acc.:     Test acc.:   
    0.6659         1.0000         1.0000         0.8200     
------------------------ EPOCH  71 -------------------------
     Loss:       Train acc.:     Val acc.:     Test acc.:   
    0.6646         1.0000         1.0000         0.8200     
------------------------ EPOCH  72 -------------------------
     Loss:       Train acc.:     Val acc.:     Test acc.:   
    0.6634         1.0000         1.0000         0.8200     
------------------------ EPOCH  73 -------------------------
     Loss:       Train acc.:     Val acc.:     Test acc.:   
    0.6620         1.0000         1.0000         0.8400     
------------------------ EPOCH  74 -------------------------
     Loss:       Train acc.:     Val acc.:     Test acc.:   
    0.6606         1.0000         1.0000         0.8400     
------------------------ EPOCH  75 -------------------------
     Loss:       Train acc.:     Val acc.:     Test acc.:   
    0.6592         1.0000         1.0000         0.8600     
------------------------ EPOCH  76 -------------------------
     Loss:       Train acc.:     Val acc.:     Test acc.:   
    0.6577         1.0000         1.0000         0.8800     
------------------------ EPOCH  77 -------------------------
     Loss:       Train acc.:     Val acc.:     Test acc.:   
    0.6561         1.0000         1.0000         0.8800     
------------------------ EPOCH  78 -------------------------
     Loss:       Train acc.:     Val acc.:     Test acc.:   
    0.6545         1.0000         1.0000         0.9000     
------------------------ EPOCH  79 -------------------------
     Loss:       Train acc.:     Val acc.:     Test acc.:   
    0.6528         1.0000         1.0000         0.9200     
------------------------ EPOCH  80 -------------------------
     Loss:       Train acc.:     Val acc.:     Test acc.:   
    0.6511         1.0000         1.0000         0.9200     
------------------------ EPOCH  81 -------------------------
     Loss:       Train acc.:     Val acc.:     Test acc.:   
    0.6492         1.0000         1.0000         0.9200     
------------------------ EPOCH  82 -------------------------
     Loss:       Train acc.:     Val acc.:     Test acc.:   
    0.6474         1.0000         1.0000         0.9200     
------------------------ EPOCH  83 -------------------------
     Loss:       Train acc.:     Val acc.:     Test acc.:   
    0.6454         1.0000         1.0000         0.9200     
------------------------ EPOCH  84 -------------------------
     Loss:       Train acc.:     Val acc.:     Test acc.:   
    0.6434         1.0000         1.0000         0.9200     
------------------------ EPOCH  85 -------------------------
     Loss:       Train acc.:     Val acc.:     Test acc.:   
    0.6413         1.0000         1.0000         0.9200     
------------------------ EPOCH  86 -------------------------
     Loss:       Train acc.:     Val acc.:     Test acc.:   
    0.6392         1.0000         1.0000         0.9200     
------------------------ EPOCH  87 -------------------------
     Loss:       Train acc.:     Val acc.:     Test acc.:   
    0.6369         1.0000         1.0000         0.9200     
------------------------ EPOCH  88 -------------------------
     Loss:       Train acc.:     Val acc.:     Test acc.:   
    0.6347         1.0000         1.0000         0.9200     
------------------------ EPOCH  89 -------------------------
     Loss:       Train acc.:     Val acc.:     Test acc.:   
    0.6323         1.0000         1.0000         0.9200     
------------------------ EPOCH  90 -------------------------
     Loss:       Train acc.:     Val acc.:     Test acc.:   
    0.6299         1.0000         1.0000         0.9000     
------------------------ EPOCH  91 -------------------------
     Loss:       Train acc.:     Val acc.:     Test acc.:   
    0.6274         1.0000         1.0000         0.9200     
------------------------ EPOCH  92 -------------------------
     Loss:       Train acc.:     Val acc.:     Test acc.:   
    0.6248         1.0000         1.0000         0.9200     
------------------------ EPOCH  93 -------------------------
     Loss:       Train acc.:     Val acc.:     Test acc.:   
    0.6222         1.0000         1.0000         0.9200     
------------------------ EPOCH  94 -------------------------
     Loss:       Train acc.:     Val acc.:     Test acc.:   
    0.6195         1.0000         1.0000         0.9200     
------------------------ EPOCH  95 -------------------------
     Loss:       Train acc.:     Val acc.:     Test acc.:   
    0.6168         1.0000         1.0000         0.9400     
------------------------ EPOCH  96 -------------------------
     Loss:       Train acc.:     Val acc.:     Test acc.:   
    0.6139         1.0000         1.0000         0.9400     
------------------------ EPOCH  97 -------------------------
     Loss:       Train acc.:     Val acc.:     Test acc.:   
    0.6111         1.0000         1.0000         0.9400     
------------------------ EPOCH  98 -------------------------
     Loss:       Train acc.:     Val acc.:     Test acc.:   
    0.6081         1.0000         1.0000         0.9400     
------------------------ EPOCH  99 -------------------------
     Loss:       Train acc.:     Val acc.:     Test acc.:   
    0.6051         1.0000         1.0000         0.9400     
------------------------ EPOCH 100 -------------------------
     Loss:       Train acc.:     Val acc.:     Test acc.:   
    0.6021         1.0000         1.0000         0.9400     
------------------------ EPOCH 101 -------------------------
     Loss:       Train acc.:     Val acc.:     Test acc.:   
    0.5990         1.0000         1.0000         0.9400     
------------------------ EPOCH 102 -------------------------
     Loss:       Train acc.:     Val acc.:     Test acc.:   
    0.5959         1.0000         1.0000         0.9400     
------------------------ EPOCH 103 -------------------------
     Loss:       Train acc.:     Val acc.:     Test acc.:   
    0.5927         1.0000         1.0000         0.9400     
------------------------ EPOCH 104 -------------------------
     Loss:       Train acc.:     Val acc.:     Test acc.:   
    0.5895         1.0000         1.0000         0.9400     
------------------------ EPOCH 105 -------------------------
     Loss:       Train acc.:     Val acc.:     Test acc.:   
    0.5863         1.0000         1.0000         0.9400     
------------------------ EPOCH 106 -------------------------
     Loss:       Train acc.:     Val acc.:     Test acc.:   
    0.5830         1.0000         1.0000         0.9400     
------------------------ EPOCH 107 -------------------------
     Loss:       Train acc.:     Val acc.:     Test acc.:   
    0.5797         1.0000         1.0000         0.9400     
------------------------ EPOCH 108 -------------------------
     Loss:       Train acc.:     Val acc.:     Test acc.:   
    0.5764         1.0000         1.0000         0.9400     
------------------------ EPOCH 109 -------------------------
     Loss:       Train acc.:     Val acc.:     Test acc.:   
    0.5731         1.0000         1.0000         0.9400     
------------------------ EPOCH 110 -------------------------
     Loss:       Train acc.:     Val acc.:     Test acc.:   
    0.5698         1.0000         1.0000         0.9400     
------------------------ EPOCH 111 -------------------------
     Loss:       Train acc.:     Val acc.:     Test acc.:   
    0.5665         1.0000         1.0000         0.9400     
------------------------ EPOCH 112 -------------------------
     Loss:       Train acc.:     Val acc.:     Test acc.:   
    0.5632         1.0000         1.0000         0.9400     
------------------------ EPOCH 113 -------------------------
     Loss:       Train acc.:     Val acc.:     Test acc.:   
    0.5599         1.0000         1.0000         0.9400     
------------------------ EPOCH 114 -------------------------
     Loss:       Train acc.:     Val acc.:     Test acc.:   
    0.5566         1.0000         1.0000         0.9400     
------------------------ EPOCH 115 -------------------------
     Loss:       Train acc.:     Val acc.:     Test acc.:   
    0.5533         1.0000         1.0000         0.9400     
------------------------ EPOCH 116 -------------------------
     Loss:       Train acc.:     Val acc.:     Test acc.:   
    0.5501         1.0000         1.0000         0.9400     
------------------------ EPOCH 117 -------------------------
     Loss:       Train acc.:     Val acc.:     Test acc.:   
    0.5469         1.0000         1.0000         0.9400     
------------------------ EPOCH 118 -------------------------
     Loss:       Train acc.:     Val acc.:     Test acc.:   
    0.5437         1.0000         1.0000         0.9400     
------------------------ EPOCH 119 -------------------------
     Loss:       Train acc.:     Val acc.:     Test acc.:   
    0.5406         1.0000         1.0000         0.9400     
------------------------ EPOCH 120 -------------------------
     Loss:       Train acc.:     Val acc.:     Test acc.:   
    0.5375         1.0000         1.0000         0.9400     
------------------------ EPOCH 121 -------------------------
     Loss:       Train acc.:     Val acc.:     Test acc.:   
    0.5344         1.0000         1.0000         0.9400     
------------------------ EPOCH 122 -------------------------
     Loss:       Train acc.:     Val acc.:     Test acc.:   
    0.5314         1.0000         1.0000         0.9400     
------------------------ EPOCH 123 -------------------------
     Loss:       Train acc.:     Val acc.:     Test acc.:   
    0.5285         1.0000         1.0000         0.9400     
------------------------ EPOCH 124 -------------------------
     Loss:       Train acc.:     Val acc.:     Test acc.:   
    0.5256         1.0000         1.0000         0.9400     
------------------------ EPOCH 125 -------------------------
     Loss:       Train acc.:     Val acc.:     Test acc.:   
    0.5228         1.0000         1.0000         0.9400     
------------------------ EPOCH 126 -------------------------
     Loss:       Train acc.:     Val acc.:     Test acc.:   
    0.5200         1.0000         1.0000         0.9400     
------------------------ EPOCH 127 -------------------------
     Loss:       Train acc.:     Val acc.:     Test acc.:   
    0.5173         1.0000         1.0000         0.9400     
------------------------ EPOCH 128 -------------------------
     Loss:       Train acc.:     Val acc.:     Test acc.:   
    0.5147         1.0000         1.0000         0.9400     
------------------------ EPOCH 129 -------------------------
     Loss:       Train acc.:     Val acc.:     Test acc.:   
    0.5121         1.0000         1.0000         0.9400     
------------------------ EPOCH 130 -------------------------
     Loss:       Train acc.:     Val acc.:     Test acc.:   
    0.5096         1.0000         1.0000         0.9400     
------------------------ EPOCH 131 -------------------------
     Loss:       Train acc.:     Val acc.:     Test acc.:   
    0.5072         1.0000         1.0000         0.9400     
------------------------ EPOCH 132 -------------------------
     Loss:       Train acc.:     Val acc.:     Test acc.:   
    0.5048         1.0000         1.0000         0.9400     
------------------------ EPOCH 133 -------------------------
     Loss:       Train acc.:     Val acc.:     Test acc.:   
    0.5026         1.0000         1.0000         0.9400     
------------------------ EPOCH 134 -------------------------
     Loss:       Train acc.:     Val acc.:     Test acc.:   
    0.5003         1.0000         1.0000         0.9400     
------------------------ EPOCH 135 -------------------------
     Loss:       Train acc.:     Val acc.:     Test acc.:   
    0.4982         1.0000         1.0000         0.9400     
------------------------ EPOCH 136 -------------------------
     Loss:       Train acc.:     Val acc.:     Test acc.:   
    0.4961         1.0000         1.0000         0.9400     
------------------------ EPOCH 137 -------------------------
     Loss:       Train acc.:     Val acc.:     Test acc.:   
    0.4941         1.0000         1.0000         0.9400     
------------------------ EPOCH 138 -------------------------
     Loss:       Train acc.:     Val acc.:     Test acc.:   
    0.4921         1.0000         1.0000         0.9400     
------------------------ EPOCH 139 -------------------------
     Loss:       Train acc.:     Val acc.:     Test acc.:   
    0.4903         1.0000         1.0000         0.9400     
------------------------ EPOCH 140 -------------------------
     Loss:       Train acc.:     Val acc.:     Test acc.:   
    0.4885         1.0000         1.0000         0.9400     
------------------------ EPOCH 141 -------------------------
     Loss:       Train acc.:     Val acc.:     Test acc.:   
    0.4867         1.0000         1.0000         0.9400     
------------------------ EPOCH 142 -------------------------
     Loss:       Train acc.:     Val acc.:     Test acc.:   
    0.4850         1.0000         1.0000         0.9400     
------------------------ EPOCH 143 -------------------------
     Loss:       Train acc.:     Val acc.:     Test acc.:   
    0.4834         1.0000         1.0000         0.9400     
------------------------ EPOCH 144 -------------------------
     Loss:       Train acc.:     Val acc.:     Test acc.:   
    0.4818         1.0000         1.0000         0.9400     
------------------------ EPOCH 145 -------------------------
     Loss:       Train acc.:     Val acc.:     Test acc.:   
    0.4803         1.0000         1.0000         0.9400     
------------------------ EPOCH 146 -------------------------
     Loss:       Train acc.:     Val acc.:     Test acc.:   
    0.4789         1.0000         1.0000         0.9400     
------------------------ EPOCH 147 -------------------------
     Loss:       Train acc.:     Val acc.:     Test acc.:   
    0.4775         1.0000         1.0000         0.9400     
------------------------ EPOCH 148 -------------------------
     Loss:       Train acc.:     Val acc.:     Test acc.:   
    0.4762         1.0000         1.0000         0.9400     
------------------------ EPOCH 149 -------------------------
     Loss:       Train acc.:     Val acc.:     Test acc.:   
    0.4749         1.0000         1.0000         0.9400     
------------------------ EPOCH 150 -------------------------
     Loss:       Train acc.:     Val acc.:     Test acc.:   
    0.4736         1.0000         1.0000         0.9400     
------------------------ EPOCH 151 -------------------------
     Loss:       Train acc.:     Val acc.:     Test acc.:   
    0.4725         1.0000         1.0000         0.9400     
------------------------ EPOCH 152 -------------------------
     Loss:       Train acc.:     Val acc.:     Test acc.:   
    0.4713         1.0000         1.0000         0.9400     
------------------------ EPOCH 153 -------------------------
     Loss:       Train acc.:     Val acc.:     Test acc.:   
    0.4702         1.0000         1.0000         0.9400     
------------------------ EPOCH 154 -------------------------
     Loss:       Train acc.:     Val acc.:     Test acc.:   
    0.4692         1.0000         1.0000         0.9400     
------------------------ EPOCH 155 -------------------------
     Loss:       Train acc.:     Val acc.:     Test acc.:   
    0.4682         1.0000         1.0000         0.9400     
------------------------ EPOCH 156 -------------------------
     Loss:       Train acc.:     Val acc.:     Test acc.:   
    0.4672         1.0000         1.0000         0.9400     
------------------------ EPOCH 157 -------------------------
     Loss:       Train acc.:     Val acc.:     Test acc.:   
    0.4663         1.0000         1.0000         0.9400     
------------------------ EPOCH 158 -------------------------
     Loss:       Train acc.:     Val acc.:     Test acc.:   
    0.4654         1.0000         1.0000         0.9400     
------------------------ EPOCH 159 -------------------------
     Loss:       Train acc.:     Val acc.:     Test acc.:   
    0.4646         1.0000         1.0000         0.9400     
------------------------ EPOCH 160 -------------------------
     Loss:       Train acc.:     Val acc.:     Test acc.:   
    0.4638         1.0000         1.0000         0.9400     
------------------------ EPOCH 161 -------------------------
     Loss:       Train acc.:     Val acc.:     Test acc.:   
    0.4630         1.0000         1.0000         0.9400     
------------------------ EPOCH 162 -------------------------
     Loss:       Train acc.:     Val acc.:     Test acc.:   
    0.4622         1.0000         1.0000         0.9400     
------------------------ EPOCH 163 -------------------------
     Loss:       Train acc.:     Val acc.:     Test acc.:   
    0.4615         1.0000         1.0000         0.9400     
------------------------ EPOCH 164 -------------------------
     Loss:       Train acc.:     Val acc.:     Test acc.:   
    0.4608         1.0000         1.0000         0.9400     
------------------------ EPOCH 165 -------------------------
     Loss:       Train acc.:     Val acc.:     Test acc.:   
    0.4602         1.0000         1.0000         0.9400     
------------------------ EPOCH 166 -------------------------
     Loss:       Train acc.:     Val acc.:     Test acc.:   
    0.4596         1.0000         1.0000         0.9400     
------------------------ EPOCH 167 -------------------------
     Loss:       Train acc.:     Val acc.:     Test acc.:   
    0.4590         1.0000         1.0000         0.9400     
------------------------ EPOCH 168 -------------------------
     Loss:       Train acc.:     Val acc.:     Test acc.:   
    0.4584         1.0000         1.0000         0.9400     
------------------------ EPOCH 169 -------------------------
     Loss:       Train acc.:     Val acc.:     Test acc.:   
    0.4578         1.0000         1.0000         0.9400     
------------------------ EPOCH 170 -------------------------
     Loss:       Train acc.:     Val acc.:     Test acc.:   
    0.4573         1.0000         1.0000         0.9400     
------------------------ EPOCH 171 -------------------------
     Loss:       Train acc.:     Val acc.:     Test acc.:   
    0.4568         1.0000         1.0000         0.9400     
------------------------ EPOCH 172 -------------------------
     Loss:       Train acc.:     Val acc.:     Test acc.:   
    0.4563         1.0000         1.0000         0.9400     
------------------------ EPOCH 173 -------------------------
     Loss:       Train acc.:     Val acc.:     Test acc.:   
    0.4559         1.0000         1.0000         0.9400     
------------------------ EPOCH 174 -------------------------
     Loss:       Train acc.:     Val acc.:     Test acc.:   
    0.4555         1.0000         1.0000         0.9400     
------------------------ EPOCH 175 -------------------------
     Loss:       Train acc.:     Val acc.:     Test acc.:   
    0.4550         1.0000         1.0000         0.9400     
------------------------ EPOCH 176 -------------------------
     Loss:       Train acc.:     Val acc.:     Test acc.:   
    0.4546         1.0000         1.0000         0.9400     
------------------------ EPOCH 177 -------------------------
     Loss:       Train acc.:     Val acc.:     Test acc.:   
    0.4542         1.0000         1.0000         0.9400     
------------------------ EPOCH 178 -------------------------
     Loss:       Train acc.:     Val acc.:     Test acc.:   
    0.4539         1.0000         1.0000         0.9400     
------------------------ EPOCH 179 -------------------------
     Loss:       Train acc.:     Val acc.:     Test acc.:   
    0.4535         1.0000         1.0000         0.9400     
------------------------ EPOCH 180 -------------------------
     Loss:       Train acc.:     Val acc.:     Test acc.:   
    0.4532         1.0000         1.0000         0.9400     
------------------------ EPOCH 181 -------------------------
     Loss:       Train acc.:     Val acc.:     Test acc.:   
    0.4529         1.0000         1.0000         0.9400     
------------------------ EPOCH 182 -------------------------
     Loss:       Train acc.:     Val acc.:     Test acc.:   
    0.4526         1.0000         1.0000         0.9400     
------------------------ EPOCH 183 -------------------------
     Loss:       Train acc.:     Val acc.:     Test acc.:   
    0.4523         1.0000         1.0000         0.9400     
------------------------ EPOCH 184 -------------------------
     Loss:       Train acc.:     Val acc.:     Test acc.:   
    0.4520         1.0000         1.0000         0.9400     
------------------------ EPOCH 185 -------------------------
     Loss:       Train acc.:     Val acc.:     Test acc.:   
    0.4517         1.0000         1.0000         0.9400     
------------------------ EPOCH 186 -------------------------
     Loss:       Train acc.:     Val acc.:     Test acc.:   
    0.4515         1.0000         1.0000         0.9400     
------------------------ EPOCH 187 -------------------------
     Loss:       Train acc.:     Val acc.:     Test acc.:   
    0.4512         1.0000         1.0000         0.9400     
------------------------ EPOCH 188 -------------------------
     Loss:       Train acc.:     Val acc.:     Test acc.:   
    0.4510         1.0000         1.0000         0.9400     
------------------------ EPOCH 189 -------------------------
     Loss:       Train acc.:     Val acc.:     Test acc.:   
    0.4508         1.0000         1.0000         0.9400     
------------------------ EPOCH 190 -------------------------
     Loss:       Train acc.:     Val acc.:     Test acc.:   
    0.4506         1.0000         1.0000         0.9400     
------------------------ EPOCH 191 -------------------------
     Loss:       Train acc.:     Val acc.:     Test acc.:   
    0.4504         1.0000         1.0000         0.9400     
------------------------ EPOCH 192 -------------------------
     Loss:       Train acc.:     Val acc.:     Test acc.:   
    0.4502         1.0000         1.0000         0.9400     
------------------------ EPOCH 193 -------------------------
     Loss:       Train acc.:     Val acc.:     Test acc.:   
    0.4500         1.0000         1.0000         0.9400     
------------------------ EPOCH 194 -------------------------
     Loss:       Train acc.:     Val acc.:     Test acc.:   
    0.4498         1.0000         1.0000         0.9400     
------------------------ EPOCH 195 -------------------------
     Loss:       Train acc.:     Val acc.:     Test acc.:   
    0.4496         1.0000         1.0000         0.9400     
------------------------ EPOCH 196 -------------------------
     Loss:       Train acc.:     Val acc.:     Test acc.:   
    0.4495         1.0000         1.0000         0.9400     
------------------------ EPOCH 197 -------------------------
     Loss:       Train acc.:     Val acc.:     Test acc.:   
    0.4493         1.0000         1.0000         0.9400     
------------------------ EPOCH 198 -------------------------
     Loss:       Train acc.:     Val acc.:     Test acc.:   
    0.4492         1.0000         1.0000         0.9400     
------------------------ EPOCH 199 -------------------------
     Loss:       Train acc.:     Val acc.:     Test acc.:   
    0.4490         1.0000         1.0000         0.9400     
------------------------ EPOCH 200 -------------------------
     Loss:       Train acc.:     Val acc.:     Test acc.:   
    0.4489         1.0000         1.0000         0.9400     
------------------------ EPOCH 201 -------------------------
     Loss:       Train acc.:     Val acc.:     Test acc.:   
    0.4488         1.0000         1.0000         0.9400     
------------------------ EPOCH 202 -------------------------
     Loss:       Train acc.:     Val acc.:     Test acc.:   
    0.4486         1.0000         1.0000         0.9400     
------------------------ EPOCH 203 -------------------------
     Loss:       Train acc.:     Val acc.:     Test acc.:   
    0.4485         1.0000         1.0000         0.9400     
------------------------ EPOCH 204 -------------------------
     Loss:       Train acc.:     Val acc.:     Test acc.:   
    0.4484         1.0000         1.0000         0.9400     
------------------------ EPOCH 205 -------------------------
     Loss:       Train acc.:     Val acc.:     Test acc.:   
    0.4483         1.0000         1.0000         0.9400     
------------------------ EPOCH 206 -------------------------
     Loss:       Train acc.:     Val acc.:     Test acc.:   
    0.4482         1.0000         1.0000         0.9400     
------------------------ EPOCH 207 -------------------------
     Loss:       Train acc.:     Val acc.:     Test acc.:   
    0.4481         1.0000         1.0000         0.9400     
------------------------ EPOCH 208 -------------------------
     Loss:       Train acc.:     Val acc.:     Test acc.:   
    0.4480         1.0000         1.0000         0.9400     
------------------------ EPOCH 209 -------------------------
     Loss:       Train acc.:     Val acc.:     Test acc.:   
    0.4479         1.0000         1.0000         0.9400     
------------------------ EPOCH 210 -------------------------
     Loss:       Train acc.:     Val acc.:     Test acc.:   
    0.4478         1.0000         1.0000         0.9400     
------------------------ EPOCH 211 -------------------------
     Loss:       Train acc.:     Val acc.:     Test acc.:   
    0.4477         1.0000         1.0000         0.9400     
------------------------ EPOCH 212 -------------------------
     Loss:       Train acc.:     Val acc.:     Test acc.:   
    0.4477         1.0000         1.0000         0.9400     
------------------------ EPOCH 213 -------------------------
     Loss:       Train acc.:     Val acc.:     Test acc.:   
    0.4476         1.0000         1.0000         0.9400     
------------------------ EPOCH 214 -------------------------
     Loss:       Train acc.:     Val acc.:     Test acc.:   
    0.4475         1.0000         1.0000         0.9400     
------------------------ EPOCH 215 -------------------------
     Loss:       Train acc.:     Val acc.:     Test acc.:   
    0.4474         1.0000         1.0000         0.9400     
------------------------ EPOCH 216 -------------------------
     Loss:       Train acc.:     Val acc.:     Test acc.:   
    0.4474         1.0000         1.0000         0.9400     
------------------------ EPOCH 217 -------------------------
     Loss:       Train acc.:     Val acc.:     Test acc.:   
    0.4473         1.0000         1.0000         0.9400     
------------------------ EPOCH 218 -------------------------
     Loss:       Train acc.:     Val acc.:     Test acc.:   
    0.4473         1.0000         1.0000         0.9400     
------------------------ EPOCH 219 -------------------------
     Loss:       Train acc.:     Val acc.:     Test acc.:   
    0.4472         1.0000         1.0000         0.9400     
------------------------ EPOCH 220 -------------------------
     Loss:       Train acc.:     Val acc.:     Test acc.:   
    0.4471         1.0000         1.0000         0.9400     
------------------------ EPOCH 221 -------------------------
     Loss:       Train acc.:     Val acc.:     Test acc.:   
    0.4471         1.0000         1.0000         0.9400     
------------------------ EPOCH 222 -------------------------
     Loss:       Train acc.:     Val acc.:     Test acc.:   
    0.4470         1.0000         1.0000         0.9400     
------------------------ EPOCH 223 -------------------------
     Loss:       Train acc.:     Val acc.:     Test acc.:   
    0.4470         1.0000         1.0000         0.9400     
------------------------ EPOCH 224 -------------------------
     Loss:       Train acc.:     Val acc.:     Test acc.:   
    0.4470         1.0000         1.0000         0.9400     
------------------------ EPOCH 225 -------------------------
     Loss:       Train acc.:     Val acc.:     Test acc.:   
    0.4469         1.0000         1.0000         0.9400     
------------------------ EPOCH 226 -------------------------
     Loss:       Train acc.:     Val acc.:     Test acc.:   
    0.4469         1.0000         1.0000         0.9400     
------------------------ EPOCH 227 -------------------------
     Loss:       Train acc.:     Val acc.:     Test acc.:   
    0.4468         1.0000         1.0000         0.9400     
------------------------ EPOCH 228 -------------------------
     Loss:       Train acc.:     Val acc.:     Test acc.:   
    0.4468         1.0000         1.0000         0.9400     
------------------------ EPOCH 229 -------------------------
     Loss:       Train acc.:     Val acc.:     Test acc.:   
    0.4468         1.0000         1.0000         0.9400     
------------------------ EPOCH 230 -------------------------
     Loss:       Train acc.:     Val acc.:     Test acc.:   
    0.4467         1.0000         1.0000         0.9400     
------------------------ EPOCH 231 -------------------------
     Loss:       Train acc.:     Val acc.:     Test acc.:   
    0.4467         1.0000         1.0000         0.9400     
------------------------ EPOCH 232 -------------------------
     Loss:       Train acc.:     Val acc.:     Test acc.:   
    0.4467         1.0000         1.0000         0.9400     
------------------------ EPOCH 233 -------------------------
     Loss:       Train acc.:     Val acc.:     Test acc.:   
    0.4466         1.0000         1.0000         0.9400     
------------------------ EPOCH 234 -------------------------
     Loss:       Train acc.:     Val acc.:     Test acc.:   
    0.4466         1.0000         1.0000         0.9400     
------------------------ EPOCH 235 -------------------------
     Loss:       Train acc.:     Val acc.:     Test acc.:   
    0.4466         1.0000         1.0000         0.9400     
------------------------ EPOCH 236 -------------------------
     Loss:       Train acc.:     Val acc.:     Test acc.:   
    0.4465         1.0000         1.0000         0.9400     
------------------------ EPOCH 237 -------------------------
     Loss:       Train acc.:     Val acc.:     Test acc.:   
    0.4465         1.0000         1.0000         0.9400     
------------------------ EPOCH 238 -------------------------
     Loss:       Train acc.:     Val acc.:     Test acc.:   
    0.4465         1.0000         1.0000         0.9400     
------------------------ EPOCH 239 -------------------------
     Loss:       Train acc.:     Val acc.:     Test acc.:   
    0.4465         1.0000         1.0000         0.9400     
------------------------ EPOCH 240 -------------------------
     Loss:       Train acc.:     Val acc.:     Test acc.:   
    0.4464         1.0000         1.0000         0.9400     
------------------------ EPOCH 241 -------------------------
     Loss:       Train acc.:     Val acc.:     Test acc.:   
    0.4464         1.0000         1.0000         0.9400     
------------------------ EPOCH 242 -------------------------
     Loss:       Train acc.:     Val acc.:     Test acc.:   
    0.4464         1.0000         1.0000         0.9400     
------------------------ EPOCH 243 -------------------------
     Loss:       Train acc.:     Val acc.:     Test acc.:   
    0.4464         1.0000         1.0000         0.9400     
------------------------ EPOCH 244 -------------------------
     Loss:       Train acc.:     Val acc.:     Test acc.:   
    0.4464         1.0000         1.0000         0.9400     
------------------------ EPOCH 245 -------------------------
     Loss:       Train acc.:     Val acc.:     Test acc.:   
    0.4463         1.0000         1.0000         0.9400     
------------------------ EPOCH 246 -------------------------
     Loss:       Train acc.:     Val acc.:     Test acc.:   
    0.4463         1.0000         1.0000         0.9400     
------------------------ EPOCH 247 -------------------------
     Loss:       Train acc.:     Val acc.:     Test acc.:   
    0.4463         1.0000         1.0000         0.9400     
------------------------ EPOCH 248 -------------------------
     Loss:       Train acc.:     Val acc.:     Test acc.:   
    0.4463         1.0000         1.0000         0.9400     
------------------------ EPOCH 249 -------------------------
     Loss:       Train acc.:     Val acc.:     Test acc.:   
    0.4463         1.0000         1.0000         0.9400     
------------------------ EPOCH 250 -------------------------
     Loss:       Train acc.:     Val acc.:     Test acc.:   
    0.4463         1.0000         1.0000         0.9400     
------------------------ EPOCH 251 -------------------------
     Loss:       Train acc.:     Val acc.:     Test acc.:   
    0.4462         1.0000         1.0000         0.9400     
------------------------ EPOCH 252 -------------------------
     Loss:       Train acc.:     Val acc.:     Test acc.:   
    0.4462         1.0000         1.0000         0.9400     
------------------------ EPOCH 253 -------------------------
     Loss:       Train acc.:     Val acc.:     Test acc.:   
    0.4462         1.0000         1.0000         0.9400     
------------------------ EPOCH 254 -------------------------
     Loss:       Train acc.:     Val acc.:     Test acc.:   
    0.4462         1.0000         1.0000         0.9400     
------------------------ EPOCH 255 -------------------------
     Loss:       Train acc.:     Val acc.:     Test acc.:   
    0.4462         1.0000         1.0000         0.9400     
------------------------ EPOCH 256 -------------------------
     Loss:       Train acc.:     Val acc.:     Test acc.:   
    0.4462         1.0000         1.0000         0.9400     
------------------------ EPOCH 257 -------------------------
     Loss:       Train acc.:     Val acc.:     Test acc.:   
    0.4462         1.0000         1.0000         0.9400     
------------------------ EPOCH 258 -------------------------
     Loss:       Train acc.:     Val acc.:     Test acc.:   
    0.4462         1.0000         1.0000         0.9400     
------------------------ EPOCH 259 -------------------------
     Loss:       Train acc.:     Val acc.:     Test acc.:   
    0.4462         1.0000         1.0000         0.9400     
------------------------ EPOCH 260 -------------------------
     Loss:       Train acc.:     Val acc.:     Test acc.:   
    0.4461         1.0000         1.0000         0.9400     
------------------------ EPOCH 261 -------------------------
     Loss:       Train acc.:     Val acc.:     Test acc.:   
    0.4461         1.0000         1.0000         0.9400     
------------------------ EPOCH 262 -------------------------
     Loss:       Train acc.:     Val acc.:     Test acc.:   
    0.4461         1.0000         1.0000         0.9400     
------------------------ EPOCH 263 -------------------------
     Loss:       Train acc.:     Val acc.:     Test acc.:   
    0.4461         1.0000         1.0000         0.9400     
------------------------ EPOCH 264 -------------------------
     Loss:       Train acc.:     Val acc.:     Test acc.:   
    0.4461         1.0000         1.0000         0.9400     
------------------------ EPOCH 265 -------------------------
     Loss:       Train acc.:     Val acc.:     Test acc.:   
    0.4461         1.0000         1.0000         0.9400     
------------------------ EPOCH 266 -------------------------
     Loss:       Train acc.:     Val acc.:     Test acc.:   
    0.4461         1.0000         1.0000         0.9400     
------------------------ EPOCH 267 -------------------------
     Loss:       Train acc.:     Val acc.:     Test acc.:   
    0.4461         1.0000         1.0000         0.9400     
------------------------ EPOCH 268 -------------------------
     Loss:       Train acc.:     Val acc.:     Test acc.:   
    0.4461         1.0000         1.0000         0.9400     
------------------------ EPOCH 269 -------------------------
     Loss:       Train acc.:     Val acc.:     Test acc.:   
    0.4461         1.0000         1.0000         0.9400     
------------------------ EPOCH 270 -------------------------
     Loss:       Train acc.:     Val acc.:     Test acc.:   
    0.4461         1.0000         1.0000         0.9400     
------------------------ EPOCH 271 -------------------------
     Loss:       Train acc.:     Val acc.:     Test acc.:   
    0.4461         1.0000         1.0000         0.9400     
------------------------ EPOCH 272 -------------------------
     Loss:       Train acc.:     Val acc.:     Test acc.:   
    0.4461         1.0000         1.0000         0.9400     
------------------------ EPOCH 273 -------------------------
     Loss:       Train acc.:     Val acc.:     Test acc.:   
    0.4461         1.0000         1.0000         0.9400     
------------------------ EPOCH 274 -------------------------
     Loss:       Train acc.:     Val acc.:     Test acc.:   
    0.4460         1.0000         1.0000         0.9400     
------------------------ EPOCH 275 -------------------------
     Loss:       Train acc.:     Val acc.:     Test acc.:   
    0.4460         1.0000         1.0000         0.9400     
------------------------ EPOCH 276 -------------------------
     Loss:       Train acc.:     Val acc.:     Test acc.:   
    0.4460         1.0000         1.0000         0.9400     
------------------------ EPOCH 277 -------------------------
     Loss:       Train acc.:     Val acc.:     Test acc.:   
    0.4460         1.0000         1.0000         0.9400     
------------------------ EPOCH 278 -------------------------
     Loss:       Train acc.:     Val acc.:     Test acc.:   
    0.4460         1.0000         1.0000         0.9400     
------------------------ EPOCH 279 -------------------------
     Loss:       Train acc.:     Val acc.:     Test acc.:   
    0.4460         1.0000         1.0000         0.9400     
------------------------ EPOCH 280 -------------------------
     Loss:       Train acc.:     Val acc.:     Test acc.:   
    0.4460         1.0000         1.0000         0.9400     
------------------------ EPOCH 281 -------------------------
     Loss:       Train acc.:     Val acc.:     Test acc.:   
    0.4460         1.0000         1.0000         0.9400     
------------------------ EPOCH 282 -------------------------
     Loss:       Train acc.:     Val acc.:     Test acc.:   
    0.4460         1.0000         1.0000         0.9400     
------------------------ EPOCH 283 -------------------------
     Loss:       Train acc.:     Val acc.:     Test acc.:   
    0.4460         1.0000         1.0000         0.9400     
------------------------ EPOCH 284 -------------------------
     Loss:       Train acc.:     Val acc.:     Test acc.:   
    0.4460         1.0000         1.0000         0.9400     
------------------------ EPOCH 285 -------------------------
     Loss:       Train acc.:     Val acc.:     Test acc.:   
    0.4460         1.0000         1.0000         0.9400     
------------------------ EPOCH 286 -------------------------
     Loss:       Train acc.:     Val acc.:     Test acc.:   
    0.4460         1.0000         1.0000         0.9400     
------------------------ EPOCH 287 -------------------------
     Loss:       Train acc.:     Val acc.:     Test acc.:   
    0.4460         1.0000         1.0000         0.9400     
------------------------ EPOCH 288 -------------------------
     Loss:       Train acc.:     Val acc.:     Test acc.:   
    0.4460         1.0000         1.0000         0.9400     
------------------------ EPOCH 289 -------------------------
     Loss:       Train acc.:     Val acc.:     Test acc.:   
    0.4460         1.0000         1.0000         0.9400     
------------------------ EPOCH 290 -------------------------
     Loss:       Train acc.:     Val acc.:     Test acc.:   
    0.4460         1.0000         1.0000         0.9400     
------------------------ EPOCH 291 -------------------------
     Loss:       Train acc.:     Val acc.:     Test acc.:   
    0.4460         1.0000         1.0000         0.9400     
------------------------ EPOCH 292 -------------------------
     Loss:       Train acc.:     Val acc.:     Test acc.:   
    0.4460         1.0000         1.0000         0.9400     
------------------------ EPOCH 293 -------------------------
     Loss:       Train acc.:     Val acc.:     Test acc.:   
    0.4460         1.0000         1.0000         0.9400     
------------------------ EPOCH 294 -------------------------
     Loss:       Train acc.:     Val acc.:     Test acc.:   
    0.4460         1.0000         1.0000         0.9400     
------------------------ EPOCH 295 -------------------------
     Loss:       Train acc.:     Val acc.:     Test acc.:   
    0.4460         1.0000         1.0000         0.9400     
------------------------ EPOCH 296 -------------------------
     Loss:       Train acc.:     Val acc.:     Test acc.:   
    0.4460         1.0000         1.0000         0.9400     
------------------------ EPOCH 297 -------------------------
     Loss:       Train acc.:     Val acc.:     Test acc.:   
    0.4460         1.0000         1.0000         0.9400     
------------------------ EPOCH 298 -------------------------
     Loss:       Train acc.:     Val acc.:     Test acc.:   
    0.4460         1.0000         1.0000         0.9400     
------------------------ EPOCH 299 -------------------------
     Loss:       Train acc.:     Val acc.:     Test acc.:   
    0.4460         1.0000         1.0000         0.9400     
------------------------ EPOCH 300 -------------------------
     Loss:       Train acc.:     Val acc.:     Test acc.:   
    0.4460         1.0000         1.0000         0.9400     
------------------------ EPOCH 301 -------------------------
     Loss:       Train acc.:     Val acc.:     Test acc.:   
    0.4460         1.0000         1.0000         0.9400     
------------------------ EPOCH 302 -------------------------
     Loss:       Train acc.:     Val acc.:     Test acc.:   
    0.4460         1.0000         1.0000         0.9400     
------------------------ EPOCH 303 -------------------------
     Loss:       Train acc.:     Val acc.:     Test acc.:   
    0.4460         1.0000         1.0000         0.9400     
------------------------ EPOCH 304 -------------------------
     Loss:       Train acc.:     Val acc.:     Test acc.:   
    0.4460         1.0000         1.0000         0.9400     
------------------------ EPOCH 305 -------------------------
     Loss:       Train acc.:     Val acc.:     Test acc.:   
    0.4460         1.0000         1.0000         0.9400     
------------------------ EPOCH 306 -------------------------
     Loss:       Train acc.:     Val acc.:     Test acc.:   
    0.4459         1.0000         1.0000         0.9400     
------------------------ EPOCH 307 -------------------------
     Loss:       Train acc.:     Val acc.:     Test acc.:   
    0.4459         1.0000         1.0000         0.9400     
------------------------ EPOCH 308 -------------------------
     Loss:       Train acc.:     Val acc.:     Test acc.:   
    0.4459         1.0000         1.0000         0.9400     
------------------------ EPOCH 309 -------------------------
     Loss:       Train acc.:     Val acc.:     Test acc.:   
    0.4459         1.0000         1.0000         0.9400     
------------------------ EPOCH 310 -------------------------
     Loss:       Train acc.:     Val acc.:     Test acc.:   
    0.4459         1.0000         1.0000         0.9400     
------------------------ EPOCH 311 -------------------------
     Loss:       Train acc.:     Val acc.:     Test acc.:   
    0.4459         1.0000         1.0000         0.9400     
------------------------ EPOCH 312 -------------------------
     Loss:       Train acc.:     Val acc.:     Test acc.:   
    0.4459         1.0000         1.0000         0.9400     
------------------------ EPOCH 313 -------------------------
     Loss:       Train acc.:     Val acc.:     Test acc.:   
    0.4459         1.0000         1.0000         0.9400     
------------------------ EPOCH 314 -------------------------
     Loss:       Train acc.:     Val acc.:     Test acc.:   
    0.4459         1.0000         1.0000         0.9400     
------------------------ EPOCH 315 -------------------------
     Loss:       Train acc.:     Val acc.:     Test acc.:   
    0.4459         1.0000         1.0000         0.9400     
------------------------ EPOCH 316 -------------------------
     Loss:       Train acc.:     Val acc.:     Test acc.:   
    0.4459         1.0000         1.0000         0.9400     
------------------------ EPOCH 317 -------------------------
     Loss:       Train acc.:     Val acc.:     Test acc.:   
    0.4459         1.0000         1.0000         0.9400     
------------------------ EPOCH 318 -------------------------
     Loss:       Train acc.:     Val acc.:     Test acc.:   
    0.4459         1.0000         1.0000         0.9400     
------------------------ EPOCH 319 -------------------------
     Loss:       Train acc.:     Val acc.:     Test acc.:   
    0.4459         1.0000         1.0000         0.9400     
------------------------ EPOCH 320 -------------------------
     Loss:       Train acc.:     Val acc.:     Test acc.:   
    0.4459         1.0000         1.0000         0.9400     
------------------------ EPOCH 321 -------------------------
     Loss:       Train acc.:     Val acc.:     Test acc.:   
    0.4459         1.0000         1.0000         0.9400     
------------------------ EPOCH 322 -------------------------
     Loss:       Train acc.:     Val acc.:     Test acc.:   
    0.4459         1.0000         1.0000         0.9400     
------------------------ EPOCH 323 -------------------------
     Loss:       Train acc.:     Val acc.:     Test acc.:   
    0.4459         1.0000         1.0000         0.9400     
------------------------ EPOCH 324 -------------------------
     Loss:       Train acc.:     Val acc.:     Test acc.:   
    0.4459         1.0000         1.0000         0.9400     
------------------------ EPOCH 325 -------------------------
     Loss:       Train acc.:     Val acc.:     Test acc.:   
    0.4459         1.0000         1.0000         0.9400     
------------------------ EPOCH 326 -------------------------
     Loss:       Train acc.:     Val acc.:     Test acc.:   
    0.4459         1.0000         1.0000         0.9400     
------------------------ EPOCH 327 -------------------------
     Loss:       Train acc.:     Val acc.:     Test acc.:   
    0.4459         1.0000         1.0000         0.9400     
------------------------ EPOCH 328 -------------------------
     Loss:       Train acc.:     Val acc.:     Test acc.:   
    0.4459         1.0000         1.0000         0.9400     
------------------------ EPOCH 329 -------------------------
     Loss:       Train acc.:     Val acc.:     Test acc.:   
    0.4459         1.0000         1.0000         0.9400     
------------------------ EPOCH 330 -------------------------
     Loss:       Train acc.:     Val acc.:     Test acc.:   
    0.4459         1.0000         1.0000         0.9400     
------------------------ EPOCH 331 -------------------------
     Loss:       Train acc.:     Val acc.:     Test acc.:   
    0.4459         1.0000         1.0000         0.9400     
------------------------ EPOCH 332 -------------------------
     Loss:       Train acc.:     Val acc.:     Test acc.:   
    0.4459         1.0000         1.0000         0.9400     
------------------------ EPOCH 333 -------------------------
     Loss:       Train acc.:     Val acc.:     Test acc.:   
    0.4459         1.0000         1.0000         0.9400     
------------------------ EPOCH 334 -------------------------
     Loss:       Train acc.:     Val acc.:     Test acc.:   
    0.4459         1.0000         1.0000         0.9400     
------------------------ EPOCH 335 -------------------------
     Loss:       Train acc.:     Val acc.:     Test acc.:   
    0.4459         1.0000         1.0000         0.9400     
------------------------ EPOCH 336 -------------------------
     Loss:       Train acc.:     Val acc.:     Test acc.:   
    0.4459         1.0000         1.0000         0.9400     
------------------------ EPOCH 337 -------------------------
     Loss:       Train acc.:     Val acc.:     Test acc.:   
    0.4459         1.0000         1.0000         0.9400     
------------------------ EPOCH 338 -------------------------
     Loss:       Train acc.:     Val acc.:     Test acc.:   
    0.4459         1.0000         1.0000         0.9400     
------------------------ EPOCH 339 -------------------------
     Loss:       Train acc.:     Val acc.:     Test acc.:   
    0.4459         1.0000         1.0000         0.9400     
------------------------ EPOCH 340 -------------------------
     Loss:       Train acc.:     Val acc.:     Test acc.:   
    0.4459         1.0000         1.0000         0.9400     
------------------------ EPOCH 341 -------------------------
     Loss:       Train acc.:     Val acc.:     Test acc.:   
    0.4459         1.0000         1.0000         0.9400     
------------------------ EPOCH 342 -------------------------
     Loss:       Train acc.:     Val acc.:     Test acc.:   
    0.4459         1.0000         1.0000         0.9400     
------------------------ EPOCH 343 -------------------------
     Loss:       Train acc.:     Val acc.:     Test acc.:   
    0.4459         1.0000         1.0000         0.9400     
------------------------ EPOCH 344 -------------------------
     Loss:       Train acc.:     Val acc.:     Test acc.:   
    0.4459         1.0000         1.0000         0.9400     
------------------------ EPOCH 345 -------------------------
     Loss:       Train acc.:     Val acc.:     Test acc.:   
    0.4459         1.0000         1.0000         0.9400     
------------------------ EPOCH 346 -------------------------
     Loss:       Train acc.:     Val acc.:     Test acc.:   
    0.4459         1.0000         1.0000         0.9400     
------------------------ EPOCH 347 -------------------------
     Loss:       Train acc.:     Val acc.:     Test acc.:   
    0.4459         1.0000         1.0000         0.9400     
------------------------ EPOCH 348 -------------------------
     Loss:       Train acc.:     Val acc.:     Test acc.:   
    0.4459         1.0000         1.0000         0.9400     
------------------------ EPOCH 349 -------------------------
     Loss:       Train acc.:     Val acc.:     Test acc.:   
    0.4459         1.0000         1.0000         0.9400     
------------------------ EPOCH 350 -------------------------
     Loss:       Train acc.:     Val acc.:     Test acc.:   
    0.4459         1.0000         1.0000         0.9400     
------------------------ EPOCH 351 -------------------------
     Loss:       Train acc.:     Val acc.:     Test acc.:   
    0.4459         1.0000         1.0000         0.9400     
------------------------ EPOCH 352 -------------------------
     Loss:       Train acc.:     Val acc.:     Test acc.:   
    0.4459         1.0000         1.0000         0.9400     
------------------------ EPOCH 353 -------------------------
     Loss:       Train acc.:     Val acc.:     Test acc.:   
    0.4459         1.0000         1.0000         0.9400     
------------------------ EPOCH 354 -------------------------
     Loss:       Train acc.:     Val acc.:     Test acc.:   
    0.4459         1.0000         1.0000         0.9400     
------------------------ EPOCH 355 -------------------------
     Loss:       Train acc.:     Val acc.:     Test acc.:   
    0.4459         1.0000         1.0000         0.9400     
------------------------ EPOCH 356 -------------------------
     Loss:       Train acc.:     Val acc.:     Test acc.:   
    0.4459         1.0000         1.0000         0.9400     
------------------------ EPOCH 357 -------------------------
     Loss:       Train acc.:     Val acc.:     Test acc.:   
    0.4459         1.0000         1.0000         0.9400     
------------------------ EPOCH 358 -------------------------
     Loss:       Train acc.:     Val acc.:     Test acc.:   
    0.4459         1.0000         1.0000         0.9400     
------------------------ EPOCH 359 -------------------------
     Loss:       Train acc.:     Val acc.:     Test acc.:   
    0.4459         1.0000         1.0000         0.9400     
------------------------ EPOCH 360 -------------------------
     Loss:       Train acc.:     Val acc.:     Test acc.:   
    0.4459         1.0000         1.0000         0.9400     
------------------------ EPOCH 361 -------------------------
     Loss:       Train acc.:     Val acc.:     Test acc.:   
    0.4459         1.0000         1.0000         0.9400     
------------------------ EPOCH 362 -------------------------
     Loss:       Train acc.:     Val acc.:     Test acc.:   
    0.4459         1.0000         1.0000         0.9400     
------------------------ EPOCH 363 -------------------------
     Loss:       Train acc.:     Val acc.:     Test acc.:   
    0.4459         1.0000         1.0000         0.9400     
------------------------ EPOCH 364 -------------------------
     Loss:       Train acc.:     Val acc.:     Test acc.:   
    0.4459         1.0000         1.0000         0.9400     
------------------------ EPOCH 365 -------------------------
     Loss:       Train acc.:     Val acc.:     Test acc.:   
    0.4459         1.0000         1.0000         0.9400     
------------------------ EPOCH 366 -------------------------
     Loss:       Train acc.:     Val acc.:     Test acc.:   
    0.4459         1.0000         1.0000         0.9400     
------------------------ EPOCH 367 -------------------------
     Loss:       Train acc.:     Val acc.:     Test acc.:   
    0.4459         1.0000         1.0000         0.9400     
------------------------ EPOCH 368 -------------------------
     Loss:       Train acc.:     Val acc.:     Test acc.:   
    0.4459         1.0000         1.0000         0.9400     
------------------------ EPOCH 369 -------------------------
     Loss:       Train acc.:     Val acc.:     Test acc.:   
    0.4459         1.0000         1.0000         0.9400     
------------------------ EPOCH 370 -------------------------
     Loss:       Train acc.:     Val acc.:     Test acc.:   
    0.4459         1.0000         1.0000         0.9400     
------------------------ EPOCH 371 -------------------------
     Loss:       Train acc.:     Val acc.:     Test acc.:   
    0.4459         1.0000         1.0000         0.9400     
------------------------ EPOCH 372 -------------------------
     Loss:       Train acc.:     Val acc.:     Test acc.:   
    0.4459         1.0000         1.0000         0.9400     
------------------------ EPOCH 373 -------------------------
     Loss:       Train acc.:     Val acc.:     Test acc.:   
    0.4459         1.0000         1.0000         0.9400     
------------------------ EPOCH 374 -------------------------
     Loss:       Train acc.:     Val acc.:     Test acc.:   
    0.4459         1.0000         1.0000         0.9400     
------------------------ EPOCH 375 -------------------------
     Loss:       Train acc.:     Val acc.:     Test acc.:   
    0.4459         1.0000         1.0000         0.9400     
------------------------ EPOCH 376 -------------------------
     Loss:       Train acc.:     Val acc.:     Test acc.:   
    0.4459         1.0000         1.0000         0.9400     
------------------------ EPOCH 377 -------------------------
     Loss:       Train acc.:     Val acc.:     Test acc.:   
    0.4459         1.0000         1.0000         0.9400     
------------------------ EPOCH 378 -------------------------
     Loss:       Train acc.:     Val acc.:     Test acc.:   
    0.4459         1.0000         1.0000         0.9400     
------------------------ EPOCH 379 -------------------------
     Loss:       Train acc.:     Val acc.:     Test acc.:   
    0.4459         1.0000         1.0000         0.9400     
------------------------ EPOCH 380 -------------------------
     Loss:       Train acc.:     Val acc.:     Test acc.:   
    0.4459         1.0000         1.0000         0.9400     
------------------------ EPOCH 381 -------------------------
     Loss:       Train acc.:     Val acc.:     Test acc.:   
    0.4459         1.0000         1.0000         0.9400     
------------------------ EPOCH 382 -------------------------
     Loss:       Train acc.:     Val acc.:     Test acc.:   
    0.4459         1.0000         1.0000         0.9400     
------------------------ EPOCH 383 -------------------------
     Loss:       Train acc.:     Val acc.:     Test acc.:   
    0.4459         1.0000         1.0000         0.9400     
------------------------ EPOCH 384 -------------------------
     Loss:       Train acc.:     Val acc.:     Test acc.:   
    0.4459         1.0000         1.0000         0.9400     
------------------------ EPOCH 385 -------------------------
     Loss:       Train acc.:     Val acc.:     Test acc.:   
    0.4459         1.0000         1.0000         0.9400     
------------------------ EPOCH 386 -------------------------
     Loss:       Train acc.:     Val acc.:     Test acc.:   
    0.4459         1.0000         1.0000         0.9400     
------------------------ EPOCH 387 -------------------------
     Loss:       Train acc.:     Val acc.:     Test acc.:   
    0.4459         1.0000         1.0000         0.9400     
------------------------ EPOCH 388 -------------------------
     Loss:       Train acc.:     Val acc.:     Test acc.:   
    0.4459         1.0000         1.0000         0.9400     
------------------------ EPOCH 389 -------------------------
     Loss:       Train acc.:     Val acc.:     Test acc.:   
    0.4459         1.0000         1.0000         0.9400     
------------------------ EPOCH 390 -------------------------
     Loss:       Train acc.:     Val acc.:     Test acc.:   
    0.4459         1.0000         1.0000         0.9400     
------------------------ EPOCH 391 -------------------------
     Loss:       Train acc.:     Val acc.:     Test acc.:   
    0.4459         1.0000         1.0000         0.9400     
------------------------ EPOCH 392 -------------------------
     Loss:       Train acc.:     Val acc.:     Test acc.:   
    0.4459         1.0000         1.0000         0.9400     
------------------------ EPOCH 393 -------------------------
     Loss:       Train acc.:     Val acc.:     Test acc.:   
    0.4459         1.0000         1.0000         0.9400     
------------------------ EPOCH 394 -------------------------
     Loss:       Train acc.:     Val acc.:     Test acc.:   
    0.4459         1.0000         1.0000         0.9400     
------------------------ EPOCH 395 -------------------------
     Loss:       Train acc.:     Val acc.:     Test acc.:   
    0.4459         1.0000         1.0000         0.9400     
------------------------ EPOCH 396 -------------------------
     Loss:       Train acc.:     Val acc.:     Test acc.:   
    0.4459         1.0000         1.0000         0.9400     
------------------------ EPOCH 397 -------------------------
     Loss:       Train acc.:     Val acc.:     Test acc.:   
    0.4459         1.0000         1.0000         0.9400     
------------------------ EPOCH 398 -------------------------
     Loss:       Train acc.:     Val acc.:     Test acc.:   
    0.4459         1.0000         1.0000         0.9400     
------------------------ EPOCH 399 -------------------------
     Loss:       Train acc.:     Val acc.:     Test acc.:   
    0.4459         1.0000         1.0000         0.9400     
------------------------ EPOCH 400 -------------------------
     Loss:       Train acc.:     Val acc.:     Test acc.:   
    0.4459         1.0000         1.0000         0.9400     
------------------------ EPOCH 401 -------------------------
     Loss:       Train acc.:     Val acc.:     Test acc.:   
    0.4459         1.0000         1.0000         0.9400     
------------------------ EPOCH 402 -------------------------
     Loss:       Train acc.:     Val acc.:     Test acc.:   
    0.4459         1.0000         1.0000         0.9400     
------------------------ EPOCH 403 -------------------------
     Loss:       Train acc.:     Val acc.:     Test acc.:   
    0.4459         1.0000         1.0000         0.9400     
------------------------ EPOCH 404 -------------------------
     Loss:       Train acc.:     Val acc.:     Test acc.:   
    0.4459         1.0000         1.0000         0.9400     
------------------------ EPOCH 405 -------------------------
     Loss:       Train acc.:     Val acc.:     Test acc.:   
    0.4459         1.0000         1.0000         0.9400     
------------------------ EPOCH 406 -------------------------
     Loss:       Train acc.:     Val acc.:     Test acc.:   
    0.4459         1.0000         1.0000         0.9400     
------------------------ EPOCH 407 -------------------------
     Loss:       Train acc.:     Val acc.:     Test acc.:   
    0.4459         1.0000         1.0000         0.9400     
------------------------ EPOCH 408 -------------------------
     Loss:       Train acc.:     Val acc.:     Test acc.:   
    0.4459         1.0000         1.0000         0.9400     
------------------------ EPOCH 409 -------------------------
     Loss:       Train acc.:     Val acc.:     Test acc.:   
    0.4459         1.0000         1.0000         0.9400     
------------------------ EPOCH 410 -------------------------
     Loss:       Train acc.:     Val acc.:     Test acc.:   
    0.4459         1.0000         1.0000         0.9400     
------------------------ EPOCH 411 -------------------------
     Loss:       Train acc.:     Val acc.:     Test acc.:   
    0.4459         1.0000         1.0000         0.9400     
------------------------ EPOCH 412 -------------------------
     Loss:       Train acc.:     Val acc.:     Test acc.:   
    0.4459         1.0000         1.0000         0.9400     
------------------------ EPOCH 413 -------------------------
     Loss:       Train acc.:     Val acc.:     Test acc.:   
    0.4459         1.0000         1.0000         0.9400     
------------------------ EPOCH 414 -------------------------
     Loss:       Train acc.:     Val acc.:     Test acc.:   
    0.4459         1.0000         1.0000         0.9400     
------------------------ EPOCH 415 -------------------------
     Loss:       Train acc.:     Val acc.:     Test acc.:   
    0.4459         1.0000         1.0000         0.9400     
------------------------ EPOCH 416 -------------------------
     Loss:       Train acc.:     Val acc.:     Test acc.:   
    0.4459         1.0000         1.0000         0.9400     
------------------------ EPOCH 417 -------------------------
     Loss:       Train acc.:     Val acc.:     Test acc.:   
    0.4459         1.0000         1.0000         0.9400     
------------------------ EPOCH 418 -------------------------
     Loss:       Train acc.:     Val acc.:     Test acc.:   
    0.4459         1.0000         1.0000         0.9400     
------------------------ EPOCH 419 -------------------------
     Loss:       Train acc.:     Val acc.:     Test acc.:   
    0.4459         1.0000         1.0000         0.9400     
------------------------ EPOCH 420 -------------------------
     Loss:       Train acc.:     Val acc.:     Test acc.:   
    0.4459         1.0000         1.0000         0.9400     
------------------------ EPOCH 421 -------------------------
     Loss:       Train acc.:     Val acc.:     Test acc.:   
    0.4459         1.0000         1.0000         0.9400     
------------------------ EPOCH 422 -------------------------
     Loss:       Train acc.:     Val acc.:     Test acc.:   
    0.4459         1.0000         1.0000         0.9400     
------------------------ EPOCH 423 -------------------------
     Loss:       Train acc.:     Val acc.:     Test acc.:   
    0.4459         1.0000         1.0000         0.9400     
------------------------ EPOCH 424 -------------------------
     Loss:       Train acc.:     Val acc.:     Test acc.:   
    0.4459         1.0000         1.0000         0.9400     
------------------------ EPOCH 425 -------------------------
     Loss:       Train acc.:     Val acc.:     Test acc.:   
    0.4458         1.0000         1.0000         0.9400     
------------------------ EPOCH 426 -------------------------
     Loss:       Train acc.:     Val acc.:     Test acc.:   
    0.4458         1.0000         1.0000         0.9400     
------------------------ EPOCH 427 -------------------------
     Loss:       Train acc.:     Val acc.:     Test acc.:   
    0.4458         1.0000         1.0000         0.9400     
------------------------ EPOCH 428 -------------------------
     Loss:       Train acc.:     Val acc.:     Test acc.:   
    0.4458         1.0000         1.0000         0.9400     
------------------------ EPOCH 429 -------------------------
     Loss:       Train acc.:     Val acc.:     Test acc.:   
    0.4458         1.0000         1.0000         0.9400     
------------------------ EPOCH 430 -------------------------
     Loss:       Train acc.:     Val acc.:     Test acc.:   
    0.4458         1.0000         1.0000         0.9400     
------------------------ EPOCH 431 -------------------------
     Loss:       Train acc.:     Val acc.:     Test acc.:   
    0.4458         1.0000         1.0000         0.9400     
------------------------ EPOCH 432 -------------------------
     Loss:       Train acc.:     Val acc.:     Test acc.:   
    0.4458         1.0000         1.0000         0.9400     
------------------------ EPOCH 433 -------------------------
     Loss:       Train acc.:     Val acc.:     Test acc.:   
    0.4458         1.0000         1.0000         0.9400     
------------------------ EPOCH 434 -------------------------
     Loss:       Train acc.:     Val acc.:     Test acc.:   
    0.4458         1.0000         1.0000         0.9400     
------------------------ EPOCH 435 -------------------------
     Loss:       Train acc.:     Val acc.:     Test acc.:   
    0.4458         1.0000         1.0000         0.9400     
------------------------ EPOCH 436 -------------------------
     Loss:       Train acc.:     Val acc.:     Test acc.:   
    0.4458         1.0000         1.0000         0.9400     
------------------------ EPOCH 437 -------------------------
     Loss:       Train acc.:     Val acc.:     Test acc.:   
    0.4458         1.0000         1.0000         0.9400     
------------------------ EPOCH 438 -------------------------
     Loss:       Train acc.:     Val acc.:     Test acc.:   
    0.4458         1.0000         1.0000         0.9400     
------------------------ EPOCH 439 -------------------------
     Loss:       Train acc.:     Val acc.:     Test acc.:   
    0.4458         1.0000         1.0000         0.9400     
------------------------ EPOCH 440 -------------------------
     Loss:       Train acc.:     Val acc.:     Test acc.:   
    0.4458         1.0000         1.0000         0.9400     
------------------------ EPOCH 441 -------------------------
     Loss:       Train acc.:     Val acc.:     Test acc.:   
    0.4458         1.0000         1.0000         0.9400     
------------------------ EPOCH 442 -------------------------
     Loss:       Train acc.:     Val acc.:     Test acc.:   
    0.4458         1.0000         1.0000         0.9400     
------------------------ EPOCH 443 -------------------------
     Loss:       Train acc.:     Val acc.:     Test acc.:   
    0.4458         1.0000         1.0000         0.9400     
------------------------ EPOCH 444 -------------------------
     Loss:       Train acc.:     Val acc.:     Test acc.:   
    0.4458         1.0000         1.0000         0.9400     
------------------------ EPOCH 445 -------------------------
     Loss:       Train acc.:     Val acc.:     Test acc.:   
    0.4458         1.0000         1.0000         0.9400     
------------------------ EPOCH 446 -------------------------
     Loss:       Train acc.:     Val acc.:     Test acc.:   
    0.4458         1.0000         1.0000         0.9400     
------------------------ EPOCH 447 -------------------------
     Loss:       Train acc.:     Val acc.:     Test acc.:   
    0.4458         1.0000         1.0000         0.9400     
------------------------ EPOCH 448 -------------------------
     Loss:       Train acc.:     Val acc.:     Test acc.:   
    0.4458         1.0000         1.0000         0.9400     
------------------------ EPOCH 449 -------------------------
     Loss:       Train acc.:     Val acc.:     Test acc.:   
    0.4458         1.0000         1.0000         0.9400     
------------------------ EPOCH 450 -------------------------
     Loss:       Train acc.:     Val acc.:     Test acc.:   
    0.4458         1.0000         1.0000         0.9400     
------------------------ EPOCH 451 -------------------------
     Loss:       Train acc.:     Val acc.:     Test acc.:   
    0.4458         1.0000         1.0000         0.9400     
------------------------ EPOCH 452 -------------------------
     Loss:       Train acc.:     Val acc.:     Test acc.:   
    0.4458         1.0000         1.0000         0.9400     
------------------------ EPOCH 453 -------------------------
     Loss:       Train acc.:     Val acc.:     Test acc.:   
    0.4458         1.0000         1.0000         0.9400     
------------------------ EPOCH 454 -------------------------
     Loss:       Train acc.:     Val acc.:     Test acc.:   
    0.4458         1.0000         1.0000         0.9400     
------------------------ EPOCH 455 -------------------------
     Loss:       Train acc.:     Val acc.:     Test acc.:   
    0.4458         1.0000         1.0000         0.9400     
------------------------ EPOCH 456 -------------------------
     Loss:       Train acc.:     Val acc.:     Test acc.:   
    0.4458         1.0000         1.0000         0.9400     
------------------------ EPOCH 457 -------------------------
     Loss:       Train acc.:     Val acc.:     Test acc.:   
    0.4458         1.0000         1.0000         0.9400     
------------------------ EPOCH 458 -------------------------
     Loss:       Train acc.:     Val acc.:     Test acc.:   
    0.4458         1.0000         1.0000         0.9400     
------------------------ EPOCH 459 -------------------------
     Loss:       Train acc.:     Val acc.:     Test acc.:   
    0.4458         1.0000         1.0000         0.9400     
------------------------ EPOCH 460 -------------------------
     Loss:       Train acc.:     Val acc.:     Test acc.:   
    0.4458         1.0000         1.0000         0.9400     
------------------------ EPOCH 461 -------------------------
     Loss:       Train acc.:     Val acc.:     Test acc.:   
    0.4458         1.0000         1.0000         0.9400     
------------------------ EPOCH 462 -------------------------
     Loss:       Train acc.:     Val acc.:     Test acc.:   
    0.4458         1.0000         1.0000         0.9400     
------------------------ EPOCH 463 -------------------------
     Loss:       Train acc.:     Val acc.:     Test acc.:   
    0.4458         1.0000         1.0000         0.9400     
------------------------ EPOCH 464 -------------------------
     Loss:       Train acc.:     Val acc.:     Test acc.:   
    0.4458         1.0000         1.0000         0.9400     
------------------------ EPOCH 465 -------------------------
     Loss:       Train acc.:     Val acc.:     Test acc.:   
    0.4458         1.0000         1.0000         0.9400     
------------------------ EPOCH 466 -------------------------
     Loss:       Train acc.:     Val acc.:     Test acc.:   
    0.4458         1.0000         1.0000         0.9400     
------------------------ EPOCH 467 -------------------------
     Loss:       Train acc.:     Val acc.:     Test acc.:   
    0.4458         1.0000         1.0000         0.9400     
------------------------ EPOCH 468 -------------------------
     Loss:       Train acc.:     Val acc.:     Test acc.:   
    0.4458         1.0000         1.0000         0.9400     
------------------------ EPOCH 469 -------------------------
     Loss:       Train acc.:     Val acc.:     Test acc.:   
    0.4458         1.0000         1.0000         0.9400     
------------------------ EPOCH 470 -------------------------
     Loss:       Train acc.:     Val acc.:     Test acc.:   
    0.4458         1.0000         1.0000         0.9400     
------------------------ EPOCH 471 -------------------------
     Loss:       Train acc.:     Val acc.:     Test acc.:   
    0.4458         1.0000         1.0000         0.9400     
------------------------ EPOCH 472 -------------------------
     Loss:       Train acc.:     Val acc.:     Test acc.:   
    0.4458         1.0000         1.0000         0.9400     
------------------------ EPOCH 473 -------------------------
     Loss:       Train acc.:     Val acc.:     Test acc.:   
    0.4458         1.0000         1.0000         0.9400     
------------------------ EPOCH 474 -------------------------
     Loss:       Train acc.:     Val acc.:     Test acc.:   
    0.4458         1.0000         1.0000         0.9400     
------------------------ EPOCH 475 -------------------------
     Loss:       Train acc.:     Val acc.:     Test acc.:   
    0.4458         1.0000         1.0000         0.9400     
------------------------ EPOCH 476 -------------------------
     Loss:       Train acc.:     Val acc.:     Test acc.:   
    0.4458         1.0000         1.0000         0.9400     
------------------------ EPOCH 477 -------------------------
     Loss:       Train acc.:     Val acc.:     Test acc.:   
    0.4458         1.0000         1.0000         0.9400     
------------------------ EPOCH 478 -------------------------
     Loss:       Train acc.:     Val acc.:     Test acc.:   
    0.4458         1.0000         1.0000         0.9400     
------------------------ EPOCH 479 -------------------------
     Loss:       Train acc.:     Val acc.:     Test acc.:   
    0.4458         1.0000         1.0000         0.9400     
------------------------ EPOCH 480 -------------------------
     Loss:       Train acc.:     Val acc.:     Test acc.:   
    0.4458         1.0000         1.0000         0.9400     
------------------------ EPOCH 481 -------------------------
     Loss:       Train acc.:     Val acc.:     Test acc.:   
    0.4458         1.0000         1.0000         0.9400     
------------------------ EPOCH 482 -------------------------
     Loss:       Train acc.:     Val acc.:     Test acc.:   
    0.4458         1.0000         1.0000         0.9400     
------------------------ EPOCH 483 -------------------------
     Loss:       Train acc.:     Val acc.:     Test acc.:   
    0.4458         1.0000         1.0000         0.9400     
------------------------ EPOCH 484 -------------------------
     Loss:       Train acc.:     Val acc.:     Test acc.:   
    0.4458         1.0000         1.0000         0.9400     
------------------------ EPOCH 485 -------------------------
     Loss:       Train acc.:     Val acc.:     Test acc.:   
    0.4458         1.0000         1.0000         0.9400     
------------------------ EPOCH 486 -------------------------
     Loss:       Train acc.:     Val acc.:     Test acc.:   
    0.4458         1.0000         1.0000         0.9400     
------------------------ EPOCH 487 -------------------------
     Loss:       Train acc.:     Val acc.:     Test acc.:   
    0.4458         1.0000         1.0000         0.9400     
------------------------ EPOCH 488 -------------------------
     Loss:       Train acc.:     Val acc.:     Test acc.:   
    0.4458         1.0000         1.0000         0.9400     
------------------------ EPOCH 489 -------------------------
     Loss:       Train acc.:     Val acc.:     Test acc.:   
    0.4458         1.0000         1.0000         0.9400     
------------------------ EPOCH 490 -------------------------
     Loss:       Train acc.:     Val acc.:     Test acc.:   
    0.4458         1.0000         1.0000         0.9400     
------------------------ EPOCH 491 -------------------------
     Loss:       Train acc.:     Val acc.:     Test acc.:   
    0.4458         1.0000         1.0000         0.9400     
------------------------ EPOCH 492 -------------------------
     Loss:       Train acc.:     Val acc.:     Test acc.:   
    0.4458         1.0000         1.0000         0.9400     
------------------------ EPOCH 493 -------------------------
     Loss:       Train acc.:     Val acc.:     Test acc.:   
    0.4458         1.0000         1.0000         0.9400     
------------------------ EPOCH 494 -------------------------
     Loss:       Train acc.:     Val acc.:     Test acc.:   
    0.4458         1.0000         1.0000         0.9400     
------------------------ EPOCH 495 -------------------------
     Loss:       Train acc.:     Val acc.:     Test acc.:   
    0.4458         1.0000         1.0000         0.9400     
------------------------ EPOCH 496 -------------------------
     Loss:       Train acc.:     Val acc.:     Test acc.:   
    0.4458         1.0000         1.0000         0.9400     
------------------------ EPOCH 497 -------------------------
     Loss:       Train acc.:     Val acc.:     Test acc.:   
    0.4458         1.0000         1.0000         0.9400     
------------------------ EPOCH 498 -------------------------
     Loss:       Train acc.:     Val acc.:     Test acc.:   
    0.4458         1.0000         1.0000         0.9400     
------------------------ EPOCH 499 -------------------------
     Loss:       Train acc.:     Val acc.:     Test acc.:   
    0.4458         1.0000         1.0000         0.9400     
------------------------ EPOCH 500 -------------------------
     Loss:       Train acc.:     Val acc.:     Test acc.:   
    0.4458         1.0000         1.0000         0.9400     
------------------------------------------------------------
Finished
