For the rank of 30 the number of parameters is  64515330  and the number of FLOPs is  129031860
For the rank of 40 the number of parameters is  86020340  and the number of FLOPs is  172041850
For the rank of 50 the number of parameters is  107525350  and the number of FLOPs is  215051840
For the rank of 60 the number of parameters is  129030360  and the number of FLOPs is  258061830
For the rank of 70 the number of parameters is  150535370  and the number of FLOPs is  301071820
For the rank of 80 the number of parameters is  172040380  and the number of FLOPs is  344081810
For the rank of 90 the number of parameters is  193545390  and the number of FLOPs is  387091800
For the rank of 100 the number of parameters is  215050400  and the number of FLOPs is  430101790
For the rank of 110 the number of parameters is  236555410  and the number of FLOPs is  473111780
For the rank of 120 the number of parameters is  258060420  and the number of FLOPs is  516121770
For the rank of 150 the number of parameters is  322575450  and the number of FLOPs is  645151740
For the rank of 200 the number of parameters is  430100500  and the number of FLOPs is  860201690
Using a sample size of 1000

------------------------------------- Rank  30 -------------------------------------
     Full          Std          Approx         Std         Network         Std      
  30.701532      0.330449     30.475939      0.630670      0.081275      0.005139   
------------------------------------- Rank  40 -------------------------------------
     Full          Std          Approx         Std         Network         Std      
  38.822037      0.298156     38.572308      0.577658      0.083292      0.005933   
------------------------------------- Rank  50 -------------------------------------
     Full          Std          Approx         Std         Network         Std      
  48.148800      0.223435     47.933788      0.799390      0.081661      0.004195   
------------------------------------- Rank  60 -------------------------------------
     Full          Std          Approx         Std         Network         Std      
  58.618477      0.275699     58.387817      0.945466      0.092081      0.004780   
------------------------------------- Rank  70 -------------------------------------
     Full          Std          Approx         Std         Network         Std      
  72.867210      0.350791     72.749603      2.095573      0.091595      0.003831   
------------------------------------- Rank  80 -------------------------------------
     Full          Std          Approx         Std         Network         Std      
  76.339523      0.278362     76.246269      1.986176      0.092183      0.004281   
------------------------------------- Rank  90 -------------------------------------
     Full          Std          Approx         Std         Network         Std      
  91.105370      0.295967     91.061050      1.796523      0.091001      0.004414   
------------------------------------- Rank 100 -------------------------------------
     Full          Std          Approx         Std         Network         Std      
  100.286346     0.258668     99.996620      0.288238      0.091174      0.004011   
------------------------------------- Rank 110 -------------------------------------
     Full          Std          Approx         Std         Network         Std      
  106.736290     0.320497     106.498672     0.291370      0.090607      0.003761   
------------------------------------- Rank 120 -------------------------------------
     Full          Std          Approx         Std         Network         Std      
  112.939980     0.277094     112.675117     0.265019      0.091523      0.003503   
------------------------------------- Rank 150 -------------------------------------
     Full          Std          Approx         Std         Network         Std      
  137.777039     0.344945     137.458588     0.265040      0.092446      0.004142   
------------------------------------- Rank 200 -------------------------------------
     Full          Std          Approx         Std         Network         Std      
  173.714279     0.259235     173.240524     0.219901      0.092516      0.003599   
--------------------------------- Original network ---------------------------------
     Full          Std      
  87.319885      1.011533   
