For the original network the number of parameters is  16684  and the number of FLOPs is  31730
For the rank of 2 the number of parameters is  1830  and the number of FLOPs is  3584
For the rank of 5 the number of parameters is  4245  and the number of FLOPs is  8405
For the rank of 7 the number of parameters is  5855  and the number of FLOPs is  11619
For the rank of 10 the number of parameters is  8270  and the number of FLOPs is  16440
For the rank of 15 the number of parameters is  12295  and the number of FLOPs is  24475
For the rank of 20 the number of parameters is  16320  and the number of FLOPs is  32510
For the rank of 25 the number of parameters is  20345  and the number of FLOPs is  40545
For the rank of 30 the number of parameters is  24370  and the number of FLOPs is  48580
For the rank of 40 the number of parameters is  32420  and the number of FLOPs is  64650
For the rank of 50 the number of parameters is  40470  and the number of FLOPs is  80720
For the rank of 70 the number of parameters is  56570  and the number of FLOPs is  112860
For the rank of 100 the number of parameters is  80720  and the number of FLOPs is  161070
For the rank of 150 the number of parameters is  120970  and the number of FLOPs is  241420
Using a sample size of 100000

------------------------------------- Rank   2 -------------------------------------
     Full          Std          Approx         Std         Network         Std      
   1.480520      0.024554      0.903502      0.036093      0.646733      0.017293      $1.481 \pm 0.025$ $(= 0.904 + 0.647 )$
------------------------------------- Rank   5 -------------------------------------
     Full          Std          Approx         Std         Network         Std      
   2.445109      0.038888      1.885373      0.034765      0.551331      0.017884      $2.445 \pm 0.039$ $(= 1.885 + 0.551 )$
------------------------------------- Rank   7 -------------------------------------
     Full          Std          Approx         Std         Network         Std      
   3.114180      0.047055      2.525337      0.036321      0.565499      0.017765      $3.114 \pm 0.047$ $(= 2.525 + 0.565 )$
------------------------------------- Rank  10 -------------------------------------
     Full          Std          Approx         Std         Network         Std      
   1.660307      0.033352      0.968267      0.022317      0.680630      0.018861      $1.660 \pm 0.033$ $(= 0.968 + 0.681 )$
------------------------------------- Rank  15 -------------------------------------
     Full          Std          Approx         Std         Network         Std      
   1.905972      0.035455      1.371790      0.029369      0.526762      0.017704      $1.906 \pm 0.035$ $(= 1.372 + 0.527 )$
------------------------------------- Rank  20 -------------------------------------
     Full          Std          Approx         Std         Network         Std      
   1.964970      0.030698      1.354040      0.024795      0.598149      0.016123      $1.965 \pm 0.031$ $(= 1.354 + 0.598 )$
------------------------------------- Rank  25 -------------------------------------
     Full          Std          Approx         Std         Network         Std      
   1.942718      0.030697      1.406564      0.027055      0.526969      0.016657      $1.943 \pm 0.031$ $(= 1.407 + 0.527 )$
------------------------------------- Rank  30 -------------------------------------
     Full          Std          Approx         Std         Network         Std      
   2.396791      0.035445      1.784753      0.029161      0.598786      0.017049      $2.397 \pm 0.035$ $(= 1.785 + 0.599 )$
------------------------------------- Rank  40 -------------------------------------
     Full          Std          Approx         Std         Network         Std      
   2.298329      0.039401      1.756380      0.034346      0.528063      0.015268      $2.298 \pm 0.039$ $(= 1.756 + 0.528 )$
------------------------------------- Rank  50 -------------------------------------
     Full          Std          Approx         Std         Network         Std      
   3.005199      0.043325      2.241891      0.039374      0.752028      0.019441      $3.005 \pm 0.043$ $(= 2.242 + 0.752 )$
------------------------------------- Rank  70 -------------------------------------
     Full          Std          Approx         Std         Network         Std      
   3.660903      0.046523      3.041554      0.038285      0.580980      0.016302      $3.661 \pm 0.047$ $(= 3.042 + 0.581 )$
------------------------------------- Rank 100 -------------------------------------
     Full          Std          Approx         Std         Network         Std      
   4.796453      0.067425      3.897079      0.058402      0.823191      0.021861      $4.796 \pm 0.067$ $(= 3.897 + 0.823 )$
------------------------------------- Rank 150 -------------------------------------
     Full          Std          Approx         Std         Network         Std      
   6.663556      0.085923      5.655369      0.074313      0.849016      0.019946      $6.664 \pm 0.086$ $(= 5.655 + 0.849 )$
--------------------------------- Original network ---------------------------------
     Full          Std      
   1.700455      0.052234   
