Time to load all the data was 110.59 seconds

Time to concatenate the shots was 1.70 seconds

X is a tensor of shape:  327 4 28 120 160  (num_obs ch frames height width)

----  Network converted to CUDA  ----

Time to complete 2 forward pushes was 0.01 seconds with outputs
 tensor([[0.5206, 0.4794],
        [0.5192, 0.4808]], device='cuda:0', grad_fn=<SoftmaxBackward>)

--------------------- Training details ---------------------
   Learning rate:       Batch size:       Number of folds   
       0.0010                10                  5          
------------------------------------------------------------
------------------------ EPOCH   1 -------------------------
     Loss:       Train acc.:     Val acc.:     Test acc.:   
    0.6933         0.4945         0.4982         0.5000     
------------------------ EPOCH   2 -------------------------
     Loss:       Train acc.:     Val acc.:     Test acc.:   
    0.6932         0.4945         0.4982         0.5000     
------------------------ EPOCH   3 -------------------------
     Loss:       Train acc.:     Val acc.:     Test acc.:   
    0.6930         0.4945         0.4982         0.5000     
------------------------ EPOCH   4 -------------------------
     Loss:       Train acc.:     Val acc.:     Test acc.:   
    0.6928         0.4945         0.4982         0.5000     
------------------------ EPOCH   5 -------------------------
     Loss:       Train acc.:     Val acc.:     Test acc.:   
    0.6927         0.4945         0.4982         0.5000     
------------------------ EPOCH   6 -------------------------
     Loss:       Train acc.:     Val acc.:     Test acc.:   
    0.6925         0.4945         0.4982         0.5000     
------------------------ EPOCH   7 -------------------------
     Loss:       Train acc.:     Val acc.:     Test acc.:   
    0.6924         0.4927         0.4982         0.5000     
------------------------ EPOCH   8 -------------------------
     Loss:       Train acc.:     Val acc.:     Test acc.:   
    0.6922         0.5109         0.5091         0.5000     
------------------------ EPOCH   9 -------------------------
     Loss:       Train acc.:     Val acc.:     Test acc.:   
    0.6921         0.6191         0.6106         0.6400     
------------------------ EPOCH  10 -------------------------
     Loss:       Train acc.:     Val acc.:     Test acc.:   
    0.6919         0.7409         0.7406         0.5600     
------------------------ EPOCH  11 -------------------------
     Loss:       Train acc.:     Val acc.:     Test acc.:   
    0.6917         0.7273         0.7369         0.5600     
------------------------ EPOCH  12 -------------------------
     Loss:       Train acc.:     Val acc.:     Test acc.:   
    0.6916         0.6618         0.6573         0.5200     
------------------------ EPOCH  13 -------------------------
     Loss:       Train acc.:     Val acc.:     Test acc.:   
    0.6914         0.6164         0.6068         0.5000     
------------------------ EPOCH  14 -------------------------
     Loss:       Train acc.:     Val acc.:     Test acc.:   
    0.6911         0.5845         0.5889         0.5200     
------------------------ EPOCH  15 -------------------------
     Loss:       Train acc.:     Val acc.:     Test acc.:   
    0.6909         0.5691         0.5781         0.5200     
------------------------ EPOCH  16 -------------------------
     Loss:       Train acc.:     Val acc.:     Test acc.:   
    0.6906         0.5609         0.5818         0.5200     
------------------------ EPOCH  17 -------------------------
     Loss:       Train acc.:     Val acc.:     Test acc.:   
    0.6902         0.5627         0.5709         0.5200     
------------------------ EPOCH  18 -------------------------
     Loss:       Train acc.:     Val acc.:     Test acc.:   
    0.6898         0.5800         0.5855         0.5200     
------------------------ EPOCH  19 -------------------------
     Loss:       Train acc.:     Val acc.:     Test acc.:   
    0.6892         0.5909         0.6035         0.5200     
------------------------ EPOCH  20 -------------------------
     Loss:       Train acc.:     Val acc.:     Test acc.:   
    0.6885         0.6155         0.6251         0.5200     
------------------------ EPOCH  21 -------------------------
     Loss:       Train acc.:     Val acc.:     Test acc.:   
    0.6876         0.6236         0.6322         0.5400     
------------------------ EPOCH  22 -------------------------
     Loss:       Train acc.:     Val acc.:     Test acc.:   
    0.6863         0.6236         0.6322         0.5400     
------------------------ EPOCH  23 -------------------------
     Loss:       Train acc.:     Val acc.:     Test acc.:   
    0.6846         0.6218         0.6431         0.5600     
------------------------ EPOCH  24 -------------------------
     Loss:       Train acc.:     Val acc.:     Test acc.:   
    0.6820         0.6255         0.6431         0.5800     
------------------------ EPOCH  25 -------------------------
     Loss:       Train acc.:     Val acc.:     Test acc.:   
    0.6780         0.6336         0.6611         0.6000     
------------------------ EPOCH  26 -------------------------
     Loss:       Train acc.:     Val acc.:     Test acc.:   
    0.6719         0.6500         0.6718         0.5400     
------------------------ EPOCH  27 -------------------------
     Loss:       Train acc.:     Val acc.:     Test acc.:   
    0.6621         0.6645         0.6862         0.6400     
------------------------ EPOCH  28 -------------------------
     Loss:       Train acc.:     Val acc.:     Test acc.:   
    0.6464         0.6818         0.7078         0.6800     
------------------------ EPOCH  29 -------------------------
     Loss:       Train acc.:     Val acc.:     Test acc.:   
    0.6229         0.7155         0.7551         0.7400     
------------------------ EPOCH  30 -------------------------
     Loss:       Train acc.:     Val acc.:     Test acc.:   
    0.5921         0.7473         0.7695         0.7400     
------------------------ EPOCH  31 -------------------------
     Loss:       Train acc.:     Val acc.:     Test acc.:   
    0.5569         0.7800         0.8199         0.7400     
------------------------ EPOCH  32 -------------------------
     Loss:       Train acc.:     Val acc.:     Test acc.:   
    0.5224         0.8109         0.8414         0.7400     
------------------------ EPOCH  33 -------------------------
     Loss:       Train acc.:     Val acc.:     Test acc.:   
    0.4910         0.8364         0.8521         0.7400     
------------------------ EPOCH  34 -------------------------
     Loss:       Train acc.:     Val acc.:     Test acc.:   
    0.4623         0.8782         0.8811         0.7600     
------------------------ EPOCH  35 -------------------------
     Loss:       Train acc.:     Val acc.:     Test acc.:   
    0.4377         0.9000         0.8884         0.7800     
------------------------ EPOCH  36 -------------------------
     Loss:       Train acc.:     Val acc.:     Test acc.:   
    0.4171         0.9218         0.9135         0.8000     
------------------------ EPOCH  37 -------------------------
     Loss:       Train acc.:     Val acc.:     Test acc.:   
    0.3992         0.9400         0.9353         0.8400     
------------------------ EPOCH  38 -------------------------
     Loss:       Train acc.:     Val acc.:     Test acc.:   
    0.3831         0.9527         0.9460         0.8600     
------------------------ EPOCH  39 -------------------------
     Loss:       Train acc.:     Val acc.:     Test acc.:   
    0.3695         0.9664         0.9640         0.8800     
------------------------ EPOCH  40 -------------------------
     Loss:       Train acc.:     Val acc.:     Test acc.:   
    0.3592         0.9773         0.9748         0.9000     
------------------------ EPOCH  41 -------------------------
     Loss:       Train acc.:     Val acc.:     Test acc.:   
    0.3511         0.9818         0.9820         0.8800     
------------------------ EPOCH  42 -------------------------
     Loss:       Train acc.:     Val acc.:     Test acc.:   
    0.3443         0.9909         0.9892         0.8800     
------------------------ EPOCH  43 -------------------------
     Loss:       Train acc.:     Val acc.:     Test acc.:   
    0.3389         0.9927         0.9927         0.8800     
------------------------ EPOCH  44 -------------------------
     Loss:       Train acc.:     Val acc.:     Test acc.:   
    0.3349         0.9927         0.9927         0.8800     
------------------------ EPOCH  45 -------------------------
     Loss:       Train acc.:     Val acc.:     Test acc.:   
    0.3319         0.9927         0.9927         0.8800     
------------------------ EPOCH  46 -------------------------
     Loss:       Train acc.:     Val acc.:     Test acc.:   
    0.3298         0.9927         0.9927         0.8800     
------------------------ EPOCH  47 -------------------------
     Loss:       Train acc.:     Val acc.:     Test acc.:   
    0.3283         0.9927         0.9927         0.8600     
------------------------ EPOCH  48 -------------------------
     Loss:       Train acc.:     Val acc.:     Test acc.:   
    0.3271         0.9927         0.9927         0.8600     
------------------------ EPOCH  49 -------------------------
     Loss:       Train acc.:     Val acc.:     Test acc.:   
    0.3262         0.9927         0.9927         0.8600     
------------------------ EPOCH  50 -------------------------
     Loss:       Train acc.:     Val acc.:     Test acc.:   
    0.3255         0.9927         0.9927         0.8600     
------------------------ EPOCH  51 -------------------------
     Loss:       Train acc.:     Val acc.:     Test acc.:   
    0.3250         0.9927         0.9927         0.8600     
------------------------ EPOCH  52 -------------------------
     Loss:       Train acc.:     Val acc.:     Test acc.:   
    0.3245         0.9927         0.9927         0.8600     
------------------------ EPOCH  53 -------------------------
     Loss:       Train acc.:     Val acc.:     Test acc.:   
    0.3242         0.9927         0.9927         0.8600     
------------------------ EPOCH  54 -------------------------
     Loss:       Train acc.:     Val acc.:     Test acc.:   
    0.3239         0.9927         0.9927         0.8600     
------------------------ EPOCH  55 -------------------------
     Loss:       Train acc.:     Val acc.:     Test acc.:   
    0.3236         0.9927         0.9927         0.8600     
------------------------ EPOCH  56 -------------------------
     Loss:       Train acc.:     Val acc.:     Test acc.:   
    0.3234         0.9927         0.9927         0.8600     
------------------------ EPOCH  57 -------------------------
     Loss:       Train acc.:     Val acc.:     Test acc.:   
    0.3232         0.9927         0.9927         0.9200     
------------------------ EPOCH  58 -------------------------
     Loss:       Train acc.:     Val acc.:     Test acc.:   
    0.3230         0.9927         0.9964         0.9200     
------------------------ EPOCH  59 -------------------------
     Loss:       Train acc.:     Val acc.:     Test acc.:   
    0.3229         0.9927         0.9964         0.8800     
------------------------ EPOCH  60 -------------------------
     Loss:       Train acc.:     Val acc.:     Test acc.:   
    0.3230         0.9936         0.9964         0.8600     
------------------------ EPOCH  61 -------------------------
     Loss:       Train acc.:     Val acc.:     Test acc.:   
    0.3229         0.9936         0.9964         0.8600     
------------------------ EPOCH  62 -------------------------
     Loss:       Train acc.:     Val acc.:     Test acc.:   
    0.3213         0.9964         0.9964         0.9000     
------------------------ EPOCH  63 -------------------------
     Loss:       Train acc.:     Val acc.:     Test acc.:   
    0.3201         0.9964         0.9964         0.9000     
------------------------ EPOCH  64 -------------------------
     Loss:       Train acc.:     Val acc.:     Test acc.:   
    0.3198         0.9964         0.9964         0.9000     
------------------------ EPOCH  65 -------------------------
     Loss:       Train acc.:     Val acc.:     Test acc.:   
    0.3196         0.9964         0.9964         0.8800     
------------------------ EPOCH  66 -------------------------
     Loss:       Train acc.:     Val acc.:     Test acc.:   
    0.3194         0.9964         0.9964         0.8800     
------------------------ EPOCH  67 -------------------------
     Loss:       Train acc.:     Val acc.:     Test acc.:   
    0.3192         0.9964         0.9964         0.8800     
------------------------ EPOCH  68 -------------------------
     Loss:       Train acc.:     Val acc.:     Test acc.:   
    0.3191         0.9964         0.9964         0.8800     
------------------------ EPOCH  69 -------------------------
     Loss:       Train acc.:     Val acc.:     Test acc.:   
    0.3190         0.9964         0.9964         0.8800     
------------------------ EPOCH  70 -------------------------
     Loss:       Train acc.:     Val acc.:     Test acc.:   
    0.3189         0.9964         0.9964         0.8800     
------------------------ EPOCH  71 -------------------------
     Loss:       Train acc.:     Val acc.:     Test acc.:   
    0.3188         0.9964         0.9964         0.8800     
------------------------ EPOCH  72 -------------------------
     Loss:       Train acc.:     Val acc.:     Test acc.:   
    0.3187         0.9964         0.9964         0.8800     
------------------------ EPOCH  73 -------------------------
     Loss:       Train acc.:     Val acc.:     Test acc.:   
    0.3186         0.9964         0.9964         0.8800     
------------------------ EPOCH  74 -------------------------
     Loss:       Train acc.:     Val acc.:     Test acc.:   
    0.3186         0.9964         0.9964         0.8800     
------------------------ EPOCH  75 -------------------------
     Loss:       Train acc.:     Val acc.:     Test acc.:   
    0.3185         0.9964         0.9964         0.8800     
------------------------ EPOCH  76 -------------------------
     Loss:       Train acc.:     Val acc.:     Test acc.:   
    0.3185         0.9964         0.9964         0.8800     
------------------------ EPOCH  77 -------------------------
     Loss:       Train acc.:     Val acc.:     Test acc.:   
    0.3185         0.9964         0.9964         0.8800     
------------------------ EPOCH  78 -------------------------
     Loss:       Train acc.:     Val acc.:     Test acc.:   
    0.3184         0.9964         0.9964         0.8800     
------------------------ EPOCH  79 -------------------------
     Loss:       Train acc.:     Val acc.:     Test acc.:   
    0.3184         0.9964         0.9964         0.8800     
------------------------ EPOCH  80 -------------------------
     Loss:       Train acc.:     Val acc.:     Test acc.:   
    0.3184         0.9964         0.9964         0.8800     
------------------------ EPOCH  81 -------------------------
     Loss:       Train acc.:     Val acc.:     Test acc.:   
    0.3183         0.9964         0.9964         0.8800     
------------------------ EPOCH  82 -------------------------
     Loss:       Train acc.:     Val acc.:     Test acc.:   
    0.3183         0.9964         0.9964         0.8800     
------------------------ EPOCH  83 -------------------------
     Loss:       Train acc.:     Val acc.:     Test acc.:   
    0.3183         0.9964         0.9964         0.8800     
------------------------ EPOCH  84 -------------------------
     Loss:       Train acc.:     Val acc.:     Test acc.:   
    0.3183         0.9964         0.9964         0.8800     
------------------------ EPOCH  85 -------------------------
     Loss:       Train acc.:     Val acc.:     Test acc.:   
    0.3182         0.9964         0.9964         0.8800     
------------------------ EPOCH  86 -------------------------
     Loss:       Train acc.:     Val acc.:     Test acc.:   
    0.3182         0.9964         0.9964         0.8800     
------------------------ EPOCH  87 -------------------------
     Loss:       Train acc.:     Val acc.:     Test acc.:   
    0.3182         0.9964         0.9964         0.8800     
------------------------ EPOCH  88 -------------------------
     Loss:       Train acc.:     Val acc.:     Test acc.:   
    0.3182         0.9964         0.9964         0.8800     
------------------------ EPOCH  89 -------------------------
     Loss:       Train acc.:     Val acc.:     Test acc.:   
    0.3182         0.9964         0.9964         0.8800     
------------------------ EPOCH  90 -------------------------
     Loss:       Train acc.:     Val acc.:     Test acc.:   
    0.3182         0.9964         0.9964         0.8800     
------------------------ EPOCH  91 -------------------------
     Loss:       Train acc.:     Val acc.:     Test acc.:   
    0.3181         0.9964         0.9964         0.8800     
------------------------ EPOCH  92 -------------------------
     Loss:       Train acc.:     Val acc.:     Test acc.:   
    0.3181         0.9964         0.9964         0.8800     
------------------------ EPOCH  93 -------------------------
     Loss:       Train acc.:     Val acc.:     Test acc.:   
    0.3181         0.9964         0.9964         0.8800     
------------------------ EPOCH  94 -------------------------
     Loss:       Train acc.:     Val acc.:     Test acc.:   
    0.3181         0.9964         0.9964         0.8800     
------------------------ EPOCH  95 -------------------------
     Loss:       Train acc.:     Val acc.:     Test acc.:   
    0.3181         0.9964         0.9964         0.8800     
------------------------ EPOCH  96 -------------------------
     Loss:       Train acc.:     Val acc.:     Test acc.:   
    0.3181         0.9964         0.9964         0.8800     
------------------------ EPOCH  97 -------------------------
     Loss:       Train acc.:     Val acc.:     Test acc.:   
    0.3181         0.9964         0.9964         0.8800     
------------------------ EPOCH  98 -------------------------
     Loss:       Train acc.:     Val acc.:     Test acc.:   
    0.3181         0.9964         0.9964         0.8800     
------------------------ EPOCH  99 -------------------------
     Loss:       Train acc.:     Val acc.:     Test acc.:   
    0.3181         0.9964         0.9964         0.8800     
------------------------ EPOCH 100 -------------------------
     Loss:       Train acc.:     Val acc.:     Test acc.:   
    0.3181         0.9964         0.9964         0.8800     
------------------------------------------------------------
Finished
