Time to load all the data was 109.40 seconds

Time to concatenate the shots was 1.73 seconds

X is a tensor of shape:  327 4 28 120 160  (num_obs ch frames height width)

----  Network converted to CUDA  ----

Time to complete 2 forward pushes was 0.01 seconds with outputs
 tensor([[0.5006, 0.4994],
        [0.5032, 0.4968]], device='cuda:0', grad_fn=<SoftmaxBackward>)

--------------------- Training details ---------------------
   Learning rate:       Batch size:       Number of folds   
       0.0010                10                  5          
------------------------------------------------------------
------------------------ EPOCH   1 -------------------------
     Loss:       Train acc.:     Val acc.:     Test acc.:   
    0.6932         0.5118         0.5162         0.4200     
------------------------ EPOCH   2 -------------------------
     Loss:       Train acc.:     Val acc.:     Test acc.:   
    0.6930         0.5109         0.5126         0.4200     
------------------------ EPOCH   3 -------------------------
     Loss:       Train acc.:     Val acc.:     Test acc.:   
    0.6928         0.5109         0.5126         0.4200     
------------------------ EPOCH   4 -------------------------
     Loss:       Train acc.:     Val acc.:     Test acc.:   
    0.6927         0.5109         0.5126         0.4200     
------------------------ EPOCH   5 -------------------------
     Loss:       Train acc.:     Val acc.:     Test acc.:   
    0.6926         0.5109         0.5126         0.4200     
------------------------ EPOCH   6 -------------------------
     Loss:       Train acc.:     Val acc.:     Test acc.:   
    0.6924         0.5109         0.5126         0.4200     
------------------------ EPOCH   7 -------------------------
     Loss:       Train acc.:     Val acc.:     Test acc.:   
    0.6923         0.5109         0.5126         0.4200     
------------------------ EPOCH   8 -------------------------
     Loss:       Train acc.:     Val acc.:     Test acc.:   
    0.6922         0.5109         0.5126         0.4200     
------------------------ EPOCH   9 -------------------------
     Loss:       Train acc.:     Val acc.:     Test acc.:   
    0.6921         0.5109         0.5126         0.4200     
------------------------ EPOCH  10 -------------------------
     Loss:       Train acc.:     Val acc.:     Test acc.:   
    0.6920         0.5109         0.5126         0.4200     
------------------------ EPOCH  11 -------------------------
     Loss:       Train acc.:     Val acc.:     Test acc.:   
    0.6918         0.5109         0.5126         0.4200     
------------------------ EPOCH  12 -------------------------
     Loss:       Train acc.:     Val acc.:     Test acc.:   
    0.6917         0.5109         0.5126         0.4200     
------------------------ EPOCH  13 -------------------------
     Loss:       Train acc.:     Val acc.:     Test acc.:   
    0.6915         0.5109         0.5126         0.4200     
------------------------ EPOCH  14 -------------------------
     Loss:       Train acc.:     Val acc.:     Test acc.:   
    0.6914         0.5109         0.5126         0.4200     
------------------------ EPOCH  15 -------------------------
     Loss:       Train acc.:     Val acc.:     Test acc.:   
    0.6912         0.5109         0.5126         0.4200     
------------------------ EPOCH  16 -------------------------
     Loss:       Train acc.:     Val acc.:     Test acc.:   
    0.6909         0.5109         0.5126         0.4200     
------------------------ EPOCH  17 -------------------------
     Loss:       Train acc.:     Val acc.:     Test acc.:   
    0.6907         0.5109         0.5126         0.4200     
------------------------ EPOCH  18 -------------------------
     Loss:       Train acc.:     Val acc.:     Test acc.:   
    0.6903         0.5109         0.5126         0.4200     
------------------------ EPOCH  19 -------------------------
     Loss:       Train acc.:     Val acc.:     Test acc.:   
    0.6900         0.5109         0.5126         0.4200     
------------------------ EPOCH  20 -------------------------
     Loss:       Train acc.:     Val acc.:     Test acc.:   
    0.6894         0.5109         0.5126         0.4200     
------------------------ EPOCH  21 -------------------------
     Loss:       Train acc.:     Val acc.:     Test acc.:   
    0.6888         0.5109         0.5126         0.4200     
------------------------ EPOCH  22 -------------------------
     Loss:       Train acc.:     Val acc.:     Test acc.:   
    0.6880         0.5109         0.5126         0.4200     
------------------------ EPOCH  23 -------------------------
     Loss:       Train acc.:     Val acc.:     Test acc.:   
    0.6870         0.5164         0.5199         0.4200     
------------------------ EPOCH  24 -------------------------
     Loss:       Train acc.:     Val acc.:     Test acc.:   
    0.6856         0.5391         0.5562         0.4200     
------------------------ EPOCH  25 -------------------------
     Loss:       Train acc.:     Val acc.:     Test acc.:   
    0.6835         0.6027         0.6320         0.4800     
------------------------ EPOCH  26 -------------------------
     Loss:       Train acc.:     Val acc.:     Test acc.:   
    0.6807         0.6609         0.6682         0.5800     
------------------------ EPOCH  27 -------------------------
     Loss:       Train acc.:     Val acc.:     Test acc.:   
    0.6765         0.7000         0.7186         0.5800     
------------------------ EPOCH  28 -------------------------
     Loss:       Train acc.:     Val acc.:     Test acc.:   
    0.6704         0.7218         0.7401         0.6000     
------------------------ EPOCH  29 -------------------------
     Loss:       Train acc.:     Val acc.:     Test acc.:   
    0.6606         0.7364         0.7581         0.6000     
------------------------ EPOCH  30 -------------------------
     Loss:       Train acc.:     Val acc.:     Test acc.:   
    0.6449         0.7364         0.7582         0.6000     
------------------------ EPOCH  31 -------------------------
     Loss:       Train acc.:     Val acc.:     Test acc.:   
    0.6209         0.7318         0.7835         0.6000     
------------------------ EPOCH  32 -------------------------
     Loss:       Train acc.:     Val acc.:     Test acc.:   
    0.5865         0.7600         0.7836         0.6200     
------------------------ EPOCH  33 -------------------------
     Loss:       Train acc.:     Val acc.:     Test acc.:   
    0.5489         0.7873         0.7908         0.6400     
------------------------ EPOCH  34 -------------------------
     Loss:       Train acc.:     Val acc.:     Test acc.:   
    0.5144         0.8118         0.8125         0.6800     
------------------------ EPOCH  35 -------------------------
     Loss:       Train acc.:     Val acc.:     Test acc.:   
    0.4869         0.8291         0.8160         0.6800     
------------------------ EPOCH  36 -------------------------
     Loss:       Train acc.:     Val acc.:     Test acc.:   
    0.4651         0.8591         0.8340         0.6800     
------------------------ EPOCH  37 -------------------------
     Loss:       Train acc.:     Val acc.:     Test acc.:   
    0.4475         0.8809         0.8557         0.7000     
------------------------ EPOCH  38 -------------------------
     Loss:       Train acc.:     Val acc.:     Test acc.:   
    0.4317         0.9018         0.8882         0.7200     
------------------------ EPOCH  39 -------------------------
     Loss:       Train acc.:     Val acc.:     Test acc.:   
    0.4180         0.9200         0.9099         0.8000     
------------------------ EPOCH  40 -------------------------
     Loss:       Train acc.:     Val acc.:     Test acc.:   
    0.4061         0.9327         0.9279         0.8000     
------------------------ EPOCH  41 -------------------------
     Loss:       Train acc.:     Val acc.:     Test acc.:   
    0.3961         0.9373         0.9460         0.8400     
------------------------ EPOCH  42 -------------------------
     Loss:       Train acc.:     Val acc.:     Test acc.:   
    0.3877         0.9464         0.9497         0.8600     
------------------------ EPOCH  43 -------------------------
     Loss:       Train acc.:     Val acc.:     Test acc.:   
    0.3809         0.9482         0.9569         0.8800     
------------------------ EPOCH  44 -------------------------
     Loss:       Train acc.:     Val acc.:     Test acc.:   
    0.3749         0.9518         0.9642         0.8800     
------------------------ EPOCH  45 -------------------------
     Loss:       Train acc.:     Val acc.:     Test acc.:   
    0.3696         0.9582         0.9677         0.8800     
------------------------ EPOCH  46 -------------------------
     Loss:       Train acc.:     Val acc.:     Test acc.:   
    0.3645         0.9664         0.9713         0.8800     
------------------------ EPOCH  47 -------------------------
     Loss:       Train acc.:     Val acc.:     Test acc.:   
    0.3600         0.9700         0.9749         0.8800     
------------------------ EPOCH  48 -------------------------
     Loss:       Train acc.:     Val acc.:     Test acc.:   
    0.3563         0.9709         0.9749         0.9000     
------------------------ EPOCH  49 -------------------------
     Loss:       Train acc.:     Val acc.:     Test acc.:   
    0.3532         0.9709         0.9749         0.9200     
------------------------ EPOCH  50 -------------------------
     Loss:       Train acc.:     Val acc.:     Test acc.:   
    0.3507         0.9727         0.9749         0.9400     
------------------------ EPOCH  51 -------------------------
     Loss:       Train acc.:     Val acc.:     Test acc.:   
    0.3486         0.9736         0.9749         0.9400     
------------------------ EPOCH  52 -------------------------
     Loss:       Train acc.:     Val acc.:     Test acc.:   
    0.3471         0.9745         0.9749         0.9400     
------------------------ EPOCH  53 -------------------------
     Loss:       Train acc.:     Val acc.:     Test acc.:   
    0.3458         0.9745         0.9749         0.9400     
------------------------ EPOCH  54 -------------------------
     Loss:       Train acc.:     Val acc.:     Test acc.:   
    0.3449         0.9745         0.9749         0.9200     
------------------------ EPOCH  55 -------------------------
     Loss:       Train acc.:     Val acc.:     Test acc.:   
    0.3441         0.9745         0.9749         0.9200     
------------------------ EPOCH  56 -------------------------
     Loss:       Train acc.:     Val acc.:     Test acc.:   
    0.3435         0.9745         0.9749         0.9200     
------------------------ EPOCH  57 -------------------------
     Loss:       Train acc.:     Val acc.:     Test acc.:   
    0.3430         0.9745         0.9749         0.9200     
------------------------ EPOCH  58 -------------------------
     Loss:       Train acc.:     Val acc.:     Test acc.:   
    0.3426         0.9745         0.9749         0.9200     
------------------------ EPOCH  59 -------------------------
     Loss:       Train acc.:     Val acc.:     Test acc.:   
    0.3423         0.9745         0.9749         0.9200     
------------------------ EPOCH  60 -------------------------
     Loss:       Train acc.:     Val acc.:     Test acc.:   
    0.3420         0.9745         0.9749         0.9200     
------------------------ EPOCH  61 -------------------------
     Loss:       Train acc.:     Val acc.:     Test acc.:   
    0.3418         0.9745         0.9749         0.9200     
------------------------ EPOCH  62 -------------------------
     Loss:       Train acc.:     Val acc.:     Test acc.:   
    0.3416         0.9745         0.9749         0.9200     
------------------------ EPOCH  63 -------------------------
     Loss:       Train acc.:     Val acc.:     Test acc.:   
    0.3414         0.9745         0.9749         0.9200     
------------------------ EPOCH  64 -------------------------
     Loss:       Train acc.:     Val acc.:     Test acc.:   
    0.3413         0.9745         0.9749         0.9200     
------------------------ EPOCH  65 -------------------------
     Loss:       Train acc.:     Val acc.:     Test acc.:   
    0.3412         0.9745         0.9749         0.9200     
------------------------ EPOCH  66 -------------------------
     Loss:       Train acc.:     Val acc.:     Test acc.:   
    0.3410         0.9745         0.9749         0.9200     
------------------------ EPOCH  67 -------------------------
     Loss:       Train acc.:     Val acc.:     Test acc.:   
    0.3409         0.9745         0.9749         0.9200     
------------------------ EPOCH  68 -------------------------
     Loss:       Train acc.:     Val acc.:     Test acc.:   
    0.3408         0.9745         0.9749         0.9200     
------------------------ EPOCH  69 -------------------------
     Loss:       Train acc.:     Val acc.:     Test acc.:   
    0.3408         0.9745         0.9749         0.9200     
------------------------ EPOCH  70 -------------------------
     Loss:       Train acc.:     Val acc.:     Test acc.:   
    0.3407         0.9745         0.9749         0.9200     
------------------------ EPOCH  71 -------------------------
     Loss:       Train acc.:     Val acc.:     Test acc.:   
    0.3406         0.9745         0.9749         0.9200     
------------------------ EPOCH  72 -------------------------
     Loss:       Train acc.:     Val acc.:     Test acc.:   
    0.3406         0.9745         0.9749         0.9200     
------------------------ EPOCH  73 -------------------------
     Loss:       Train acc.:     Val acc.:     Test acc.:   
    0.3405         0.9745         0.9749         0.9200     
------------------------ EPOCH  74 -------------------------
     Loss:       Train acc.:     Val acc.:     Test acc.:   
    0.3405         0.9745         0.9749         0.9200     
------------------------ EPOCH  75 -------------------------
     Loss:       Train acc.:     Val acc.:     Test acc.:   
    0.3404         0.9745         0.9749         0.9200     
------------------------ EPOCH  76 -------------------------
     Loss:       Train acc.:     Val acc.:     Test acc.:   
    0.3404         0.9745         0.9749         0.9200     
------------------------ EPOCH  77 -------------------------
     Loss:       Train acc.:     Val acc.:     Test acc.:   
    0.3403         0.9745         0.9749         0.9200     
------------------------ EPOCH  78 -------------------------
     Loss:       Train acc.:     Val acc.:     Test acc.:   
    0.3403         0.9745         0.9749         0.9200     
------------------------ EPOCH  79 -------------------------
     Loss:       Train acc.:     Val acc.:     Test acc.:   
    0.3403         0.9745         0.9749         0.9200     
------------------------ EPOCH  80 -------------------------
     Loss:       Train acc.:     Val acc.:     Test acc.:   
    0.3402         0.9745         0.9749         0.9200     
------------------------ EPOCH  81 -------------------------
     Loss:       Train acc.:     Val acc.:     Test acc.:   
    0.3402         0.9745         0.9749         0.9200     
------------------------ EPOCH  82 -------------------------
     Loss:       Train acc.:     Val acc.:     Test acc.:   
    0.3402         0.9745         0.9749         0.9200     
------------------------ EPOCH  83 -------------------------
     Loss:       Train acc.:     Val acc.:     Test acc.:   
    0.3402         0.9745         0.9749         0.9200     
------------------------ EPOCH  84 -------------------------
     Loss:       Train acc.:     Val acc.:     Test acc.:   
    0.3401         0.9745         0.9749         0.9200     
------------------------ EPOCH  85 -------------------------
     Loss:       Train acc.:     Val acc.:     Test acc.:   
    0.3401         0.9745         0.9749         0.9200     
------------------------ EPOCH  86 -------------------------
     Loss:       Train acc.:     Val acc.:     Test acc.:   
    0.3401         0.9745         0.9749         0.9200     
------------------------ EPOCH  87 -------------------------
     Loss:       Train acc.:     Val acc.:     Test acc.:   
    0.3401         0.9745         0.9749         0.9200     
------------------------ EPOCH  88 -------------------------
     Loss:       Train acc.:     Val acc.:     Test acc.:   
    0.3401         0.9745         0.9749         0.9200     
------------------------ EPOCH  89 -------------------------
     Loss:       Train acc.:     Val acc.:     Test acc.:   
    0.3401         0.9745         0.9749         0.9200     
------------------------ EPOCH  90 -------------------------
     Loss:       Train acc.:     Val acc.:     Test acc.:   
    0.3400         0.9745         0.9749         0.9200     
------------------------ EPOCH  91 -------------------------
     Loss:       Train acc.:     Val acc.:     Test acc.:   
    0.3400         0.9745         0.9749         0.9200     
------------------------ EPOCH  92 -------------------------
     Loss:       Train acc.:     Val acc.:     Test acc.:   
    0.3400         0.9745         0.9749         0.9200     
------------------------ EPOCH  93 -------------------------
     Loss:       Train acc.:     Val acc.:     Test acc.:   
    0.3400         0.9745         0.9749         0.9200     
------------------------ EPOCH  94 -------------------------
     Loss:       Train acc.:     Val acc.:     Test acc.:   
    0.3400         0.9745         0.9749         0.9200     
------------------------ EPOCH  95 -------------------------
     Loss:       Train acc.:     Val acc.:     Test acc.:   
    0.3400         0.9745         0.9749         0.9200     
------------------------ EPOCH  96 -------------------------
     Loss:       Train acc.:     Val acc.:     Test acc.:   
    0.3400         0.9745         0.9749         0.9200     
------------------------ EPOCH  97 -------------------------
     Loss:       Train acc.:     Val acc.:     Test acc.:   
    0.3400         0.9745         0.9749         0.9200     
------------------------ EPOCH  98 -------------------------
     Loss:       Train acc.:     Val acc.:     Test acc.:   
    0.3400         0.9745         0.9749         0.9200     
------------------------ EPOCH  99 -------------------------
     Loss:       Train acc.:     Val acc.:     Test acc.:   
    0.3400         0.9745         0.9749         0.9200     
------------------------ EPOCH 100 -------------------------
     Loss:       Train acc.:     Val acc.:     Test acc.:   
    0.3399         0.9745         0.9749         0.9200     
------------------------------------------------------------
Finished
