Using CUDA


------------------------------------------------------------
------------------- Timing the networks --------------------
------------------------------------------------------------

Layer        Theoretical       Observed      Accounts for  
------------------------------------------------------------
Conv1           5.9608          7.8970     0.95722 / 0.02020
Conv2          15.6961          0.0024     0.04273 / 0.00119
Lin1           122.4044         0.0766     0.00004 / 0.00093
Lin2           50.8369         839.6055    0.00000 / 0.97021
Lin3            1.0000         10.8859     0.00000 / 0.00748
------------------------------------------------------------
Total           6.1234          1.9324     
Based on 1000 samples and 10 observations pushed forward
FLOPS orig:  tensor([15609216000,   696870000,      716800,       21504,         336])
FLOPS dcmp:  tensor([2618649600,   44397600,       5856,        423,        336])
FLOPs dcmp 2:  tensor([   7526400, 2600908800,   10214400,     369600,   43542000,     486000,
              5599,          1,        256,        255,        168,        336])
Full time orig 113.00000170899982 +- 0.263474113355214 and compressed 58.47784125699965 +- 0.1762020381171241
Time orig:  [2.28241835e+00 1.34907361e-01 1.04656397e-01 1.09633334e+02
 8.44685688e-01] [0.06365055 0.00318536 0.00268082 0.25383618 0.00512812]
Layer time dcmp:  [ 0.08667524  0.07163477  0.1307127   0.07185764  0.0681228  56.47490499
  0.55539955  0.73115901  0.07920308  0.05930793  0.07126927  0.07759429] [0.00283183 0.00221486 0.00334511 0.00235055 0.00240538 0.17594559
 0.01025689 0.02730567 0.00226341 0.00151793 0.00179191 0.00222144]
Layer time dcmp comp:  [ 0.28902271 56.61488542  1.36576164  0.1305772   0.07759429] [0.00283183 0.00221486 0.00334511 0.00235055 0.00240538 0.17594559
 0.01025689 0.02730567 0.00226341 0.00151793 0.00179191 0.00222144]
