

------------------------------------------------------------
------------------- Timing the networks --------------------
------------------------------------------------------------

Layer        Theoretical       Observed      Accounts for  
------------------------------------------------------------
Conv1           5.9608          1.3308     0.95722 / 0.97874
Conv2          15.6961          1.9825     0.04273 / 0.02104
Lin1           122.4044         2.0742     0.00004 / 0.00016
Lin2           50.8369          1.2419     0.00000 / 0.00003
Lin3            1.0000          1.0309     0.00000 / 0.00002
------------------------------------------------------------
Total           6.1234          1.3401     
Based on 1000 samples and 10 observations pushed forward
FLOPS orig:  tensor([15609216000,   696870000,      716800,       21504,         336])
FLOPS dcmp:  tensor([2618649600,   44397600,       5856,        423,        336])
FLOPs dcmp 2:  tensor([   7526400, 2600908800,   10214400,     369600,   43542000,     486000,
              5599,          1,        256,        255,        168,        336])
Full time orig 3594.520492030001 +- 21.60676559017643 and compressed 2682.270898902005 +- 13.760015687752475
Time orig:  [3.51811426e+03 7.56444218e+01 5.70295637e-01 1.10317090e-01
 8.11958650e-02] [2.14098021e+01 4.39197143e-01 1.02347829e-01 1.14736488e-02
 9.10547065e-03]
Layer time dcmp:  [4.12217236e+02 1.69768743e+03 5.33767680e+02 9.26489830e+00
 2.28860223e+01 6.00508900e+00 1.60275174e-01 4.11352200e-02
 7.35367820e-02 4.05375740e-02 4.82911780e-02 7.87657920e-02] [3.26977079e+00 9.70120805e+00 3.98092679e+00 4.22727194e-01
 2.63771528e-01 2.17765783e-01 1.67662493e-02 2.37846423e-03
 6.08379044e-03 4.20384788e-03 5.15653089e-03 4.65383337e-03]
Layer time dcmp comp:  [2.64367235e+03 3.81560096e+01 2.74947176e-01 8.88287520e-02
 7.87657920e-02] [3.26977079e+00 9.70120805e+00 3.98092679e+00 4.22727194e-01
 2.63771528e-01 2.17765783e-01 1.67662493e-02 2.37846423e-03
 6.08379044e-03 4.20384788e-03 5.15653089e-03 4.65383337e-03]
