

------------------------------------------------------------
------------------- Timing the networks --------------------
------------------------------------------------------------

Layer        Theoretical       Observed      Accounts for  
------------------------------------------------------------
Conv1           5.2679          0.6105     0.27945 / 0.52873
Conv2           2.7885          0.4907     0.57816 / 0.29217
Lin1            4.9659          0.5745     0.11600 / 0.07593
Lin2            5.5037          0.7028     0.02436 / 0.05195
Lin3            1.0000          1.0179     0.00203 / 0.05122
------------------------------------------------------------
Total           3.4459          0.5821     

The number of parameters:
Original: 61706    Compressed:  13347    Ratio:  0.216
FLOPS orig:  tensor([231280, 478500,  96000,  20160,   1680])
FLOPS dcmp:  tensor([ 43904, 171596,  19332,   3663,   1680])
Time orig:  [0.68412404 0.37804178 0.09824982 0.067222   0.06627369] [0.00817479 0.00692854 0.00432091 0.00326728 0.0242863 ]
Layer time dcmp:  [1.12068018 0.77045618 0.17102929 0.09565332 0.06510736] [0.01007494 0.00939627 0.00489451 0.0041109  0.00310603]


------------------------------------------------------------
---------------- Timing the VGG-16 network -----------------
------------------------------------------------------------

Time for the VGG-16 network was 0.3688156008720398 +- 0.0028969584964215755 second, while the decomposed version took 0.17888368666172028 +- 0.0012410618364810944 seconds
Theoretical speed-up is 5.5527 while the observed speed-up is 2.06
