 - Cuda enabled - 


------------------------------------------------------------
------------------- Timing the networks --------------------
------------------------------------------------------------

Layer        Theoretical       Observed      Accounts for  
------------------------------------------------------------
Conv1           5.2679          0.6936     0.27945 / 0.25939
Conv2           2.7885          0.5906     0.57816 / 0.27906
Lin1            4.9659          0.4721     0.11600 / 0.16462
Lin2            5.5037          0.6454     0.02436 / 0.14543
Lin3            1.0000          0.9877     0.00203 / 0.15150
------------------------------------------------------------
Total           3.4459          0.6354     

The number of parameters:
Original: 61706    Compressed:  13347    Ratio:  0.216
FLOPS orig:  tensor([231280, 478500,  96000,  20160,   1680])
FLOPS dcmp:  tensor([ 43904, 171596,  19332,   3663,   1680])
Time orig:  [0.1405202  0.15117211 0.08917968 0.07878235 0.08207009] [0.00385036 0.03808364 0.00268061 0.00290333 0.00248989]
Layer time dcmp:  [0.202586   0.25598321 0.18889863 0.12206188 0.08308857] [0.00407961 0.0051194  0.00388313 0.00322564 0.00265141]


------------------------------------------------------------
---------------- Timing the VGG-16 network -----------------
------------------------------------------------------------

 -- Using GPU -- 
Time for the VGG-16 network was 0.0030347148422151804 +- 6.225923425517976e-05 second, while the decomposed version took 0.0039731888100504875 +- 5.959203190286644e-05 seconds
Theoretical speed-up is 5.5527 while the observed speed-up is 0.76
